[2024-12-26 18:22:04,601] {taskinstance.py:896} INFO - Dependencies all met for <TaskInstance: assignment.task_one 2024-12-26T18:20:28.387194+00:00 [None]>
[2024-12-26 18:22:04,616] {taskinstance.py:896} INFO - Dependencies all met for <TaskInstance: assignment.task_one 2024-12-26T18:20:28.387194+00:00 [None]>
[2024-12-26 18:22:04,616] {taskinstance.py:1087} INFO - 
--------------------------------------------------------------------------------
[2024-12-26 18:22:04,617] {taskinstance.py:1088} INFO - Starting attempt 1 of 3
[2024-12-26 18:22:04,617] {taskinstance.py:1089} INFO - 
--------------------------------------------------------------------------------
[2024-12-26 18:22:04,625] {taskinstance.py:1107} INFO - Executing <Task(PythonOperator): task_one> on 2024-12-26T18:20:28.387194+00:00
[2024-12-26 18:22:04,629] {standard_task_runner.py:52} INFO - Started process 306 to run task
[2024-12-26 18:22:04,631] {standard_task_runner.py:76} INFO - Running: ['***', 'tasks', 'run', 'assignment', 'task_one', '2024-12-26T18:20:28.387194+00:00', '--job-id', '26', '--pool', 'default_pool', '--raw', '--subdir', 'DAGS_FOLDER/assignment.py', '--cfg-path', '/tmp/tmpceqi1pnj', '--error-file', '/tmp/tmp_3qhu6qo']
[2024-12-26 18:22:04,632] {standard_task_runner.py:77} INFO - Job 26: Subtask task_one
[2024-12-26 18:22:04,667] {logging_mixin.py:104} INFO - Running <TaskInstance: assignment.task_one 2024-12-26T18:20:28.387194+00:00 [running]> on host d88713c29571
[2024-12-26 18:22:04,708] {taskinstance.py:1302} INFO - Exporting the following env vars:
AIRFLOW_CTX_DAG_OWNER=***
AIRFLOW_CTX_DAG_ID=assignment
AIRFLOW_CTX_TASK_ID=task_one
AIRFLOW_CTX_EXECUTION_DATE=2024-12-26T18:20:28.387194+00:00
AIRFLOW_CTX_DAG_RUN_ID=manual__2024-12-26T18:20:28.387194+00:00
[2024-12-26 18:22:04,765] {logging_mixin.py:104} INFO - pulled: http://student.mit.edu/catalog/m1a.html
[2024-12-26 18:22:04,766] {logging_mixin.py:104} INFO - --- waiting ---
[2024-12-26 18:22:09,767] {logging_mixin.py:104} INFO - m1a.html
[2024-12-26 18:22:09,769] {logging_mixin.py:104} INFO - Wrote file: m1a.html
[2024-12-26 18:22:09,822] {logging_mixin.py:104} INFO - pulled: http://student.mit.edu/catalog/m1b.html
[2024-12-26 18:22:09,822] {logging_mixin.py:104} INFO - --- waiting ---
[2024-12-26 18:22:14,826] {logging_mixin.py:104} INFO - m1b.html
[2024-12-26 18:22:14,836] {logging_mixin.py:104} INFO - Wrote file: m1b.html
[2024-12-26 18:22:15,039] {logging_mixin.py:104} INFO - pulled: http://student.mit.edu/catalog/m1c.html
[2024-12-26 18:22:15,048] {logging_mixin.py:104} INFO - --- waiting ---
[2024-12-26 18:22:20,061] {logging_mixin.py:104} INFO - m1c.html
[2024-12-26 18:22:20,062] {logging_mixin.py:104} INFO - Wrote file: m1c.html
[2024-12-26 18:22:20,132] {logging_mixin.py:104} INFO - pulled: http://student.mit.edu/catalog/m2a.html
[2024-12-26 18:22:20,133] {logging_mixin.py:104} INFO - --- waiting ---
[2024-12-26 18:22:25,136] {logging_mixin.py:104} INFO - m2a.html
[2024-12-26 18:22:25,138] {logging_mixin.py:104} INFO - Wrote file: m2a.html
[2024-12-26 18:22:25,194] {logging_mixin.py:104} INFO - pulled: http://student.mit.edu/catalog/m2b.html
[2024-12-26 18:22:25,195] {logging_mixin.py:104} INFO - --- waiting ---
[2024-12-26 18:22:30,196] {logging_mixin.py:104} INFO - m2b.html
[2024-12-26 18:22:30,199] {logging_mixin.py:104} INFO - Wrote file: m2b.html
[2024-12-26 18:22:30,302] {logging_mixin.py:104} INFO - pulled: http://student.mit.edu/catalog/m2c.html
[2024-12-26 18:22:30,304] {logging_mixin.py:104} INFO - --- waiting ---
[2024-12-26 18:22:35,311] {logging_mixin.py:104} INFO - m2c.html
[2024-12-26 18:22:35,312] {logging_mixin.py:104} INFO - Wrote file: m2c.html
[2024-12-26 18:22:35,391] {logging_mixin.py:104} INFO - pulled: http://student.mit.edu/catalog/m3a.html
[2024-12-26 18:22:35,392] {logging_mixin.py:104} INFO - --- waiting ---
[2024-12-26 18:22:40,397] {logging_mixin.py:104} INFO - m3a.html
[2024-12-26 18:22:40,399] {logging_mixin.py:104} INFO - Wrote file: m3a.html
[2024-12-26 18:22:40,449] {logging_mixin.py:104} INFO - pulled: http://student.mit.edu/catalog/m3b.html
[2024-12-26 18:22:40,450] {logging_mixin.py:104} INFO - --- waiting ---
[2024-12-26 18:22:45,453] {logging_mixin.py:104} INFO - m3b.html
[2024-12-26 18:22:45,455] {logging_mixin.py:104} INFO - Wrote file: m3b.html
[2024-12-26 18:22:45,532] {logging_mixin.py:104} INFO - pulled: http://student.mit.edu/catalog/m4a.html
[2024-12-26 18:22:45,532] {logging_mixin.py:104} INFO - --- waiting ---
[2024-12-26 18:22:50,538] {logging_mixin.py:104} INFO - m4a.html
[2024-12-26 18:22:50,539] {logging_mixin.py:104} INFO - Wrote file: m4a.html
[2024-12-26 18:22:50,601] {logging_mixin.py:104} INFO - pulled: http://student.mit.edu/catalog/m4b.html
[2024-12-26 18:22:50,601] {logging_mixin.py:104} INFO - --- waiting ---
[2024-12-26 18:22:55,604] {logging_mixin.py:104} INFO - m4b.html
[2024-12-26 18:22:55,605] {logging_mixin.py:104} INFO - Wrote file: m4b.html
[2024-12-26 18:22:55,664] {logging_mixin.py:104} INFO - pulled: http://student.mit.edu/catalog/m4c.html
[2024-12-26 18:22:55,665] {logging_mixin.py:104} INFO - --- waiting ---
[2024-12-26 18:23:00,670] {logging_mixin.py:104} INFO - m4c.html
[2024-12-26 18:23:00,671] {logging_mixin.py:104} INFO - Wrote file: m4c.html
[2024-12-26 18:23:00,714] {logging_mixin.py:104} INFO - pulled: http://student.mit.edu/catalog/m4d.html
[2024-12-26 18:23:00,715] {logging_mixin.py:104} INFO - --- waiting ---
[2024-12-26 18:23:05,720] {logging_mixin.py:104} INFO - m4d.html
[2024-12-26 18:23:05,721] {logging_mixin.py:104} INFO - Wrote file: m4d.html
[2024-12-26 18:23:05,787] {logging_mixin.py:104} INFO - pulled: http://student.mit.edu/catalog/m4e.html
[2024-12-26 18:23:05,787] {logging_mixin.py:104} INFO - --- waiting ---
[2024-12-26 18:23:10,793] {logging_mixin.py:104} INFO - m4e.html
[2024-12-26 18:23:10,794] {logging_mixin.py:104} INFO - Wrote file: m4e.html
[2024-12-26 18:23:10,848] {logging_mixin.py:104} INFO - pulled: http://student.mit.edu/catalog/m4f.html
[2024-12-26 18:23:10,848] {logging_mixin.py:104} INFO - --- waiting ---
[2024-12-26 18:23:15,853] {logging_mixin.py:104} INFO - m4f.html
[2024-12-26 18:23:15,854] {logging_mixin.py:104} INFO - Wrote file: m4f.html
[2024-12-26 18:23:15,897] {logging_mixin.py:104} INFO - pulled: http://student.mit.edu/catalog/m4g.html
[2024-12-26 18:23:15,898] {logging_mixin.py:104} INFO - --- waiting ---
[2024-12-26 18:23:20,902] {logging_mixin.py:104} INFO - m4g.html
[2024-12-26 18:23:20,903] {logging_mixin.py:104} INFO - Wrote file: m4g.html
[2024-12-26 18:23:20,965] {logging_mixin.py:104} INFO - pulled: http://student.mit.edu/catalog/m5a.html
[2024-12-26 18:23:20,966] {logging_mixin.py:104} INFO - --- waiting ---
[2024-12-26 18:23:25,971] {logging_mixin.py:104} INFO - m5a.html
[2024-12-26 18:23:25,972] {logging_mixin.py:104} INFO - Wrote file: m5a.html
[2024-12-26 18:23:26,023] {logging_mixin.py:104} INFO - pulled: http://student.mit.edu/catalog/m5b.html
[2024-12-26 18:23:26,024] {logging_mixin.py:104} INFO - --- waiting ---
[2024-12-26 18:23:31,030] {logging_mixin.py:104} INFO - m5b.html
[2024-12-26 18:23:31,031] {logging_mixin.py:104} INFO - Wrote file: m5b.html
[2024-12-26 18:23:31,085] {logging_mixin.py:104} INFO - pulled: http://student.mit.edu/catalog/m6a.html
[2024-12-26 18:23:31,086] {logging_mixin.py:104} INFO - --- waiting ---
[2024-12-26 18:23:36,092] {logging_mixin.py:104} INFO - m6a.html
[2024-12-26 18:23:36,093] {logging_mixin.py:104} INFO - Wrote file: m6a.html
[2024-12-26 18:23:36,157] {logging_mixin.py:104} INFO - pulled: http://student.mit.edu/catalog/m6b.html
[2024-12-26 18:23:36,158] {logging_mixin.py:104} INFO - --- waiting ---
[2024-12-26 18:23:41,164] {logging_mixin.py:104} INFO - m6b.html
[2024-12-26 18:23:41,165] {logging_mixin.py:104} INFO - Wrote file: m6b.html
[2024-12-26 18:23:41,238] {logging_mixin.py:104} INFO - pulled: http://student.mit.edu/catalog/m6c.html
[2024-12-26 18:23:41,239] {logging_mixin.py:104} INFO - --- waiting ---
[2024-12-26 18:23:46,241] {logging_mixin.py:104} INFO - m6c.html
[2024-12-26 18:23:46,242] {logging_mixin.py:104} INFO - Wrote file: m6c.html
[2024-12-26 18:23:46,303] {logging_mixin.py:104} INFO - pulled: http://student.mit.edu/catalog/m7a.html
[2024-12-26 18:23:46,303] {logging_mixin.py:104} INFO - --- waiting ---
[2024-12-26 18:23:51,309] {logging_mixin.py:104} INFO - m7a.html
[2024-12-26 18:23:51,310] {logging_mixin.py:104} INFO - Wrote file: m7a.html
[2024-12-26 18:23:51,375] {logging_mixin.py:104} INFO - pulled: http://student.mit.edu/catalog/m8a.html
[2024-12-26 18:23:51,376] {logging_mixin.py:104} INFO - --- waiting ---
[2024-12-26 18:23:56,381] {logging_mixin.py:104} INFO - m8a.html
[2024-12-26 18:23:56,381] {logging_mixin.py:104} INFO - Wrote file: m8a.html
[2024-12-26 18:23:56,444] {logging_mixin.py:104} INFO - pulled: http://student.mit.edu/catalog/m8b.html
[2024-12-26 18:23:56,445] {logging_mixin.py:104} INFO - --- waiting ---
[2024-12-26 18:24:01,451] {logging_mixin.py:104} INFO - m8b.html
[2024-12-26 18:24:01,452] {logging_mixin.py:104} INFO - Wrote file: m8b.html
[2024-12-26 18:24:01,503] {logging_mixin.py:104} INFO - pulled: http://student.mit.edu/catalog/m9a.html
[2024-12-26 18:24:01,504] {logging_mixin.py:104} INFO - --- waiting ---
[2024-12-26 18:24:06,510] {logging_mixin.py:104} INFO - m9a.html
[2024-12-26 18:24:06,511] {logging_mixin.py:104} INFO - Wrote file: m9a.html
[2024-12-26 18:24:06,578] {logging_mixin.py:104} INFO - pulled: http://student.mit.edu/catalog/m9b.html
[2024-12-26 18:24:06,579] {logging_mixin.py:104} INFO - --- waiting ---
[2024-12-26 18:24:11,585] {logging_mixin.py:104} INFO - m9b.html
[2024-12-26 18:24:11,585] {logging_mixin.py:104} INFO - Wrote file: m9b.html
[2024-12-26 18:24:11,646] {logging_mixin.py:104} INFO - pulled: http://student.mit.edu/catalog/m10a.html
[2024-12-26 18:24:11,646] {logging_mixin.py:104} INFO - --- waiting ---
[2024-12-26 18:24:16,650] {logging_mixin.py:104} INFO - m10a.html
[2024-12-26 18:24:16,651] {logging_mixin.py:104} INFO - Wrote file: m10a.html
[2024-12-26 18:24:16,706] {logging_mixin.py:104} INFO - pulled: http://student.mit.edu/catalog/m10b.html
[2024-12-26 18:24:16,706] {logging_mixin.py:104} INFO - --- waiting ---
[2024-12-26 18:24:21,712] {logging_mixin.py:104} INFO - m10b.html
[2024-12-26 18:24:21,712] {logging_mixin.py:104} INFO - Wrote file: m10b.html
[2024-12-26 18:24:21,756] {logging_mixin.py:104} INFO - HTTPError 404 for URL: http://student.mit.edu/catalog/m10c.html - Page not found. Skipping...
[2024-12-26 18:24:21,756] {logging_mixin.py:104} INFO - pulled: http://student.mit.edu/catalog/m10c.html
[2024-12-26 18:24:21,757] {logging_mixin.py:104} INFO - --- waiting ---
[2024-12-26 18:24:25,400] {local_task_job.py:199} WARNING - State of this instance has been externally set to None. Terminating instance.
[2024-12-26 18:24:25,402] {process_utils.py:100} INFO - Sending Signals.SIGTERM to GPID 306
[2024-12-26 18:24:25,403] {taskinstance.py:1284} ERROR - Received SIGTERM. Terminating subprocesses.
[2024-12-26 18:24:25,409] {taskinstance.py:1501} ERROR - Task failed with exception
Traceback (most recent call last):
  File "/home/airflow/.local/lib/python3.6/site-packages/airflow/models/taskinstance.py", line 1157, in _run_raw_task
    self._prepare_and_execute_task_with_callbacks(context, task)
  File "/home/airflow/.local/lib/python3.6/site-packages/airflow/models/taskinstance.py", line 1331, in _prepare_and_execute_task_with_callbacks
    result = self._execute_task(context, task_copy)
  File "/home/airflow/.local/lib/python3.6/site-packages/airflow/models/taskinstance.py", line 1356, in _execute_task
    result = task_copy.execute(context=context)
  File "/home/airflow/.local/lib/python3.6/site-packages/airflow/operators/python.py", line 150, in execute
    return_value = self.execute_callable()
  File "/home/airflow/.local/lib/python3.6/site-packages/airflow/operators/python.py", line 161, in execute_callable
    return self.python_callable(*self.op_args, **self.op_kwargs)
  File "/opt/airflow/dags/assignment.py", line 102, in catalog
    time.sleep(5)
  File "/home/airflow/.local/lib/python3.6/site-packages/airflow/models/taskinstance.py", line 1286, in signal_handler
    raise AirflowException("Task received SIGTERM signal")
airflow.exceptions.AirflowException: Task received SIGTERM signal
[2024-12-26 18:24:25,418] {taskinstance.py:1551} INFO - Marking task as UP_FOR_RETRY. dag_id=assignment, task_id=task_one, execution_date=20241226T182028, start_date=20241226T182204, end_date=20241226T182425
[2024-12-26 18:24:25,456] {process_utils.py:66} INFO - Process psutil.Process(pid=306, status='terminated', exitcode=1, started='18:22:04') (306) terminated with exit code 1
