[2024-12-26 18:48:00,407] {taskinstance.py:896} INFO - Dependencies all met for <TaskInstance: assignment.task_three 2024-12-26T18:46:02.161925+00:00 [queued]>
[2024-12-26 18:48:00,420] {taskinstance.py:896} INFO - Dependencies all met for <TaskInstance: assignment.task_three 2024-12-26T18:46:02.161925+00:00 [queued]>
[2024-12-26 18:48:00,421] {taskinstance.py:1087} INFO - 
--------------------------------------------------------------------------------
[2024-12-26 18:48:00,422] {taskinstance.py:1088} INFO - Starting attempt 1 of 1
[2024-12-26 18:48:00,423] {taskinstance.py:1089} INFO - 
--------------------------------------------------------------------------------
[2024-12-26 18:48:00,430] {taskinstance.py:1107} INFO - Executing <Task(PythonOperator): task_three> on 2024-12-26T18:46:02.161925+00:00
[2024-12-26 18:48:00,433] {standard_task_runner.py:52} INFO - Started process 1639 to run task
[2024-12-26 18:48:00,435] {standard_task_runner.py:76} INFO - Running: ['***', 'tasks', 'run', 'assignment', 'task_three', '2024-12-26T18:46:02.161925+00:00', '--job-id', '41', '--pool', 'default_pool', '--raw', '--subdir', 'DAGS_FOLDER/assignment.py', '--cfg-path', '/tmp/tmptl9sra2d', '--error-file', '/tmp/tmpx7hjecie']
[2024-12-26 18:48:00,437] {standard_task_runner.py:77} INFO - Job 41: Subtask task_three
[2024-12-26 18:48:00,466] {logging_mixin.py:104} INFO - Running <TaskInstance: assignment.task_three 2024-12-26T18:46:02.161925+00:00 [running]> on host d88713c29571
[2024-12-26 18:48:00,501] {taskinstance.py:1302} INFO - Exporting the following env vars:
AIRFLOW_CTX_DAG_OWNER=***
AIRFLOW_CTX_DAG_ID=assignment
AIRFLOW_CTX_TASK_ID=task_three
AIRFLOW_CTX_EXECUTION_DATE=2024-12-26T18:46:02.161925+00:00
AIRFLOW_CTX_DAG_RUN_ID=manual__2024-12-26T18:46:02.161925+00:00
[2024-12-26 18:48:13,157] {logging_mixin.py:104} INFO - wrote file: titles.json
[2024-12-26 18:48:13,159] {python.py:151} INFO - Done. Returned value was: None
[2024-12-26 18:48:13,172] {taskinstance.py:1211} INFO - Marking task as SUCCESS. dag_id=assignment, task_id=task_three, execution_date=20241226T184602, start_date=20241226T184800, end_date=20241226T184813
[2024-12-26 18:48:13,196] {taskinstance.py:1265} INFO - 1 downstream tasks scheduled from follow-on schedule check
[2024-12-26 18:48:13,234] {local_task_job.py:151} INFO - Task exited with return code 0
