[2024-12-26 18:48:04,425] {taskinstance.py:896} INFO - Dependencies all met for <TaskInstance: assignment.task_three 2024-12-25T00:00:00+00:00 [queued]>
[2024-12-26 18:48:04,440] {taskinstance.py:896} INFO - Dependencies all met for <TaskInstance: assignment.task_three 2024-12-25T00:00:00+00:00 [queued]>
[2024-12-26 18:48:04,441] {taskinstance.py:1087} INFO - 
--------------------------------------------------------------------------------
[2024-12-26 18:48:04,442] {taskinstance.py:1088} INFO - Starting attempt 1 of 1
[2024-12-26 18:48:04,443] {taskinstance.py:1089} INFO - 
--------------------------------------------------------------------------------
[2024-12-26 18:48:04,451] {taskinstance.py:1107} INFO - Executing <Task(PythonOperator): task_three> on 2024-12-25T00:00:00+00:00
[2024-12-26 18:48:04,455] {standard_task_runner.py:52} INFO - Started process 1643 to run task
[2024-12-26 18:48:04,459] {standard_task_runner.py:76} INFO - Running: ['***', 'tasks', 'run', 'assignment', 'task_three', '2024-12-25T00:00:00+00:00', '--job-id', '43', '--pool', 'default_pool', '--raw', '--subdir', 'DAGS_FOLDER/assignment.py', '--cfg-path', '/tmp/tmpc78rao3i', '--error-file', '/tmp/tmpsq64y2dr']
[2024-12-26 18:48:04,460] {standard_task_runner.py:77} INFO - Job 43: Subtask task_three
[2024-12-26 18:48:04,496] {logging_mixin.py:104} INFO - Running <TaskInstance: assignment.task_three 2024-12-25T00:00:00+00:00 [running]> on host d88713c29571
[2024-12-26 18:48:04,536] {taskinstance.py:1302} INFO - Exporting the following env vars:
AIRFLOW_CTX_DAG_OWNER=***
AIRFLOW_CTX_DAG_ID=assignment
AIRFLOW_CTX_TASK_ID=task_three
AIRFLOW_CTX_EXECUTION_DATE=2024-12-25T00:00:00+00:00
AIRFLOW_CTX_DAG_RUN_ID=scheduled__2024-12-25T00:00:00+00:00
[2024-12-26 18:48:16,878] {logging_mixin.py:104} INFO - wrote file: titles.json
[2024-12-26 18:48:16,879] {python.py:151} INFO - Done. Returned value was: None
[2024-12-26 18:48:16,890] {taskinstance.py:1211} INFO - Marking task as SUCCESS. dag_id=assignment, task_id=task_three, execution_date=20241225T000000, start_date=20241226T184804, end_date=20241226T184816
[2024-12-26 18:48:16,908] {taskinstance.py:1265} INFO - 1 downstream tasks scheduled from follow-on schedule check
[2024-12-26 18:48:16,927] {local_task_job.py:151} INFO - Task exited with return code 0
