[2024-12-26 15:32:36,228] {scheduler_job.py:182} INFO - Started process (PID=173) to work on /home/airflow/.local/lib/python3.6/site-packages/airflow/example_dags/example_kubernetes_executor_config.py
[2024-12-26 15:32:36,229] {scheduler_job.py:633} INFO - Processing file /home/airflow/.local/lib/python3.6/site-packages/airflow/example_dags/example_kubernetes_executor_config.py for tasks to queue
[2024-12-26 15:32:36,230] {logging_mixin.py:104} INFO - [2024-12-26 15:32:36,230] {dagbag.py:496} INFO - Filling up the DagBag from /home/airflow/.local/lib/python3.6/site-packages/airflow/example_dags/example_kubernetes_executor_config.py
[2024-12-26 15:32:36,240] {scheduler_job.py:643} INFO - DAG(s) dict_keys(['example_kubernetes_executor_config']) retrieved from /home/airflow/.local/lib/python3.6/site-packages/airflow/example_dags/example_kubernetes_executor_config.py
[2024-12-26 15:32:37,629] {logging_mixin.py:104} INFO - [2024-12-26 15:32:37,629] {dag.py:1833} INFO - Sync 1 DAGs
[2024-12-26 15:32:37,637] {logging_mixin.py:104} INFO - [2024-12-26 15:32:37,636] {dag.py:1852} INFO - Creating ORM DAG for example_kubernetes_executor_config
[2024-12-26 15:32:37,640] {logging_mixin.py:104} INFO - [2024-12-26 15:32:37,640] {dag.py:2306} INFO - Setting next_dagrun for example_kubernetes_executor_config to None
[2024-12-26 15:32:37,653] {scheduler_job.py:190} INFO - Processing /home/airflow/.local/lib/python3.6/site-packages/airflow/example_dags/example_kubernetes_executor_config.py took 1.427 seconds
[2024-12-26 15:33:07,811] {scheduler_job.py:182} INFO - Started process (PID=363) to work on /home/airflow/.local/lib/python3.6/site-packages/airflow/example_dags/example_kubernetes_executor_config.py
[2024-12-26 15:33:07,813] {scheduler_job.py:633} INFO - Processing file /home/airflow/.local/lib/python3.6/site-packages/airflow/example_dags/example_kubernetes_executor_config.py for tasks to queue
[2024-12-26 15:33:07,813] {logging_mixin.py:104} INFO - [2024-12-26 15:33:07,813] {dagbag.py:496} INFO - Filling up the DagBag from /home/airflow/.local/lib/python3.6/site-packages/airflow/example_dags/example_kubernetes_executor_config.py
[2024-12-26 15:33:07,823] {scheduler_job.py:643} INFO - DAG(s) dict_keys(['example_kubernetes_executor_config']) retrieved from /home/airflow/.local/lib/python3.6/site-packages/airflow/example_dags/example_kubernetes_executor_config.py
[2024-12-26 15:33:07,839] {logging_mixin.py:104} INFO - [2024-12-26 15:33:07,839] {dag.py:1833} INFO - Sync 1 DAGs
[2024-12-26 15:33:07,849] {logging_mixin.py:104} INFO - [2024-12-26 15:33:07,849] {dag.py:2306} INFO - Setting next_dagrun for example_kubernetes_executor_config to None
[2024-12-26 15:33:07,858] {scheduler_job.py:190} INFO - Processing /home/airflow/.local/lib/python3.6/site-packages/airflow/example_dags/example_kubernetes_executor_config.py took 0.049 seconds
[2024-12-26 15:33:38,252] {scheduler_job.py:182} INFO - Started process (PID=425) to work on /home/airflow/.local/lib/python3.6/site-packages/airflow/example_dags/example_kubernetes_executor_config.py
[2024-12-26 15:33:38,253] {scheduler_job.py:633} INFO - Processing file /home/airflow/.local/lib/python3.6/site-packages/airflow/example_dags/example_kubernetes_executor_config.py for tasks to queue
[2024-12-26 15:33:38,254] {logging_mixin.py:104} INFO - [2024-12-26 15:33:38,254] {dagbag.py:496} INFO - Filling up the DagBag from /home/airflow/.local/lib/python3.6/site-packages/airflow/example_dags/example_kubernetes_executor_config.py
[2024-12-26 15:33:38,266] {scheduler_job.py:643} INFO - DAG(s) dict_keys(['example_kubernetes_executor_config']) retrieved from /home/airflow/.local/lib/python3.6/site-packages/airflow/example_dags/example_kubernetes_executor_config.py
[2024-12-26 15:33:38,284] {logging_mixin.py:104} INFO - [2024-12-26 15:33:38,284] {dag.py:1833} INFO - Sync 1 DAGs
[2024-12-26 15:33:38,297] {logging_mixin.py:104} INFO - [2024-12-26 15:33:38,297] {dag.py:2306} INFO - Setting next_dagrun for example_kubernetes_executor_config to None
[2024-12-26 15:33:38,306] {scheduler_job.py:190} INFO - Processing /home/airflow/.local/lib/python3.6/site-packages/airflow/example_dags/example_kubernetes_executor_config.py took 0.056 seconds
[2024-12-26 15:34:08,500] {scheduler_job.py:182} INFO - Started process (PID=477) to work on /home/airflow/.local/lib/python3.6/site-packages/airflow/example_dags/example_kubernetes_executor_config.py
[2024-12-26 15:34:08,501] {scheduler_job.py:633} INFO - Processing file /home/airflow/.local/lib/python3.6/site-packages/airflow/example_dags/example_kubernetes_executor_config.py for tasks to queue
[2024-12-26 15:34:08,502] {logging_mixin.py:104} INFO - [2024-12-26 15:34:08,502] {dagbag.py:496} INFO - Filling up the DagBag from /home/airflow/.local/lib/python3.6/site-packages/airflow/example_dags/example_kubernetes_executor_config.py
[2024-12-26 15:34:08,512] {scheduler_job.py:643} INFO - DAG(s) dict_keys(['example_kubernetes_executor_config']) retrieved from /home/airflow/.local/lib/python3.6/site-packages/airflow/example_dags/example_kubernetes_executor_config.py
[2024-12-26 15:34:08,528] {logging_mixin.py:104} INFO - [2024-12-26 15:34:08,528] {dag.py:1833} INFO - Sync 1 DAGs
[2024-12-26 15:34:08,538] {logging_mixin.py:104} INFO - [2024-12-26 15:34:08,538] {dag.py:2306} INFO - Setting next_dagrun for example_kubernetes_executor_config to None
[2024-12-26 15:34:08,549] {scheduler_job.py:190} INFO - Processing /home/airflow/.local/lib/python3.6/site-packages/airflow/example_dags/example_kubernetes_executor_config.py took 0.051 seconds
[2024-12-26 15:34:38,714] {scheduler_job.py:182} INFO - Started process (PID=539) to work on /home/airflow/.local/lib/python3.6/site-packages/airflow/example_dags/example_kubernetes_executor_config.py
[2024-12-26 15:34:38,716] {scheduler_job.py:633} INFO - Processing file /home/airflow/.local/lib/python3.6/site-packages/airflow/example_dags/example_kubernetes_executor_config.py for tasks to queue
[2024-12-26 15:34:38,716] {logging_mixin.py:104} INFO - [2024-12-26 15:34:38,716] {dagbag.py:496} INFO - Filling up the DagBag from /home/airflow/.local/lib/python3.6/site-packages/airflow/example_dags/example_kubernetes_executor_config.py
[2024-12-26 15:34:38,725] {scheduler_job.py:643} INFO - DAG(s) dict_keys(['example_kubernetes_executor_config']) retrieved from /home/airflow/.local/lib/python3.6/site-packages/airflow/example_dags/example_kubernetes_executor_config.py
[2024-12-26 15:34:38,740] {logging_mixin.py:104} INFO - [2024-12-26 15:34:38,740] {dag.py:1833} INFO - Sync 1 DAGs
[2024-12-26 15:34:38,750] {logging_mixin.py:104} INFO - [2024-12-26 15:34:38,750] {dag.py:2306} INFO - Setting next_dagrun for example_kubernetes_executor_config to None
[2024-12-26 15:34:38,759] {scheduler_job.py:190} INFO - Processing /home/airflow/.local/lib/python3.6/site-packages/airflow/example_dags/example_kubernetes_executor_config.py took 0.047 seconds
[2024-12-26 15:35:08,953] {scheduler_job.py:182} INFO - Started process (PID=601) to work on /home/airflow/.local/lib/python3.6/site-packages/airflow/example_dags/example_kubernetes_executor_config.py
[2024-12-26 15:35:08,954] {scheduler_job.py:633} INFO - Processing file /home/airflow/.local/lib/python3.6/site-packages/airflow/example_dags/example_kubernetes_executor_config.py for tasks to queue
[2024-12-26 15:35:08,955] {logging_mixin.py:104} INFO - [2024-12-26 15:35:08,955] {dagbag.py:496} INFO - Filling up the DagBag from /home/airflow/.local/lib/python3.6/site-packages/airflow/example_dags/example_kubernetes_executor_config.py
[2024-12-26 15:35:08,964] {scheduler_job.py:643} INFO - DAG(s) dict_keys(['example_kubernetes_executor_config']) retrieved from /home/airflow/.local/lib/python3.6/site-packages/airflow/example_dags/example_kubernetes_executor_config.py
[2024-12-26 15:35:08,979] {logging_mixin.py:104} INFO - [2024-12-26 15:35:08,979] {dag.py:1833} INFO - Sync 1 DAGs
[2024-12-26 15:35:08,989] {logging_mixin.py:104} INFO - [2024-12-26 15:35:08,989] {dag.py:2306} INFO - Setting next_dagrun for example_kubernetes_executor_config to None
[2024-12-26 15:35:09,000] {scheduler_job.py:190} INFO - Processing /home/airflow/.local/lib/python3.6/site-packages/airflow/example_dags/example_kubernetes_executor_config.py took 0.049 seconds
[2024-12-26 15:35:39,236] {scheduler_job.py:182} INFO - Started process (PID=653) to work on /home/airflow/.local/lib/python3.6/site-packages/airflow/example_dags/example_kubernetes_executor_config.py
[2024-12-26 15:35:39,237] {scheduler_job.py:633} INFO - Processing file /home/airflow/.local/lib/python3.6/site-packages/airflow/example_dags/example_kubernetes_executor_config.py for tasks to queue
[2024-12-26 15:35:39,238] {logging_mixin.py:104} INFO - [2024-12-26 15:35:39,238] {dagbag.py:496} INFO - Filling up the DagBag from /home/airflow/.local/lib/python3.6/site-packages/airflow/example_dags/example_kubernetes_executor_config.py
[2024-12-26 15:35:39,247] {scheduler_job.py:643} INFO - DAG(s) dict_keys(['example_kubernetes_executor_config']) retrieved from /home/airflow/.local/lib/python3.6/site-packages/airflow/example_dags/example_kubernetes_executor_config.py
[2024-12-26 15:35:39,262] {logging_mixin.py:104} INFO - [2024-12-26 15:35:39,262] {dag.py:1833} INFO - Sync 1 DAGs
[2024-12-26 15:35:39,271] {logging_mixin.py:104} INFO - [2024-12-26 15:35:39,271] {dag.py:2306} INFO - Setting next_dagrun for example_kubernetes_executor_config to None
[2024-12-26 15:35:39,282] {scheduler_job.py:190} INFO - Processing /home/airflow/.local/lib/python3.6/site-packages/airflow/example_dags/example_kubernetes_executor_config.py took 0.048 seconds
[2024-12-26 15:36:09,556] {scheduler_job.py:182} INFO - Started process (PID=716) to work on /home/airflow/.local/lib/python3.6/site-packages/airflow/example_dags/example_kubernetes_executor_config.py
[2024-12-26 15:36:09,557] {scheduler_job.py:633} INFO - Processing file /home/airflow/.local/lib/python3.6/site-packages/airflow/example_dags/example_kubernetes_executor_config.py for tasks to queue
[2024-12-26 15:36:09,558] {logging_mixin.py:104} INFO - [2024-12-26 15:36:09,558] {dagbag.py:496} INFO - Filling up the DagBag from /home/airflow/.local/lib/python3.6/site-packages/airflow/example_dags/example_kubernetes_executor_config.py
[2024-12-26 15:36:09,567] {scheduler_job.py:643} INFO - DAG(s) dict_keys(['example_kubernetes_executor_config']) retrieved from /home/airflow/.local/lib/python3.6/site-packages/airflow/example_dags/example_kubernetes_executor_config.py
[2024-12-26 15:36:09,583] {logging_mixin.py:104} INFO - [2024-12-26 15:36:09,583] {dag.py:1833} INFO - Sync 1 DAGs
[2024-12-26 15:36:09,594] {logging_mixin.py:104} INFO - [2024-12-26 15:36:09,594] {dag.py:2306} INFO - Setting next_dagrun for example_kubernetes_executor_config to None
[2024-12-26 15:36:09,605] {scheduler_job.py:190} INFO - Processing /home/airflow/.local/lib/python3.6/site-packages/airflow/example_dags/example_kubernetes_executor_config.py took 0.051 seconds
[2024-12-26 15:36:39,852] {scheduler_job.py:182} INFO - Started process (PID=779) to work on /home/airflow/.local/lib/python3.6/site-packages/airflow/example_dags/example_kubernetes_executor_config.py
[2024-12-26 15:36:39,853] {scheduler_job.py:633} INFO - Processing file /home/airflow/.local/lib/python3.6/site-packages/airflow/example_dags/example_kubernetes_executor_config.py for tasks to queue
[2024-12-26 15:36:39,854] {logging_mixin.py:104} INFO - [2024-12-26 15:36:39,854] {dagbag.py:496} INFO - Filling up the DagBag from /home/airflow/.local/lib/python3.6/site-packages/airflow/example_dags/example_kubernetes_executor_config.py
[2024-12-26 15:36:39,862] {scheduler_job.py:643} INFO - DAG(s) dict_keys(['example_kubernetes_executor_config']) retrieved from /home/airflow/.local/lib/python3.6/site-packages/airflow/example_dags/example_kubernetes_executor_config.py
[2024-12-26 15:36:39,986] {logging_mixin.py:104} INFO - [2024-12-26 15:36:39,986] {dag.py:1833} INFO - Sync 1 DAGs
[2024-12-26 15:36:39,993] {logging_mixin.py:104} INFO - [2024-12-26 15:36:39,993] {dag.py:1852} INFO - Creating ORM DAG for example_kubernetes_executor_config
[2024-12-26 15:36:39,996] {logging_mixin.py:104} INFO - [2024-12-26 15:36:39,996] {dag.py:2306} INFO - Setting next_dagrun for example_kubernetes_executor_config to None
[2024-12-26 15:36:40,006] {scheduler_job.py:190} INFO - Processing /home/airflow/.local/lib/python3.6/site-packages/airflow/example_dags/example_kubernetes_executor_config.py took 0.156 seconds
[2024-12-26 15:37:10,402] {scheduler_job.py:182} INFO - Started process (PID=840) to work on /home/airflow/.local/lib/python3.6/site-packages/airflow/example_dags/example_kubernetes_executor_config.py
[2024-12-26 15:37:10,403] {scheduler_job.py:633} INFO - Processing file /home/airflow/.local/lib/python3.6/site-packages/airflow/example_dags/example_kubernetes_executor_config.py for tasks to queue
[2024-12-26 15:37:10,404] {logging_mixin.py:104} INFO - [2024-12-26 15:37:10,404] {dagbag.py:496} INFO - Filling up the DagBag from /home/airflow/.local/lib/python3.6/site-packages/airflow/example_dags/example_kubernetes_executor_config.py
[2024-12-26 15:37:10,413] {scheduler_job.py:643} INFO - DAG(s) dict_keys(['example_kubernetes_executor_config']) retrieved from /home/airflow/.local/lib/python3.6/site-packages/airflow/example_dags/example_kubernetes_executor_config.py
[2024-12-26 15:37:10,536] {logging_mixin.py:104} INFO - [2024-12-26 15:37:10,535] {dag.py:1833} INFO - Sync 1 DAGs
[2024-12-26 15:37:10,542] {logging_mixin.py:104} INFO - [2024-12-26 15:37:10,541] {dag.py:1852} INFO - Creating ORM DAG for example_kubernetes_executor_config
[2024-12-26 15:37:10,545] {logging_mixin.py:104} INFO - [2024-12-26 15:37:10,545] {dag.py:2306} INFO - Setting next_dagrun for example_kubernetes_executor_config to None
[2024-12-26 15:37:10,556] {scheduler_job.py:190} INFO - Processing /home/airflow/.local/lib/python3.6/site-packages/airflow/example_dags/example_kubernetes_executor_config.py took 0.155 seconds
[2024-12-26 15:37:40,888] {scheduler_job.py:182} INFO - Started process (PID=893) to work on /home/airflow/.local/lib/python3.6/site-packages/airflow/example_dags/example_kubernetes_executor_config.py
[2024-12-26 15:37:40,889] {scheduler_job.py:633} INFO - Processing file /home/airflow/.local/lib/python3.6/site-packages/airflow/example_dags/example_kubernetes_executor_config.py for tasks to queue
[2024-12-26 15:37:40,890] {logging_mixin.py:104} INFO - [2024-12-26 15:37:40,890] {dagbag.py:496} INFO - Filling up the DagBag from /home/airflow/.local/lib/python3.6/site-packages/airflow/example_dags/example_kubernetes_executor_config.py
[2024-12-26 15:37:40,899] {scheduler_job.py:643} INFO - DAG(s) dict_keys(['example_kubernetes_executor_config']) retrieved from /home/airflow/.local/lib/python3.6/site-packages/airflow/example_dags/example_kubernetes_executor_config.py
[2024-12-26 15:37:40,913] {logging_mixin.py:104} INFO - [2024-12-26 15:37:40,913] {dag.py:1833} INFO - Sync 1 DAGs
[2024-12-26 15:37:40,923] {logging_mixin.py:104} INFO - [2024-12-26 15:37:40,923] {dag.py:2306} INFO - Setting next_dagrun for example_kubernetes_executor_config to None
[2024-12-26 15:37:40,931] {scheduler_job.py:190} INFO - Processing /home/airflow/.local/lib/python3.6/site-packages/airflow/example_dags/example_kubernetes_executor_config.py took 0.045 seconds
[2024-12-26 15:38:11,172] {scheduler_job.py:182} INFO - Started process (PID=955) to work on /home/airflow/.local/lib/python3.6/site-packages/airflow/example_dags/example_kubernetes_executor_config.py
[2024-12-26 15:38:11,173] {scheduler_job.py:633} INFO - Processing file /home/airflow/.local/lib/python3.6/site-packages/airflow/example_dags/example_kubernetes_executor_config.py for tasks to queue
[2024-12-26 15:38:11,174] {logging_mixin.py:104} INFO - [2024-12-26 15:38:11,174] {dagbag.py:496} INFO - Filling up the DagBag from /home/airflow/.local/lib/python3.6/site-packages/airflow/example_dags/example_kubernetes_executor_config.py
[2024-12-26 15:38:11,183] {scheduler_job.py:643} INFO - DAG(s) dict_keys(['example_kubernetes_executor_config']) retrieved from /home/airflow/.local/lib/python3.6/site-packages/airflow/example_dags/example_kubernetes_executor_config.py
[2024-12-26 15:38:11,198] {logging_mixin.py:104} INFO - [2024-12-26 15:38:11,198] {dag.py:1833} INFO - Sync 1 DAGs
[2024-12-26 15:38:11,209] {logging_mixin.py:104} INFO - [2024-12-26 15:38:11,209] {dag.py:2306} INFO - Setting next_dagrun for example_kubernetes_executor_config to None
[2024-12-26 15:38:11,222] {scheduler_job.py:190} INFO - Processing /home/airflow/.local/lib/python3.6/site-packages/airflow/example_dags/example_kubernetes_executor_config.py took 0.052 seconds
[2024-12-26 15:38:41,480] {scheduler_job.py:182} INFO - Started process (PID=1017) to work on /home/airflow/.local/lib/python3.6/site-packages/airflow/example_dags/example_kubernetes_executor_config.py
[2024-12-26 15:38:41,482] {scheduler_job.py:633} INFO - Processing file /home/airflow/.local/lib/python3.6/site-packages/airflow/example_dags/example_kubernetes_executor_config.py for tasks to queue
[2024-12-26 15:38:41,483] {logging_mixin.py:104} INFO - [2024-12-26 15:38:41,482] {dagbag.py:496} INFO - Filling up the DagBag from /home/airflow/.local/lib/python3.6/site-packages/airflow/example_dags/example_kubernetes_executor_config.py
[2024-12-26 15:38:41,492] {scheduler_job.py:643} INFO - DAG(s) dict_keys(['example_kubernetes_executor_config']) retrieved from /home/airflow/.local/lib/python3.6/site-packages/airflow/example_dags/example_kubernetes_executor_config.py
[2024-12-26 15:38:41,508] {logging_mixin.py:104} INFO - [2024-12-26 15:38:41,508] {dag.py:1833} INFO - Sync 1 DAGs
[2024-12-26 15:38:41,519] {logging_mixin.py:104} INFO - [2024-12-26 15:38:41,519] {dag.py:2306} INFO - Setting next_dagrun for example_kubernetes_executor_config to None
[2024-12-26 15:38:41,530] {scheduler_job.py:190} INFO - Processing /home/airflow/.local/lib/python3.6/site-packages/airflow/example_dags/example_kubernetes_executor_config.py took 0.052 seconds
[2024-12-26 15:39:11,960] {scheduler_job.py:182} INFO - Started process (PID=1069) to work on /home/airflow/.local/lib/python3.6/site-packages/airflow/example_dags/example_kubernetes_executor_config.py
[2024-12-26 15:39:11,962] {scheduler_job.py:633} INFO - Processing file /home/airflow/.local/lib/python3.6/site-packages/airflow/example_dags/example_kubernetes_executor_config.py for tasks to queue
[2024-12-26 15:39:11,963] {logging_mixin.py:104} INFO - [2024-12-26 15:39:11,962] {dagbag.py:496} INFO - Filling up the DagBag from /home/airflow/.local/lib/python3.6/site-packages/airflow/example_dags/example_kubernetes_executor_config.py
[2024-12-26 15:39:11,971] {scheduler_job.py:643} INFO - DAG(s) dict_keys(['example_kubernetes_executor_config']) retrieved from /home/airflow/.local/lib/python3.6/site-packages/airflow/example_dags/example_kubernetes_executor_config.py
[2024-12-26 15:39:11,986] {logging_mixin.py:104} INFO - [2024-12-26 15:39:11,986] {dag.py:1833} INFO - Sync 1 DAGs
[2024-12-26 15:39:11,995] {logging_mixin.py:104} INFO - [2024-12-26 15:39:11,995] {dag.py:2306} INFO - Setting next_dagrun for example_kubernetes_executor_config to None
[2024-12-26 15:39:12,003] {scheduler_job.py:190} INFO - Processing /home/airflow/.local/lib/python3.6/site-packages/airflow/example_dags/example_kubernetes_executor_config.py took 0.046 seconds
[2024-12-26 15:40:31,605] {scheduler_job.py:182} INFO - Started process (PID=51) to work on /home/airflow/.local/lib/python3.6/site-packages/airflow/example_dags/example_kubernetes_executor_config.py
[2024-12-26 15:40:31,607] {scheduler_job.py:633} INFO - Processing file /home/airflow/.local/lib/python3.6/site-packages/airflow/example_dags/example_kubernetes_executor_config.py for tasks to queue
[2024-12-26 15:40:31,608] {logging_mixin.py:104} INFO - [2024-12-26 15:40:31,608] {dagbag.py:496} INFO - Filling up the DagBag from /home/airflow/.local/lib/python3.6/site-packages/airflow/example_dags/example_kubernetes_executor_config.py
[2024-12-26 15:40:31,622] {scheduler_job.py:643} INFO - DAG(s) dict_keys(['example_kubernetes_executor_config']) retrieved from /home/airflow/.local/lib/python3.6/site-packages/airflow/example_dags/example_kubernetes_executor_config.py
[2024-12-26 15:40:31,643] {logging_mixin.py:104} INFO - [2024-12-26 15:40:31,643] {dag.py:1833} INFO - Sync 1 DAGs
[2024-12-26 15:40:31,656] {logging_mixin.py:104} INFO - [2024-12-26 15:40:31,656] {dag.py:2306} INFO - Setting next_dagrun for example_kubernetes_executor_config to None
[2024-12-26 15:40:31,671] {scheduler_job.py:190} INFO - Processing /home/airflow/.local/lib/python3.6/site-packages/airflow/example_dags/example_kubernetes_executor_config.py took 0.068 seconds
[2024-12-26 15:41:02,438] {scheduler_job.py:182} INFO - Started process (PID=113) to work on /home/airflow/.local/lib/python3.6/site-packages/airflow/example_dags/example_kubernetes_executor_config.py
[2024-12-26 15:41:02,439] {scheduler_job.py:633} INFO - Processing file /home/airflow/.local/lib/python3.6/site-packages/airflow/example_dags/example_kubernetes_executor_config.py for tasks to queue
[2024-12-26 15:41:02,440] {logging_mixin.py:104} INFO - [2024-12-26 15:41:02,440] {dagbag.py:496} INFO - Filling up the DagBag from /home/airflow/.local/lib/python3.6/site-packages/airflow/example_dags/example_kubernetes_executor_config.py
[2024-12-26 15:41:02,449] {scheduler_job.py:643} INFO - DAG(s) dict_keys(['example_kubernetes_executor_config']) retrieved from /home/airflow/.local/lib/python3.6/site-packages/airflow/example_dags/example_kubernetes_executor_config.py
[2024-12-26 15:41:02,465] {logging_mixin.py:104} INFO - [2024-12-26 15:41:02,464] {dag.py:1833} INFO - Sync 1 DAGs
[2024-12-26 15:41:02,475] {logging_mixin.py:104} INFO - [2024-12-26 15:41:02,475] {dag.py:2306} INFO - Setting next_dagrun for example_kubernetes_executor_config to None
[2024-12-26 15:41:02,485] {scheduler_job.py:190} INFO - Processing /home/airflow/.local/lib/python3.6/site-packages/airflow/example_dags/example_kubernetes_executor_config.py took 0.049 seconds
[2024-12-26 15:41:33,168] {scheduler_job.py:182} INFO - Started process (PID=172) to work on /home/airflow/.local/lib/python3.6/site-packages/airflow/example_dags/example_kubernetes_executor_config.py
[2024-12-26 15:41:33,170] {scheduler_job.py:633} INFO - Processing file /home/airflow/.local/lib/python3.6/site-packages/airflow/example_dags/example_kubernetes_executor_config.py for tasks to queue
[2024-12-26 15:41:33,170] {logging_mixin.py:104} INFO - [2024-12-26 15:41:33,170] {dagbag.py:496} INFO - Filling up the DagBag from /home/airflow/.local/lib/python3.6/site-packages/airflow/example_dags/example_kubernetes_executor_config.py
[2024-12-26 15:41:33,179] {scheduler_job.py:643} INFO - DAG(s) dict_keys(['example_kubernetes_executor_config']) retrieved from /home/airflow/.local/lib/python3.6/site-packages/airflow/example_dags/example_kubernetes_executor_config.py
[2024-12-26 15:41:33,194] {logging_mixin.py:104} INFO - [2024-12-26 15:41:33,194] {dag.py:1833} INFO - Sync 1 DAGs
[2024-12-26 15:41:33,203] {logging_mixin.py:104} INFO - [2024-12-26 15:41:33,203] {dag.py:2306} INFO - Setting next_dagrun for example_kubernetes_executor_config to None
[2024-12-26 15:41:33,217] {scheduler_job.py:190} INFO - Processing /home/airflow/.local/lib/python3.6/site-packages/airflow/example_dags/example_kubernetes_executor_config.py took 0.050 seconds
[2024-12-26 15:42:03,860] {scheduler_job.py:182} INFO - Started process (PID=228) to work on /home/airflow/.local/lib/python3.6/site-packages/airflow/example_dags/example_kubernetes_executor_config.py
[2024-12-26 15:42:03,861] {scheduler_job.py:633} INFO - Processing file /home/airflow/.local/lib/python3.6/site-packages/airflow/example_dags/example_kubernetes_executor_config.py for tasks to queue
[2024-12-26 15:42:03,862] {logging_mixin.py:104} INFO - [2024-12-26 15:42:03,862] {dagbag.py:496} INFO - Filling up the DagBag from /home/airflow/.local/lib/python3.6/site-packages/airflow/example_dags/example_kubernetes_executor_config.py
[2024-12-26 15:42:03,870] {scheduler_job.py:643} INFO - DAG(s) dict_keys(['example_kubernetes_executor_config']) retrieved from /home/airflow/.local/lib/python3.6/site-packages/airflow/example_dags/example_kubernetes_executor_config.py
[2024-12-26 15:42:03,884] {logging_mixin.py:104} INFO - [2024-12-26 15:42:03,884] {dag.py:1833} INFO - Sync 1 DAGs
[2024-12-26 15:42:03,893] {logging_mixin.py:104} INFO - [2024-12-26 15:42:03,893] {dag.py:2306} INFO - Setting next_dagrun for example_kubernetes_executor_config to None
[2024-12-26 15:42:03,906] {scheduler_job.py:190} INFO - Processing /home/airflow/.local/lib/python3.6/site-packages/airflow/example_dags/example_kubernetes_executor_config.py took 0.047 seconds
[2024-12-26 15:42:36,883] {scheduler_job.py:182} INFO - Started process (PID=51) to work on /home/airflow/.local/lib/python3.6/site-packages/airflow/example_dags/example_kubernetes_executor_config.py
[2024-12-26 15:42:36,885] {scheduler_job.py:633} INFO - Processing file /home/airflow/.local/lib/python3.6/site-packages/airflow/example_dags/example_kubernetes_executor_config.py for tasks to queue
[2024-12-26 15:42:36,886] {logging_mixin.py:104} INFO - [2024-12-26 15:42:36,886] {dagbag.py:496} INFO - Filling up the DagBag from /home/airflow/.local/lib/python3.6/site-packages/airflow/example_dags/example_kubernetes_executor_config.py
[2024-12-26 15:42:36,899] {scheduler_job.py:643} INFO - DAG(s) dict_keys(['example_kubernetes_executor_config']) retrieved from /home/airflow/.local/lib/python3.6/site-packages/airflow/example_dags/example_kubernetes_executor_config.py
[2024-12-26 15:42:36,919] {logging_mixin.py:104} INFO - [2024-12-26 15:42:36,919] {dag.py:1833} INFO - Sync 1 DAGs
[2024-12-26 15:42:36,933] {logging_mixin.py:104} INFO - [2024-12-26 15:42:36,933] {dag.py:2306} INFO - Setting next_dagrun for example_kubernetes_executor_config to None
[2024-12-26 15:42:36,942] {scheduler_job.py:190} INFO - Processing /home/airflow/.local/lib/python3.6/site-packages/airflow/example_dags/example_kubernetes_executor_config.py took 0.062 seconds
[2024-12-26 15:43:07,817] {scheduler_job.py:182} INFO - Started process (PID=113) to work on /home/airflow/.local/lib/python3.6/site-packages/airflow/example_dags/example_kubernetes_executor_config.py
[2024-12-26 15:43:07,819] {scheduler_job.py:633} INFO - Processing file /home/airflow/.local/lib/python3.6/site-packages/airflow/example_dags/example_kubernetes_executor_config.py for tasks to queue
[2024-12-26 15:43:07,819] {logging_mixin.py:104} INFO - [2024-12-26 15:43:07,819] {dagbag.py:496} INFO - Filling up the DagBag from /home/airflow/.local/lib/python3.6/site-packages/airflow/example_dags/example_kubernetes_executor_config.py
[2024-12-26 15:43:07,828] {scheduler_job.py:643} INFO - DAG(s) dict_keys(['example_kubernetes_executor_config']) retrieved from /home/airflow/.local/lib/python3.6/site-packages/airflow/example_dags/example_kubernetes_executor_config.py
[2024-12-26 15:43:07,844] {logging_mixin.py:104} INFO - [2024-12-26 15:43:07,844] {dag.py:1833} INFO - Sync 1 DAGs
[2024-12-26 15:43:07,853] {logging_mixin.py:104} INFO - [2024-12-26 15:43:07,853] {dag.py:2306} INFO - Setting next_dagrun for example_kubernetes_executor_config to None
[2024-12-26 15:43:07,866] {scheduler_job.py:190} INFO - Processing /home/airflow/.local/lib/python3.6/site-packages/airflow/example_dags/example_kubernetes_executor_config.py took 0.051 seconds
