[2024-12-26 15:32:34,392] {scheduler_job.py:182} INFO - Started process (PID=155) to work on /home/airflow/.local/lib/python3.6/site-packages/airflow/example_dags/example_nested_branch_dag.py
[2024-12-26 15:32:34,393] {scheduler_job.py:633} INFO - Processing file /home/airflow/.local/lib/python3.6/site-packages/airflow/example_dags/example_nested_branch_dag.py for tasks to queue
[2024-12-26 15:32:34,394] {logging_mixin.py:104} INFO - [2024-12-26 15:32:34,393] {dagbag.py:496} INFO - Filling up the DagBag from /home/airflow/.local/lib/python3.6/site-packages/airflow/example_dags/example_nested_branch_dag.py
[2024-12-26 15:32:34,405] {scheduler_job.py:643} INFO - DAG(s) dict_keys(['example_nested_branch_dag']) retrieved from /home/airflow/.local/lib/python3.6/site-packages/airflow/example_dags/example_nested_branch_dag.py
[2024-12-26 15:32:36,180] {logging_mixin.py:104} INFO - [2024-12-26 15:32:36,180] {dag.py:1833} INFO - Sync 1 DAGs
[2024-12-26 15:32:36,186] {logging_mixin.py:104} INFO - [2024-12-26 15:32:36,186] {dag.py:1852} INFO - Creating ORM DAG for example_nested_branch_dag
[2024-12-26 15:32:36,191] {logging_mixin.py:104} INFO - [2024-12-26 15:32:36,191] {dag.py:2306} INFO - Setting next_dagrun for example_nested_branch_dag to 2024-12-24 00:00:00+00:00
[2024-12-26 15:32:36,202] {scheduler_job.py:190} INFO - Processing /home/airflow/.local/lib/python3.6/site-packages/airflow/example_dags/example_nested_branch_dag.py took 1.813 seconds
[2024-12-26 15:33:06,731] {scheduler_job.py:182} INFO - Started process (PID=361) to work on /home/airflow/.local/lib/python3.6/site-packages/airflow/example_dags/example_nested_branch_dag.py
[2024-12-26 15:33:06,732] {scheduler_job.py:633} INFO - Processing file /home/airflow/.local/lib/python3.6/site-packages/airflow/example_dags/example_nested_branch_dag.py for tasks to queue
[2024-12-26 15:33:06,733] {logging_mixin.py:104} INFO - [2024-12-26 15:33:06,733] {dagbag.py:496} INFO - Filling up the DagBag from /home/airflow/.local/lib/python3.6/site-packages/airflow/example_dags/example_nested_branch_dag.py
[2024-12-26 15:33:06,743] {scheduler_job.py:643} INFO - DAG(s) dict_keys(['example_nested_branch_dag']) retrieved from /home/airflow/.local/lib/python3.6/site-packages/airflow/example_dags/example_nested_branch_dag.py
[2024-12-26 15:33:06,758] {logging_mixin.py:104} INFO - [2024-12-26 15:33:06,758] {dag.py:1833} INFO - Sync 1 DAGs
[2024-12-26 15:33:06,772] {logging_mixin.py:104} INFO - [2024-12-26 15:33:06,772] {dag.py:2306} INFO - Setting next_dagrun for example_nested_branch_dag to 2024-12-24 00:00:00+00:00
[2024-12-26 15:33:06,783] {scheduler_job.py:190} INFO - Processing /home/airflow/.local/lib/python3.6/site-packages/airflow/example_dags/example_nested_branch_dag.py took 0.054 seconds
[2024-12-26 15:33:37,236] {scheduler_job.py:182} INFO - Started process (PID=423) to work on /home/airflow/.local/lib/python3.6/site-packages/airflow/example_dags/example_nested_branch_dag.py
[2024-12-26 15:33:37,238] {scheduler_job.py:633} INFO - Processing file /home/airflow/.local/lib/python3.6/site-packages/airflow/example_dags/example_nested_branch_dag.py for tasks to queue
[2024-12-26 15:33:37,238] {logging_mixin.py:104} INFO - [2024-12-26 15:33:37,238] {dagbag.py:496} INFO - Filling up the DagBag from /home/airflow/.local/lib/python3.6/site-packages/airflow/example_dags/example_nested_branch_dag.py
[2024-12-26 15:33:37,248] {scheduler_job.py:643} INFO - DAG(s) dict_keys(['example_nested_branch_dag']) retrieved from /home/airflow/.local/lib/python3.6/site-packages/airflow/example_dags/example_nested_branch_dag.py
[2024-12-26 15:33:37,266] {logging_mixin.py:104} INFO - [2024-12-26 15:33:37,266] {dag.py:1833} INFO - Sync 1 DAGs
[2024-12-26 15:33:37,279] {logging_mixin.py:104} INFO - [2024-12-26 15:33:37,279] {dag.py:2306} INFO - Setting next_dagrun for example_nested_branch_dag to 2024-12-24 00:00:00+00:00
[2024-12-26 15:33:37,290] {scheduler_job.py:190} INFO - Processing /home/airflow/.local/lib/python3.6/site-packages/airflow/example_dags/example_nested_branch_dag.py took 0.057 seconds
[2024-12-26 15:34:07,488] {scheduler_job.py:182} INFO - Started process (PID=475) to work on /home/airflow/.local/lib/python3.6/site-packages/airflow/example_dags/example_nested_branch_dag.py
[2024-12-26 15:34:07,490] {scheduler_job.py:633} INFO - Processing file /home/airflow/.local/lib/python3.6/site-packages/airflow/example_dags/example_nested_branch_dag.py for tasks to queue
[2024-12-26 15:34:07,491] {logging_mixin.py:104} INFO - [2024-12-26 15:34:07,490] {dagbag.py:496} INFO - Filling up the DagBag from /home/airflow/.local/lib/python3.6/site-packages/airflow/example_dags/example_nested_branch_dag.py
[2024-12-26 15:34:07,500] {scheduler_job.py:643} INFO - DAG(s) dict_keys(['example_nested_branch_dag']) retrieved from /home/airflow/.local/lib/python3.6/site-packages/airflow/example_dags/example_nested_branch_dag.py
[2024-12-26 15:34:07,514] {logging_mixin.py:104} INFO - [2024-12-26 15:34:07,514] {dag.py:1833} INFO - Sync 1 DAGs
[2024-12-26 15:34:07,525] {logging_mixin.py:104} INFO - [2024-12-26 15:34:07,525] {dag.py:2306} INFO - Setting next_dagrun for example_nested_branch_dag to 2024-12-24 00:00:00+00:00
[2024-12-26 15:34:07,536] {scheduler_job.py:190} INFO - Processing /home/airflow/.local/lib/python3.6/site-packages/airflow/example_dags/example_nested_branch_dag.py took 0.050 seconds
[2024-12-26 15:34:37,706] {scheduler_job.py:182} INFO - Started process (PID=537) to work on /home/airflow/.local/lib/python3.6/site-packages/airflow/example_dags/example_nested_branch_dag.py
[2024-12-26 15:34:37,707] {scheduler_job.py:633} INFO - Processing file /home/airflow/.local/lib/python3.6/site-packages/airflow/example_dags/example_nested_branch_dag.py for tasks to queue
[2024-12-26 15:34:37,708] {logging_mixin.py:104} INFO - [2024-12-26 15:34:37,708] {dagbag.py:496} INFO - Filling up the DagBag from /home/airflow/.local/lib/python3.6/site-packages/airflow/example_dags/example_nested_branch_dag.py
[2024-12-26 15:34:37,716] {scheduler_job.py:643} INFO - DAG(s) dict_keys(['example_nested_branch_dag']) retrieved from /home/airflow/.local/lib/python3.6/site-packages/airflow/example_dags/example_nested_branch_dag.py
[2024-12-26 15:34:37,731] {logging_mixin.py:104} INFO - [2024-12-26 15:34:37,731] {dag.py:1833} INFO - Sync 1 DAGs
[2024-12-26 15:34:37,742] {logging_mixin.py:104} INFO - [2024-12-26 15:34:37,742] {dag.py:2306} INFO - Setting next_dagrun for example_nested_branch_dag to 2024-12-24 00:00:00+00:00
[2024-12-26 15:34:37,757] {scheduler_job.py:190} INFO - Processing /home/airflow/.local/lib/python3.6/site-packages/airflow/example_dags/example_nested_branch_dag.py took 0.054 seconds
[2024-12-26 15:35:07,930] {scheduler_job.py:182} INFO - Started process (PID=599) to work on /home/airflow/.local/lib/python3.6/site-packages/airflow/example_dags/example_nested_branch_dag.py
[2024-12-26 15:35:07,931] {scheduler_job.py:633} INFO - Processing file /home/airflow/.local/lib/python3.6/site-packages/airflow/example_dags/example_nested_branch_dag.py for tasks to queue
[2024-12-26 15:35:07,931] {logging_mixin.py:104} INFO - [2024-12-26 15:35:07,931] {dagbag.py:496} INFO - Filling up the DagBag from /home/airflow/.local/lib/python3.6/site-packages/airflow/example_dags/example_nested_branch_dag.py
[2024-12-26 15:35:07,939] {scheduler_job.py:643} INFO - DAG(s) dict_keys(['example_nested_branch_dag']) retrieved from /home/airflow/.local/lib/python3.6/site-packages/airflow/example_dags/example_nested_branch_dag.py
[2024-12-26 15:35:07,954] {logging_mixin.py:104} INFO - [2024-12-26 15:35:07,954] {dag.py:1833} INFO - Sync 1 DAGs
[2024-12-26 15:35:07,964] {logging_mixin.py:104} INFO - [2024-12-26 15:35:07,964] {dag.py:2306} INFO - Setting next_dagrun for example_nested_branch_dag to 2024-12-24 00:00:00+00:00
[2024-12-26 15:35:07,975] {scheduler_job.py:190} INFO - Processing /home/airflow/.local/lib/python3.6/site-packages/airflow/example_dags/example_nested_branch_dag.py took 0.046 seconds
[2024-12-26 15:35:38,154] {scheduler_job.py:182} INFO - Started process (PID=651) to work on /home/airflow/.local/lib/python3.6/site-packages/airflow/example_dags/example_nested_branch_dag.py
[2024-12-26 15:35:38,155] {scheduler_job.py:633} INFO - Processing file /home/airflow/.local/lib/python3.6/site-packages/airflow/example_dags/example_nested_branch_dag.py for tasks to queue
[2024-12-26 15:35:38,156] {logging_mixin.py:104} INFO - [2024-12-26 15:35:38,156] {dagbag.py:496} INFO - Filling up the DagBag from /home/airflow/.local/lib/python3.6/site-packages/airflow/example_dags/example_nested_branch_dag.py
[2024-12-26 15:35:38,166] {scheduler_job.py:643} INFO - DAG(s) dict_keys(['example_nested_branch_dag']) retrieved from /home/airflow/.local/lib/python3.6/site-packages/airflow/example_dags/example_nested_branch_dag.py
[2024-12-26 15:35:38,182] {logging_mixin.py:104} INFO - [2024-12-26 15:35:38,182] {dag.py:1833} INFO - Sync 1 DAGs
[2024-12-26 15:35:38,193] {logging_mixin.py:104} INFO - [2024-12-26 15:35:38,193] {dag.py:2306} INFO - Setting next_dagrun for example_nested_branch_dag to 2024-12-24 00:00:00+00:00
[2024-12-26 15:35:38,202] {scheduler_job.py:190} INFO - Processing /home/airflow/.local/lib/python3.6/site-packages/airflow/example_dags/example_nested_branch_dag.py took 0.049 seconds
[2024-12-26 15:36:08,459] {scheduler_job.py:182} INFO - Started process (PID=714) to work on /home/airflow/.local/lib/python3.6/site-packages/airflow/example_dags/example_nested_branch_dag.py
[2024-12-26 15:36:08,460] {scheduler_job.py:633} INFO - Processing file /home/airflow/.local/lib/python3.6/site-packages/airflow/example_dags/example_nested_branch_dag.py for tasks to queue
[2024-12-26 15:36:08,461] {logging_mixin.py:104} INFO - [2024-12-26 15:36:08,461] {dagbag.py:496} INFO - Filling up the DagBag from /home/airflow/.local/lib/python3.6/site-packages/airflow/example_dags/example_nested_branch_dag.py
[2024-12-26 15:36:08,471] {scheduler_job.py:643} INFO - DAG(s) dict_keys(['example_nested_branch_dag']) retrieved from /home/airflow/.local/lib/python3.6/site-packages/airflow/example_dags/example_nested_branch_dag.py
[2024-12-26 15:36:08,490] {logging_mixin.py:104} INFO - [2024-12-26 15:36:08,490] {dag.py:1833} INFO - Sync 1 DAGs
[2024-12-26 15:36:08,503] {logging_mixin.py:104} INFO - [2024-12-26 15:36:08,503] {dag.py:2306} INFO - Setting next_dagrun for example_nested_branch_dag to 2024-12-24 00:00:00+00:00
[2024-12-26 15:36:08,514] {scheduler_job.py:190} INFO - Processing /home/airflow/.local/lib/python3.6/site-packages/airflow/example_dags/example_nested_branch_dag.py took 0.057 seconds
[2024-12-26 15:36:38,779] {scheduler_job.py:182} INFO - Started process (PID=777) to work on /home/airflow/.local/lib/python3.6/site-packages/airflow/example_dags/example_nested_branch_dag.py
[2024-12-26 15:36:38,780] {scheduler_job.py:633} INFO - Processing file /home/airflow/.local/lib/python3.6/site-packages/airflow/example_dags/example_nested_branch_dag.py for tasks to queue
[2024-12-26 15:36:38,780] {logging_mixin.py:104} INFO - [2024-12-26 15:36:38,780] {dagbag.py:496} INFO - Filling up the DagBag from /home/airflow/.local/lib/python3.6/site-packages/airflow/example_dags/example_nested_branch_dag.py
[2024-12-26 15:36:38,790] {scheduler_job.py:643} INFO - DAG(s) dict_keys(['example_nested_branch_dag']) retrieved from /home/airflow/.local/lib/python3.6/site-packages/airflow/example_dags/example_nested_branch_dag.py
[2024-12-26 15:36:38,805] {logging_mixin.py:104} INFO - [2024-12-26 15:36:38,805] {dag.py:1833} INFO - Sync 1 DAGs
[2024-12-26 15:36:38,818] {logging_mixin.py:104} INFO - [2024-12-26 15:36:38,818] {dag.py:2306} INFO - Setting next_dagrun for example_nested_branch_dag to 2024-12-24 00:00:00+00:00
[2024-12-26 15:36:38,828] {scheduler_job.py:190} INFO - Processing /home/airflow/.local/lib/python3.6/site-packages/airflow/example_dags/example_nested_branch_dag.py took 0.052 seconds
[2024-12-26 15:37:09,315] {scheduler_job.py:182} INFO - Started process (PID=829) to work on /home/airflow/.local/lib/python3.6/site-packages/airflow/example_dags/example_nested_branch_dag.py
[2024-12-26 15:37:09,317] {scheduler_job.py:633} INFO - Processing file /home/airflow/.local/lib/python3.6/site-packages/airflow/example_dags/example_nested_branch_dag.py for tasks to queue
[2024-12-26 15:37:09,317] {logging_mixin.py:104} INFO - [2024-12-26 15:37:09,317] {dagbag.py:496} INFO - Filling up the DagBag from /home/airflow/.local/lib/python3.6/site-packages/airflow/example_dags/example_nested_branch_dag.py
[2024-12-26 15:37:09,327] {scheduler_job.py:643} INFO - DAG(s) dict_keys(['example_nested_branch_dag']) retrieved from /home/airflow/.local/lib/python3.6/site-packages/airflow/example_dags/example_nested_branch_dag.py
[2024-12-26 15:37:09,345] {logging_mixin.py:104} INFO - [2024-12-26 15:37:09,345] {dag.py:1833} INFO - Sync 1 DAGs
[2024-12-26 15:37:09,359] {logging_mixin.py:104} INFO - [2024-12-26 15:37:09,359] {dag.py:2306} INFO - Setting next_dagrun for example_nested_branch_dag to 2024-12-24 00:00:00+00:00
[2024-12-26 15:37:09,368] {scheduler_job.py:190} INFO - Processing /home/airflow/.local/lib/python3.6/site-packages/airflow/example_dags/example_nested_branch_dag.py took 0.054 seconds
[2024-12-26 15:37:39,818] {scheduler_job.py:182} INFO - Started process (PID=891) to work on /home/airflow/.local/lib/python3.6/site-packages/airflow/example_dags/example_nested_branch_dag.py
[2024-12-26 15:37:39,819] {scheduler_job.py:633} INFO - Processing file /home/airflow/.local/lib/python3.6/site-packages/airflow/example_dags/example_nested_branch_dag.py for tasks to queue
[2024-12-26 15:37:39,820] {logging_mixin.py:104} INFO - [2024-12-26 15:37:39,820] {dagbag.py:496} INFO - Filling up the DagBag from /home/airflow/.local/lib/python3.6/site-packages/airflow/example_dags/example_nested_branch_dag.py
[2024-12-26 15:37:39,828] {scheduler_job.py:643} INFO - DAG(s) dict_keys(['example_nested_branch_dag']) retrieved from /home/airflow/.local/lib/python3.6/site-packages/airflow/example_dags/example_nested_branch_dag.py
[2024-12-26 15:37:39,842] {logging_mixin.py:104} INFO - [2024-12-26 15:37:39,842] {dag.py:1833} INFO - Sync 1 DAGs
[2024-12-26 15:37:39,853] {logging_mixin.py:104} INFO - [2024-12-26 15:37:39,853] {dag.py:2306} INFO - Setting next_dagrun for example_nested_branch_dag to 2024-12-24 00:00:00+00:00
[2024-12-26 15:37:39,861] {scheduler_job.py:190} INFO - Processing /home/airflow/.local/lib/python3.6/site-packages/airflow/example_dags/example_nested_branch_dag.py took 0.045 seconds
[2024-12-26 15:38:10,124] {scheduler_job.py:182} INFO - Started process (PID=953) to work on /home/airflow/.local/lib/python3.6/site-packages/airflow/example_dags/example_nested_branch_dag.py
[2024-12-26 15:38:10,126] {scheduler_job.py:633} INFO - Processing file /home/airflow/.local/lib/python3.6/site-packages/airflow/example_dags/example_nested_branch_dag.py for tasks to queue
[2024-12-26 15:38:10,126] {logging_mixin.py:104} INFO - [2024-12-26 15:38:10,126] {dagbag.py:496} INFO - Filling up the DagBag from /home/airflow/.local/lib/python3.6/site-packages/airflow/example_dags/example_nested_branch_dag.py
[2024-12-26 15:38:10,135] {scheduler_job.py:643} INFO - DAG(s) dict_keys(['example_nested_branch_dag']) retrieved from /home/airflow/.local/lib/python3.6/site-packages/airflow/example_dags/example_nested_branch_dag.py
[2024-12-26 15:38:10,149] {logging_mixin.py:104} INFO - [2024-12-26 15:38:10,149] {dag.py:1833} INFO - Sync 1 DAGs
[2024-12-26 15:38:10,161] {logging_mixin.py:104} INFO - [2024-12-26 15:38:10,161] {dag.py:2306} INFO - Setting next_dagrun for example_nested_branch_dag to 2024-12-24 00:00:00+00:00
[2024-12-26 15:38:10,171] {scheduler_job.py:190} INFO - Processing /home/airflow/.local/lib/python3.6/site-packages/airflow/example_dags/example_nested_branch_dag.py took 0.049 seconds
[2024-12-26 15:38:40,427] {scheduler_job.py:182} INFO - Started process (PID=1015) to work on /home/airflow/.local/lib/python3.6/site-packages/airflow/example_dags/example_nested_branch_dag.py
[2024-12-26 15:38:40,429] {scheduler_job.py:633} INFO - Processing file /home/airflow/.local/lib/python3.6/site-packages/airflow/example_dags/example_nested_branch_dag.py for tasks to queue
[2024-12-26 15:38:40,430] {logging_mixin.py:104} INFO - [2024-12-26 15:38:40,430] {dagbag.py:496} INFO - Filling up the DagBag from /home/airflow/.local/lib/python3.6/site-packages/airflow/example_dags/example_nested_branch_dag.py
[2024-12-26 15:38:40,439] {scheduler_job.py:643} INFO - DAG(s) dict_keys(['example_nested_branch_dag']) retrieved from /home/airflow/.local/lib/python3.6/site-packages/airflow/example_dags/example_nested_branch_dag.py
[2024-12-26 15:38:40,454] {logging_mixin.py:104} INFO - [2024-12-26 15:38:40,454] {dag.py:1833} INFO - Sync 1 DAGs
[2024-12-26 15:38:40,465] {logging_mixin.py:104} INFO - [2024-12-26 15:38:40,465] {dag.py:2306} INFO - Setting next_dagrun for example_nested_branch_dag to 2024-12-24 00:00:00+00:00
[2024-12-26 15:38:40,476] {scheduler_job.py:190} INFO - Processing /home/airflow/.local/lib/python3.6/site-packages/airflow/example_dags/example_nested_branch_dag.py took 0.051 seconds
[2024-12-26 15:39:10,908] {scheduler_job.py:182} INFO - Started process (PID=1067) to work on /home/airflow/.local/lib/python3.6/site-packages/airflow/example_dags/example_nested_branch_dag.py
[2024-12-26 15:39:10,910] {scheduler_job.py:633} INFO - Processing file /home/airflow/.local/lib/python3.6/site-packages/airflow/example_dags/example_nested_branch_dag.py for tasks to queue
[2024-12-26 15:39:10,911] {logging_mixin.py:104} INFO - [2024-12-26 15:39:10,911] {dagbag.py:496} INFO - Filling up the DagBag from /home/airflow/.local/lib/python3.6/site-packages/airflow/example_dags/example_nested_branch_dag.py
[2024-12-26 15:39:10,920] {scheduler_job.py:643} INFO - DAG(s) dict_keys(['example_nested_branch_dag']) retrieved from /home/airflow/.local/lib/python3.6/site-packages/airflow/example_dags/example_nested_branch_dag.py
[2024-12-26 15:39:10,936] {logging_mixin.py:104} INFO - [2024-12-26 15:39:10,936] {dag.py:1833} INFO - Sync 1 DAGs
[2024-12-26 15:39:10,948] {logging_mixin.py:104} INFO - [2024-12-26 15:39:10,948] {dag.py:2306} INFO - Setting next_dagrun for example_nested_branch_dag to 2024-12-24 00:00:00+00:00
[2024-12-26 15:39:10,958] {scheduler_job.py:190} INFO - Processing /home/airflow/.local/lib/python3.6/site-packages/airflow/example_dags/example_nested_branch_dag.py took 0.052 seconds
[2024-12-26 15:40:31,539] {scheduler_job.py:182} INFO - Started process (PID=49) to work on /home/airflow/.local/lib/python3.6/site-packages/airflow/example_dags/example_nested_branch_dag.py
[2024-12-26 15:40:31,541] {scheduler_job.py:633} INFO - Processing file /home/airflow/.local/lib/python3.6/site-packages/airflow/example_dags/example_nested_branch_dag.py for tasks to queue
[2024-12-26 15:40:31,542] {logging_mixin.py:104} INFO - [2024-12-26 15:40:31,542] {dagbag.py:496} INFO - Filling up the DagBag from /home/airflow/.local/lib/python3.6/site-packages/airflow/example_dags/example_nested_branch_dag.py
[2024-12-26 15:40:31,552] {scheduler_job.py:643} INFO - DAG(s) dict_keys(['example_nested_branch_dag']) retrieved from /home/airflow/.local/lib/python3.6/site-packages/airflow/example_dags/example_nested_branch_dag.py
[2024-12-26 15:40:31,568] {logging_mixin.py:104} INFO - [2024-12-26 15:40:31,568] {dag.py:1833} INFO - Sync 1 DAGs
[2024-12-26 15:40:31,579] {logging_mixin.py:104} INFO - [2024-12-26 15:40:31,579] {dag.py:2306} INFO - Setting next_dagrun for example_nested_branch_dag to 2024-12-24 00:00:00+00:00
[2024-12-26 15:40:31,588] {scheduler_job.py:190} INFO - Processing /home/airflow/.local/lib/python3.6/site-packages/airflow/example_dags/example_nested_branch_dag.py took 0.051 seconds
[2024-12-26 15:41:02,289] {scheduler_job.py:182} INFO - Started process (PID=111) to work on /home/airflow/.local/lib/python3.6/site-packages/airflow/example_dags/example_nested_branch_dag.py
[2024-12-26 15:41:02,290] {scheduler_job.py:633} INFO - Processing file /home/airflow/.local/lib/python3.6/site-packages/airflow/example_dags/example_nested_branch_dag.py for tasks to queue
[2024-12-26 15:41:02,291] {logging_mixin.py:104} INFO - [2024-12-26 15:41:02,291] {dagbag.py:496} INFO - Filling up the DagBag from /home/airflow/.local/lib/python3.6/site-packages/airflow/example_dags/example_nested_branch_dag.py
[2024-12-26 15:41:02,300] {scheduler_job.py:643} INFO - DAG(s) dict_keys(['example_nested_branch_dag']) retrieved from /home/airflow/.local/lib/python3.6/site-packages/airflow/example_dags/example_nested_branch_dag.py
[2024-12-26 15:41:02,314] {logging_mixin.py:104} INFO - [2024-12-26 15:41:02,314] {dag.py:1833} INFO - Sync 1 DAGs
[2024-12-26 15:41:02,326] {logging_mixin.py:104} INFO - [2024-12-26 15:41:02,326] {dag.py:2306} INFO - Setting next_dagrun for example_nested_branch_dag to 2024-12-24 00:00:00+00:00
[2024-12-26 15:41:02,337] {scheduler_job.py:190} INFO - Processing /home/airflow/.local/lib/python3.6/site-packages/airflow/example_dags/example_nested_branch_dag.py took 0.050 seconds
[2024-12-26 15:41:33,090] {scheduler_job.py:182} INFO - Started process (PID=170) to work on /home/airflow/.local/lib/python3.6/site-packages/airflow/example_dags/example_nested_branch_dag.py
[2024-12-26 15:41:33,091] {scheduler_job.py:633} INFO - Processing file /home/airflow/.local/lib/python3.6/site-packages/airflow/example_dags/example_nested_branch_dag.py for tasks to queue
[2024-12-26 15:41:33,092] {logging_mixin.py:104} INFO - [2024-12-26 15:41:33,091] {dagbag.py:496} INFO - Filling up the DagBag from /home/airflow/.local/lib/python3.6/site-packages/airflow/example_dags/example_nested_branch_dag.py
[2024-12-26 15:41:33,100] {scheduler_job.py:643} INFO - DAG(s) dict_keys(['example_nested_branch_dag']) retrieved from /home/airflow/.local/lib/python3.6/site-packages/airflow/example_dags/example_nested_branch_dag.py
[2024-12-26 15:41:33,114] {logging_mixin.py:104} INFO - [2024-12-26 15:41:33,114] {dag.py:1833} INFO - Sync 1 DAGs
[2024-12-26 15:41:33,125] {logging_mixin.py:104} INFO - [2024-12-26 15:41:33,125] {dag.py:2306} INFO - Setting next_dagrun for example_nested_branch_dag to 2024-12-24 00:00:00+00:00
[2024-12-26 15:41:33,139] {scheduler_job.py:190} INFO - Processing /home/airflow/.local/lib/python3.6/site-packages/airflow/example_dags/example_nested_branch_dag.py took 0.051 seconds
[2024-12-26 15:42:03,783] {scheduler_job.py:182} INFO - Started process (PID=226) to work on /home/airflow/.local/lib/python3.6/site-packages/airflow/example_dags/example_nested_branch_dag.py
[2024-12-26 15:42:03,784] {scheduler_job.py:633} INFO - Processing file /home/airflow/.local/lib/python3.6/site-packages/airflow/example_dags/example_nested_branch_dag.py for tasks to queue
[2024-12-26 15:42:03,785] {logging_mixin.py:104} INFO - [2024-12-26 15:42:03,785] {dagbag.py:496} INFO - Filling up the DagBag from /home/airflow/.local/lib/python3.6/site-packages/airflow/example_dags/example_nested_branch_dag.py
[2024-12-26 15:42:03,794] {scheduler_job.py:643} INFO - DAG(s) dict_keys(['example_nested_branch_dag']) retrieved from /home/airflow/.local/lib/python3.6/site-packages/airflow/example_dags/example_nested_branch_dag.py
[2024-12-26 15:42:03,809] {logging_mixin.py:104} INFO - [2024-12-26 15:42:03,809] {dag.py:1833} INFO - Sync 1 DAGs
[2024-12-26 15:42:03,820] {logging_mixin.py:104} INFO - [2024-12-26 15:42:03,820] {dag.py:2306} INFO - Setting next_dagrun for example_nested_branch_dag to 2024-12-24 00:00:00+00:00
[2024-12-26 15:42:03,834] {scheduler_job.py:190} INFO - Processing /home/airflow/.local/lib/python3.6/site-packages/airflow/example_dags/example_nested_branch_dag.py took 0.054 seconds
[2024-12-26 15:42:36,791] {scheduler_job.py:182} INFO - Started process (PID=49) to work on /home/airflow/.local/lib/python3.6/site-packages/airflow/example_dags/example_nested_branch_dag.py
[2024-12-26 15:42:36,792] {scheduler_job.py:633} INFO - Processing file /home/airflow/.local/lib/python3.6/site-packages/airflow/example_dags/example_nested_branch_dag.py for tasks to queue
[2024-12-26 15:42:36,792] {logging_mixin.py:104} INFO - [2024-12-26 15:42:36,792] {dagbag.py:496} INFO - Filling up the DagBag from /home/airflow/.local/lib/python3.6/site-packages/airflow/example_dags/example_nested_branch_dag.py
[2024-12-26 15:42:36,804] {scheduler_job.py:643} INFO - DAG(s) dict_keys(['example_nested_branch_dag']) retrieved from /home/airflow/.local/lib/python3.6/site-packages/airflow/example_dags/example_nested_branch_dag.py
[2024-12-26 15:42:36,830] {logging_mixin.py:104} INFO - [2024-12-26 15:42:36,830] {dag.py:1833} INFO - Sync 1 DAGs
[2024-12-26 15:42:36,849] {logging_mixin.py:104} INFO - [2024-12-26 15:42:36,849] {dag.py:2306} INFO - Setting next_dagrun for example_nested_branch_dag to 2024-12-24 00:00:00+00:00
[2024-12-26 15:42:36,861] {scheduler_job.py:190} INFO - Processing /home/airflow/.local/lib/python3.6/site-packages/airflow/example_dags/example_nested_branch_dag.py took 0.076 seconds
[2024-12-26 15:43:07,741] {scheduler_job.py:182} INFO - Started process (PID=111) to work on /home/airflow/.local/lib/python3.6/site-packages/airflow/example_dags/example_nested_branch_dag.py
[2024-12-26 15:43:07,742] {scheduler_job.py:633} INFO - Processing file /home/airflow/.local/lib/python3.6/site-packages/airflow/example_dags/example_nested_branch_dag.py for tasks to queue
[2024-12-26 15:43:07,743] {logging_mixin.py:104} INFO - [2024-12-26 15:43:07,743] {dagbag.py:496} INFO - Filling up the DagBag from /home/airflow/.local/lib/python3.6/site-packages/airflow/example_dags/example_nested_branch_dag.py
[2024-12-26 15:43:07,752] {scheduler_job.py:643} INFO - DAG(s) dict_keys(['example_nested_branch_dag']) retrieved from /home/airflow/.local/lib/python3.6/site-packages/airflow/example_dags/example_nested_branch_dag.py
[2024-12-26 15:43:07,765] {logging_mixin.py:104} INFO - [2024-12-26 15:43:07,765] {dag.py:1833} INFO - Sync 1 DAGs
[2024-12-26 15:43:07,776] {logging_mixin.py:104} INFO - [2024-12-26 15:43:07,776] {dag.py:2306} INFO - Setting next_dagrun for example_nested_branch_dag to 2024-12-24 00:00:00+00:00
[2024-12-26 15:43:07,789] {scheduler_job.py:190} INFO - Processing /home/airflow/.local/lib/python3.6/site-packages/airflow/example_dags/example_nested_branch_dag.py took 0.050 seconds
