[2024-12-26 15:32:32,907] {scheduler_job.py:182} INFO - Started process (PID=137) to work on /home/airflow/.local/lib/python3.6/site-packages/airflow/example_dags/example_python_operator.py
[2024-12-26 15:32:32,908] {scheduler_job.py:633} INFO - Processing file /home/airflow/.local/lib/python3.6/site-packages/airflow/example_dags/example_python_operator.py for tasks to queue
[2024-12-26 15:32:32,909] {logging_mixin.py:104} INFO - [2024-12-26 15:32:32,909] {dagbag.py:496} INFO - Filling up the DagBag from /home/airflow/.local/lib/python3.6/site-packages/airflow/example_dags/example_python_operator.py
[2024-12-26 15:32:32,919] {scheduler_job.py:643} INFO - DAG(s) dict_keys(['example_python_operator']) retrieved from /home/airflow/.local/lib/python3.6/site-packages/airflow/example_dags/example_python_operator.py
[2024-12-26 15:32:34,345] {logging_mixin.py:104} INFO - [2024-12-26 15:32:34,345] {dag.py:1833} INFO - Sync 1 DAGs
[2024-12-26 15:32:34,352] {logging_mixin.py:104} INFO - [2024-12-26 15:32:34,351] {dag.py:1852} INFO - Creating ORM DAG for example_python_operator
[2024-12-26 15:32:34,355] {logging_mixin.py:104} INFO - [2024-12-26 15:32:34,355] {dag.py:2306} INFO - Setting next_dagrun for example_python_operator to None
[2024-12-26 15:32:34,366] {scheduler_job.py:190} INFO - Processing /home/airflow/.local/lib/python3.6/site-packages/airflow/example_dags/example_python_operator.py took 1.461 seconds
[2024-12-26 15:33:04,716] {scheduler_job.py:182} INFO - Started process (PID=359) to work on /home/airflow/.local/lib/python3.6/site-packages/airflow/example_dags/example_python_operator.py
[2024-12-26 15:33:04,718] {scheduler_job.py:633} INFO - Processing file /home/airflow/.local/lib/python3.6/site-packages/airflow/example_dags/example_python_operator.py for tasks to queue
[2024-12-26 15:33:04,719] {logging_mixin.py:104} INFO - [2024-12-26 15:33:04,718] {dagbag.py:496} INFO - Filling up the DagBag from /home/airflow/.local/lib/python3.6/site-packages/airflow/example_dags/example_python_operator.py
[2024-12-26 15:33:04,728] {scheduler_job.py:643} INFO - DAG(s) dict_keys(['example_python_operator']) retrieved from /home/airflow/.local/lib/python3.6/site-packages/airflow/example_dags/example_python_operator.py
[2024-12-26 15:33:04,743] {logging_mixin.py:104} INFO - [2024-12-26 15:33:04,743] {dag.py:1833} INFO - Sync 1 DAGs
[2024-12-26 15:33:04,754] {logging_mixin.py:104} INFO - [2024-12-26 15:33:04,754] {dag.py:2306} INFO - Setting next_dagrun for example_python_operator to None
[2024-12-26 15:33:04,765] {scheduler_job.py:190} INFO - Processing /home/airflow/.local/lib/python3.6/site-packages/airflow/example_dags/example_python_operator.py took 0.050 seconds
[2024-12-26 15:33:35,271] {scheduler_job.py:182} INFO - Started process (PID=411) to work on /home/airflow/.local/lib/python3.6/site-packages/airflow/example_dags/example_python_operator.py
[2024-12-26 15:33:35,275] {scheduler_job.py:633} INFO - Processing file /home/airflow/.local/lib/python3.6/site-packages/airflow/example_dags/example_python_operator.py for tasks to queue
[2024-12-26 15:33:35,282] {logging_mixin.py:104} INFO - [2024-12-26 15:33:35,282] {dagbag.py:496} INFO - Filling up the DagBag from /home/airflow/.local/lib/python3.6/site-packages/airflow/example_dags/example_python_operator.py
[2024-12-26 15:33:35,296] {scheduler_job.py:643} INFO - DAG(s) dict_keys(['example_python_operator']) retrieved from /home/airflow/.local/lib/python3.6/site-packages/airflow/example_dags/example_python_operator.py
[2024-12-26 15:33:35,321] {logging_mixin.py:104} INFO - [2024-12-26 15:33:35,321] {dag.py:1833} INFO - Sync 1 DAGs
[2024-12-26 15:33:35,339] {logging_mixin.py:104} INFO - [2024-12-26 15:33:35,339] {dag.py:2306} INFO - Setting next_dagrun for example_python_operator to None
[2024-12-26 15:33:35,355] {scheduler_job.py:190} INFO - Processing /home/airflow/.local/lib/python3.6/site-packages/airflow/example_dags/example_python_operator.py took 0.087 seconds
[2024-12-26 15:34:05,545] {scheduler_job.py:182} INFO - Started process (PID=473) to work on /home/airflow/.local/lib/python3.6/site-packages/airflow/example_dags/example_python_operator.py
[2024-12-26 15:34:05,548] {scheduler_job.py:633} INFO - Processing file /home/airflow/.local/lib/python3.6/site-packages/airflow/example_dags/example_python_operator.py for tasks to queue
[2024-12-26 15:34:05,550] {logging_mixin.py:104} INFO - [2024-12-26 15:34:05,550] {dagbag.py:496} INFO - Filling up the DagBag from /home/airflow/.local/lib/python3.6/site-packages/airflow/example_dags/example_python_operator.py
[2024-12-26 15:34:05,562] {scheduler_job.py:643} INFO - DAG(s) dict_keys(['example_python_operator']) retrieved from /home/airflow/.local/lib/python3.6/site-packages/airflow/example_dags/example_python_operator.py
[2024-12-26 15:34:05,580] {logging_mixin.py:104} INFO - [2024-12-26 15:34:05,580] {dag.py:1833} INFO - Sync 1 DAGs
[2024-12-26 15:34:05,593] {logging_mixin.py:104} INFO - [2024-12-26 15:34:05,593] {dag.py:2306} INFO - Setting next_dagrun for example_python_operator to None
[2024-12-26 15:34:05,611] {scheduler_job.py:190} INFO - Processing /home/airflow/.local/lib/python3.6/site-packages/airflow/example_dags/example_python_operator.py took 0.068 seconds
[2024-12-26 15:34:35,698] {scheduler_job.py:182} INFO - Started process (PID=535) to work on /home/airflow/.local/lib/python3.6/site-packages/airflow/example_dags/example_python_operator.py
[2024-12-26 15:34:35,700] {scheduler_job.py:633} INFO - Processing file /home/airflow/.local/lib/python3.6/site-packages/airflow/example_dags/example_python_operator.py for tasks to queue
[2024-12-26 15:34:35,702] {logging_mixin.py:104} INFO - [2024-12-26 15:34:35,702] {dagbag.py:496} INFO - Filling up the DagBag from /home/airflow/.local/lib/python3.6/site-packages/airflow/example_dags/example_python_operator.py
[2024-12-26 15:34:35,711] {scheduler_job.py:643} INFO - DAG(s) dict_keys(['example_python_operator']) retrieved from /home/airflow/.local/lib/python3.6/site-packages/airflow/example_dags/example_python_operator.py
[2024-12-26 15:34:35,727] {logging_mixin.py:104} INFO - [2024-12-26 15:34:35,727] {dag.py:1833} INFO - Sync 1 DAGs
[2024-12-26 15:34:35,738] {logging_mixin.py:104} INFO - [2024-12-26 15:34:35,738] {dag.py:2306} INFO - Setting next_dagrun for example_python_operator to None
[2024-12-26 15:34:35,748] {scheduler_job.py:190} INFO - Processing /home/airflow/.local/lib/python3.6/site-packages/airflow/example_dags/example_python_operator.py took 0.051 seconds
[2024-12-26 15:35:05,923] {scheduler_job.py:182} INFO - Started process (PID=587) to work on /home/airflow/.local/lib/python3.6/site-packages/airflow/example_dags/example_python_operator.py
[2024-12-26 15:35:05,924] {scheduler_job.py:633} INFO - Processing file /home/airflow/.local/lib/python3.6/site-packages/airflow/example_dags/example_python_operator.py for tasks to queue
[2024-12-26 15:35:05,925] {logging_mixin.py:104} INFO - [2024-12-26 15:35:05,924] {dagbag.py:496} INFO - Filling up the DagBag from /home/airflow/.local/lib/python3.6/site-packages/airflow/example_dags/example_python_operator.py
[2024-12-26 15:35:05,932] {scheduler_job.py:643} INFO - DAG(s) dict_keys(['example_python_operator']) retrieved from /home/airflow/.local/lib/python3.6/site-packages/airflow/example_dags/example_python_operator.py
[2024-12-26 15:35:05,945] {logging_mixin.py:104} INFO - [2024-12-26 15:35:05,945] {dag.py:1833} INFO - Sync 1 DAGs
[2024-12-26 15:35:05,954] {logging_mixin.py:104} INFO - [2024-12-26 15:35:05,954] {dag.py:2306} INFO - Setting next_dagrun for example_python_operator to None
[2024-12-26 15:35:05,967] {scheduler_job.py:190} INFO - Processing /home/airflow/.local/lib/python3.6/site-packages/airflow/example_dags/example_python_operator.py took 0.046 seconds
[2024-12-26 15:35:36,140] {scheduler_job.py:182} INFO - Started process (PID=649) to work on /home/airflow/.local/lib/python3.6/site-packages/airflow/example_dags/example_python_operator.py
[2024-12-26 15:35:36,141] {scheduler_job.py:633} INFO - Processing file /home/airflow/.local/lib/python3.6/site-packages/airflow/example_dags/example_python_operator.py for tasks to queue
[2024-12-26 15:35:36,142] {logging_mixin.py:104} INFO - [2024-12-26 15:35:36,142] {dagbag.py:496} INFO - Filling up the DagBag from /home/airflow/.local/lib/python3.6/site-packages/airflow/example_dags/example_python_operator.py
[2024-12-26 15:35:36,151] {scheduler_job.py:643} INFO - DAG(s) dict_keys(['example_python_operator']) retrieved from /home/airflow/.local/lib/python3.6/site-packages/airflow/example_dags/example_python_operator.py
[2024-12-26 15:35:36,165] {logging_mixin.py:104} INFO - [2024-12-26 15:35:36,165] {dag.py:1833} INFO - Sync 1 DAGs
[2024-12-26 15:35:36,176] {logging_mixin.py:104} INFO - [2024-12-26 15:35:36,176] {dag.py:2306} INFO - Setting next_dagrun for example_python_operator to None
[2024-12-26 15:35:36,186] {scheduler_job.py:190} INFO - Processing /home/airflow/.local/lib/python3.6/site-packages/airflow/example_dags/example_python_operator.py took 0.048 seconds
[2024-12-26 15:36:06,322] {scheduler_job.py:182} INFO - Started process (PID=712) to work on /home/airflow/.local/lib/python3.6/site-packages/airflow/example_dags/example_python_operator.py
[2024-12-26 15:36:06,324] {scheduler_job.py:633} INFO - Processing file /home/airflow/.local/lib/python3.6/site-packages/airflow/example_dags/example_python_operator.py for tasks to queue
[2024-12-26 15:36:06,325] {logging_mixin.py:104} INFO - [2024-12-26 15:36:06,325] {dagbag.py:496} INFO - Filling up the DagBag from /home/airflow/.local/lib/python3.6/site-packages/airflow/example_dags/example_python_operator.py
[2024-12-26 15:36:06,333] {scheduler_job.py:643} INFO - DAG(s) dict_keys(['example_python_operator']) retrieved from /home/airflow/.local/lib/python3.6/site-packages/airflow/example_dags/example_python_operator.py
[2024-12-26 15:36:06,349] {logging_mixin.py:104} INFO - [2024-12-26 15:36:06,348] {dag.py:1833} INFO - Sync 1 DAGs
[2024-12-26 15:36:06,359] {logging_mixin.py:104} INFO - [2024-12-26 15:36:06,358] {dag.py:2306} INFO - Setting next_dagrun for example_python_operator to None
[2024-12-26 15:36:06,367] {scheduler_job.py:190} INFO - Processing /home/airflow/.local/lib/python3.6/site-packages/airflow/example_dags/example_python_operator.py took 0.046 seconds
[2024-12-26 15:36:36,624] {scheduler_job.py:182} INFO - Started process (PID=775) to work on /home/airflow/.local/lib/python3.6/site-packages/airflow/example_dags/example_python_operator.py
[2024-12-26 15:36:36,625] {scheduler_job.py:633} INFO - Processing file /home/airflow/.local/lib/python3.6/site-packages/airflow/example_dags/example_python_operator.py for tasks to queue
[2024-12-26 15:36:36,626] {logging_mixin.py:104} INFO - [2024-12-26 15:36:36,626] {dagbag.py:496} INFO - Filling up the DagBag from /home/airflow/.local/lib/python3.6/site-packages/airflow/example_dags/example_python_operator.py
[2024-12-26 15:36:36,635] {scheduler_job.py:643} INFO - DAG(s) dict_keys(['example_python_operator']) retrieved from /home/airflow/.local/lib/python3.6/site-packages/airflow/example_dags/example_python_operator.py
[2024-12-26 15:36:36,650] {logging_mixin.py:104} INFO - [2024-12-26 15:36:36,650] {dag.py:1833} INFO - Sync 1 DAGs
[2024-12-26 15:36:36,660] {logging_mixin.py:104} INFO - [2024-12-26 15:36:36,660] {dag.py:2306} INFO - Setting next_dagrun for example_python_operator to None
[2024-12-26 15:36:36,671] {scheduler_job.py:190} INFO - Processing /home/airflow/.local/lib/python3.6/site-packages/airflow/example_dags/example_python_operator.py took 0.049 seconds
[2024-12-26 15:37:07,180] {scheduler_job.py:182} INFO - Started process (PID=827) to work on /home/airflow/.local/lib/python3.6/site-packages/airflow/example_dags/example_python_operator.py
[2024-12-26 15:37:07,181] {scheduler_job.py:633} INFO - Processing file /home/airflow/.local/lib/python3.6/site-packages/airflow/example_dags/example_python_operator.py for tasks to queue
[2024-12-26 15:37:07,182] {logging_mixin.py:104} INFO - [2024-12-26 15:37:07,182] {dagbag.py:496} INFO - Filling up the DagBag from /home/airflow/.local/lib/python3.6/site-packages/airflow/example_dags/example_python_operator.py
[2024-12-26 15:37:07,190] {scheduler_job.py:643} INFO - DAG(s) dict_keys(['example_python_operator']) retrieved from /home/airflow/.local/lib/python3.6/site-packages/airflow/example_dags/example_python_operator.py
[2024-12-26 15:37:07,206] {logging_mixin.py:104} INFO - [2024-12-26 15:37:07,206] {dag.py:1833} INFO - Sync 1 DAGs
[2024-12-26 15:37:07,216] {logging_mixin.py:104} INFO - [2024-12-26 15:37:07,216] {dag.py:2306} INFO - Setting next_dagrun for example_python_operator to None
[2024-12-26 15:37:07,224] {scheduler_job.py:190} INFO - Processing /home/airflow/.local/lib/python3.6/site-packages/airflow/example_dags/example_python_operator.py took 0.046 seconds
[2024-12-26 15:37:37,671] {scheduler_job.py:182} INFO - Started process (PID=889) to work on /home/airflow/.local/lib/python3.6/site-packages/airflow/example_dags/example_python_operator.py
[2024-12-26 15:37:37,673] {scheduler_job.py:633} INFO - Processing file /home/airflow/.local/lib/python3.6/site-packages/airflow/example_dags/example_python_operator.py for tasks to queue
[2024-12-26 15:37:37,674] {logging_mixin.py:104} INFO - [2024-12-26 15:37:37,674] {dagbag.py:496} INFO - Filling up the DagBag from /home/airflow/.local/lib/python3.6/site-packages/airflow/example_dags/example_python_operator.py
[2024-12-26 15:37:37,681] {scheduler_job.py:643} INFO - DAG(s) dict_keys(['example_python_operator']) retrieved from /home/airflow/.local/lib/python3.6/site-packages/airflow/example_dags/example_python_operator.py
[2024-12-26 15:37:37,696] {logging_mixin.py:104} INFO - [2024-12-26 15:37:37,696] {dag.py:1833} INFO - Sync 1 DAGs
[2024-12-26 15:37:37,706] {logging_mixin.py:104} INFO - [2024-12-26 15:37:37,706] {dag.py:2306} INFO - Setting next_dagrun for example_python_operator to None
[2024-12-26 15:37:37,714] {scheduler_job.py:190} INFO - Processing /home/airflow/.local/lib/python3.6/site-packages/airflow/example_dags/example_python_operator.py took 0.044 seconds
[2024-12-26 15:38:07,962] {scheduler_job.py:182} INFO - Started process (PID=951) to work on /home/airflow/.local/lib/python3.6/site-packages/airflow/example_dags/example_python_operator.py
[2024-12-26 15:38:07,963] {scheduler_job.py:633} INFO - Processing file /home/airflow/.local/lib/python3.6/site-packages/airflow/example_dags/example_python_operator.py for tasks to queue
[2024-12-26 15:38:07,964] {logging_mixin.py:104} INFO - [2024-12-26 15:38:07,964] {dagbag.py:496} INFO - Filling up the DagBag from /home/airflow/.local/lib/python3.6/site-packages/airflow/example_dags/example_python_operator.py
[2024-12-26 15:38:07,973] {scheduler_job.py:643} INFO - DAG(s) dict_keys(['example_python_operator']) retrieved from /home/airflow/.local/lib/python3.6/site-packages/airflow/example_dags/example_python_operator.py
[2024-12-26 15:38:07,990] {logging_mixin.py:104} INFO - [2024-12-26 15:38:07,990] {dag.py:1833} INFO - Sync 1 DAGs
[2024-12-26 15:38:08,000] {logging_mixin.py:104} INFO - [2024-12-26 15:38:08,000] {dag.py:2306} INFO - Setting next_dagrun for example_python_operator to None
[2024-12-26 15:38:08,014] {scheduler_job.py:190} INFO - Processing /home/airflow/.local/lib/python3.6/site-packages/airflow/example_dags/example_python_operator.py took 0.054 seconds
[2024-12-26 15:38:38,274] {scheduler_job.py:182} INFO - Started process (PID=1003) to work on /home/airflow/.local/lib/python3.6/site-packages/airflow/example_dags/example_python_operator.py
[2024-12-26 15:38:38,275] {scheduler_job.py:633} INFO - Processing file /home/airflow/.local/lib/python3.6/site-packages/airflow/example_dags/example_python_operator.py for tasks to queue
[2024-12-26 15:38:38,276] {logging_mixin.py:104} INFO - [2024-12-26 15:38:38,276] {dagbag.py:496} INFO - Filling up the DagBag from /home/airflow/.local/lib/python3.6/site-packages/airflow/example_dags/example_python_operator.py
[2024-12-26 15:38:38,283] {scheduler_job.py:643} INFO - DAG(s) dict_keys(['example_python_operator']) retrieved from /home/airflow/.local/lib/python3.6/site-packages/airflow/example_dags/example_python_operator.py
[2024-12-26 15:38:38,299] {logging_mixin.py:104} INFO - [2024-12-26 15:38:38,299] {dag.py:1833} INFO - Sync 1 DAGs
[2024-12-26 15:38:38,309] {logging_mixin.py:104} INFO - [2024-12-26 15:38:38,309] {dag.py:2306} INFO - Setting next_dagrun for example_python_operator to None
[2024-12-26 15:38:38,321] {scheduler_job.py:190} INFO - Processing /home/airflow/.local/lib/python3.6/site-packages/airflow/example_dags/example_python_operator.py took 0.049 seconds
[2024-12-26 15:39:08,756] {scheduler_job.py:182} INFO - Started process (PID=1065) to work on /home/airflow/.local/lib/python3.6/site-packages/airflow/example_dags/example_python_operator.py
[2024-12-26 15:39:08,757] {scheduler_job.py:633} INFO - Processing file /home/airflow/.local/lib/python3.6/site-packages/airflow/example_dags/example_python_operator.py for tasks to queue
[2024-12-26 15:39:08,758] {logging_mixin.py:104} INFO - [2024-12-26 15:39:08,758] {dagbag.py:496} INFO - Filling up the DagBag from /home/airflow/.local/lib/python3.6/site-packages/airflow/example_dags/example_python_operator.py
[2024-12-26 15:39:08,769] {scheduler_job.py:643} INFO - DAG(s) dict_keys(['example_python_operator']) retrieved from /home/airflow/.local/lib/python3.6/site-packages/airflow/example_dags/example_python_operator.py
[2024-12-26 15:39:08,785] {logging_mixin.py:104} INFO - [2024-12-26 15:39:08,785] {dag.py:1833} INFO - Sync 1 DAGs
[2024-12-26 15:39:08,796] {logging_mixin.py:104} INFO - [2024-12-26 15:39:08,796] {dag.py:2306} INFO - Setting next_dagrun for example_python_operator to None
[2024-12-26 15:39:08,804] {scheduler_job.py:190} INFO - Processing /home/airflow/.local/lib/python3.6/site-packages/airflow/example_dags/example_python_operator.py took 0.050 seconds
[2024-12-26 15:40:31,465] {scheduler_job.py:182} INFO - Started process (PID=47) to work on /home/airflow/.local/lib/python3.6/site-packages/airflow/example_dags/example_python_operator.py
[2024-12-26 15:40:31,473] {scheduler_job.py:633} INFO - Processing file /home/airflow/.local/lib/python3.6/site-packages/airflow/example_dags/example_python_operator.py for tasks to queue
[2024-12-26 15:40:31,474] {logging_mixin.py:104} INFO - [2024-12-26 15:40:31,474] {dagbag.py:496} INFO - Filling up the DagBag from /home/airflow/.local/lib/python3.6/site-packages/airflow/example_dags/example_python_operator.py
[2024-12-26 15:40:31,483] {scheduler_job.py:643} INFO - DAG(s) dict_keys(['example_python_operator']) retrieved from /home/airflow/.local/lib/python3.6/site-packages/airflow/example_dags/example_python_operator.py
[2024-12-26 15:40:31,502] {logging_mixin.py:104} INFO - [2024-12-26 15:40:31,502] {dag.py:1833} INFO - Sync 1 DAGs
[2024-12-26 15:40:31,512] {logging_mixin.py:104} INFO - [2024-12-26 15:40:31,512] {dag.py:2306} INFO - Setting next_dagrun for example_python_operator to None
[2024-12-26 15:40:31,523] {scheduler_job.py:190} INFO - Processing /home/airflow/.local/lib/python3.6/site-packages/airflow/example_dags/example_python_operator.py took 0.060 seconds
[2024-12-26 15:41:02,218] {scheduler_job.py:182} INFO - Started process (PID=109) to work on /home/airflow/.local/lib/python3.6/site-packages/airflow/example_dags/example_python_operator.py
[2024-12-26 15:41:02,219] {scheduler_job.py:633} INFO - Processing file /home/airflow/.local/lib/python3.6/site-packages/airflow/example_dags/example_python_operator.py for tasks to queue
[2024-12-26 15:41:02,220] {logging_mixin.py:104} INFO - [2024-12-26 15:41:02,220] {dagbag.py:496} INFO - Filling up the DagBag from /home/airflow/.local/lib/python3.6/site-packages/airflow/example_dags/example_python_operator.py
[2024-12-26 15:41:02,228] {scheduler_job.py:643} INFO - DAG(s) dict_keys(['example_python_operator']) retrieved from /home/airflow/.local/lib/python3.6/site-packages/airflow/example_dags/example_python_operator.py
[2024-12-26 15:41:02,243] {logging_mixin.py:104} INFO - [2024-12-26 15:41:02,243] {dag.py:1833} INFO - Sync 1 DAGs
[2024-12-26 15:41:02,254] {logging_mixin.py:104} INFO - [2024-12-26 15:41:02,253] {dag.py:2306} INFO - Setting next_dagrun for example_python_operator to None
[2024-12-26 15:41:02,265] {scheduler_job.py:190} INFO - Processing /home/airflow/.local/lib/python3.6/site-packages/airflow/example_dags/example_python_operator.py took 0.049 seconds
[2024-12-26 15:41:32,942] {scheduler_job.py:182} INFO - Started process (PID=161) to work on /home/airflow/.local/lib/python3.6/site-packages/airflow/example_dags/example_python_operator.py
[2024-12-26 15:41:32,944] {scheduler_job.py:633} INFO - Processing file /home/airflow/.local/lib/python3.6/site-packages/airflow/example_dags/example_python_operator.py for tasks to queue
[2024-12-26 15:41:32,944] {logging_mixin.py:104} INFO - [2024-12-26 15:41:32,944] {dagbag.py:496} INFO - Filling up the DagBag from /home/airflow/.local/lib/python3.6/site-packages/airflow/example_dags/example_python_operator.py
[2024-12-26 15:41:32,953] {scheduler_job.py:643} INFO - DAG(s) dict_keys(['example_python_operator']) retrieved from /home/airflow/.local/lib/python3.6/site-packages/airflow/example_dags/example_python_operator.py
[2024-12-26 15:41:32,968] {logging_mixin.py:104} INFO - [2024-12-26 15:41:32,968] {dag.py:1833} INFO - Sync 1 DAGs
[2024-12-26 15:41:32,978] {logging_mixin.py:104} INFO - [2024-12-26 15:41:32,977] {dag.py:2306} INFO - Setting next_dagrun for example_python_operator to None
[2024-12-26 15:41:32,990] {scheduler_job.py:190} INFO - Processing /home/airflow/.local/lib/python3.6/site-packages/airflow/example_dags/example_python_operator.py took 0.050 seconds
[2024-12-26 15:42:03,618] {scheduler_job.py:182} INFO - Started process (PID=224) to work on /home/airflow/.local/lib/python3.6/site-packages/airflow/example_dags/example_python_operator.py
[2024-12-26 15:42:03,619] {scheduler_job.py:633} INFO - Processing file /home/airflow/.local/lib/python3.6/site-packages/airflow/example_dags/example_python_operator.py for tasks to queue
[2024-12-26 15:42:03,620] {logging_mixin.py:104} INFO - [2024-12-26 15:42:03,620] {dagbag.py:496} INFO - Filling up the DagBag from /home/airflow/.local/lib/python3.6/site-packages/airflow/example_dags/example_python_operator.py
[2024-12-26 15:42:03,628] {scheduler_job.py:643} INFO - DAG(s) dict_keys(['example_python_operator']) retrieved from /home/airflow/.local/lib/python3.6/site-packages/airflow/example_dags/example_python_operator.py
[2024-12-26 15:42:03,642] {logging_mixin.py:104} INFO - [2024-12-26 15:42:03,642] {dag.py:1833} INFO - Sync 1 DAGs
[2024-12-26 15:42:03,651] {logging_mixin.py:104} INFO - [2024-12-26 15:42:03,651] {dag.py:2306} INFO - Setting next_dagrun for example_python_operator to None
[2024-12-26 15:42:03,660] {scheduler_job.py:190} INFO - Processing /home/airflow/.local/lib/python3.6/site-packages/airflow/example_dags/example_python_operator.py took 0.045 seconds
[2024-12-26 15:42:36,685] {scheduler_job.py:182} INFO - Started process (PID=47) to work on /home/airflow/.local/lib/python3.6/site-packages/airflow/example_dags/example_python_operator.py
[2024-12-26 15:42:36,686] {scheduler_job.py:633} INFO - Processing file /home/airflow/.local/lib/python3.6/site-packages/airflow/example_dags/example_python_operator.py for tasks to queue
[2024-12-26 15:42:36,687] {logging_mixin.py:104} INFO - [2024-12-26 15:42:36,687] {dagbag.py:496} INFO - Filling up the DagBag from /home/airflow/.local/lib/python3.6/site-packages/airflow/example_dags/example_python_operator.py
[2024-12-26 15:42:36,699] {scheduler_job.py:643} INFO - DAG(s) dict_keys(['example_python_operator']) retrieved from /home/airflow/.local/lib/python3.6/site-packages/airflow/example_dags/example_python_operator.py
[2024-12-26 15:42:36,725] {logging_mixin.py:104} INFO - [2024-12-26 15:42:36,724] {dag.py:1833} INFO - Sync 1 DAGs
[2024-12-26 15:42:36,745] {logging_mixin.py:104} INFO - [2024-12-26 15:42:36,745] {dag.py:2306} INFO - Setting next_dagrun for example_python_operator to None
[2024-12-26 15:42:36,757] {scheduler_job.py:190} INFO - Processing /home/airflow/.local/lib/python3.6/site-packages/airflow/example_dags/example_python_operator.py took 0.076 seconds
[2024-12-26 15:43:07,588] {scheduler_job.py:182} INFO - Started process (PID=109) to work on /home/airflow/.local/lib/python3.6/site-packages/airflow/example_dags/example_python_operator.py
[2024-12-26 15:43:07,589] {scheduler_job.py:633} INFO - Processing file /home/airflow/.local/lib/python3.6/site-packages/airflow/example_dags/example_python_operator.py for tasks to queue
[2024-12-26 15:43:07,590] {logging_mixin.py:104} INFO - [2024-12-26 15:43:07,590] {dagbag.py:496} INFO - Filling up the DagBag from /home/airflow/.local/lib/python3.6/site-packages/airflow/example_dags/example_python_operator.py
[2024-12-26 15:43:07,598] {scheduler_job.py:643} INFO - DAG(s) dict_keys(['example_python_operator']) retrieved from /home/airflow/.local/lib/python3.6/site-packages/airflow/example_dags/example_python_operator.py
[2024-12-26 15:43:07,611] {logging_mixin.py:104} INFO - [2024-12-26 15:43:07,611] {dag.py:1833} INFO - Sync 1 DAGs
[2024-12-26 15:43:07,620] {logging_mixin.py:104} INFO - [2024-12-26 15:43:07,620] {dag.py:2306} INFO - Setting next_dagrun for example_python_operator to None
[2024-12-26 15:43:07,633] {scheduler_job.py:190} INFO - Processing /home/airflow/.local/lib/python3.6/site-packages/airflow/example_dags/example_python_operator.py took 0.047 seconds
