[2024-12-26 15:32:45,203] {scheduler_job.py:182} INFO - Started process (PID=291) to work on /home/airflow/.local/lib/python3.6/site-packages/airflow/example_dags/example_external_task_marker_dag.py
[2024-12-26 15:32:45,205] {scheduler_job.py:633} INFO - Processing file /home/airflow/.local/lib/python3.6/site-packages/airflow/example_dags/example_external_task_marker_dag.py for tasks to queue
[2024-12-26 15:32:45,206] {logging_mixin.py:104} INFO - [2024-12-26 15:32:45,205] {dagbag.py:496} INFO - Filling up the DagBag from /home/airflow/.local/lib/python3.6/site-packages/airflow/example_dags/example_external_task_marker_dag.py
[2024-12-26 15:32:45,214] {scheduler_job.py:643} INFO - DAG(s) dict_keys(['example_external_task_marker_parent', 'example_external_task_marker_child']) retrieved from /home/airflow/.local/lib/python3.6/site-packages/airflow/example_dags/example_external_task_marker_dag.py
[2024-12-26 15:32:46,628] {logging_mixin.py:104} INFO - [2024-12-26 15:32:46,628] {dag.py:1833} INFO - Sync 2 DAGs
[2024-12-26 15:32:46,635] {logging_mixin.py:104} INFO - [2024-12-26 15:32:46,635] {dag.py:1852} INFO - Creating ORM DAG for example_external_task_marker_child
[2024-12-26 15:32:46,636] {logging_mixin.py:104} INFO - [2024-12-26 15:32:46,636] {dag.py:1852} INFO - Creating ORM DAG for example_external_task_marker_parent
[2024-12-26 15:32:46,640] {logging_mixin.py:104} INFO - [2024-12-26 15:32:46,640] {dag.py:2306} INFO - Setting next_dagrun for example_external_task_marker_child to None
[2024-12-26 15:32:46,641] {logging_mixin.py:104} INFO - [2024-12-26 15:32:46,641] {dag.py:2306} INFO - Setting next_dagrun for example_external_task_marker_parent to None
[2024-12-26 15:32:46,652] {scheduler_job.py:190} INFO - Processing /home/airflow/.local/lib/python3.6/site-packages/airflow/example_dags/example_external_task_marker_dag.py took 1.451 seconds
[2024-12-26 15:33:17,459] {scheduler_job.py:182} INFO - Started process (PID=385) to work on /home/airflow/.local/lib/python3.6/site-packages/airflow/example_dags/example_external_task_marker_dag.py
[2024-12-26 15:33:17,460] {scheduler_job.py:633} INFO - Processing file /home/airflow/.local/lib/python3.6/site-packages/airflow/example_dags/example_external_task_marker_dag.py for tasks to queue
[2024-12-26 15:33:17,461] {logging_mixin.py:104} INFO - [2024-12-26 15:33:17,461] {dagbag.py:496} INFO - Filling up the DagBag from /home/airflow/.local/lib/python3.6/site-packages/airflow/example_dags/example_external_task_marker_dag.py
[2024-12-26 15:33:17,468] {scheduler_job.py:643} INFO - DAG(s) dict_keys(['example_external_task_marker_parent', 'example_external_task_marker_child']) retrieved from /home/airflow/.local/lib/python3.6/site-packages/airflow/example_dags/example_external_task_marker_dag.py
[2024-12-26 15:33:17,484] {logging_mixin.py:104} INFO - [2024-12-26 15:33:17,484] {dag.py:1833} INFO - Sync 2 DAGs
[2024-12-26 15:33:17,494] {logging_mixin.py:104} INFO - [2024-12-26 15:33:17,494] {dag.py:2306} INFO - Setting next_dagrun for example_external_task_marker_child to None
[2024-12-26 15:33:17,495] {logging_mixin.py:104} INFO - [2024-12-26 15:33:17,495] {dag.py:2306} INFO - Setting next_dagrun for example_external_task_marker_parent to None
[2024-12-26 15:33:17,504] {scheduler_job.py:190} INFO - Processing /home/airflow/.local/lib/python3.6/site-packages/airflow/example_dags/example_external_task_marker_dag.py took 0.047 seconds
[2024-12-26 15:33:47,641] {scheduler_job.py:182} INFO - Started process (PID=447) to work on /home/airflow/.local/lib/python3.6/site-packages/airflow/example_dags/example_external_task_marker_dag.py
[2024-12-26 15:33:47,642] {scheduler_job.py:633} INFO - Processing file /home/airflow/.local/lib/python3.6/site-packages/airflow/example_dags/example_external_task_marker_dag.py for tasks to queue
[2024-12-26 15:33:47,643] {logging_mixin.py:104} INFO - [2024-12-26 15:33:47,643] {dagbag.py:496} INFO - Filling up the DagBag from /home/airflow/.local/lib/python3.6/site-packages/airflow/example_dags/example_external_task_marker_dag.py
[2024-12-26 15:33:47,650] {scheduler_job.py:643} INFO - DAG(s) dict_keys(['example_external_task_marker_parent', 'example_external_task_marker_child']) retrieved from /home/airflow/.local/lib/python3.6/site-packages/airflow/example_dags/example_external_task_marker_dag.py
[2024-12-26 15:33:47,782] {logging_mixin.py:104} INFO - [2024-12-26 15:33:47,781] {dag.py:1833} INFO - Sync 2 DAGs
[2024-12-26 15:33:47,790] {logging_mixin.py:104} INFO - [2024-12-26 15:33:47,790] {dag.py:2306} INFO - Setting next_dagrun for example_external_task_marker_child to None
[2024-12-26 15:33:47,792] {logging_mixin.py:104} INFO - [2024-12-26 15:33:47,792] {dag.py:2306} INFO - Setting next_dagrun for example_external_task_marker_parent to None
[2024-12-26 15:33:47,803] {scheduler_job.py:190} INFO - Processing /home/airflow/.local/lib/python3.6/site-packages/airflow/example_dags/example_external_task_marker_dag.py took 0.164 seconds
[2024-12-26 15:34:17,925] {scheduler_job.py:182} INFO - Started process (PID=499) to work on /home/airflow/.local/lib/python3.6/site-packages/airflow/example_dags/example_external_task_marker_dag.py
[2024-12-26 15:34:17,926] {scheduler_job.py:633} INFO - Processing file /home/airflow/.local/lib/python3.6/site-packages/airflow/example_dags/example_external_task_marker_dag.py for tasks to queue
[2024-12-26 15:34:17,928] {logging_mixin.py:104} INFO - [2024-12-26 15:34:17,927] {dagbag.py:496} INFO - Filling up the DagBag from /home/airflow/.local/lib/python3.6/site-packages/airflow/example_dags/example_external_task_marker_dag.py
[2024-12-26 15:34:17,935] {scheduler_job.py:643} INFO - DAG(s) dict_keys(['example_external_task_marker_parent', 'example_external_task_marker_child']) retrieved from /home/airflow/.local/lib/python3.6/site-packages/airflow/example_dags/example_external_task_marker_dag.py
[2024-12-26 15:34:18,063] {logging_mixin.py:104} INFO - [2024-12-26 15:34:18,063] {dag.py:1833} INFO - Sync 2 DAGs
[2024-12-26 15:34:18,072] {logging_mixin.py:104} INFO - [2024-12-26 15:34:18,072] {dag.py:2306} INFO - Setting next_dagrun for example_external_task_marker_child to None
[2024-12-26 15:34:18,073] {logging_mixin.py:104} INFO - [2024-12-26 15:34:18,073] {dag.py:2306} INFO - Setting next_dagrun for example_external_task_marker_parent to None
[2024-12-26 15:34:18,083] {scheduler_job.py:190} INFO - Processing /home/airflow/.local/lib/python3.6/site-packages/airflow/example_dags/example_external_task_marker_dag.py took 0.160 seconds
[2024-12-26 15:34:48,149] {scheduler_job.py:182} INFO - Started process (PID=561) to work on /home/airflow/.local/lib/python3.6/site-packages/airflow/example_dags/example_external_task_marker_dag.py
[2024-12-26 15:34:48,150] {scheduler_job.py:633} INFO - Processing file /home/airflow/.local/lib/python3.6/site-packages/airflow/example_dags/example_external_task_marker_dag.py for tasks to queue
[2024-12-26 15:34:48,151] {logging_mixin.py:104} INFO - [2024-12-26 15:34:48,151] {dagbag.py:496} INFO - Filling up the DagBag from /home/airflow/.local/lib/python3.6/site-packages/airflow/example_dags/example_external_task_marker_dag.py
[2024-12-26 15:34:48,159] {scheduler_job.py:643} INFO - DAG(s) dict_keys(['example_external_task_marker_parent', 'example_external_task_marker_child']) retrieved from /home/airflow/.local/lib/python3.6/site-packages/airflow/example_dags/example_external_task_marker_dag.py
[2024-12-26 15:34:48,175] {logging_mixin.py:104} INFO - [2024-12-26 15:34:48,175] {dag.py:1833} INFO - Sync 2 DAGs
[2024-12-26 15:34:48,186] {logging_mixin.py:104} INFO - [2024-12-26 15:34:48,186] {dag.py:2306} INFO - Setting next_dagrun for example_external_task_marker_child to None
[2024-12-26 15:34:48,187] {logging_mixin.py:104} INFO - [2024-12-26 15:34:48,187] {dag.py:2306} INFO - Setting next_dagrun for example_external_task_marker_parent to None
[2024-12-26 15:34:48,194] {scheduler_job.py:190} INFO - Processing /home/airflow/.local/lib/python3.6/site-packages/airflow/example_dags/example_external_task_marker_dag.py took 0.048 seconds
[2024-12-26 15:35:18,315] {scheduler_job.py:182} INFO - Started process (PID=623) to work on /home/airflow/.local/lib/python3.6/site-packages/airflow/example_dags/example_external_task_marker_dag.py
[2024-12-26 15:35:18,317] {scheduler_job.py:633} INFO - Processing file /home/airflow/.local/lib/python3.6/site-packages/airflow/example_dags/example_external_task_marker_dag.py for tasks to queue
[2024-12-26 15:35:18,318] {logging_mixin.py:104} INFO - [2024-12-26 15:35:18,318] {dagbag.py:496} INFO - Filling up the DagBag from /home/airflow/.local/lib/python3.6/site-packages/airflow/example_dags/example_external_task_marker_dag.py
[2024-12-26 15:35:18,325] {scheduler_job.py:643} INFO - DAG(s) dict_keys(['example_external_task_marker_parent', 'example_external_task_marker_child']) retrieved from /home/airflow/.local/lib/python3.6/site-packages/airflow/example_dags/example_external_task_marker_dag.py
[2024-12-26 15:35:18,345] {logging_mixin.py:104} INFO - [2024-12-26 15:35:18,345] {dag.py:1833} INFO - Sync 2 DAGs
[2024-12-26 15:35:18,357] {logging_mixin.py:104} INFO - [2024-12-26 15:35:18,357] {dag.py:2306} INFO - Setting next_dagrun for example_external_task_marker_child to None
[2024-12-26 15:35:18,358] {logging_mixin.py:104} INFO - [2024-12-26 15:35:18,358] {dag.py:2306} INFO - Setting next_dagrun for example_external_task_marker_parent to None
[2024-12-26 15:35:18,371] {scheduler_job.py:190} INFO - Processing /home/airflow/.local/lib/python3.6/site-packages/airflow/example_dags/example_external_task_marker_dag.py took 0.058 seconds
[2024-12-26 15:35:48,626] {scheduler_job.py:182} INFO - Started process (PID=675) to work on /home/airflow/.local/lib/python3.6/site-packages/airflow/example_dags/example_external_task_marker_dag.py
[2024-12-26 15:35:48,628] {scheduler_job.py:633} INFO - Processing file /home/airflow/.local/lib/python3.6/site-packages/airflow/example_dags/example_external_task_marker_dag.py for tasks to queue
[2024-12-26 15:35:48,628] {logging_mixin.py:104} INFO - [2024-12-26 15:35:48,628] {dagbag.py:496} INFO - Filling up the DagBag from /home/airflow/.local/lib/python3.6/site-packages/airflow/example_dags/example_external_task_marker_dag.py
[2024-12-26 15:35:48,636] {scheduler_job.py:643} INFO - DAG(s) dict_keys(['example_external_task_marker_parent', 'example_external_task_marker_child']) retrieved from /home/airflow/.local/lib/python3.6/site-packages/airflow/example_dags/example_external_task_marker_dag.py
[2024-12-26 15:35:48,652] {logging_mixin.py:104} INFO - [2024-12-26 15:35:48,651] {dag.py:1833} INFO - Sync 2 DAGs
[2024-12-26 15:35:48,662] {logging_mixin.py:104} INFO - [2024-12-26 15:35:48,662] {dag.py:2306} INFO - Setting next_dagrun for example_external_task_marker_child to None
[2024-12-26 15:35:48,663] {logging_mixin.py:104} INFO - [2024-12-26 15:35:48,663] {dag.py:2306} INFO - Setting next_dagrun for example_external_task_marker_parent to None
[2024-12-26 15:35:48,672] {scheduler_job.py:190} INFO - Processing /home/airflow/.local/lib/python3.6/site-packages/airflow/example_dags/example_external_task_marker_dag.py took 0.047 seconds
[2024-12-26 15:36:19,051] {scheduler_job.py:182} INFO - Started process (PID=739) to work on /home/airflow/.local/lib/python3.6/site-packages/airflow/example_dags/example_external_task_marker_dag.py
[2024-12-26 15:36:19,052] {scheduler_job.py:633} INFO - Processing file /home/airflow/.local/lib/python3.6/site-packages/airflow/example_dags/example_external_task_marker_dag.py for tasks to queue
[2024-12-26 15:36:19,053] {logging_mixin.py:104} INFO - [2024-12-26 15:36:19,053] {dagbag.py:496} INFO - Filling up the DagBag from /home/airflow/.local/lib/python3.6/site-packages/airflow/example_dags/example_external_task_marker_dag.py
[2024-12-26 15:36:19,060] {scheduler_job.py:643} INFO - DAG(s) dict_keys(['example_external_task_marker_parent', 'example_external_task_marker_child']) retrieved from /home/airflow/.local/lib/python3.6/site-packages/airflow/example_dags/example_external_task_marker_dag.py
[2024-12-26 15:36:19,187] {logging_mixin.py:104} INFO - [2024-12-26 15:36:19,186] {dag.py:1833} INFO - Sync 2 DAGs
[2024-12-26 15:36:19,193] {logging_mixin.py:104} INFO - [2024-12-26 15:36:19,193] {dag.py:1852} INFO - Creating ORM DAG for example_external_task_marker_child
[2024-12-26 15:36:19,198] {logging_mixin.py:104} INFO - [2024-12-26 15:36:19,198] {dag.py:2306} INFO - Setting next_dagrun for example_external_task_marker_child to None
[2024-12-26 15:36:19,199] {logging_mixin.py:104} INFO - [2024-12-26 15:36:19,199] {dag.py:2306} INFO - Setting next_dagrun for example_external_task_marker_parent to None
[2024-12-26 15:36:19,212] {scheduler_job.py:190} INFO - Processing /home/airflow/.local/lib/python3.6/site-packages/airflow/example_dags/example_external_task_marker_dag.py took 0.163 seconds
[2024-12-26 15:36:49,328] {scheduler_job.py:182} INFO - Started process (PID=801) to work on /home/airflow/.local/lib/python3.6/site-packages/airflow/example_dags/example_external_task_marker_dag.py
[2024-12-26 15:36:49,329] {scheduler_job.py:633} INFO - Processing file /home/airflow/.local/lib/python3.6/site-packages/airflow/example_dags/example_external_task_marker_dag.py for tasks to queue
[2024-12-26 15:36:49,330] {logging_mixin.py:104} INFO - [2024-12-26 15:36:49,330] {dagbag.py:496} INFO - Filling up the DagBag from /home/airflow/.local/lib/python3.6/site-packages/airflow/example_dags/example_external_task_marker_dag.py
[2024-12-26 15:36:49,337] {scheduler_job.py:643} INFO - DAG(s) dict_keys(['example_external_task_marker_parent', 'example_external_task_marker_child']) retrieved from /home/airflow/.local/lib/python3.6/site-packages/airflow/example_dags/example_external_task_marker_dag.py
[2024-12-26 15:36:49,467] {logging_mixin.py:104} INFO - [2024-12-26 15:36:49,467] {dag.py:1833} INFO - Sync 2 DAGs
[2024-12-26 15:36:49,473] {logging_mixin.py:104} INFO - [2024-12-26 15:36:49,473] {dag.py:1852} INFO - Creating ORM DAG for example_external_task_marker_child
[2024-12-26 15:36:49,474] {logging_mixin.py:104} INFO - [2024-12-26 15:36:49,474] {dag.py:1852} INFO - Creating ORM DAG for example_external_task_marker_parent
[2024-12-26 15:36:49,477] {logging_mixin.py:104} INFO - [2024-12-26 15:36:49,477] {dag.py:2306} INFO - Setting next_dagrun for example_external_task_marker_child to None
[2024-12-26 15:36:49,478] {logging_mixin.py:104} INFO - [2024-12-26 15:36:49,478] {dag.py:2306} INFO - Setting next_dagrun for example_external_task_marker_parent to None
[2024-12-26 15:36:49,487] {scheduler_job.py:190} INFO - Processing /home/airflow/.local/lib/python3.6/site-packages/airflow/example_dags/example_external_task_marker_dag.py took 0.161 seconds
[2024-12-26 15:37:19,776] {scheduler_job.py:182} INFO - Started process (PID=853) to work on /home/airflow/.local/lib/python3.6/site-packages/airflow/example_dags/example_external_task_marker_dag.py
[2024-12-26 15:37:19,778] {scheduler_job.py:633} INFO - Processing file /home/airflow/.local/lib/python3.6/site-packages/airflow/example_dags/example_external_task_marker_dag.py for tasks to queue
[2024-12-26 15:37:19,779] {logging_mixin.py:104} INFO - [2024-12-26 15:37:19,779] {dagbag.py:496} INFO - Filling up the DagBag from /home/airflow/.local/lib/python3.6/site-packages/airflow/example_dags/example_external_task_marker_dag.py
[2024-12-26 15:37:19,791] {scheduler_job.py:643} INFO - DAG(s) dict_keys(['example_external_task_marker_parent', 'example_external_task_marker_child']) retrieved from /home/airflow/.local/lib/python3.6/site-packages/airflow/example_dags/example_external_task_marker_dag.py
[2024-12-26 15:37:19,811] {logging_mixin.py:104} INFO - [2024-12-26 15:37:19,811] {dag.py:1833} INFO - Sync 2 DAGs
[2024-12-26 15:37:19,823] {logging_mixin.py:104} INFO - [2024-12-26 15:37:19,823] {dag.py:2306} INFO - Setting next_dagrun for example_external_task_marker_child to None
[2024-12-26 15:37:19,824] {logging_mixin.py:104} INFO - [2024-12-26 15:37:19,824] {dag.py:2306} INFO - Setting next_dagrun for example_external_task_marker_parent to None
[2024-12-26 15:37:19,840] {scheduler_job.py:190} INFO - Processing /home/airflow/.local/lib/python3.6/site-packages/airflow/example_dags/example_external_task_marker_dag.py took 0.069 seconds
[2024-12-26 15:37:50,307] {scheduler_job.py:182} INFO - Started process (PID=915) to work on /home/airflow/.local/lib/python3.6/site-packages/airflow/example_dags/example_external_task_marker_dag.py
[2024-12-26 15:37:50,308] {scheduler_job.py:633} INFO - Processing file /home/airflow/.local/lib/python3.6/site-packages/airflow/example_dags/example_external_task_marker_dag.py for tasks to queue
[2024-12-26 15:37:50,309] {logging_mixin.py:104} INFO - [2024-12-26 15:37:50,309] {dagbag.py:496} INFO - Filling up the DagBag from /home/airflow/.local/lib/python3.6/site-packages/airflow/example_dags/example_external_task_marker_dag.py
[2024-12-26 15:37:50,315] {scheduler_job.py:643} INFO - DAG(s) dict_keys(['example_external_task_marker_parent', 'example_external_task_marker_child']) retrieved from /home/airflow/.local/lib/python3.6/site-packages/airflow/example_dags/example_external_task_marker_dag.py
[2024-12-26 15:37:50,332] {logging_mixin.py:104} INFO - [2024-12-26 15:37:50,332] {dag.py:1833} INFO - Sync 2 DAGs
[2024-12-26 15:37:50,343] {logging_mixin.py:104} INFO - [2024-12-26 15:37:50,342] {dag.py:2306} INFO - Setting next_dagrun for example_external_task_marker_child to None
[2024-12-26 15:37:50,344] {logging_mixin.py:104} INFO - [2024-12-26 15:37:50,344] {dag.py:2306} INFO - Setting next_dagrun for example_external_task_marker_parent to None
[2024-12-26 15:37:50,354] {scheduler_job.py:190} INFO - Processing /home/airflow/.local/lib/python3.6/site-packages/airflow/example_dags/example_external_task_marker_dag.py took 0.049 seconds
[2024-12-26 15:38:20,646] {scheduler_job.py:182} INFO - Started process (PID=977) to work on /home/airflow/.local/lib/python3.6/site-packages/airflow/example_dags/example_external_task_marker_dag.py
[2024-12-26 15:38:20,656] {scheduler_job.py:633} INFO - Processing file /home/airflow/.local/lib/python3.6/site-packages/airflow/example_dags/example_external_task_marker_dag.py for tasks to queue
[2024-12-26 15:38:20,662] {logging_mixin.py:104} INFO - [2024-12-26 15:38:20,662] {dagbag.py:496} INFO - Filling up the DagBag from /home/airflow/.local/lib/python3.6/site-packages/airflow/example_dags/example_external_task_marker_dag.py
[2024-12-26 15:38:20,680] {scheduler_job.py:643} INFO - DAG(s) dict_keys(['example_external_task_marker_parent', 'example_external_task_marker_child']) retrieved from /home/airflow/.local/lib/python3.6/site-packages/airflow/example_dags/example_external_task_marker_dag.py
[2024-12-26 15:38:20,707] {logging_mixin.py:104} INFO - [2024-12-26 15:38:20,707] {dag.py:1833} INFO - Sync 2 DAGs
[2024-12-26 15:38:20,723] {logging_mixin.py:104} INFO - [2024-12-26 15:38:20,723] {dag.py:2306} INFO - Setting next_dagrun for example_external_task_marker_child to None
[2024-12-26 15:38:20,729] {logging_mixin.py:104} INFO - [2024-12-26 15:38:20,729] {dag.py:2306} INFO - Setting next_dagrun for example_external_task_marker_parent to None
[2024-12-26 15:38:20,744] {scheduler_job.py:190} INFO - Processing /home/airflow/.local/lib/python3.6/site-packages/airflow/example_dags/example_external_task_marker_dag.py took 0.100 seconds
[2024-12-26 15:38:51,014] {scheduler_job.py:182} INFO - Started process (PID=1029) to work on /home/airflow/.local/lib/python3.6/site-packages/airflow/example_dags/example_external_task_marker_dag.py
[2024-12-26 15:38:51,022] {scheduler_job.py:633} INFO - Processing file /home/airflow/.local/lib/python3.6/site-packages/airflow/example_dags/example_external_task_marker_dag.py for tasks to queue
[2024-12-26 15:38:51,026] {logging_mixin.py:104} INFO - [2024-12-26 15:38:51,026] {dagbag.py:496} INFO - Filling up the DagBag from /home/airflow/.local/lib/python3.6/site-packages/airflow/example_dags/example_external_task_marker_dag.py
[2024-12-26 15:38:51,041] {scheduler_job.py:643} INFO - DAG(s) dict_keys(['example_external_task_marker_parent', 'example_external_task_marker_child']) retrieved from /home/airflow/.local/lib/python3.6/site-packages/airflow/example_dags/example_external_task_marker_dag.py
[2024-12-26 15:38:51,219] {logging_mixin.py:104} INFO - [2024-12-26 15:38:51,219] {dag.py:1833} INFO - Sync 2 DAGs
[2024-12-26 15:38:51,235] {logging_mixin.py:104} INFO - [2024-12-26 15:38:51,235] {dag.py:2306} INFO - Setting next_dagrun for example_external_task_marker_child to None
[2024-12-26 15:38:51,243] {logging_mixin.py:104} INFO - [2024-12-26 15:38:51,243] {dag.py:2306} INFO - Setting next_dagrun for example_external_task_marker_parent to None
[2024-12-26 15:38:51,261] {scheduler_job.py:190} INFO - Processing /home/airflow/.local/lib/python3.6/site-packages/airflow/example_dags/example_external_task_marker_dag.py took 0.249 seconds
[2024-12-26 15:40:32,266] {scheduler_job.py:182} INFO - Started process (PID=63) to work on /home/airflow/.local/lib/python3.6/site-packages/airflow/example_dags/example_external_task_marker_dag.py
[2024-12-26 15:40:32,267] {scheduler_job.py:633} INFO - Processing file /home/airflow/.local/lib/python3.6/site-packages/airflow/example_dags/example_external_task_marker_dag.py for tasks to queue
[2024-12-26 15:40:32,268] {logging_mixin.py:104} INFO - [2024-12-26 15:40:32,268] {dagbag.py:496} INFO - Filling up the DagBag from /home/airflow/.local/lib/python3.6/site-packages/airflow/example_dags/example_external_task_marker_dag.py
[2024-12-26 15:40:32,277] {scheduler_job.py:643} INFO - DAG(s) dict_keys(['example_external_task_marker_parent', 'example_external_task_marker_child']) retrieved from /home/airflow/.local/lib/python3.6/site-packages/airflow/example_dags/example_external_task_marker_dag.py
[2024-12-26 15:40:32,438] {logging_mixin.py:104} INFO - [2024-12-26 15:40:32,438] {dag.py:1833} INFO - Sync 2 DAGs
[2024-12-26 15:40:32,449] {logging_mixin.py:104} INFO - [2024-12-26 15:40:32,449] {dag.py:2306} INFO - Setting next_dagrun for example_external_task_marker_child to None
[2024-12-26 15:40:32,450] {logging_mixin.py:104} INFO - [2024-12-26 15:40:32,450] {dag.py:2306} INFO - Setting next_dagrun for example_external_task_marker_parent to None
[2024-12-26 15:40:32,461] {scheduler_job.py:190} INFO - Processing /home/airflow/.local/lib/python3.6/site-packages/airflow/example_dags/example_external_task_marker_dag.py took 0.197 seconds
[2024-12-26 15:41:03,017] {scheduler_job.py:182} INFO - Started process (PID=125) to work on /home/airflow/.local/lib/python3.6/site-packages/airflow/example_dags/example_external_task_marker_dag.py
[2024-12-26 15:41:03,018] {scheduler_job.py:633} INFO - Processing file /home/airflow/.local/lib/python3.6/site-packages/airflow/example_dags/example_external_task_marker_dag.py for tasks to queue
[2024-12-26 15:41:03,018] {logging_mixin.py:104} INFO - [2024-12-26 15:41:03,018] {dagbag.py:496} INFO - Filling up the DagBag from /home/airflow/.local/lib/python3.6/site-packages/airflow/example_dags/example_external_task_marker_dag.py
[2024-12-26 15:41:03,027] {scheduler_job.py:643} INFO - DAG(s) dict_keys(['example_external_task_marker_parent', 'example_external_task_marker_child']) retrieved from /home/airflow/.local/lib/python3.6/site-packages/airflow/example_dags/example_external_task_marker_dag.py
[2024-12-26 15:41:03,151] {logging_mixin.py:104} INFO - [2024-12-26 15:41:03,151] {dag.py:1833} INFO - Sync 2 DAGs
[2024-12-26 15:41:03,160] {logging_mixin.py:104} INFO - [2024-12-26 15:41:03,160] {dag.py:2306} INFO - Setting next_dagrun for example_external_task_marker_child to None
[2024-12-26 15:41:03,161] {logging_mixin.py:104} INFO - [2024-12-26 15:41:03,161] {dag.py:2306} INFO - Setting next_dagrun for example_external_task_marker_parent to None
[2024-12-26 15:41:03,170] {scheduler_job.py:190} INFO - Processing /home/airflow/.local/lib/python3.6/site-packages/airflow/example_dags/example_external_task_marker_dag.py took 0.155 seconds
[2024-12-26 15:41:33,736] {scheduler_job.py:182} INFO - Started process (PID=187) to work on /home/airflow/.local/lib/python3.6/site-packages/airflow/example_dags/example_external_task_marker_dag.py
[2024-12-26 15:41:33,737] {scheduler_job.py:633} INFO - Processing file /home/airflow/.local/lib/python3.6/site-packages/airflow/example_dags/example_external_task_marker_dag.py for tasks to queue
[2024-12-26 15:41:33,739] {logging_mixin.py:104} INFO - [2024-12-26 15:41:33,738] {dagbag.py:496} INFO - Filling up the DagBag from /home/airflow/.local/lib/python3.6/site-packages/airflow/example_dags/example_external_task_marker_dag.py
[2024-12-26 15:41:33,746] {scheduler_job.py:643} INFO - DAG(s) dict_keys(['example_external_task_marker_parent', 'example_external_task_marker_child']) retrieved from /home/airflow/.local/lib/python3.6/site-packages/airflow/example_dags/example_external_task_marker_dag.py
[2024-12-26 15:41:33,873] {logging_mixin.py:104} INFO - [2024-12-26 15:41:33,873] {dag.py:1833} INFO - Sync 2 DAGs
[2024-12-26 15:41:33,882] {logging_mixin.py:104} INFO - [2024-12-26 15:41:33,882] {dag.py:2306} INFO - Setting next_dagrun for example_external_task_marker_child to None
[2024-12-26 15:41:33,883] {logging_mixin.py:104} INFO - [2024-12-26 15:41:33,883] {dag.py:2306} INFO - Setting next_dagrun for example_external_task_marker_parent to None
[2024-12-26 15:41:33,891] {scheduler_job.py:190} INFO - Processing /home/airflow/.local/lib/python3.6/site-packages/airflow/example_dags/example_external_task_marker_dag.py took 0.157 seconds
[2024-12-26 15:42:04,356] {scheduler_job.py:182} INFO - Started process (PID=240) to work on /home/airflow/.local/lib/python3.6/site-packages/airflow/example_dags/example_external_task_marker_dag.py
[2024-12-26 15:42:04,358] {scheduler_job.py:633} INFO - Processing file /home/airflow/.local/lib/python3.6/site-packages/airflow/example_dags/example_external_task_marker_dag.py for tasks to queue
[2024-12-26 15:42:04,359] {logging_mixin.py:104} INFO - [2024-12-26 15:42:04,359] {dagbag.py:496} INFO - Filling up the DagBag from /home/airflow/.local/lib/python3.6/site-packages/airflow/example_dags/example_external_task_marker_dag.py
[2024-12-26 15:42:04,366] {scheduler_job.py:643} INFO - DAG(s) dict_keys(['example_external_task_marker_parent', 'example_external_task_marker_child']) retrieved from /home/airflow/.local/lib/python3.6/site-packages/airflow/example_dags/example_external_task_marker_dag.py
[2024-12-26 15:42:04,492] {logging_mixin.py:104} INFO - [2024-12-26 15:42:04,491] {dag.py:1833} INFO - Sync 2 DAGs
[2024-12-26 15:42:04,500] {logging_mixin.py:104} INFO - [2024-12-26 15:42:04,500] {dag.py:2306} INFO - Setting next_dagrun for example_external_task_marker_child to None
[2024-12-26 15:42:04,501] {logging_mixin.py:104} INFO - [2024-12-26 15:42:04,501] {dag.py:2306} INFO - Setting next_dagrun for example_external_task_marker_parent to None
[2024-12-26 15:42:04,513] {scheduler_job.py:190} INFO - Processing /home/airflow/.local/lib/python3.6/site-packages/airflow/example_dags/example_external_task_marker_dag.py took 0.159 seconds
[2024-12-26 15:42:37,470] {scheduler_job.py:182} INFO - Started process (PID=63) to work on /home/airflow/.local/lib/python3.6/site-packages/airflow/example_dags/example_external_task_marker_dag.py
[2024-12-26 15:42:37,471] {scheduler_job.py:633} INFO - Processing file /home/airflow/.local/lib/python3.6/site-packages/airflow/example_dags/example_external_task_marker_dag.py for tasks to queue
[2024-12-26 15:42:37,472] {logging_mixin.py:104} INFO - [2024-12-26 15:42:37,472] {dagbag.py:496} INFO - Filling up the DagBag from /home/airflow/.local/lib/python3.6/site-packages/airflow/example_dags/example_external_task_marker_dag.py
[2024-12-26 15:42:37,485] {scheduler_job.py:643} INFO - DAG(s) dict_keys(['example_external_task_marker_parent', 'example_external_task_marker_child']) retrieved from /home/airflow/.local/lib/python3.6/site-packages/airflow/example_dags/example_external_task_marker_dag.py
[2024-12-26 15:42:37,628] {logging_mixin.py:104} INFO - [2024-12-26 15:42:37,628] {dag.py:1833} INFO - Sync 2 DAGs
[2024-12-26 15:42:37,639] {logging_mixin.py:104} INFO - [2024-12-26 15:42:37,639] {dag.py:2306} INFO - Setting next_dagrun for example_external_task_marker_child to None
[2024-12-26 15:42:37,640] {logging_mixin.py:104} INFO - [2024-12-26 15:42:37,640] {dag.py:2306} INFO - Setting next_dagrun for example_external_task_marker_parent to None
[2024-12-26 15:42:37,652] {scheduler_job.py:190} INFO - Processing /home/airflow/.local/lib/python3.6/site-packages/airflow/example_dags/example_external_task_marker_dag.py took 0.184 seconds
[2024-12-26 15:43:08,387] {scheduler_job.py:182} INFO - Started process (PID=125) to work on /home/airflow/.local/lib/python3.6/site-packages/airflow/example_dags/example_external_task_marker_dag.py
[2024-12-26 15:43:08,389] {scheduler_job.py:633} INFO - Processing file /home/airflow/.local/lib/python3.6/site-packages/airflow/example_dags/example_external_task_marker_dag.py for tasks to queue
[2024-12-26 15:43:08,389] {logging_mixin.py:104} INFO - [2024-12-26 15:43:08,389] {dagbag.py:496} INFO - Filling up the DagBag from /home/airflow/.local/lib/python3.6/site-packages/airflow/example_dags/example_external_task_marker_dag.py
[2024-12-26 15:43:08,397] {scheduler_job.py:643} INFO - DAG(s) dict_keys(['example_external_task_marker_parent', 'example_external_task_marker_child']) retrieved from /home/airflow/.local/lib/python3.6/site-packages/airflow/example_dags/example_external_task_marker_dag.py
[2024-12-26 15:43:08,412] {logging_mixin.py:104} INFO - [2024-12-26 15:43:08,412] {dag.py:1833} INFO - Sync 2 DAGs
[2024-12-26 15:43:08,422] {logging_mixin.py:104} INFO - [2024-12-26 15:43:08,422] {dag.py:2306} INFO - Setting next_dagrun for example_external_task_marker_child to None
[2024-12-26 15:43:08,423] {logging_mixin.py:104} INFO - [2024-12-26 15:43:08,423] {dag.py:2306} INFO - Setting next_dagrun for example_external_task_marker_parent to None
[2024-12-26 15:43:08,437] {scheduler_job.py:190} INFO - Processing /home/airflow/.local/lib/python3.6/site-packages/airflow/example_dags/example_external_task_marker_dag.py took 0.051 seconds
