[2024-12-26 15:32:33,185] {scheduler_job.py:182} INFO - Started process (PID=145) to work on /home/airflow/.local/lib/python3.6/site-packages/airflow/example_dags/example_branch_day_of_week_operator.py
[2024-12-26 15:32:33,187] {scheduler_job.py:633} INFO - Processing file /home/airflow/.local/lib/python3.6/site-packages/airflow/example_dags/example_branch_day_of_week_operator.py for tasks to queue
[2024-12-26 15:32:33,188] {logging_mixin.py:104} INFO - [2024-12-26 15:32:33,187] {dagbag.py:496} INFO - Filling up the DagBag from /home/airflow/.local/lib/python3.6/site-packages/airflow/example_dags/example_branch_day_of_week_operator.py
[2024-12-26 15:32:33,205] {scheduler_job.py:643} INFO - DAG(s) dict_keys(['example_weekday_branch_operator']) retrieved from /home/airflow/.local/lib/python3.6/site-packages/airflow/example_dags/example_branch_day_of_week_operator.py
[2024-12-26 15:32:34,614] {logging_mixin.py:104} INFO - [2024-12-26 15:32:34,614] {dag.py:1833} INFO - Sync 1 DAGs
[2024-12-26 15:32:34,622] {logging_mixin.py:104} INFO - [2024-12-26 15:32:34,622] {dag.py:1852} INFO - Creating ORM DAG for example_weekday_branch_operator
[2024-12-26 15:32:34,632] {logging_mixin.py:104} INFO - [2024-12-26 15:32:34,632] {dag.py:2306} INFO - Setting next_dagrun for example_weekday_branch_operator to 2024-12-24 00:00:00+00:00
[2024-12-26 15:32:34,649] {scheduler_job.py:190} INFO - Processing /home/airflow/.local/lib/python3.6/site-packages/airflow/example_dags/example_branch_day_of_week_operator.py took 1.465 seconds
[2024-12-26 15:33:04,716] {scheduler_job.py:182} INFO - Started process (PID=360) to work on /home/airflow/.local/lib/python3.6/site-packages/airflow/example_dags/example_branch_day_of_week_operator.py
[2024-12-26 15:33:04,718] {scheduler_job.py:633} INFO - Processing file /home/airflow/.local/lib/python3.6/site-packages/airflow/example_dags/example_branch_day_of_week_operator.py for tasks to queue
[2024-12-26 15:33:04,719] {logging_mixin.py:104} INFO - [2024-12-26 15:33:04,719] {dagbag.py:496} INFO - Filling up the DagBag from /home/airflow/.local/lib/python3.6/site-packages/airflow/example_dags/example_branch_day_of_week_operator.py
[2024-12-26 15:33:04,727] {scheduler_job.py:643} INFO - DAG(s) dict_keys(['example_weekday_branch_operator']) retrieved from /home/airflow/.local/lib/python3.6/site-packages/airflow/example_dags/example_branch_day_of_week_operator.py
[2024-12-26 15:33:04,743] {logging_mixin.py:104} INFO - [2024-12-26 15:33:04,743] {dag.py:1833} INFO - Sync 1 DAGs
[2024-12-26 15:33:04,755] {logging_mixin.py:104} INFO - [2024-12-26 15:33:04,755] {dag.py:2306} INFO - Setting next_dagrun for example_weekday_branch_operator to 2024-12-24 00:00:00+00:00
[2024-12-26 15:33:04,766] {scheduler_job.py:190} INFO - Processing /home/airflow/.local/lib/python3.6/site-packages/airflow/example_dags/example_branch_day_of_week_operator.py took 0.052 seconds
[2024-12-26 15:33:35,267] {scheduler_job.py:182} INFO - Started process (PID=412) to work on /home/airflow/.local/lib/python3.6/site-packages/airflow/example_dags/example_branch_day_of_week_operator.py
[2024-12-26 15:33:35,272] {scheduler_job.py:633} INFO - Processing file /home/airflow/.local/lib/python3.6/site-packages/airflow/example_dags/example_branch_day_of_week_operator.py for tasks to queue
[2024-12-26 15:33:35,278] {logging_mixin.py:104} INFO - [2024-12-26 15:33:35,278] {dagbag.py:496} INFO - Filling up the DagBag from /home/airflow/.local/lib/python3.6/site-packages/airflow/example_dags/example_branch_day_of_week_operator.py
[2024-12-26 15:33:35,291] {scheduler_job.py:643} INFO - DAG(s) dict_keys(['example_weekday_branch_operator']) retrieved from /home/airflow/.local/lib/python3.6/site-packages/airflow/example_dags/example_branch_day_of_week_operator.py
[2024-12-26 15:33:35,312] {logging_mixin.py:104} INFO - [2024-12-26 15:33:35,312] {dag.py:1833} INFO - Sync 1 DAGs
[2024-12-26 15:33:35,334] {logging_mixin.py:104} INFO - [2024-12-26 15:33:35,334] {dag.py:2306} INFO - Setting next_dagrun for example_weekday_branch_operator to 2024-12-24 00:00:00+00:00
[2024-12-26 15:33:35,350] {scheduler_job.py:190} INFO - Processing /home/airflow/.local/lib/python3.6/site-packages/airflow/example_dags/example_branch_day_of_week_operator.py took 0.086 seconds
[2024-12-26 15:34:05,543] {scheduler_job.py:182} INFO - Started process (PID=474) to work on /home/airflow/.local/lib/python3.6/site-packages/airflow/example_dags/example_branch_day_of_week_operator.py
[2024-12-26 15:34:05,545] {scheduler_job.py:633} INFO - Processing file /home/airflow/.local/lib/python3.6/site-packages/airflow/example_dags/example_branch_day_of_week_operator.py for tasks to queue
[2024-12-26 15:34:05,546] {logging_mixin.py:104} INFO - [2024-12-26 15:34:05,546] {dagbag.py:496} INFO - Filling up the DagBag from /home/airflow/.local/lib/python3.6/site-packages/airflow/example_dags/example_branch_day_of_week_operator.py
[2024-12-26 15:34:05,556] {scheduler_job.py:643} INFO - DAG(s) dict_keys(['example_weekday_branch_operator']) retrieved from /home/airflow/.local/lib/python3.6/site-packages/airflow/example_dags/example_branch_day_of_week_operator.py
[2024-12-26 15:34:05,574] {logging_mixin.py:104} INFO - [2024-12-26 15:34:05,574] {dag.py:1833} INFO - Sync 1 DAGs
[2024-12-26 15:34:05,589] {logging_mixin.py:104} INFO - [2024-12-26 15:34:05,589] {dag.py:2306} INFO - Setting next_dagrun for example_weekday_branch_operator to 2024-12-24 00:00:00+00:00
[2024-12-26 15:34:05,609] {scheduler_job.py:190} INFO - Processing /home/airflow/.local/lib/python3.6/site-packages/airflow/example_dags/example_branch_day_of_week_operator.py took 0.069 seconds
[2024-12-26 15:34:35,700] {scheduler_job.py:182} INFO - Started process (PID=536) to work on /home/airflow/.local/lib/python3.6/site-packages/airflow/example_dags/example_branch_day_of_week_operator.py
[2024-12-26 15:34:35,701] {scheduler_job.py:633} INFO - Processing file /home/airflow/.local/lib/python3.6/site-packages/airflow/example_dags/example_branch_day_of_week_operator.py for tasks to queue
[2024-12-26 15:34:35,703] {logging_mixin.py:104} INFO - [2024-12-26 15:34:35,702] {dagbag.py:496} INFO - Filling up the DagBag from /home/airflow/.local/lib/python3.6/site-packages/airflow/example_dags/example_branch_day_of_week_operator.py
[2024-12-26 15:34:35,711] {scheduler_job.py:643} INFO - DAG(s) dict_keys(['example_weekday_branch_operator']) retrieved from /home/airflow/.local/lib/python3.6/site-packages/airflow/example_dags/example_branch_day_of_week_operator.py
[2024-12-26 15:34:35,727] {logging_mixin.py:104} INFO - [2024-12-26 15:34:35,727] {dag.py:1833} INFO - Sync 1 DAGs
[2024-12-26 15:34:35,739] {logging_mixin.py:104} INFO - [2024-12-26 15:34:35,739] {dag.py:2306} INFO - Setting next_dagrun for example_weekday_branch_operator to 2024-12-24 00:00:00+00:00
[2024-12-26 15:34:35,749] {scheduler_job.py:190} INFO - Processing /home/airflow/.local/lib/python3.6/site-packages/airflow/example_dags/example_branch_day_of_week_operator.py took 0.051 seconds
[2024-12-26 15:35:05,920] {scheduler_job.py:182} INFO - Started process (PID=588) to work on /home/airflow/.local/lib/python3.6/site-packages/airflow/example_dags/example_branch_day_of_week_operator.py
[2024-12-26 15:35:05,921] {scheduler_job.py:633} INFO - Processing file /home/airflow/.local/lib/python3.6/site-packages/airflow/example_dags/example_branch_day_of_week_operator.py for tasks to queue
[2024-12-26 15:35:05,921] {logging_mixin.py:104} INFO - [2024-12-26 15:35:05,921] {dagbag.py:496} INFO - Filling up the DagBag from /home/airflow/.local/lib/python3.6/site-packages/airflow/example_dags/example_branch_day_of_week_operator.py
[2024-12-26 15:35:05,928] {scheduler_job.py:643} INFO - DAG(s) dict_keys(['example_weekday_branch_operator']) retrieved from /home/airflow/.local/lib/python3.6/site-packages/airflow/example_dags/example_branch_day_of_week_operator.py
[2024-12-26 15:35:05,943] {logging_mixin.py:104} INFO - [2024-12-26 15:35:05,943] {dag.py:1833} INFO - Sync 1 DAGs
[2024-12-26 15:35:05,955] {logging_mixin.py:104} INFO - [2024-12-26 15:35:05,954] {dag.py:2306} INFO - Setting next_dagrun for example_weekday_branch_operator to 2024-12-24 00:00:00+00:00
[2024-12-26 15:35:05,966] {scheduler_job.py:190} INFO - Processing /home/airflow/.local/lib/python3.6/site-packages/airflow/example_dags/example_branch_day_of_week_operator.py took 0.048 seconds
[2024-12-26 15:35:36,140] {scheduler_job.py:182} INFO - Started process (PID=650) to work on /home/airflow/.local/lib/python3.6/site-packages/airflow/example_dags/example_branch_day_of_week_operator.py
[2024-12-26 15:35:36,141] {scheduler_job.py:633} INFO - Processing file /home/airflow/.local/lib/python3.6/site-packages/airflow/example_dags/example_branch_day_of_week_operator.py for tasks to queue
[2024-12-26 15:35:36,142] {logging_mixin.py:104} INFO - [2024-12-26 15:35:36,142] {dagbag.py:496} INFO - Filling up the DagBag from /home/airflow/.local/lib/python3.6/site-packages/airflow/example_dags/example_branch_day_of_week_operator.py
[2024-12-26 15:35:36,150] {scheduler_job.py:643} INFO - DAG(s) dict_keys(['example_weekday_branch_operator']) retrieved from /home/airflow/.local/lib/python3.6/site-packages/airflow/example_dags/example_branch_day_of_week_operator.py
[2024-12-26 15:35:36,165] {logging_mixin.py:104} INFO - [2024-12-26 15:35:36,165] {dag.py:1833} INFO - Sync 1 DAGs
[2024-12-26 15:35:36,177] {logging_mixin.py:104} INFO - [2024-12-26 15:35:36,177] {dag.py:2306} INFO - Setting next_dagrun for example_weekday_branch_operator to 2024-12-24 00:00:00+00:00
[2024-12-26 15:35:36,187] {scheduler_job.py:190} INFO - Processing /home/airflow/.local/lib/python3.6/site-packages/airflow/example_dags/example_branch_day_of_week_operator.py took 0.050 seconds
[2024-12-26 15:36:06,385] {scheduler_job.py:182} INFO - Started process (PID=713) to work on /home/airflow/.local/lib/python3.6/site-packages/airflow/example_dags/example_branch_day_of_week_operator.py
[2024-12-26 15:36:06,386] {scheduler_job.py:633} INFO - Processing file /home/airflow/.local/lib/python3.6/site-packages/airflow/example_dags/example_branch_day_of_week_operator.py for tasks to queue
[2024-12-26 15:36:06,387] {logging_mixin.py:104} INFO - [2024-12-26 15:36:06,387] {dagbag.py:496} INFO - Filling up the DagBag from /home/airflow/.local/lib/python3.6/site-packages/airflow/example_dags/example_branch_day_of_week_operator.py
[2024-12-26 15:36:06,394] {scheduler_job.py:643} INFO - DAG(s) dict_keys(['example_weekday_branch_operator']) retrieved from /home/airflow/.local/lib/python3.6/site-packages/airflow/example_dags/example_branch_day_of_week_operator.py
[2024-12-26 15:36:06,409] {logging_mixin.py:104} INFO - [2024-12-26 15:36:06,409] {dag.py:1833} INFO - Sync 1 DAGs
[2024-12-26 15:36:06,421] {logging_mixin.py:104} INFO - [2024-12-26 15:36:06,421] {dag.py:2306} INFO - Setting next_dagrun for example_weekday_branch_operator to 2024-12-24 00:00:00+00:00
[2024-12-26 15:36:06,429] {scheduler_job.py:190} INFO - Processing /home/airflow/.local/lib/python3.6/site-packages/airflow/example_dags/example_branch_day_of_week_operator.py took 0.046 seconds
[2024-12-26 15:36:36,688] {scheduler_job.py:182} INFO - Started process (PID=776) to work on /home/airflow/.local/lib/python3.6/site-packages/airflow/example_dags/example_branch_day_of_week_operator.py
[2024-12-26 15:36:36,690] {scheduler_job.py:633} INFO - Processing file /home/airflow/.local/lib/python3.6/site-packages/airflow/example_dags/example_branch_day_of_week_operator.py for tasks to queue
[2024-12-26 15:36:36,691] {logging_mixin.py:104} INFO - [2024-12-26 15:36:36,690] {dagbag.py:496} INFO - Filling up the DagBag from /home/airflow/.local/lib/python3.6/site-packages/airflow/example_dags/example_branch_day_of_week_operator.py
[2024-12-26 15:36:36,699] {scheduler_job.py:643} INFO - DAG(s) dict_keys(['example_weekday_branch_operator']) retrieved from /home/airflow/.local/lib/python3.6/site-packages/airflow/example_dags/example_branch_day_of_week_operator.py
[2024-12-26 15:36:36,716] {logging_mixin.py:104} INFO - [2024-12-26 15:36:36,716] {dag.py:1833} INFO - Sync 1 DAGs
[2024-12-26 15:36:36,730] {logging_mixin.py:104} INFO - [2024-12-26 15:36:36,729] {dag.py:2306} INFO - Setting next_dagrun for example_weekday_branch_operator to 2024-12-24 00:00:00+00:00
[2024-12-26 15:36:36,744] {scheduler_job.py:190} INFO - Processing /home/airflow/.local/lib/python3.6/site-packages/airflow/example_dags/example_branch_day_of_week_operator.py took 0.058 seconds
[2024-12-26 15:37:07,240] {scheduler_job.py:182} INFO - Started process (PID=828) to work on /home/airflow/.local/lib/python3.6/site-packages/airflow/example_dags/example_branch_day_of_week_operator.py
[2024-12-26 15:37:07,242] {scheduler_job.py:633} INFO - Processing file /home/airflow/.local/lib/python3.6/site-packages/airflow/example_dags/example_branch_day_of_week_operator.py for tasks to queue
[2024-12-26 15:37:07,243] {logging_mixin.py:104} INFO - [2024-12-26 15:37:07,243] {dagbag.py:496} INFO - Filling up the DagBag from /home/airflow/.local/lib/python3.6/site-packages/airflow/example_dags/example_branch_day_of_week_operator.py
[2024-12-26 15:37:07,250] {scheduler_job.py:643} INFO - DAG(s) dict_keys(['example_weekday_branch_operator']) retrieved from /home/airflow/.local/lib/python3.6/site-packages/airflow/example_dags/example_branch_day_of_week_operator.py
[2024-12-26 15:37:07,265] {logging_mixin.py:104} INFO - [2024-12-26 15:37:07,265] {dag.py:1833} INFO - Sync 1 DAGs
[2024-12-26 15:37:07,277] {logging_mixin.py:104} INFO - [2024-12-26 15:37:07,277] {dag.py:2306} INFO - Setting next_dagrun for example_weekday_branch_operator to 2024-12-24 00:00:00+00:00
[2024-12-26 15:37:07,285] {scheduler_job.py:190} INFO - Processing /home/airflow/.local/lib/python3.6/site-packages/airflow/example_dags/example_branch_day_of_week_operator.py took 0.046 seconds
[2024-12-26 15:37:37,733] {scheduler_job.py:182} INFO - Started process (PID=890) to work on /home/airflow/.local/lib/python3.6/site-packages/airflow/example_dags/example_branch_day_of_week_operator.py
[2024-12-26 15:37:37,734] {scheduler_job.py:633} INFO - Processing file /home/airflow/.local/lib/python3.6/site-packages/airflow/example_dags/example_branch_day_of_week_operator.py for tasks to queue
[2024-12-26 15:37:37,735] {logging_mixin.py:104} INFO - [2024-12-26 15:37:37,734] {dagbag.py:496} INFO - Filling up the DagBag from /home/airflow/.local/lib/python3.6/site-packages/airflow/example_dags/example_branch_day_of_week_operator.py
[2024-12-26 15:37:37,741] {scheduler_job.py:643} INFO - DAG(s) dict_keys(['example_weekday_branch_operator']) retrieved from /home/airflow/.local/lib/python3.6/site-packages/airflow/example_dags/example_branch_day_of_week_operator.py
[2024-12-26 15:37:37,756] {logging_mixin.py:104} INFO - [2024-12-26 15:37:37,756] {dag.py:1833} INFO - Sync 1 DAGs
[2024-12-26 15:37:37,767] {logging_mixin.py:104} INFO - [2024-12-26 15:37:37,766] {dag.py:2306} INFO - Setting next_dagrun for example_weekday_branch_operator to 2024-12-24 00:00:00+00:00
[2024-12-26 15:37:37,777] {scheduler_job.py:190} INFO - Processing /home/airflow/.local/lib/python3.6/site-packages/airflow/example_dags/example_branch_day_of_week_operator.py took 0.047 seconds
[2024-12-26 15:38:08,037] {scheduler_job.py:182} INFO - Started process (PID=952) to work on /home/airflow/.local/lib/python3.6/site-packages/airflow/example_dags/example_branch_day_of_week_operator.py
[2024-12-26 15:38:08,038] {scheduler_job.py:633} INFO - Processing file /home/airflow/.local/lib/python3.6/site-packages/airflow/example_dags/example_branch_day_of_week_operator.py for tasks to queue
[2024-12-26 15:38:08,039] {logging_mixin.py:104} INFO - [2024-12-26 15:38:08,039] {dagbag.py:496} INFO - Filling up the DagBag from /home/airflow/.local/lib/python3.6/site-packages/airflow/example_dags/example_branch_day_of_week_operator.py
[2024-12-26 15:38:08,047] {scheduler_job.py:643} INFO - DAG(s) dict_keys(['example_weekday_branch_operator']) retrieved from /home/airflow/.local/lib/python3.6/site-packages/airflow/example_dags/example_branch_day_of_week_operator.py
[2024-12-26 15:38:08,062] {logging_mixin.py:104} INFO - [2024-12-26 15:38:08,062] {dag.py:1833} INFO - Sync 1 DAGs
[2024-12-26 15:38:08,073] {logging_mixin.py:104} INFO - [2024-12-26 15:38:08,073] {dag.py:2306} INFO - Setting next_dagrun for example_weekday_branch_operator to 2024-12-24 00:00:00+00:00
[2024-12-26 15:38:08,081] {scheduler_job.py:190} INFO - Processing /home/airflow/.local/lib/python3.6/site-packages/airflow/example_dags/example_branch_day_of_week_operator.py took 0.047 seconds
[2024-12-26 15:38:38,340] {scheduler_job.py:182} INFO - Started process (PID=1004) to work on /home/airflow/.local/lib/python3.6/site-packages/airflow/example_dags/example_branch_day_of_week_operator.py
[2024-12-26 15:38:38,341] {scheduler_job.py:633} INFO - Processing file /home/airflow/.local/lib/python3.6/site-packages/airflow/example_dags/example_branch_day_of_week_operator.py for tasks to queue
[2024-12-26 15:38:38,342] {logging_mixin.py:104} INFO - [2024-12-26 15:38:38,342] {dagbag.py:496} INFO - Filling up the DagBag from /home/airflow/.local/lib/python3.6/site-packages/airflow/example_dags/example_branch_day_of_week_operator.py
[2024-12-26 15:38:38,349] {scheduler_job.py:643} INFO - DAG(s) dict_keys(['example_weekday_branch_operator']) retrieved from /home/airflow/.local/lib/python3.6/site-packages/airflow/example_dags/example_branch_day_of_week_operator.py
[2024-12-26 15:38:38,364] {logging_mixin.py:104} INFO - [2024-12-26 15:38:38,364] {dag.py:1833} INFO - Sync 1 DAGs
[2024-12-26 15:38:38,375] {logging_mixin.py:104} INFO - [2024-12-26 15:38:38,375] {dag.py:2306} INFO - Setting next_dagrun for example_weekday_branch_operator to 2024-12-24 00:00:00+00:00
[2024-12-26 15:38:38,386] {scheduler_job.py:190} INFO - Processing /home/airflow/.local/lib/python3.6/site-packages/airflow/example_dags/example_branch_day_of_week_operator.py took 0.048 seconds
[2024-12-26 15:39:08,824] {scheduler_job.py:182} INFO - Started process (PID=1066) to work on /home/airflow/.local/lib/python3.6/site-packages/airflow/example_dags/example_branch_day_of_week_operator.py
[2024-12-26 15:39:08,827] {scheduler_job.py:633} INFO - Processing file /home/airflow/.local/lib/python3.6/site-packages/airflow/example_dags/example_branch_day_of_week_operator.py for tasks to queue
[2024-12-26 15:39:08,828] {logging_mixin.py:104} INFO - [2024-12-26 15:39:08,828] {dagbag.py:496} INFO - Filling up the DagBag from /home/airflow/.local/lib/python3.6/site-packages/airflow/example_dags/example_branch_day_of_week_operator.py
[2024-12-26 15:39:08,835] {scheduler_job.py:643} INFO - DAG(s) dict_keys(['example_weekday_branch_operator']) retrieved from /home/airflow/.local/lib/python3.6/site-packages/airflow/example_dags/example_branch_day_of_week_operator.py
[2024-12-26 15:39:08,850] {logging_mixin.py:104} INFO - [2024-12-26 15:39:08,850] {dag.py:1833} INFO - Sync 1 DAGs
[2024-12-26 15:39:08,862] {logging_mixin.py:104} INFO - [2024-12-26 15:39:08,861] {dag.py:2306} INFO - Setting next_dagrun for example_weekday_branch_operator to 2024-12-24 00:00:00+00:00
[2024-12-26 15:39:08,869] {scheduler_job.py:190} INFO - Processing /home/airflow/.local/lib/python3.6/site-packages/airflow/example_dags/example_branch_day_of_week_operator.py took 0.047 seconds
[2024-12-26 15:40:31,525] {scheduler_job.py:182} INFO - Started process (PID=48) to work on /home/airflow/.local/lib/python3.6/site-packages/airflow/example_dags/example_branch_day_of_week_operator.py
[2024-12-26 15:40:31,526] {scheduler_job.py:633} INFO - Processing file /home/airflow/.local/lib/python3.6/site-packages/airflow/example_dags/example_branch_day_of_week_operator.py for tasks to queue
[2024-12-26 15:40:31,527] {logging_mixin.py:104} INFO - [2024-12-26 15:40:31,527] {dagbag.py:496} INFO - Filling up the DagBag from /home/airflow/.local/lib/python3.6/site-packages/airflow/example_dags/example_branch_day_of_week_operator.py
[2024-12-26 15:40:31,534] {scheduler_job.py:643} INFO - DAG(s) dict_keys(['example_weekday_branch_operator']) retrieved from /home/airflow/.local/lib/python3.6/site-packages/airflow/example_dags/example_branch_day_of_week_operator.py
[2024-12-26 15:40:31,551] {logging_mixin.py:104} INFO - [2024-12-26 15:40:31,551] {dag.py:1833} INFO - Sync 1 DAGs
[2024-12-26 15:40:31,564] {logging_mixin.py:104} INFO - [2024-12-26 15:40:31,564] {dag.py:2306} INFO - Setting next_dagrun for example_weekday_branch_operator to 2024-12-24 00:00:00+00:00
[2024-12-26 15:40:31,576] {scheduler_job.py:190} INFO - Processing /home/airflow/.local/lib/python3.6/site-packages/airflow/example_dags/example_branch_day_of_week_operator.py took 0.053 seconds
[2024-12-26 15:41:02,288] {scheduler_job.py:182} INFO - Started process (PID=110) to work on /home/airflow/.local/lib/python3.6/site-packages/airflow/example_dags/example_branch_day_of_week_operator.py
[2024-12-26 15:41:02,289] {scheduler_job.py:633} INFO - Processing file /home/airflow/.local/lib/python3.6/site-packages/airflow/example_dags/example_branch_day_of_week_operator.py for tasks to queue
[2024-12-26 15:41:02,290] {logging_mixin.py:104} INFO - [2024-12-26 15:41:02,290] {dagbag.py:496} INFO - Filling up the DagBag from /home/airflow/.local/lib/python3.6/site-packages/airflow/example_dags/example_branch_day_of_week_operator.py
[2024-12-26 15:41:02,297] {scheduler_job.py:643} INFO - DAG(s) dict_keys(['example_weekday_branch_operator']) retrieved from /home/airflow/.local/lib/python3.6/site-packages/airflow/example_dags/example_branch_day_of_week_operator.py
[2024-12-26 15:41:02,311] {logging_mixin.py:104} INFO - [2024-12-26 15:41:02,311] {dag.py:1833} INFO - Sync 1 DAGs
[2024-12-26 15:41:02,323] {logging_mixin.py:104} INFO - [2024-12-26 15:41:02,323] {dag.py:2306} INFO - Setting next_dagrun for example_weekday_branch_operator to 2024-12-24 00:00:00+00:00
[2024-12-26 15:41:02,334] {scheduler_job.py:190} INFO - Processing /home/airflow/.local/lib/python3.6/site-packages/airflow/example_dags/example_branch_day_of_week_operator.py took 0.049 seconds
[2024-12-26 15:41:33,016] {scheduler_job.py:182} INFO - Started process (PID=162) to work on /home/airflow/.local/lib/python3.6/site-packages/airflow/example_dags/example_branch_day_of_week_operator.py
[2024-12-26 15:41:33,017] {scheduler_job.py:633} INFO - Processing file /home/airflow/.local/lib/python3.6/site-packages/airflow/example_dags/example_branch_day_of_week_operator.py for tasks to queue
[2024-12-26 15:41:33,017] {logging_mixin.py:104} INFO - [2024-12-26 15:41:33,017] {dagbag.py:496} INFO - Filling up the DagBag from /home/airflow/.local/lib/python3.6/site-packages/airflow/example_dags/example_branch_day_of_week_operator.py
[2024-12-26 15:41:33,025] {scheduler_job.py:643} INFO - DAG(s) dict_keys(['example_weekday_branch_operator']) retrieved from /home/airflow/.local/lib/python3.6/site-packages/airflow/example_dags/example_branch_day_of_week_operator.py
[2024-12-26 15:41:33,040] {logging_mixin.py:104} INFO - [2024-12-26 15:41:33,040] {dag.py:1833} INFO - Sync 1 DAGs
[2024-12-26 15:41:33,053] {logging_mixin.py:104} INFO - [2024-12-26 15:41:33,053] {dag.py:2306} INFO - Setting next_dagrun for example_weekday_branch_operator to 2024-12-24 00:00:00+00:00
[2024-12-26 15:41:33,064] {scheduler_job.py:190} INFO - Processing /home/airflow/.local/lib/python3.6/site-packages/airflow/example_dags/example_branch_day_of_week_operator.py took 0.051 seconds
[2024-12-26 15:42:03,699] {scheduler_job.py:182} INFO - Started process (PID=225) to work on /home/airflow/.local/lib/python3.6/site-packages/airflow/example_dags/example_branch_day_of_week_operator.py
[2024-12-26 15:42:03,700] {scheduler_job.py:633} INFO - Processing file /home/airflow/.local/lib/python3.6/site-packages/airflow/example_dags/example_branch_day_of_week_operator.py for tasks to queue
[2024-12-26 15:42:03,701] {logging_mixin.py:104} INFO - [2024-12-26 15:42:03,701] {dagbag.py:496} INFO - Filling up the DagBag from /home/airflow/.local/lib/python3.6/site-packages/airflow/example_dags/example_branch_day_of_week_operator.py
[2024-12-26 15:42:03,708] {scheduler_job.py:643} INFO - DAG(s) dict_keys(['example_weekday_branch_operator']) retrieved from /home/airflow/.local/lib/python3.6/site-packages/airflow/example_dags/example_branch_day_of_week_operator.py
[2024-12-26 15:42:03,723] {logging_mixin.py:104} INFO - [2024-12-26 15:42:03,723] {dag.py:1833} INFO - Sync 1 DAGs
[2024-12-26 15:42:03,734] {logging_mixin.py:104} INFO - [2024-12-26 15:42:03,734] {dag.py:2306} INFO - Setting next_dagrun for example_weekday_branch_operator to 2024-12-24 00:00:00+00:00
[2024-12-26 15:42:03,747] {scheduler_job.py:190} INFO - Processing /home/airflow/.local/lib/python3.6/site-packages/airflow/example_dags/example_branch_day_of_week_operator.py took 0.051 seconds
[2024-12-26 15:42:36,776] {scheduler_job.py:182} INFO - Started process (PID=48) to work on /home/airflow/.local/lib/python3.6/site-packages/airflow/example_dags/example_branch_day_of_week_operator.py
[2024-12-26 15:42:36,778] {scheduler_job.py:633} INFO - Processing file /home/airflow/.local/lib/python3.6/site-packages/airflow/example_dags/example_branch_day_of_week_operator.py for tasks to queue
[2024-12-26 15:42:36,779] {logging_mixin.py:104} INFO - [2024-12-26 15:42:36,779] {dagbag.py:496} INFO - Filling up the DagBag from /home/airflow/.local/lib/python3.6/site-packages/airflow/example_dags/example_branch_day_of_week_operator.py
[2024-12-26 15:42:36,789] {scheduler_job.py:643} INFO - DAG(s) dict_keys(['example_weekday_branch_operator']) retrieved from /home/airflow/.local/lib/python3.6/site-packages/airflow/example_dags/example_branch_day_of_week_operator.py
[2024-12-26 15:42:36,806] {logging_mixin.py:104} INFO - [2024-12-26 15:42:36,805] {dag.py:1833} INFO - Sync 1 DAGs
[2024-12-26 15:42:36,822] {logging_mixin.py:104} INFO - [2024-12-26 15:42:36,822] {dag.py:2306} INFO - Setting next_dagrun for example_weekday_branch_operator to 2024-12-24 00:00:00+00:00
[2024-12-26 15:42:36,840] {scheduler_job.py:190} INFO - Processing /home/airflow/.local/lib/python3.6/site-packages/airflow/example_dags/example_branch_day_of_week_operator.py took 0.066 seconds
[2024-12-26 15:43:07,667] {scheduler_job.py:182} INFO - Started process (PID=110) to work on /home/airflow/.local/lib/python3.6/site-packages/airflow/example_dags/example_branch_day_of_week_operator.py
[2024-12-26 15:43:07,668] {scheduler_job.py:633} INFO - Processing file /home/airflow/.local/lib/python3.6/site-packages/airflow/example_dags/example_branch_day_of_week_operator.py for tasks to queue
[2024-12-26 15:43:07,669] {logging_mixin.py:104} INFO - [2024-12-26 15:43:07,669] {dagbag.py:496} INFO - Filling up the DagBag from /home/airflow/.local/lib/python3.6/site-packages/airflow/example_dags/example_branch_day_of_week_operator.py
[2024-12-26 15:43:07,676] {scheduler_job.py:643} INFO - DAG(s) dict_keys(['example_weekday_branch_operator']) retrieved from /home/airflow/.local/lib/python3.6/site-packages/airflow/example_dags/example_branch_day_of_week_operator.py
[2024-12-26 15:43:07,690] {logging_mixin.py:104} INFO - [2024-12-26 15:43:07,690] {dag.py:1833} INFO - Sync 1 DAGs
[2024-12-26 15:43:07,700] {logging_mixin.py:104} INFO - [2024-12-26 15:43:07,700] {dag.py:2306} INFO - Setting next_dagrun for example_weekday_branch_operator to 2024-12-24 00:00:00+00:00
[2024-12-26 15:43:07,714] {scheduler_job.py:190} INFO - Processing /home/airflow/.local/lib/python3.6/site-packages/airflow/example_dags/example_branch_day_of_week_operator.py took 0.049 seconds
