[2024-12-26 15:32:28,351] {scheduler_job.py:182} INFO - Started process (PID=91) to work on /home/airflow/.local/lib/python3.6/site-packages/airflow/example_dags/example_task_group.py
[2024-12-26 15:32:28,353] {scheduler_job.py:633} INFO - Processing file /home/airflow/.local/lib/python3.6/site-packages/airflow/example_dags/example_task_group.py for tasks to queue
[2024-12-26 15:32:28,354] {logging_mixin.py:104} INFO - [2024-12-26 15:32:28,354] {dagbag.py:496} INFO - Filling up the DagBag from /home/airflow/.local/lib/python3.6/site-packages/airflow/example_dags/example_task_group.py
[2024-12-26 15:32:28,369] {scheduler_job.py:643} INFO - DAG(s) dict_keys(['example_task_group']) retrieved from /home/airflow/.local/lib/python3.6/site-packages/airflow/example_dags/example_task_group.py
[2024-12-26 15:32:29,838] {logging_mixin.py:104} INFO - [2024-12-26 15:32:29,838] {dag.py:1833} INFO - Sync 1 DAGs
[2024-12-26 15:32:29,847] {logging_mixin.py:104} INFO - [2024-12-26 15:32:29,846] {dag.py:1852} INFO - Creating ORM DAG for example_task_group
[2024-12-26 15:32:29,852] {logging_mixin.py:104} INFO - [2024-12-26 15:32:29,852] {dag.py:2306} INFO - Setting next_dagrun for example_task_group to 2024-12-24 00:00:00+00:00
[2024-12-26 15:32:29,865] {scheduler_job.py:190} INFO - Processing /home/airflow/.local/lib/python3.6/site-packages/airflow/example_dags/example_task_group.py took 1.519 seconds
[2024-12-26 15:33:00,610] {scheduler_job.py:182} INFO - Started process (PID=344) to work on /home/airflow/.local/lib/python3.6/site-packages/airflow/example_dags/example_task_group.py
[2024-12-26 15:33:00,612] {scheduler_job.py:633} INFO - Processing file /home/airflow/.local/lib/python3.6/site-packages/airflow/example_dags/example_task_group.py for tasks to queue
[2024-12-26 15:33:00,613] {logging_mixin.py:104} INFO - [2024-12-26 15:33:00,613] {dagbag.py:496} INFO - Filling up the DagBag from /home/airflow/.local/lib/python3.6/site-packages/airflow/example_dags/example_task_group.py
[2024-12-26 15:33:00,623] {scheduler_job.py:643} INFO - DAG(s) dict_keys(['example_task_group']) retrieved from /home/airflow/.local/lib/python3.6/site-packages/airflow/example_dags/example_task_group.py
[2024-12-26 15:33:00,639] {logging_mixin.py:104} INFO - [2024-12-26 15:33:00,639] {dag.py:1833} INFO - Sync 1 DAGs
[2024-12-26 15:33:00,650] {logging_mixin.py:104} INFO - [2024-12-26 15:33:00,650] {dag.py:2306} INFO - Setting next_dagrun for example_task_group to 2024-12-24 00:00:00+00:00
[2024-12-26 15:33:00,659] {scheduler_job.py:190} INFO - Processing /home/airflow/.local/lib/python3.6/site-packages/airflow/example_dags/example_task_group.py took 0.051 seconds
[2024-12-26 15:33:30,929] {scheduler_job.py:182} INFO - Started process (PID=406) to work on /home/airflow/.local/lib/python3.6/site-packages/airflow/example_dags/example_task_group.py
[2024-12-26 15:33:30,930] {scheduler_job.py:633} INFO - Processing file /home/airflow/.local/lib/python3.6/site-packages/airflow/example_dags/example_task_group.py for tasks to queue
[2024-12-26 15:33:30,931] {logging_mixin.py:104} INFO - [2024-12-26 15:33:30,931] {dagbag.py:496} INFO - Filling up the DagBag from /home/airflow/.local/lib/python3.6/site-packages/airflow/example_dags/example_task_group.py
[2024-12-26 15:33:30,940] {scheduler_job.py:643} INFO - DAG(s) dict_keys(['example_task_group']) retrieved from /home/airflow/.local/lib/python3.6/site-packages/airflow/example_dags/example_task_group.py
[2024-12-26 15:33:30,955] {logging_mixin.py:104} INFO - [2024-12-26 15:33:30,955] {dag.py:1833} INFO - Sync 1 DAGs
[2024-12-26 15:33:30,965] {logging_mixin.py:104} INFO - [2024-12-26 15:33:30,965] {dag.py:2306} INFO - Setting next_dagrun for example_task_group to 2024-12-24 00:00:00+00:00
[2024-12-26 15:33:30,979] {scheduler_job.py:190} INFO - Processing /home/airflow/.local/lib/python3.6/site-packages/airflow/example_dags/example_task_group.py took 0.052 seconds
[2024-12-26 15:34:01,153] {scheduler_job.py:182} INFO - Started process (PID=468) to work on /home/airflow/.local/lib/python3.6/site-packages/airflow/example_dags/example_task_group.py
[2024-12-26 15:34:01,154] {scheduler_job.py:633} INFO - Processing file /home/airflow/.local/lib/python3.6/site-packages/airflow/example_dags/example_task_group.py for tasks to queue
[2024-12-26 15:34:01,155] {logging_mixin.py:104} INFO - [2024-12-26 15:34:01,155] {dagbag.py:496} INFO - Filling up the DagBag from /home/airflow/.local/lib/python3.6/site-packages/airflow/example_dags/example_task_group.py
[2024-12-26 15:34:01,167] {scheduler_job.py:643} INFO - DAG(s) dict_keys(['example_task_group']) retrieved from /home/airflow/.local/lib/python3.6/site-packages/airflow/example_dags/example_task_group.py
[2024-12-26 15:34:01,193] {logging_mixin.py:104} INFO - [2024-12-26 15:34:01,193] {dag.py:1833} INFO - Sync 1 DAGs
[2024-12-26 15:34:01,207] {logging_mixin.py:104} INFO - [2024-12-26 15:34:01,206] {dag.py:2306} INFO - Setting next_dagrun for example_task_group to 2024-12-24 00:00:00+00:00
[2024-12-26 15:34:01,222] {scheduler_job.py:190} INFO - Processing /home/airflow/.local/lib/python3.6/site-packages/airflow/example_dags/example_task_group.py took 0.072 seconds
[2024-12-26 15:34:31,300] {scheduler_job.py:182} INFO - Started process (PID=520) to work on /home/airflow/.local/lib/python3.6/site-packages/airflow/example_dags/example_task_group.py
[2024-12-26 15:34:31,301] {scheduler_job.py:633} INFO - Processing file /home/airflow/.local/lib/python3.6/site-packages/airflow/example_dags/example_task_group.py for tasks to queue
[2024-12-26 15:34:31,302] {logging_mixin.py:104} INFO - [2024-12-26 15:34:31,302] {dagbag.py:496} INFO - Filling up the DagBag from /home/airflow/.local/lib/python3.6/site-packages/airflow/example_dags/example_task_group.py
[2024-12-26 15:34:31,311] {scheduler_job.py:643} INFO - DAG(s) dict_keys(['example_task_group']) retrieved from /home/airflow/.local/lib/python3.6/site-packages/airflow/example_dags/example_task_group.py
[2024-12-26 15:34:31,325] {logging_mixin.py:104} INFO - [2024-12-26 15:34:31,325] {dag.py:1833} INFO - Sync 1 DAGs
[2024-12-26 15:34:31,334] {logging_mixin.py:104} INFO - [2024-12-26 15:34:31,334] {dag.py:2306} INFO - Setting next_dagrun for example_task_group to 2024-12-24 00:00:00+00:00
[2024-12-26 15:34:31,348] {scheduler_job.py:190} INFO - Processing /home/airflow/.local/lib/python3.6/site-packages/airflow/example_dags/example_task_group.py took 0.049 seconds
[2024-12-26 15:35:01,444] {scheduler_job.py:182} INFO - Started process (PID=582) to work on /home/airflow/.local/lib/python3.6/site-packages/airflow/example_dags/example_task_group.py
[2024-12-26 15:35:01,445] {scheduler_job.py:633} INFO - Processing file /home/airflow/.local/lib/python3.6/site-packages/airflow/example_dags/example_task_group.py for tasks to queue
[2024-12-26 15:35:01,445] {logging_mixin.py:104} INFO - [2024-12-26 15:35:01,445] {dagbag.py:496} INFO - Filling up the DagBag from /home/airflow/.local/lib/python3.6/site-packages/airflow/example_dags/example_task_group.py
[2024-12-26 15:35:01,454] {scheduler_job.py:643} INFO - DAG(s) dict_keys(['example_task_group']) retrieved from /home/airflow/.local/lib/python3.6/site-packages/airflow/example_dags/example_task_group.py
[2024-12-26 15:35:01,468] {logging_mixin.py:104} INFO - [2024-12-26 15:35:01,468] {dag.py:1833} INFO - Sync 1 DAGs
[2024-12-26 15:35:01,478] {logging_mixin.py:104} INFO - [2024-12-26 15:35:01,478] {dag.py:2306} INFO - Setting next_dagrun for example_task_group to 2024-12-24 00:00:00+00:00
[2024-12-26 15:35:01,486] {scheduler_job.py:190} INFO - Processing /home/airflow/.local/lib/python3.6/site-packages/airflow/example_dags/example_task_group.py took 0.045 seconds
[2024-12-26 15:35:31,850] {scheduler_job.py:182} INFO - Started process (PID=644) to work on /home/airflow/.local/lib/python3.6/site-packages/airflow/example_dags/example_task_group.py
[2024-12-26 15:35:31,851] {scheduler_job.py:633} INFO - Processing file /home/airflow/.local/lib/python3.6/site-packages/airflow/example_dags/example_task_group.py for tasks to queue
[2024-12-26 15:35:31,852] {logging_mixin.py:104} INFO - [2024-12-26 15:35:31,852] {dagbag.py:496} INFO - Filling up the DagBag from /home/airflow/.local/lib/python3.6/site-packages/airflow/example_dags/example_task_group.py
[2024-12-26 15:35:31,862] {scheduler_job.py:643} INFO - DAG(s) dict_keys(['example_task_group']) retrieved from /home/airflow/.local/lib/python3.6/site-packages/airflow/example_dags/example_task_group.py
[2024-12-26 15:35:31,877] {logging_mixin.py:104} INFO - [2024-12-26 15:35:31,877] {dag.py:1833} INFO - Sync 1 DAGs
[2024-12-26 15:35:31,887] {logging_mixin.py:104} INFO - [2024-12-26 15:35:31,887] {dag.py:2306} INFO - Setting next_dagrun for example_task_group to 2024-12-24 00:00:00+00:00
[2024-12-26 15:35:31,899] {scheduler_job.py:190} INFO - Processing /home/airflow/.local/lib/python3.6/site-packages/airflow/example_dags/example_task_group.py took 0.051 seconds
[2024-12-26 15:36:02,220] {scheduler_job.py:182} INFO - Started process (PID=696) to work on /home/airflow/.local/lib/python3.6/site-packages/airflow/example_dags/example_task_group.py
[2024-12-26 15:36:02,221] {scheduler_job.py:633} INFO - Processing file /home/airflow/.local/lib/python3.6/site-packages/airflow/example_dags/example_task_group.py for tasks to queue
[2024-12-26 15:36:02,222] {logging_mixin.py:104} INFO - [2024-12-26 15:36:02,222] {dagbag.py:496} INFO - Filling up the DagBag from /home/airflow/.local/lib/python3.6/site-packages/airflow/example_dags/example_task_group.py
[2024-12-26 15:36:02,231] {scheduler_job.py:643} INFO - DAG(s) dict_keys(['example_task_group']) retrieved from /home/airflow/.local/lib/python3.6/site-packages/airflow/example_dags/example_task_group.py
[2024-12-26 15:36:02,246] {logging_mixin.py:104} INFO - [2024-12-26 15:36:02,246] {dag.py:1833} INFO - Sync 1 DAGs
[2024-12-26 15:36:02,255] {logging_mixin.py:104} INFO - [2024-12-26 15:36:02,255] {dag.py:2306} INFO - Setting next_dagrun for example_task_group to 2024-12-24 00:00:00+00:00
[2024-12-26 15:36:02,266] {scheduler_job.py:190} INFO - Processing /home/airflow/.local/lib/python3.6/site-packages/airflow/example_dags/example_task_group.py took 0.048 seconds
[2024-12-26 15:36:32,512] {scheduler_job.py:182} INFO - Started process (PID=760) to work on /home/airflow/.local/lib/python3.6/site-packages/airflow/example_dags/example_task_group.py
[2024-12-26 15:36:32,513] {scheduler_job.py:633} INFO - Processing file /home/airflow/.local/lib/python3.6/site-packages/airflow/example_dags/example_task_group.py for tasks to queue
[2024-12-26 15:36:32,514] {logging_mixin.py:104} INFO - [2024-12-26 15:36:32,514] {dagbag.py:496} INFO - Filling up the DagBag from /home/airflow/.local/lib/python3.6/site-packages/airflow/example_dags/example_task_group.py
[2024-12-26 15:36:32,523] {scheduler_job.py:643} INFO - DAG(s) dict_keys(['example_task_group']) retrieved from /home/airflow/.local/lib/python3.6/site-packages/airflow/example_dags/example_task_group.py
[2024-12-26 15:36:32,538] {logging_mixin.py:104} INFO - [2024-12-26 15:36:32,538] {dag.py:1833} INFO - Sync 1 DAGs
[2024-12-26 15:36:32,548] {logging_mixin.py:104} INFO - [2024-12-26 15:36:32,548] {dag.py:2306} INFO - Setting next_dagrun for example_task_group to 2024-12-24 00:00:00+00:00
[2024-12-26 15:36:32,557] {scheduler_job.py:190} INFO - Processing /home/airflow/.local/lib/python3.6/site-packages/airflow/example_dags/example_task_group.py took 0.047 seconds
[2024-12-26 15:37:03,094] {scheduler_job.py:182} INFO - Started process (PID=822) to work on /home/airflow/.local/lib/python3.6/site-packages/airflow/example_dags/example_task_group.py
[2024-12-26 15:37:03,095] {scheduler_job.py:633} INFO - Processing file /home/airflow/.local/lib/python3.6/site-packages/airflow/example_dags/example_task_group.py for tasks to queue
[2024-12-26 15:37:03,096] {logging_mixin.py:104} INFO - [2024-12-26 15:37:03,096] {dagbag.py:496} INFO - Filling up the DagBag from /home/airflow/.local/lib/python3.6/site-packages/airflow/example_dags/example_task_group.py
[2024-12-26 15:37:03,105] {scheduler_job.py:643} INFO - DAG(s) dict_keys(['example_task_group']) retrieved from /home/airflow/.local/lib/python3.6/site-packages/airflow/example_dags/example_task_group.py
[2024-12-26 15:37:03,120] {logging_mixin.py:104} INFO - [2024-12-26 15:37:03,120] {dag.py:1833} INFO - Sync 1 DAGs
[2024-12-26 15:37:03,130] {logging_mixin.py:104} INFO - [2024-12-26 15:37:03,130] {dag.py:2306} INFO - Setting next_dagrun for example_task_group to 2024-12-24 00:00:00+00:00
[2024-12-26 15:37:03,139] {scheduler_job.py:190} INFO - Processing /home/airflow/.local/lib/python3.6/site-packages/airflow/example_dags/example_task_group.py took 0.047 seconds
[2024-12-26 15:37:33,538] {scheduler_job.py:182} INFO - Started process (PID=884) to work on /home/airflow/.local/lib/python3.6/site-packages/airflow/example_dags/example_task_group.py
[2024-12-26 15:37:33,539] {scheduler_job.py:633} INFO - Processing file /home/airflow/.local/lib/python3.6/site-packages/airflow/example_dags/example_task_group.py for tasks to queue
[2024-12-26 15:37:33,540] {logging_mixin.py:104} INFO - [2024-12-26 15:37:33,540] {dagbag.py:496} INFO - Filling up the DagBag from /home/airflow/.local/lib/python3.6/site-packages/airflow/example_dags/example_task_group.py
[2024-12-26 15:37:33,548] {scheduler_job.py:643} INFO - DAG(s) dict_keys(['example_task_group']) retrieved from /home/airflow/.local/lib/python3.6/site-packages/airflow/example_dags/example_task_group.py
[2024-12-26 15:37:33,564] {logging_mixin.py:104} INFO - [2024-12-26 15:37:33,564] {dag.py:1833} INFO - Sync 1 DAGs
[2024-12-26 15:37:33,574] {logging_mixin.py:104} INFO - [2024-12-26 15:37:33,574] {dag.py:2306} INFO - Setting next_dagrun for example_task_group to 2024-12-24 00:00:00+00:00
[2024-12-26 15:37:33,582] {scheduler_job.py:190} INFO - Processing /home/airflow/.local/lib/python3.6/site-packages/airflow/example_dags/example_task_group.py took 0.047 seconds
[2024-12-26 15:38:03,864] {scheduler_job.py:182} INFO - Started process (PID=936) to work on /home/airflow/.local/lib/python3.6/site-packages/airflow/example_dags/example_task_group.py
[2024-12-26 15:38:03,865] {scheduler_job.py:633} INFO - Processing file /home/airflow/.local/lib/python3.6/site-packages/airflow/example_dags/example_task_group.py for tasks to queue
[2024-12-26 15:38:03,866] {logging_mixin.py:104} INFO - [2024-12-26 15:38:03,866] {dagbag.py:496} INFO - Filling up the DagBag from /home/airflow/.local/lib/python3.6/site-packages/airflow/example_dags/example_task_group.py
[2024-12-26 15:38:03,875] {scheduler_job.py:643} INFO - DAG(s) dict_keys(['example_task_group']) retrieved from /home/airflow/.local/lib/python3.6/site-packages/airflow/example_dags/example_task_group.py
[2024-12-26 15:38:03,889] {logging_mixin.py:104} INFO - [2024-12-26 15:38:03,889] {dag.py:1833} INFO - Sync 1 DAGs
[2024-12-26 15:38:03,899] {logging_mixin.py:104} INFO - [2024-12-26 15:38:03,899] {dag.py:2306} INFO - Setting next_dagrun for example_task_group to 2024-12-24 00:00:00+00:00
[2024-12-26 15:38:03,907] {scheduler_job.py:190} INFO - Processing /home/airflow/.local/lib/python3.6/site-packages/airflow/example_dags/example_task_group.py took 0.046 seconds
[2024-12-26 15:38:34,170] {scheduler_job.py:182} INFO - Started process (PID=998) to work on /home/airflow/.local/lib/python3.6/site-packages/airflow/example_dags/example_task_group.py
[2024-12-26 15:38:34,172] {scheduler_job.py:633} INFO - Processing file /home/airflow/.local/lib/python3.6/site-packages/airflow/example_dags/example_task_group.py for tasks to queue
[2024-12-26 15:38:34,172] {logging_mixin.py:104} INFO - [2024-12-26 15:38:34,172] {dagbag.py:496} INFO - Filling up the DagBag from /home/airflow/.local/lib/python3.6/site-packages/airflow/example_dags/example_task_group.py
[2024-12-26 15:38:34,181] {scheduler_job.py:643} INFO - DAG(s) dict_keys(['example_task_group']) retrieved from /home/airflow/.local/lib/python3.6/site-packages/airflow/example_dags/example_task_group.py
[2024-12-26 15:38:34,194] {logging_mixin.py:104} INFO - [2024-12-26 15:38:34,194] {dag.py:1833} INFO - Sync 1 DAGs
[2024-12-26 15:38:34,204] {logging_mixin.py:104} INFO - [2024-12-26 15:38:34,204] {dag.py:2306} INFO - Setting next_dagrun for example_task_group to 2024-12-24 00:00:00+00:00
[2024-12-26 15:38:34,214] {scheduler_job.py:190} INFO - Processing /home/airflow/.local/lib/python3.6/site-packages/airflow/example_dags/example_task_group.py took 0.046 seconds
[2024-12-26 15:39:04,654] {scheduler_job.py:182} INFO - Started process (PID=1060) to work on /home/airflow/.local/lib/python3.6/site-packages/airflow/example_dags/example_task_group.py
[2024-12-26 15:39:04,655] {scheduler_job.py:633} INFO - Processing file /home/airflow/.local/lib/python3.6/site-packages/airflow/example_dags/example_task_group.py for tasks to queue
[2024-12-26 15:39:04,656] {logging_mixin.py:104} INFO - [2024-12-26 15:39:04,656] {dagbag.py:496} INFO - Filling up the DagBag from /home/airflow/.local/lib/python3.6/site-packages/airflow/example_dags/example_task_group.py
[2024-12-26 15:39:04,664] {scheduler_job.py:643} INFO - DAG(s) dict_keys(['example_task_group']) retrieved from /home/airflow/.local/lib/python3.6/site-packages/airflow/example_dags/example_task_group.py
[2024-12-26 15:39:04,679] {logging_mixin.py:104} INFO - [2024-12-26 15:39:04,679] {dag.py:1833} INFO - Sync 1 DAGs
[2024-12-26 15:39:04,689] {logging_mixin.py:104} INFO - [2024-12-26 15:39:04,689] {dag.py:2306} INFO - Setting next_dagrun for example_task_group to 2024-12-24 00:00:00+00:00
[2024-12-26 15:39:04,699] {scheduler_job.py:190} INFO - Processing /home/airflow/.local/lib/python3.6/site-packages/airflow/example_dags/example_task_group.py took 0.047 seconds
[2024-12-26 15:40:31,135] {scheduler_job.py:182} INFO - Started process (PID=42) to work on /home/airflow/.local/lib/python3.6/site-packages/airflow/example_dags/example_task_group.py
[2024-12-26 15:40:31,136] {scheduler_job.py:633} INFO - Processing file /home/airflow/.local/lib/python3.6/site-packages/airflow/example_dags/example_task_group.py for tasks to queue
[2024-12-26 15:40:31,137] {logging_mixin.py:104} INFO - [2024-12-26 15:40:31,137] {dagbag.py:496} INFO - Filling up the DagBag from /home/airflow/.local/lib/python3.6/site-packages/airflow/example_dags/example_task_group.py
[2024-12-26 15:40:31,147] {scheduler_job.py:643} INFO - DAG(s) dict_keys(['example_task_group']) retrieved from /home/airflow/.local/lib/python3.6/site-packages/airflow/example_dags/example_task_group.py
[2024-12-26 15:40:31,298] {logging_mixin.py:104} INFO - [2024-12-26 15:40:31,298] {dag.py:1833} INFO - Sync 1 DAGs
[2024-12-26 15:40:31,312] {logging_mixin.py:104} INFO - [2024-12-26 15:40:31,312] {dag.py:2306} INFO - Setting next_dagrun for example_task_group to 2024-12-24 00:00:00+00:00
[2024-12-26 15:40:31,327] {scheduler_job.py:190} INFO - Processing /home/airflow/.local/lib/python3.6/site-packages/airflow/example_dags/example_task_group.py took 0.194 seconds
[2024-12-26 15:41:02,028] {scheduler_job.py:182} INFO - Started process (PID=104) to work on /home/airflow/.local/lib/python3.6/site-packages/airflow/example_dags/example_task_group.py
[2024-12-26 15:41:02,029] {scheduler_job.py:633} INFO - Processing file /home/airflow/.local/lib/python3.6/site-packages/airflow/example_dags/example_task_group.py for tasks to queue
[2024-12-26 15:41:02,030] {logging_mixin.py:104} INFO - [2024-12-26 15:41:02,030] {dagbag.py:496} INFO - Filling up the DagBag from /home/airflow/.local/lib/python3.6/site-packages/airflow/example_dags/example_task_group.py
[2024-12-26 15:41:02,042] {scheduler_job.py:643} INFO - DAG(s) dict_keys(['example_task_group']) retrieved from /home/airflow/.local/lib/python3.6/site-packages/airflow/example_dags/example_task_group.py
[2024-12-26 15:41:02,056] {logging_mixin.py:104} INFO - [2024-12-26 15:41:02,056] {dag.py:1833} INFO - Sync 1 DAGs
[2024-12-26 15:41:02,067] {logging_mixin.py:104} INFO - [2024-12-26 15:41:02,066] {dag.py:2306} INFO - Setting next_dagrun for example_task_group to 2024-12-24 00:00:00+00:00
[2024-12-26 15:41:02,079] {scheduler_job.py:190} INFO - Processing /home/airflow/.local/lib/python3.6/site-packages/airflow/example_dags/example_task_group.py took 0.053 seconds
[2024-12-26 15:41:32,749] {scheduler_job.py:182} INFO - Started process (PID=156) to work on /home/airflow/.local/lib/python3.6/site-packages/airflow/example_dags/example_task_group.py
[2024-12-26 15:41:32,750] {scheduler_job.py:633} INFO - Processing file /home/airflow/.local/lib/python3.6/site-packages/airflow/example_dags/example_task_group.py for tasks to queue
[2024-12-26 15:41:32,751] {logging_mixin.py:104} INFO - [2024-12-26 15:41:32,751] {dagbag.py:496} INFO - Filling up the DagBag from /home/airflow/.local/lib/python3.6/site-packages/airflow/example_dags/example_task_group.py
[2024-12-26 15:41:32,761] {scheduler_job.py:643} INFO - DAG(s) dict_keys(['example_task_group']) retrieved from /home/airflow/.local/lib/python3.6/site-packages/airflow/example_dags/example_task_group.py
[2024-12-26 15:41:32,776] {logging_mixin.py:104} INFO - [2024-12-26 15:41:32,776] {dag.py:1833} INFO - Sync 1 DAGs
[2024-12-26 15:41:32,788] {logging_mixin.py:104} INFO - [2024-12-26 15:41:32,788] {dag.py:2306} INFO - Setting next_dagrun for example_task_group to 2024-12-24 00:00:00+00:00
[2024-12-26 15:41:32,798] {scheduler_job.py:190} INFO - Processing /home/airflow/.local/lib/python3.6/site-packages/airflow/example_dags/example_task_group.py took 0.051 seconds
[2024-12-26 15:42:03,430] {scheduler_job.py:182} INFO - Started process (PID=219) to work on /home/airflow/.local/lib/python3.6/site-packages/airflow/example_dags/example_task_group.py
[2024-12-26 15:42:03,431] {scheduler_job.py:633} INFO - Processing file /home/airflow/.local/lib/python3.6/site-packages/airflow/example_dags/example_task_group.py for tasks to queue
[2024-12-26 15:42:03,432] {logging_mixin.py:104} INFO - [2024-12-26 15:42:03,432] {dagbag.py:496} INFO - Filling up the DagBag from /home/airflow/.local/lib/python3.6/site-packages/airflow/example_dags/example_task_group.py
[2024-12-26 15:42:03,441] {scheduler_job.py:643} INFO - DAG(s) dict_keys(['example_task_group']) retrieved from /home/airflow/.local/lib/python3.6/site-packages/airflow/example_dags/example_task_group.py
[2024-12-26 15:42:03,456] {logging_mixin.py:104} INFO - [2024-12-26 15:42:03,456] {dag.py:1833} INFO - Sync 1 DAGs
[2024-12-26 15:42:03,465] {logging_mixin.py:104} INFO - [2024-12-26 15:42:03,465] {dag.py:2306} INFO - Setting next_dagrun for example_task_group to 2024-12-24 00:00:00+00:00
[2024-12-26 15:42:03,475] {scheduler_job.py:190} INFO - Processing /home/airflow/.local/lib/python3.6/site-packages/airflow/example_dags/example_task_group.py took 0.047 seconds
[2024-12-26 15:42:36,364] {scheduler_job.py:182} INFO - Started process (PID=42) to work on /home/airflow/.local/lib/python3.6/site-packages/airflow/example_dags/example_task_group.py
[2024-12-26 15:42:36,365] {scheduler_job.py:633} INFO - Processing file /home/airflow/.local/lib/python3.6/site-packages/airflow/example_dags/example_task_group.py for tasks to queue
[2024-12-26 15:42:36,366] {logging_mixin.py:104} INFO - [2024-12-26 15:42:36,366] {dagbag.py:496} INFO - Filling up the DagBag from /home/airflow/.local/lib/python3.6/site-packages/airflow/example_dags/example_task_group.py
[2024-12-26 15:42:36,377] {scheduler_job.py:643} INFO - DAG(s) dict_keys(['example_task_group']) retrieved from /home/airflow/.local/lib/python3.6/site-packages/airflow/example_dags/example_task_group.py
[2024-12-26 15:42:36,565] {logging_mixin.py:104} INFO - [2024-12-26 15:42:36,565] {dag.py:1833} INFO - Sync 1 DAGs
[2024-12-26 15:42:36,577] {logging_mixin.py:104} INFO - [2024-12-26 15:42:36,577] {dag.py:2306} INFO - Setting next_dagrun for example_task_group to 2024-12-24 00:00:00+00:00
[2024-12-26 15:42:36,594] {scheduler_job.py:190} INFO - Processing /home/airflow/.local/lib/python3.6/site-packages/airflow/example_dags/example_task_group.py took 0.234 seconds
[2024-12-26 15:43:07,251] {scheduler_job.py:182} INFO - Started process (PID=104) to work on /home/airflow/.local/lib/python3.6/site-packages/airflow/example_dags/example_task_group.py
[2024-12-26 15:43:07,252] {scheduler_job.py:633} INFO - Processing file /home/airflow/.local/lib/python3.6/site-packages/airflow/example_dags/example_task_group.py for tasks to queue
[2024-12-26 15:43:07,253] {logging_mixin.py:104} INFO - [2024-12-26 15:43:07,253] {dagbag.py:496} INFO - Filling up the DagBag from /home/airflow/.local/lib/python3.6/site-packages/airflow/example_dags/example_task_group.py
[2024-12-26 15:43:07,262] {scheduler_job.py:643} INFO - DAG(s) dict_keys(['example_task_group']) retrieved from /home/airflow/.local/lib/python3.6/site-packages/airflow/example_dags/example_task_group.py
[2024-12-26 15:43:07,276] {logging_mixin.py:104} INFO - [2024-12-26 15:43:07,276] {dag.py:1833} INFO - Sync 1 DAGs
[2024-12-26 15:43:07,285] {logging_mixin.py:104} INFO - [2024-12-26 15:43:07,285] {dag.py:2306} INFO - Setting next_dagrun for example_task_group to 2024-12-24 00:00:00+00:00
[2024-12-26 15:43:07,298] {scheduler_job.py:190} INFO - Processing /home/airflow/.local/lib/python3.6/site-packages/airflow/example_dags/example_task_group.py took 0.049 seconds
