[2024-12-26 15:32:39,588] {scheduler_job.py:182} INFO - Started process (PID=227) to work on /home/airflow/.local/lib/python3.6/site-packages/airflow/example_dags/example_trigger_target_dag.py
[2024-12-26 15:32:39,589] {scheduler_job.py:633} INFO - Processing file /home/airflow/.local/lib/python3.6/site-packages/airflow/example_dags/example_trigger_target_dag.py for tasks to queue
[2024-12-26 15:32:39,590] {logging_mixin.py:104} INFO - [2024-12-26 15:32:39,590] {dagbag.py:496} INFO - Filling up the DagBag from /home/airflow/.local/lib/python3.6/site-packages/airflow/example_dags/example_trigger_target_dag.py
[2024-12-26 15:32:39,605] {scheduler_job.py:643} INFO - DAG(s) dict_keys(['example_trigger_target_dag']) retrieved from /home/airflow/.local/lib/python3.6/site-packages/airflow/example_dags/example_trigger_target_dag.py
[2024-12-26 15:32:41,019] {logging_mixin.py:104} INFO - [2024-12-26 15:32:41,019] {dag.py:1833} INFO - Sync 1 DAGs
[2024-12-26 15:32:41,027] {logging_mixin.py:104} INFO - [2024-12-26 15:32:41,026] {dag.py:1852} INFO - Creating ORM DAG for example_trigger_target_dag
[2024-12-26 15:32:41,031] {logging_mixin.py:104} INFO - [2024-12-26 15:32:41,031] {dag.py:2306} INFO - Setting next_dagrun for example_trigger_target_dag to None
[2024-12-26 15:32:41,042] {scheduler_job.py:190} INFO - Processing /home/airflow/.local/lib/python3.6/site-packages/airflow/example_dags/example_trigger_target_dag.py took 1.458 seconds
[2024-12-26 15:33:11,082] {scheduler_job.py:182} INFO - Started process (PID=368) to work on /home/airflow/.local/lib/python3.6/site-packages/airflow/example_dags/example_trigger_target_dag.py
[2024-12-26 15:33:11,084] {scheduler_job.py:633} INFO - Processing file /home/airflow/.local/lib/python3.6/site-packages/airflow/example_dags/example_trigger_target_dag.py for tasks to queue
[2024-12-26 15:33:11,085] {logging_mixin.py:104} INFO - [2024-12-26 15:33:11,085] {dagbag.py:496} INFO - Filling up the DagBag from /home/airflow/.local/lib/python3.6/site-packages/airflow/example_dags/example_trigger_target_dag.py
[2024-12-26 15:33:11,093] {scheduler_job.py:643} INFO - DAG(s) dict_keys(['example_trigger_target_dag']) retrieved from /home/airflow/.local/lib/python3.6/site-packages/airflow/example_dags/example_trigger_target_dag.py
[2024-12-26 15:33:11,109] {logging_mixin.py:104} INFO - [2024-12-26 15:33:11,109] {dag.py:1833} INFO - Sync 1 DAGs
[2024-12-26 15:33:11,121] {logging_mixin.py:104} INFO - [2024-12-26 15:33:11,121] {dag.py:2306} INFO - Setting next_dagrun for example_trigger_target_dag to None
[2024-12-26 15:33:11,128] {scheduler_job.py:190} INFO - Processing /home/airflow/.local/lib/python3.6/site-packages/airflow/example_dags/example_trigger_target_dag.py took 0.048 seconds
[2024-12-26 15:33:41,406] {scheduler_job.py:182} INFO - Started process (PID=430) to work on /home/airflow/.local/lib/python3.6/site-packages/airflow/example_dags/example_trigger_target_dag.py
[2024-12-26 15:33:41,407] {scheduler_job.py:633} INFO - Processing file /home/airflow/.local/lib/python3.6/site-packages/airflow/example_dags/example_trigger_target_dag.py for tasks to queue
[2024-12-26 15:33:41,407] {logging_mixin.py:104} INFO - [2024-12-26 15:33:41,407] {dagbag.py:496} INFO - Filling up the DagBag from /home/airflow/.local/lib/python3.6/site-packages/airflow/example_dags/example_trigger_target_dag.py
[2024-12-26 15:33:41,417] {scheduler_job.py:643} INFO - DAG(s) dict_keys(['example_trigger_target_dag']) retrieved from /home/airflow/.local/lib/python3.6/site-packages/airflow/example_dags/example_trigger_target_dag.py
[2024-12-26 15:33:41,434] {logging_mixin.py:104} INFO - [2024-12-26 15:33:41,434] {dag.py:1833} INFO - Sync 1 DAGs
[2024-12-26 15:33:41,444] {logging_mixin.py:104} INFO - [2024-12-26 15:33:41,444] {dag.py:2306} INFO - Setting next_dagrun for example_trigger_target_dag to None
[2024-12-26 15:33:41,454] {scheduler_job.py:190} INFO - Processing /home/airflow/.local/lib/python3.6/site-packages/airflow/example_dags/example_trigger_target_dag.py took 0.050 seconds
[2024-12-26 15:34:11,667] {scheduler_job.py:182} INFO - Started process (PID=492) to work on /home/airflow/.local/lib/python3.6/site-packages/airflow/example_dags/example_trigger_target_dag.py
[2024-12-26 15:34:11,668] {scheduler_job.py:633} INFO - Processing file /home/airflow/.local/lib/python3.6/site-packages/airflow/example_dags/example_trigger_target_dag.py for tasks to queue
[2024-12-26 15:34:11,669] {logging_mixin.py:104} INFO - [2024-12-26 15:34:11,669] {dagbag.py:496} INFO - Filling up the DagBag from /home/airflow/.local/lib/python3.6/site-packages/airflow/example_dags/example_trigger_target_dag.py
[2024-12-26 15:34:11,677] {scheduler_job.py:643} INFO - DAG(s) dict_keys(['example_trigger_target_dag']) retrieved from /home/airflow/.local/lib/python3.6/site-packages/airflow/example_dags/example_trigger_target_dag.py
[2024-12-26 15:34:11,691] {logging_mixin.py:104} INFO - [2024-12-26 15:34:11,691] {dag.py:1833} INFO - Sync 1 DAGs
[2024-12-26 15:34:11,703] {logging_mixin.py:104} INFO - [2024-12-26 15:34:11,703] {dag.py:2306} INFO - Setting next_dagrun for example_trigger_target_dag to None
[2024-12-26 15:34:11,719] {scheduler_job.py:190} INFO - Processing /home/airflow/.local/lib/python3.6/site-packages/airflow/example_dags/example_trigger_target_dag.py took 0.055 seconds
[2024-12-26 15:34:41,873] {scheduler_job.py:182} INFO - Started process (PID=544) to work on /home/airflow/.local/lib/python3.6/site-packages/airflow/example_dags/example_trigger_target_dag.py
[2024-12-26 15:34:41,874] {scheduler_job.py:633} INFO - Processing file /home/airflow/.local/lib/python3.6/site-packages/airflow/example_dags/example_trigger_target_dag.py for tasks to queue
[2024-12-26 15:34:41,875] {logging_mixin.py:104} INFO - [2024-12-26 15:34:41,875] {dagbag.py:496} INFO - Filling up the DagBag from /home/airflow/.local/lib/python3.6/site-packages/airflow/example_dags/example_trigger_target_dag.py
[2024-12-26 15:34:41,885] {scheduler_job.py:643} INFO - DAG(s) dict_keys(['example_trigger_target_dag']) retrieved from /home/airflow/.local/lib/python3.6/site-packages/airflow/example_dags/example_trigger_target_dag.py
[2024-12-26 15:34:41,902] {logging_mixin.py:104} INFO - [2024-12-26 15:34:41,902] {dag.py:1833} INFO - Sync 1 DAGs
[2024-12-26 15:34:41,915] {logging_mixin.py:104} INFO - [2024-12-26 15:34:41,914] {dag.py:2306} INFO - Setting next_dagrun for example_trigger_target_dag to None
[2024-12-26 15:34:41,924] {scheduler_job.py:190} INFO - Processing /home/airflow/.local/lib/python3.6/site-packages/airflow/example_dags/example_trigger_target_dag.py took 0.053 seconds
[2024-12-26 15:35:12,121] {scheduler_job.py:182} INFO - Started process (PID=606) to work on /home/airflow/.local/lib/python3.6/site-packages/airflow/example_dags/example_trigger_target_dag.py
[2024-12-26 15:35:12,122] {scheduler_job.py:633} INFO - Processing file /home/airflow/.local/lib/python3.6/site-packages/airflow/example_dags/example_trigger_target_dag.py for tasks to queue
[2024-12-26 15:35:12,123] {logging_mixin.py:104} INFO - [2024-12-26 15:35:12,123] {dagbag.py:496} INFO - Filling up the DagBag from /home/airflow/.local/lib/python3.6/site-packages/airflow/example_dags/example_trigger_target_dag.py
[2024-12-26 15:35:12,135] {scheduler_job.py:643} INFO - DAG(s) dict_keys(['example_trigger_target_dag']) retrieved from /home/airflow/.local/lib/python3.6/site-packages/airflow/example_dags/example_trigger_target_dag.py
[2024-12-26 15:35:12,150] {logging_mixin.py:104} INFO - [2024-12-26 15:35:12,150] {dag.py:1833} INFO - Sync 1 DAGs
[2024-12-26 15:35:12,163] {logging_mixin.py:104} INFO - [2024-12-26 15:35:12,162] {dag.py:2306} INFO - Setting next_dagrun for example_trigger_target_dag to None
[2024-12-26 15:35:12,175] {scheduler_job.py:190} INFO - Processing /home/airflow/.local/lib/python3.6/site-packages/airflow/example_dags/example_trigger_target_dag.py took 0.057 seconds
[2024-12-26 15:35:42,392] {scheduler_job.py:182} INFO - Started process (PID=668) to work on /home/airflow/.local/lib/python3.6/site-packages/airflow/example_dags/example_trigger_target_dag.py
[2024-12-26 15:35:42,393] {scheduler_job.py:633} INFO - Processing file /home/airflow/.local/lib/python3.6/site-packages/airflow/example_dags/example_trigger_target_dag.py for tasks to queue
[2024-12-26 15:35:42,394] {logging_mixin.py:104} INFO - [2024-12-26 15:35:42,394] {dagbag.py:496} INFO - Filling up the DagBag from /home/airflow/.local/lib/python3.6/site-packages/airflow/example_dags/example_trigger_target_dag.py
[2024-12-26 15:35:42,403] {scheduler_job.py:643} INFO - DAG(s) dict_keys(['example_trigger_target_dag']) retrieved from /home/airflow/.local/lib/python3.6/site-packages/airflow/example_dags/example_trigger_target_dag.py
[2024-12-26 15:35:42,418] {logging_mixin.py:104} INFO - [2024-12-26 15:35:42,418] {dag.py:1833} INFO - Sync 1 DAGs
[2024-12-26 15:35:42,429] {logging_mixin.py:104} INFO - [2024-12-26 15:35:42,429] {dag.py:2306} INFO - Setting next_dagrun for example_trigger_target_dag to None
[2024-12-26 15:35:42,441] {scheduler_job.py:190} INFO - Processing /home/airflow/.local/lib/python3.6/site-packages/airflow/example_dags/example_trigger_target_dag.py took 0.051 seconds
[2024-12-26 15:36:12,650] {scheduler_job.py:182} INFO - Started process (PID=721) to work on /home/airflow/.local/lib/python3.6/site-packages/airflow/example_dags/example_trigger_target_dag.py
[2024-12-26 15:36:12,651] {scheduler_job.py:633} INFO - Processing file /home/airflow/.local/lib/python3.6/site-packages/airflow/example_dags/example_trigger_target_dag.py for tasks to queue
[2024-12-26 15:36:12,652] {logging_mixin.py:104} INFO - [2024-12-26 15:36:12,652] {dagbag.py:496} INFO - Filling up the DagBag from /home/airflow/.local/lib/python3.6/site-packages/airflow/example_dags/example_trigger_target_dag.py
[2024-12-26 15:36:12,660] {scheduler_job.py:643} INFO - DAG(s) dict_keys(['example_trigger_target_dag']) retrieved from /home/airflow/.local/lib/python3.6/site-packages/airflow/example_dags/example_trigger_target_dag.py
[2024-12-26 15:36:12,675] {logging_mixin.py:104} INFO - [2024-12-26 15:36:12,675] {dag.py:1833} INFO - Sync 1 DAGs
[2024-12-26 15:36:12,686] {logging_mixin.py:104} INFO - [2024-12-26 15:36:12,686] {dag.py:2306} INFO - Setting next_dagrun for example_trigger_target_dag to None
[2024-12-26 15:36:12,702] {scheduler_job.py:190} INFO - Processing /home/airflow/.local/lib/python3.6/site-packages/airflow/example_dags/example_trigger_target_dag.py took 0.054 seconds
[2024-12-26 15:36:42,947] {scheduler_job.py:182} INFO - Started process (PID=784) to work on /home/airflow/.local/lib/python3.6/site-packages/airflow/example_dags/example_trigger_target_dag.py
[2024-12-26 15:36:42,948] {scheduler_job.py:633} INFO - Processing file /home/airflow/.local/lib/python3.6/site-packages/airflow/example_dags/example_trigger_target_dag.py for tasks to queue
[2024-12-26 15:36:42,949] {logging_mixin.py:104} INFO - [2024-12-26 15:36:42,949] {dagbag.py:496} INFO - Filling up the DagBag from /home/airflow/.local/lib/python3.6/site-packages/airflow/example_dags/example_trigger_target_dag.py
[2024-12-26 15:36:42,958] {scheduler_job.py:643} INFO - DAG(s) dict_keys(['example_trigger_target_dag']) retrieved from /home/airflow/.local/lib/python3.6/site-packages/airflow/example_dags/example_trigger_target_dag.py
[2024-12-26 15:36:42,972] {logging_mixin.py:104} INFO - [2024-12-26 15:36:42,972] {dag.py:1833} INFO - Sync 1 DAGs
[2024-12-26 15:36:42,981] {logging_mixin.py:104} INFO - [2024-12-26 15:36:42,981] {dag.py:2306} INFO - Setting next_dagrun for example_trigger_target_dag to None
[2024-12-26 15:36:42,994] {scheduler_job.py:190} INFO - Processing /home/airflow/.local/lib/python3.6/site-packages/airflow/example_dags/example_trigger_target_dag.py took 0.049 seconds
[2024-12-26 15:37:13,497] {scheduler_job.py:182} INFO - Started process (PID=846) to work on /home/airflow/.local/lib/python3.6/site-packages/airflow/example_dags/example_trigger_target_dag.py
[2024-12-26 15:37:13,498] {scheduler_job.py:633} INFO - Processing file /home/airflow/.local/lib/python3.6/site-packages/airflow/example_dags/example_trigger_target_dag.py for tasks to queue
[2024-12-26 15:37:13,499] {logging_mixin.py:104} INFO - [2024-12-26 15:37:13,499] {dagbag.py:496} INFO - Filling up the DagBag from /home/airflow/.local/lib/python3.6/site-packages/airflow/example_dags/example_trigger_target_dag.py
[2024-12-26 15:37:13,507] {scheduler_job.py:643} INFO - DAG(s) dict_keys(['example_trigger_target_dag']) retrieved from /home/airflow/.local/lib/python3.6/site-packages/airflow/example_dags/example_trigger_target_dag.py
[2024-12-26 15:37:13,521] {logging_mixin.py:104} INFO - [2024-12-26 15:37:13,521] {dag.py:1833} INFO - Sync 1 DAGs
[2024-12-26 15:37:13,531] {logging_mixin.py:104} INFO - [2024-12-26 15:37:13,531] {dag.py:2306} INFO - Setting next_dagrun for example_trigger_target_dag to None
[2024-12-26 15:37:13,541] {scheduler_job.py:190} INFO - Processing /home/airflow/.local/lib/python3.6/site-packages/airflow/example_dags/example_trigger_target_dag.py took 0.046 seconds
[2024-12-26 15:37:44,048] {scheduler_job.py:182} INFO - Started process (PID=907) to work on /home/airflow/.local/lib/python3.6/site-packages/airflow/example_dags/example_trigger_target_dag.py
[2024-12-26 15:37:44,049] {scheduler_job.py:633} INFO - Processing file /home/airflow/.local/lib/python3.6/site-packages/airflow/example_dags/example_trigger_target_dag.py for tasks to queue
[2024-12-26 15:37:44,050] {logging_mixin.py:104} INFO - [2024-12-26 15:37:44,050] {dagbag.py:496} INFO - Filling up the DagBag from /home/airflow/.local/lib/python3.6/site-packages/airflow/example_dags/example_trigger_target_dag.py
[2024-12-26 15:37:44,060] {scheduler_job.py:643} INFO - DAG(s) dict_keys(['example_trigger_target_dag']) retrieved from /home/airflow/.local/lib/python3.6/site-packages/airflow/example_dags/example_trigger_target_dag.py
[2024-12-26 15:37:44,078] {logging_mixin.py:104} INFO - [2024-12-26 15:37:44,078] {dag.py:1833} INFO - Sync 1 DAGs
[2024-12-26 15:37:44,090] {logging_mixin.py:104} INFO - [2024-12-26 15:37:44,089] {dag.py:2306} INFO - Setting next_dagrun for example_trigger_target_dag to None
[2024-12-26 15:37:44,101] {scheduler_job.py:190} INFO - Processing /home/airflow/.local/lib/python3.6/site-packages/airflow/example_dags/example_trigger_target_dag.py took 0.056 seconds
[2024-12-26 15:38:14,321] {scheduler_job.py:182} INFO - Started process (PID=960) to work on /home/airflow/.local/lib/python3.6/site-packages/airflow/example_dags/example_trigger_target_dag.py
[2024-12-26 15:38:14,322] {scheduler_job.py:633} INFO - Processing file /home/airflow/.local/lib/python3.6/site-packages/airflow/example_dags/example_trigger_target_dag.py for tasks to queue
[2024-12-26 15:38:14,323] {logging_mixin.py:104} INFO - [2024-12-26 15:38:14,323] {dagbag.py:496} INFO - Filling up the DagBag from /home/airflow/.local/lib/python3.6/site-packages/airflow/example_dags/example_trigger_target_dag.py
[2024-12-26 15:38:14,332] {scheduler_job.py:643} INFO - DAG(s) dict_keys(['example_trigger_target_dag']) retrieved from /home/airflow/.local/lib/python3.6/site-packages/airflow/example_dags/example_trigger_target_dag.py
[2024-12-26 15:38:14,347] {logging_mixin.py:104} INFO - [2024-12-26 15:38:14,347] {dag.py:1833} INFO - Sync 1 DAGs
[2024-12-26 15:38:14,358] {logging_mixin.py:104} INFO - [2024-12-26 15:38:14,358] {dag.py:2306} INFO - Setting next_dagrun for example_trigger_target_dag to None
[2024-12-26 15:38:14,372] {scheduler_job.py:190} INFO - Processing /home/airflow/.local/lib/python3.6/site-packages/airflow/example_dags/example_trigger_target_dag.py took 0.053 seconds
[2024-12-26 15:38:44,642] {scheduler_job.py:182} INFO - Started process (PID=1022) to work on /home/airflow/.local/lib/python3.6/site-packages/airflow/example_dags/example_trigger_target_dag.py
[2024-12-26 15:38:44,643] {scheduler_job.py:633} INFO - Processing file /home/airflow/.local/lib/python3.6/site-packages/airflow/example_dags/example_trigger_target_dag.py for tasks to queue
[2024-12-26 15:38:44,644] {logging_mixin.py:104} INFO - [2024-12-26 15:38:44,644] {dagbag.py:496} INFO - Filling up the DagBag from /home/airflow/.local/lib/python3.6/site-packages/airflow/example_dags/example_trigger_target_dag.py
[2024-12-26 15:38:44,652] {scheduler_job.py:643} INFO - DAG(s) dict_keys(['example_trigger_target_dag']) retrieved from /home/airflow/.local/lib/python3.6/site-packages/airflow/example_dags/example_trigger_target_dag.py
[2024-12-26 15:38:44,667] {logging_mixin.py:104} INFO - [2024-12-26 15:38:44,667] {dag.py:1833} INFO - Sync 1 DAGs
[2024-12-26 15:38:44,677] {logging_mixin.py:104} INFO - [2024-12-26 15:38:44,677] {dag.py:2306} INFO - Setting next_dagrun for example_trigger_target_dag to None
[2024-12-26 15:38:44,689] {scheduler_job.py:190} INFO - Processing /home/airflow/.local/lib/python3.6/site-packages/airflow/example_dags/example_trigger_target_dag.py took 0.049 seconds
[2024-12-26 15:39:15,110] {scheduler_job.py:182} INFO - Started process (PID=1084) to work on /home/airflow/.local/lib/python3.6/site-packages/airflow/example_dags/example_trigger_target_dag.py
[2024-12-26 15:39:15,112] {scheduler_job.py:633} INFO - Processing file /home/airflow/.local/lib/python3.6/site-packages/airflow/example_dags/example_trigger_target_dag.py for tasks to queue
[2024-12-26 15:39:15,113] {logging_mixin.py:104} INFO - [2024-12-26 15:39:15,113] {dagbag.py:496} INFO - Filling up the DagBag from /home/airflow/.local/lib/python3.6/site-packages/airflow/example_dags/example_trigger_target_dag.py
[2024-12-26 15:39:15,123] {scheduler_job.py:643} INFO - DAG(s) dict_keys(['example_trigger_target_dag']) retrieved from /home/airflow/.local/lib/python3.6/site-packages/airflow/example_dags/example_trigger_target_dag.py
[2024-12-26 15:39:15,140] {logging_mixin.py:104} INFO - [2024-12-26 15:39:15,140] {dag.py:1833} INFO - Sync 1 DAGs
[2024-12-26 15:39:15,151] {logging_mixin.py:104} INFO - [2024-12-26 15:39:15,150] {dag.py:2306} INFO - Setting next_dagrun for example_trigger_target_dag to None
[2024-12-26 15:39:15,162] {scheduler_job.py:190} INFO - Processing /home/airflow/.local/lib/python3.6/site-packages/airflow/example_dags/example_trigger_target_dag.py took 0.056 seconds
[2024-12-26 15:40:31,923] {scheduler_job.py:182} INFO - Started process (PID=56) to work on /home/airflow/.local/lib/python3.6/site-packages/airflow/example_dags/example_trigger_target_dag.py
[2024-12-26 15:40:31,925] {scheduler_job.py:633} INFO - Processing file /home/airflow/.local/lib/python3.6/site-packages/airflow/example_dags/example_trigger_target_dag.py for tasks to queue
[2024-12-26 15:40:31,926] {logging_mixin.py:104} INFO - [2024-12-26 15:40:31,926] {dagbag.py:496} INFO - Filling up the DagBag from /home/airflow/.local/lib/python3.6/site-packages/airflow/example_dags/example_trigger_target_dag.py
[2024-12-26 15:40:31,937] {scheduler_job.py:643} INFO - DAG(s) dict_keys(['example_trigger_target_dag']) retrieved from /home/airflow/.local/lib/python3.6/site-packages/airflow/example_dags/example_trigger_target_dag.py
[2024-12-26 15:40:31,957] {logging_mixin.py:104} INFO - [2024-12-26 15:40:31,957] {dag.py:1833} INFO - Sync 1 DAGs
[2024-12-26 15:40:31,968] {logging_mixin.py:104} INFO - [2024-12-26 15:40:31,968] {dag.py:2306} INFO - Setting next_dagrun for example_trigger_target_dag to None
[2024-12-26 15:40:31,980] {scheduler_job.py:190} INFO - Processing /home/airflow/.local/lib/python3.6/site-packages/airflow/example_dags/example_trigger_target_dag.py took 0.059 seconds
[2024-12-26 15:41:02,692] {scheduler_job.py:182} INFO - Started process (PID=118) to work on /home/airflow/.local/lib/python3.6/site-packages/airflow/example_dags/example_trigger_target_dag.py
[2024-12-26 15:41:02,693] {scheduler_job.py:633} INFO - Processing file /home/airflow/.local/lib/python3.6/site-packages/airflow/example_dags/example_trigger_target_dag.py for tasks to queue
[2024-12-26 15:41:02,694] {logging_mixin.py:104} INFO - [2024-12-26 15:41:02,694] {dagbag.py:496} INFO - Filling up the DagBag from /home/airflow/.local/lib/python3.6/site-packages/airflow/example_dags/example_trigger_target_dag.py
[2024-12-26 15:41:02,703] {scheduler_job.py:643} INFO - DAG(s) dict_keys(['example_trigger_target_dag']) retrieved from /home/airflow/.local/lib/python3.6/site-packages/airflow/example_dags/example_trigger_target_dag.py
[2024-12-26 15:41:02,718] {logging_mixin.py:104} INFO - [2024-12-26 15:41:02,718] {dag.py:1833} INFO - Sync 1 DAGs
[2024-12-26 15:41:02,728] {logging_mixin.py:104} INFO - [2024-12-26 15:41:02,728] {dag.py:2306} INFO - Setting next_dagrun for example_trigger_target_dag to None
[2024-12-26 15:41:02,738] {scheduler_job.py:190} INFO - Processing /home/airflow/.local/lib/python3.6/site-packages/airflow/example_dags/example_trigger_target_dag.py took 0.048 seconds
[2024-12-26 15:41:33,381] {scheduler_job.py:182} INFO - Started process (PID=179) to work on /home/airflow/.local/lib/python3.6/site-packages/airflow/example_dags/example_trigger_target_dag.py
[2024-12-26 15:41:33,382] {scheduler_job.py:633} INFO - Processing file /home/airflow/.local/lib/python3.6/site-packages/airflow/example_dags/example_trigger_target_dag.py for tasks to queue
[2024-12-26 15:41:33,383] {logging_mixin.py:104} INFO - [2024-12-26 15:41:33,383] {dagbag.py:496} INFO - Filling up the DagBag from /home/airflow/.local/lib/python3.6/site-packages/airflow/example_dags/example_trigger_target_dag.py
[2024-12-26 15:41:33,391] {scheduler_job.py:643} INFO - DAG(s) dict_keys(['example_trigger_target_dag']) retrieved from /home/airflow/.local/lib/python3.6/site-packages/airflow/example_dags/example_trigger_target_dag.py
[2024-12-26 15:41:33,407] {logging_mixin.py:104} INFO - [2024-12-26 15:41:33,407] {dag.py:1833} INFO - Sync 1 DAGs
[2024-12-26 15:41:33,418] {logging_mixin.py:104} INFO - [2024-12-26 15:41:33,417] {dag.py:2306} INFO - Setting next_dagrun for example_trigger_target_dag to None
[2024-12-26 15:41:33,433] {scheduler_job.py:190} INFO - Processing /home/airflow/.local/lib/python3.6/site-packages/airflow/example_dags/example_trigger_target_dag.py took 0.053 seconds
[2024-12-26 15:42:04,103] {scheduler_job.py:182} INFO - Started process (PID=233) to work on /home/airflow/.local/lib/python3.6/site-packages/airflow/example_dags/example_trigger_target_dag.py
[2024-12-26 15:42:04,104] {scheduler_job.py:633} INFO - Processing file /home/airflow/.local/lib/python3.6/site-packages/airflow/example_dags/example_trigger_target_dag.py for tasks to queue
[2024-12-26 15:42:04,105] {logging_mixin.py:104} INFO - [2024-12-26 15:42:04,105] {dagbag.py:496} INFO - Filling up the DagBag from /home/airflow/.local/lib/python3.6/site-packages/airflow/example_dags/example_trigger_target_dag.py
[2024-12-26 15:42:04,114] {scheduler_job.py:643} INFO - DAG(s) dict_keys(['example_trigger_target_dag']) retrieved from /home/airflow/.local/lib/python3.6/site-packages/airflow/example_dags/example_trigger_target_dag.py
[2024-12-26 15:42:04,127] {logging_mixin.py:104} INFO - [2024-12-26 15:42:04,127] {dag.py:1833} INFO - Sync 1 DAGs
[2024-12-26 15:42:04,136] {logging_mixin.py:104} INFO - [2024-12-26 15:42:04,136] {dag.py:2306} INFO - Setting next_dagrun for example_trigger_target_dag to None
[2024-12-26 15:42:04,146] {scheduler_job.py:190} INFO - Processing /home/airflow/.local/lib/python3.6/site-packages/airflow/example_dags/example_trigger_target_dag.py took 0.045 seconds
[2024-12-26 15:42:37,171] {scheduler_job.py:182} INFO - Started process (PID=56) to work on /home/airflow/.local/lib/python3.6/site-packages/airflow/example_dags/example_trigger_target_dag.py
[2024-12-26 15:42:37,172] {scheduler_job.py:633} INFO - Processing file /home/airflow/.local/lib/python3.6/site-packages/airflow/example_dags/example_trigger_target_dag.py for tasks to queue
[2024-12-26 15:42:37,173] {logging_mixin.py:104} INFO - [2024-12-26 15:42:37,173] {dagbag.py:496} INFO - Filling up the DagBag from /home/airflow/.local/lib/python3.6/site-packages/airflow/example_dags/example_trigger_target_dag.py
[2024-12-26 15:42:37,183] {scheduler_job.py:643} INFO - DAG(s) dict_keys(['example_trigger_target_dag']) retrieved from /home/airflow/.local/lib/python3.6/site-packages/airflow/example_dags/example_trigger_target_dag.py
[2024-12-26 15:42:37,200] {logging_mixin.py:104} INFO - [2024-12-26 15:42:37,199] {dag.py:1833} INFO - Sync 1 DAGs
[2024-12-26 15:42:37,211] {logging_mixin.py:104} INFO - [2024-12-26 15:42:37,211] {dag.py:2306} INFO - Setting next_dagrun for example_trigger_target_dag to None
[2024-12-26 15:42:37,222] {scheduler_job.py:190} INFO - Processing /home/airflow/.local/lib/python3.6/site-packages/airflow/example_dags/example_trigger_target_dag.py took 0.053 seconds
[2024-12-26 15:43:08,095] {scheduler_job.py:182} INFO - Started process (PID=118) to work on /home/airflow/.local/lib/python3.6/site-packages/airflow/example_dags/example_trigger_target_dag.py
[2024-12-26 15:43:08,096] {scheduler_job.py:633} INFO - Processing file /home/airflow/.local/lib/python3.6/site-packages/airflow/example_dags/example_trigger_target_dag.py for tasks to queue
[2024-12-26 15:43:08,097] {logging_mixin.py:104} INFO - [2024-12-26 15:43:08,097] {dagbag.py:496} INFO - Filling up the DagBag from /home/airflow/.local/lib/python3.6/site-packages/airflow/example_dags/example_trigger_target_dag.py
[2024-12-26 15:43:08,105] {scheduler_job.py:643} INFO - DAG(s) dict_keys(['example_trigger_target_dag']) retrieved from /home/airflow/.local/lib/python3.6/site-packages/airflow/example_dags/example_trigger_target_dag.py
[2024-12-26 15:43:08,120] {logging_mixin.py:104} INFO - [2024-12-26 15:43:08,120] {dag.py:1833} INFO - Sync 1 DAGs
[2024-12-26 15:43:08,129] {logging_mixin.py:104} INFO - [2024-12-26 15:43:08,129] {dag.py:2306} INFO - Setting next_dagrun for example_trigger_target_dag to None
[2024-12-26 15:43:08,138] {scheduler_job.py:190} INFO - Processing /home/airflow/.local/lib/python3.6/site-packages/airflow/example_dags/example_trigger_target_dag.py took 0.046 seconds
