[2024-12-26 15:32:42,236] {scheduler_job.py:182} INFO - Started process (PID=255) to work on /home/airflow/.local/lib/python3.6/site-packages/airflow/example_dags/example_subdag_operator.py
[2024-12-26 15:32:42,238] {scheduler_job.py:633} INFO - Processing file /home/airflow/.local/lib/python3.6/site-packages/airflow/example_dags/example_subdag_operator.py for tasks to queue
[2024-12-26 15:32:42,239] {logging_mixin.py:104} INFO - [2024-12-26 15:32:42,238] {dagbag.py:496} INFO - Filling up the DagBag from /home/airflow/.local/lib/python3.6/site-packages/airflow/example_dags/example_subdag_operator.py
[2024-12-26 15:32:42,258] {scheduler_job.py:643} INFO - DAG(s) dict_keys(['example_subdag_operator.section-1', 'example_subdag_operator.section-2', 'example_subdag_operator']) retrieved from /home/airflow/.local/lib/python3.6/site-packages/airflow/example_dags/example_subdag_operator.py
[2024-12-26 15:32:43,623] {logging_mixin.py:104} INFO - [2024-12-26 15:32:43,623] {dag.py:1833} INFO - Sync 3 DAGs
[2024-12-26 15:32:43,630] {logging_mixin.py:104} INFO - [2024-12-26 15:32:43,629] {dag.py:1852} INFO - Creating ORM DAG for example_subdag_operator
[2024-12-26 15:32:43,631] {logging_mixin.py:104} INFO - [2024-12-26 15:32:43,631] {dag.py:1852} INFO - Creating ORM DAG for example_subdag_operator.section-2
[2024-12-26 15:32:43,632] {logging_mixin.py:104} INFO - [2024-12-26 15:32:43,632] {dag.py:1852} INFO - Creating ORM DAG for example_subdag_operator.section-1
[2024-12-26 15:32:43,635] {logging_mixin.py:104} INFO - [2024-12-26 15:32:43,635] {dag.py:2306} INFO - Setting next_dagrun for example_subdag_operator to 2024-12-24 00:00:00+00:00
[2024-12-26 15:32:43,636] {logging_mixin.py:104} INFO - [2024-12-26 15:32:43,636] {dag.py:2306} INFO - Setting next_dagrun for example_subdag_operator.section-1 to None
[2024-12-26 15:32:43,637] {logging_mixin.py:104} INFO - [2024-12-26 15:32:43,637] {dag.py:2306} INFO - Setting next_dagrun for example_subdag_operator.section-2 to None
[2024-12-26 15:32:43,648] {logging_mixin.py:104} INFO - [2024-12-26 15:32:43,648] {dag.py:1833} INFO - Sync 2 DAGs
[2024-12-26 15:32:43,655] {logging_mixin.py:104} INFO - [2024-12-26 15:32:43,655] {dag.py:2306} INFO - Setting next_dagrun for example_subdag_operator.section-1 to None
[2024-12-26 15:32:43,656] {logging_mixin.py:104} INFO - [2024-12-26 15:32:43,656] {dag.py:2306} INFO - Setting next_dagrun for example_subdag_operator.section-2 to None
[2024-12-26 15:32:43,666] {scheduler_job.py:190} INFO - Processing /home/airflow/.local/lib/python3.6/site-packages/airflow/example_dags/example_subdag_operator.py took 1.432 seconds
[2024-12-26 15:33:14,159] {scheduler_job.py:182} INFO - Started process (PID=381) to work on /home/airflow/.local/lib/python3.6/site-packages/airflow/example_dags/example_subdag_operator.py
[2024-12-26 15:33:14,160] {scheduler_job.py:633} INFO - Processing file /home/airflow/.local/lib/python3.6/site-packages/airflow/example_dags/example_subdag_operator.py for tasks to queue
[2024-12-26 15:33:14,161] {logging_mixin.py:104} INFO - [2024-12-26 15:33:14,161] {dagbag.py:496} INFO - Filling up the DagBag from /home/airflow/.local/lib/python3.6/site-packages/airflow/example_dags/example_subdag_operator.py
[2024-12-26 15:33:14,181] {scheduler_job.py:643} INFO - DAG(s) dict_keys(['example_subdag_operator.section-1', 'example_subdag_operator.section-2', 'example_subdag_operator']) retrieved from /home/airflow/.local/lib/python3.6/site-packages/airflow/example_dags/example_subdag_operator.py
[2024-12-26 15:33:14,190] {logging_mixin.py:104} INFO - [2024-12-26 15:33:14,190] {dag.py:1833} INFO - Sync 3 DAGs
[2024-12-26 15:33:14,201] {logging_mixin.py:104} INFO - [2024-12-26 15:33:14,201] {dag.py:2306} INFO - Setting next_dagrun for example_subdag_operator to 2024-12-24 00:00:00+00:00
[2024-12-26 15:33:14,202] {logging_mixin.py:104} INFO - [2024-12-26 15:33:14,202] {dag.py:2306} INFO - Setting next_dagrun for example_subdag_operator.section-1 to None
[2024-12-26 15:33:14,203] {logging_mixin.py:104} INFO - [2024-12-26 15:33:14,203] {dag.py:2306} INFO - Setting next_dagrun for example_subdag_operator.section-2 to None
[2024-12-26 15:33:14,210] {logging_mixin.py:104} INFO - [2024-12-26 15:33:14,210] {dag.py:1833} INFO - Sync 2 DAGs
[2024-12-26 15:33:14,216] {logging_mixin.py:104} INFO - [2024-12-26 15:33:14,215] {dag.py:2306} INFO - Setting next_dagrun for example_subdag_operator.section-1 to None
[2024-12-26 15:33:14,216] {logging_mixin.py:104} INFO - [2024-12-26 15:33:14,216] {dag.py:2306} INFO - Setting next_dagrun for example_subdag_operator.section-2 to None
[2024-12-26 15:33:14,222] {scheduler_job.py:190} INFO - Processing /home/airflow/.local/lib/python3.6/site-packages/airflow/example_dags/example_subdag_operator.py took 0.066 seconds
[2024-12-26 15:33:44,488] {scheduler_job.py:182} INFO - Started process (PID=433) to work on /home/airflow/.local/lib/python3.6/site-packages/airflow/example_dags/example_subdag_operator.py
[2024-12-26 15:33:44,489] {scheduler_job.py:633} INFO - Processing file /home/airflow/.local/lib/python3.6/site-packages/airflow/example_dags/example_subdag_operator.py for tasks to queue
[2024-12-26 15:33:44,490] {logging_mixin.py:104} INFO - [2024-12-26 15:33:44,490] {dagbag.py:496} INFO - Filling up the DagBag from /home/airflow/.local/lib/python3.6/site-packages/airflow/example_dags/example_subdag_operator.py
[2024-12-26 15:33:44,509] {scheduler_job.py:643} INFO - DAG(s) dict_keys(['example_subdag_operator.section-1', 'example_subdag_operator.section-2', 'example_subdag_operator']) retrieved from /home/airflow/.local/lib/python3.6/site-packages/airflow/example_dags/example_subdag_operator.py
[2024-12-26 15:33:44,516] {logging_mixin.py:104} INFO - [2024-12-26 15:33:44,516] {dag.py:1833} INFO - Sync 3 DAGs
[2024-12-26 15:33:44,526] {logging_mixin.py:104} INFO - [2024-12-26 15:33:44,526] {dag.py:2306} INFO - Setting next_dagrun for example_subdag_operator to 2024-12-24 00:00:00+00:00
[2024-12-26 15:33:44,527] {logging_mixin.py:104} INFO - [2024-12-26 15:33:44,527] {dag.py:2306} INFO - Setting next_dagrun for example_subdag_operator.section-1 to None
[2024-12-26 15:33:44,528] {logging_mixin.py:104} INFO - [2024-12-26 15:33:44,528] {dag.py:2306} INFO - Setting next_dagrun for example_subdag_operator.section-2 to None
[2024-12-26 15:33:44,533] {logging_mixin.py:104} INFO - [2024-12-26 15:33:44,533] {dag.py:1833} INFO - Sync 2 DAGs
[2024-12-26 15:33:44,539] {logging_mixin.py:104} INFO - [2024-12-26 15:33:44,539] {dag.py:2306} INFO - Setting next_dagrun for example_subdag_operator.section-1 to None
[2024-12-26 15:33:44,539] {logging_mixin.py:104} INFO - [2024-12-26 15:33:44,539] {dag.py:2306} INFO - Setting next_dagrun for example_subdag_operator.section-2 to None
[2024-12-26 15:33:44,545] {scheduler_job.py:190} INFO - Processing /home/airflow/.local/lib/python3.6/site-packages/airflow/example_dags/example_subdag_operator.py took 0.059 seconds
[2024-12-26 15:34:14,759] {scheduler_job.py:182} INFO - Started process (PID=495) to work on /home/airflow/.local/lib/python3.6/site-packages/airflow/example_dags/example_subdag_operator.py
[2024-12-26 15:34:14,760] {scheduler_job.py:633} INFO - Processing file /home/airflow/.local/lib/python3.6/site-packages/airflow/example_dags/example_subdag_operator.py for tasks to queue
[2024-12-26 15:34:14,761] {logging_mixin.py:104} INFO - [2024-12-26 15:34:14,761] {dagbag.py:496} INFO - Filling up the DagBag from /home/airflow/.local/lib/python3.6/site-packages/airflow/example_dags/example_subdag_operator.py
[2024-12-26 15:34:14,780] {scheduler_job.py:643} INFO - DAG(s) dict_keys(['example_subdag_operator.section-1', 'example_subdag_operator.section-2', 'example_subdag_operator']) retrieved from /home/airflow/.local/lib/python3.6/site-packages/airflow/example_dags/example_subdag_operator.py
[2024-12-26 15:34:14,787] {logging_mixin.py:104} INFO - [2024-12-26 15:34:14,787] {dag.py:1833} INFO - Sync 3 DAGs
[2024-12-26 15:34:14,797] {logging_mixin.py:104} INFO - [2024-12-26 15:34:14,797] {dag.py:2306} INFO - Setting next_dagrun for example_subdag_operator to 2024-12-24 00:00:00+00:00
[2024-12-26 15:34:14,798] {logging_mixin.py:104} INFO - [2024-12-26 15:34:14,798] {dag.py:2306} INFO - Setting next_dagrun for example_subdag_operator.section-1 to None
[2024-12-26 15:34:14,799] {logging_mixin.py:104} INFO - [2024-12-26 15:34:14,799] {dag.py:2306} INFO - Setting next_dagrun for example_subdag_operator.section-2 to None
[2024-12-26 15:34:14,806] {logging_mixin.py:104} INFO - [2024-12-26 15:34:14,806] {dag.py:1833} INFO - Sync 2 DAGs
[2024-12-26 15:34:14,811] {logging_mixin.py:104} INFO - [2024-12-26 15:34:14,811] {dag.py:2306} INFO - Setting next_dagrun for example_subdag_operator.section-1 to None
[2024-12-26 15:34:14,812] {logging_mixin.py:104} INFO - [2024-12-26 15:34:14,812] {dag.py:2306} INFO - Setting next_dagrun for example_subdag_operator.section-2 to None
[2024-12-26 15:34:14,818] {scheduler_job.py:190} INFO - Processing /home/airflow/.local/lib/python3.6/site-packages/airflow/example_dags/example_subdag_operator.py took 0.061 seconds
[2024-12-26 15:34:44,972] {scheduler_job.py:182} INFO - Started process (PID=557) to work on /home/airflow/.local/lib/python3.6/site-packages/airflow/example_dags/example_subdag_operator.py
[2024-12-26 15:34:44,974] {scheduler_job.py:633} INFO - Processing file /home/airflow/.local/lib/python3.6/site-packages/airflow/example_dags/example_subdag_operator.py for tasks to queue
[2024-12-26 15:34:44,974] {logging_mixin.py:104} INFO - [2024-12-26 15:34:44,974] {dagbag.py:496} INFO - Filling up the DagBag from /home/airflow/.local/lib/python3.6/site-packages/airflow/example_dags/example_subdag_operator.py
[2024-12-26 15:34:44,994] {scheduler_job.py:643} INFO - DAG(s) dict_keys(['example_subdag_operator.section-1', 'example_subdag_operator.section-2', 'example_subdag_operator']) retrieved from /home/airflow/.local/lib/python3.6/site-packages/airflow/example_dags/example_subdag_operator.py
[2024-12-26 15:34:45,001] {logging_mixin.py:104} INFO - [2024-12-26 15:34:45,001] {dag.py:1833} INFO - Sync 3 DAGs
[2024-12-26 15:34:45,011] {logging_mixin.py:104} INFO - [2024-12-26 15:34:45,011] {dag.py:2306} INFO - Setting next_dagrun for example_subdag_operator to 2024-12-24 00:00:00+00:00
[2024-12-26 15:34:45,012] {logging_mixin.py:104} INFO - [2024-12-26 15:34:45,012] {dag.py:2306} INFO - Setting next_dagrun for example_subdag_operator.section-1 to None
[2024-12-26 15:34:45,013] {logging_mixin.py:104} INFO - [2024-12-26 15:34:45,013] {dag.py:2306} INFO - Setting next_dagrun for example_subdag_operator.section-2 to None
[2024-12-26 15:34:45,022] {logging_mixin.py:104} INFO - [2024-12-26 15:34:45,022] {dag.py:1833} INFO - Sync 2 DAGs
[2024-12-26 15:34:45,028] {logging_mixin.py:104} INFO - [2024-12-26 15:34:45,028] {dag.py:2306} INFO - Setting next_dagrun for example_subdag_operator.section-1 to None
[2024-12-26 15:34:45,029] {logging_mixin.py:104} INFO - [2024-12-26 15:34:45,029] {dag.py:2306} INFO - Setting next_dagrun for example_subdag_operator.section-2 to None
[2024-12-26 15:34:45,035] {scheduler_job.py:190} INFO - Processing /home/airflow/.local/lib/python3.6/site-packages/airflow/example_dags/example_subdag_operator.py took 0.066 seconds
[2024-12-26 15:35:15,136] {scheduler_job.py:182} INFO - Started process (PID=609) to work on /home/airflow/.local/lib/python3.6/site-packages/airflow/example_dags/example_subdag_operator.py
[2024-12-26 15:35:15,137] {scheduler_job.py:633} INFO - Processing file /home/airflow/.local/lib/python3.6/site-packages/airflow/example_dags/example_subdag_operator.py for tasks to queue
[2024-12-26 15:35:15,138] {logging_mixin.py:104} INFO - [2024-12-26 15:35:15,138] {dagbag.py:496} INFO - Filling up the DagBag from /home/airflow/.local/lib/python3.6/site-packages/airflow/example_dags/example_subdag_operator.py
[2024-12-26 15:35:15,159] {scheduler_job.py:643} INFO - DAG(s) dict_keys(['example_subdag_operator.section-1', 'example_subdag_operator.section-2', 'example_subdag_operator']) retrieved from /home/airflow/.local/lib/python3.6/site-packages/airflow/example_dags/example_subdag_operator.py
[2024-12-26 15:35:15,168] {logging_mixin.py:104} INFO - [2024-12-26 15:35:15,168] {dag.py:1833} INFO - Sync 3 DAGs
[2024-12-26 15:35:15,178] {logging_mixin.py:104} INFO - [2024-12-26 15:35:15,178] {dag.py:2306} INFO - Setting next_dagrun for example_subdag_operator to 2024-12-24 00:00:00+00:00
[2024-12-26 15:35:15,179] {logging_mixin.py:104} INFO - [2024-12-26 15:35:15,179] {dag.py:2306} INFO - Setting next_dagrun for example_subdag_operator.section-1 to None
[2024-12-26 15:35:15,180] {logging_mixin.py:104} INFO - [2024-12-26 15:35:15,180] {dag.py:2306} INFO - Setting next_dagrun for example_subdag_operator.section-2 to None
[2024-12-26 15:35:15,189] {logging_mixin.py:104} INFO - [2024-12-26 15:35:15,189] {dag.py:1833} INFO - Sync 2 DAGs
[2024-12-26 15:35:15,194] {logging_mixin.py:104} INFO - [2024-12-26 15:35:15,194] {dag.py:2306} INFO - Setting next_dagrun for example_subdag_operator.section-1 to None
[2024-12-26 15:35:15,195] {logging_mixin.py:104} INFO - [2024-12-26 15:35:15,195] {dag.py:2306} INFO - Setting next_dagrun for example_subdag_operator.section-2 to None
[2024-12-26 15:35:15,202] {scheduler_job.py:190} INFO - Processing /home/airflow/.local/lib/python3.6/site-packages/airflow/example_dags/example_subdag_operator.py took 0.068 seconds
[2024-12-26 15:35:45,470] {scheduler_job.py:182} INFO - Started process (PID=671) to work on /home/airflow/.local/lib/python3.6/site-packages/airflow/example_dags/example_subdag_operator.py
[2024-12-26 15:35:45,471] {scheduler_job.py:633} INFO - Processing file /home/airflow/.local/lib/python3.6/site-packages/airflow/example_dags/example_subdag_operator.py for tasks to queue
[2024-12-26 15:35:45,472] {logging_mixin.py:104} INFO - [2024-12-26 15:35:45,472] {dagbag.py:496} INFO - Filling up the DagBag from /home/airflow/.local/lib/python3.6/site-packages/airflow/example_dags/example_subdag_operator.py
[2024-12-26 15:35:45,491] {scheduler_job.py:643} INFO - DAG(s) dict_keys(['example_subdag_operator.section-1', 'example_subdag_operator.section-2', 'example_subdag_operator']) retrieved from /home/airflow/.local/lib/python3.6/site-packages/airflow/example_dags/example_subdag_operator.py
[2024-12-26 15:35:45,498] {logging_mixin.py:104} INFO - [2024-12-26 15:35:45,498] {dag.py:1833} INFO - Sync 3 DAGs
[2024-12-26 15:35:45,507] {logging_mixin.py:104} INFO - [2024-12-26 15:35:45,507] {dag.py:2306} INFO - Setting next_dagrun for example_subdag_operator to 2024-12-24 00:00:00+00:00
[2024-12-26 15:35:45,508] {logging_mixin.py:104} INFO - [2024-12-26 15:35:45,508] {dag.py:2306} INFO - Setting next_dagrun for example_subdag_operator.section-1 to None
[2024-12-26 15:35:45,509] {logging_mixin.py:104} INFO - [2024-12-26 15:35:45,509] {dag.py:2306} INFO - Setting next_dagrun for example_subdag_operator.section-2 to None
[2024-12-26 15:35:45,515] {logging_mixin.py:104} INFO - [2024-12-26 15:35:45,515] {dag.py:1833} INFO - Sync 2 DAGs
[2024-12-26 15:35:45,520] {logging_mixin.py:104} INFO - [2024-12-26 15:35:45,520] {dag.py:2306} INFO - Setting next_dagrun for example_subdag_operator.section-1 to None
[2024-12-26 15:35:45,521] {logging_mixin.py:104} INFO - [2024-12-26 15:35:45,521] {dag.py:2306} INFO - Setting next_dagrun for example_subdag_operator.section-2 to None
[2024-12-26 15:35:45,526] {scheduler_job.py:190} INFO - Processing /home/airflow/.local/lib/python3.6/site-packages/airflow/example_dags/example_subdag_operator.py took 0.058 seconds
[2024-12-26 15:36:15,840] {scheduler_job.py:182} INFO - Started process (PID=735) to work on /home/airflow/.local/lib/python3.6/site-packages/airflow/example_dags/example_subdag_operator.py
[2024-12-26 15:36:15,841] {scheduler_job.py:633} INFO - Processing file /home/airflow/.local/lib/python3.6/site-packages/airflow/example_dags/example_subdag_operator.py for tasks to queue
[2024-12-26 15:36:15,842] {logging_mixin.py:104} INFO - [2024-12-26 15:36:15,842] {dagbag.py:496} INFO - Filling up the DagBag from /home/airflow/.local/lib/python3.6/site-packages/airflow/example_dags/example_subdag_operator.py
[2024-12-26 15:36:15,863] {scheduler_job.py:643} INFO - DAG(s) dict_keys(['example_subdag_operator.section-1', 'example_subdag_operator.section-2', 'example_subdag_operator']) retrieved from /home/airflow/.local/lib/python3.6/site-packages/airflow/example_dags/example_subdag_operator.py
[2024-12-26 15:36:15,871] {logging_mixin.py:104} INFO - [2024-12-26 15:36:15,871] {dag.py:1833} INFO - Sync 3 DAGs
[2024-12-26 15:36:15,885] {logging_mixin.py:104} INFO - [2024-12-26 15:36:15,885] {dag.py:2306} INFO - Setting next_dagrun for example_subdag_operator to 2024-12-24 00:00:00+00:00
[2024-12-26 15:36:15,886] {logging_mixin.py:104} INFO - [2024-12-26 15:36:15,886] {dag.py:2306} INFO - Setting next_dagrun for example_subdag_operator.section-1 to None
[2024-12-26 15:36:15,887] {logging_mixin.py:104} INFO - [2024-12-26 15:36:15,887] {dag.py:2306} INFO - Setting next_dagrun for example_subdag_operator.section-2 to None
[2024-12-26 15:36:15,899] {logging_mixin.py:104} INFO - [2024-12-26 15:36:15,899] {dag.py:1833} INFO - Sync 2 DAGs
[2024-12-26 15:36:15,907] {logging_mixin.py:104} INFO - [2024-12-26 15:36:15,907] {dag.py:2306} INFO - Setting next_dagrun for example_subdag_operator.section-1 to None
[2024-12-26 15:36:15,908] {logging_mixin.py:104} INFO - [2024-12-26 15:36:15,907] {dag.py:2306} INFO - Setting next_dagrun for example_subdag_operator.section-2 to None
[2024-12-26 15:36:15,916] {scheduler_job.py:190} INFO - Processing /home/airflow/.local/lib/python3.6/site-packages/airflow/example_dags/example_subdag_operator.py took 0.078 seconds
[2024-12-26 15:36:46,149] {scheduler_job.py:182} INFO - Started process (PID=787) to work on /home/airflow/.local/lib/python3.6/site-packages/airflow/example_dags/example_subdag_operator.py
[2024-12-26 15:36:46,151] {scheduler_job.py:633} INFO - Processing file /home/airflow/.local/lib/python3.6/site-packages/airflow/example_dags/example_subdag_operator.py for tasks to queue
[2024-12-26 15:36:46,152] {logging_mixin.py:104} INFO - [2024-12-26 15:36:46,152] {dagbag.py:496} INFO - Filling up the DagBag from /home/airflow/.local/lib/python3.6/site-packages/airflow/example_dags/example_subdag_operator.py
[2024-12-26 15:36:46,172] {scheduler_job.py:643} INFO - DAG(s) dict_keys(['example_subdag_operator.section-1', 'example_subdag_operator.section-2', 'example_subdag_operator']) retrieved from /home/airflow/.local/lib/python3.6/site-packages/airflow/example_dags/example_subdag_operator.py
[2024-12-26 15:36:46,180] {logging_mixin.py:104} INFO - [2024-12-26 15:36:46,180] {dag.py:1833} INFO - Sync 3 DAGs
[2024-12-26 15:36:46,190] {logging_mixin.py:104} INFO - [2024-12-26 15:36:46,190] {dag.py:2306} INFO - Setting next_dagrun for example_subdag_operator to 2024-12-24 00:00:00+00:00
[2024-12-26 15:36:46,191] {logging_mixin.py:104} INFO - [2024-12-26 15:36:46,191] {dag.py:2306} INFO - Setting next_dagrun for example_subdag_operator.section-1 to None
[2024-12-26 15:36:46,192] {logging_mixin.py:104} INFO - [2024-12-26 15:36:46,192] {dag.py:2306} INFO - Setting next_dagrun for example_subdag_operator.section-2 to None
[2024-12-26 15:36:46,199] {logging_mixin.py:104} INFO - [2024-12-26 15:36:46,199] {dag.py:1833} INFO - Sync 2 DAGs
[2024-12-26 15:36:46,205] {logging_mixin.py:104} INFO - [2024-12-26 15:36:46,205] {dag.py:2306} INFO - Setting next_dagrun for example_subdag_operator.section-1 to None
[2024-12-26 15:36:46,205] {logging_mixin.py:104} INFO - [2024-12-26 15:36:46,205] {dag.py:2306} INFO - Setting next_dagrun for example_subdag_operator.section-2 to None
[2024-12-26 15:36:46,213] {scheduler_job.py:190} INFO - Processing /home/airflow/.local/lib/python3.6/site-packages/airflow/example_dags/example_subdag_operator.py took 0.066 seconds
[2024-12-26 15:37:16,594] {scheduler_job.py:182} INFO - Started process (PID=849) to work on /home/airflow/.local/lib/python3.6/site-packages/airflow/example_dags/example_subdag_operator.py
[2024-12-26 15:37:16,595] {scheduler_job.py:633} INFO - Processing file /home/airflow/.local/lib/python3.6/site-packages/airflow/example_dags/example_subdag_operator.py for tasks to queue
[2024-12-26 15:37:16,596] {logging_mixin.py:104} INFO - [2024-12-26 15:37:16,596] {dagbag.py:496} INFO - Filling up the DagBag from /home/airflow/.local/lib/python3.6/site-packages/airflow/example_dags/example_subdag_operator.py
[2024-12-26 15:37:16,616] {scheduler_job.py:643} INFO - DAG(s) dict_keys(['example_subdag_operator.section-1', 'example_subdag_operator.section-2', 'example_subdag_operator']) retrieved from /home/airflow/.local/lib/python3.6/site-packages/airflow/example_dags/example_subdag_operator.py
[2024-12-26 15:37:16,624] {logging_mixin.py:104} INFO - [2024-12-26 15:37:16,624] {dag.py:1833} INFO - Sync 3 DAGs
[2024-12-26 15:37:16,633] {logging_mixin.py:104} INFO - [2024-12-26 15:37:16,633] {dag.py:2306} INFO - Setting next_dagrun for example_subdag_operator to 2024-12-24 00:00:00+00:00
[2024-12-26 15:37:16,635] {logging_mixin.py:104} INFO - [2024-12-26 15:37:16,635] {dag.py:2306} INFO - Setting next_dagrun for example_subdag_operator.section-1 to None
[2024-12-26 15:37:16,636] {logging_mixin.py:104} INFO - [2024-12-26 15:37:16,636] {dag.py:2306} INFO - Setting next_dagrun for example_subdag_operator.section-2 to None
[2024-12-26 15:37:16,645] {logging_mixin.py:104} INFO - [2024-12-26 15:37:16,645] {dag.py:1833} INFO - Sync 2 DAGs
[2024-12-26 15:37:16,650] {logging_mixin.py:104} INFO - [2024-12-26 15:37:16,650] {dag.py:2306} INFO - Setting next_dagrun for example_subdag_operator.section-1 to None
[2024-12-26 15:37:16,651] {logging_mixin.py:104} INFO - [2024-12-26 15:37:16,651] {dag.py:2306} INFO - Setting next_dagrun for example_subdag_operator.section-2 to None
[2024-12-26 15:37:16,657] {scheduler_job.py:190} INFO - Processing /home/airflow/.local/lib/python3.6/site-packages/airflow/example_dags/example_subdag_operator.py took 0.065 seconds
[2024-12-26 15:37:47,141] {scheduler_job.py:182} INFO - Started process (PID=911) to work on /home/airflow/.local/lib/python3.6/site-packages/airflow/example_dags/example_subdag_operator.py
[2024-12-26 15:37:47,142] {scheduler_job.py:633} INFO - Processing file /home/airflow/.local/lib/python3.6/site-packages/airflow/example_dags/example_subdag_operator.py for tasks to queue
[2024-12-26 15:37:47,143] {logging_mixin.py:104} INFO - [2024-12-26 15:37:47,143] {dagbag.py:496} INFO - Filling up the DagBag from /home/airflow/.local/lib/python3.6/site-packages/airflow/example_dags/example_subdag_operator.py
[2024-12-26 15:37:47,162] {scheduler_job.py:643} INFO - DAG(s) dict_keys(['example_subdag_operator.section-1', 'example_subdag_operator.section-2', 'example_subdag_operator']) retrieved from /home/airflow/.local/lib/python3.6/site-packages/airflow/example_dags/example_subdag_operator.py
[2024-12-26 15:37:47,169] {logging_mixin.py:104} INFO - [2024-12-26 15:37:47,169] {dag.py:1833} INFO - Sync 3 DAGs
[2024-12-26 15:37:47,179] {logging_mixin.py:104} INFO - [2024-12-26 15:37:47,179] {dag.py:2306} INFO - Setting next_dagrun for example_subdag_operator to 2024-12-24 00:00:00+00:00
[2024-12-26 15:37:47,180] {logging_mixin.py:104} INFO - [2024-12-26 15:37:47,180] {dag.py:2306} INFO - Setting next_dagrun for example_subdag_operator.section-1 to None
[2024-12-26 15:37:47,181] {logging_mixin.py:104} INFO - [2024-12-26 15:37:47,181] {dag.py:2306} INFO - Setting next_dagrun for example_subdag_operator.section-2 to None
[2024-12-26 15:37:47,188] {logging_mixin.py:104} INFO - [2024-12-26 15:37:47,188] {dag.py:1833} INFO - Sync 2 DAGs
[2024-12-26 15:37:47,194] {logging_mixin.py:104} INFO - [2024-12-26 15:37:47,194] {dag.py:2306} INFO - Setting next_dagrun for example_subdag_operator.section-1 to None
[2024-12-26 15:37:47,195] {logging_mixin.py:104} INFO - [2024-12-26 15:37:47,195] {dag.py:2306} INFO - Setting next_dagrun for example_subdag_operator.section-2 to None
[2024-12-26 15:37:47,203] {scheduler_job.py:190} INFO - Processing /home/airflow/.local/lib/python3.6/site-packages/airflow/example_dags/example_subdag_operator.py took 0.064 seconds
[2024-12-26 15:38:17,412] {scheduler_job.py:182} INFO - Started process (PID=970) to work on /home/airflow/.local/lib/python3.6/site-packages/airflow/example_dags/example_subdag_operator.py
[2024-12-26 15:38:17,413] {scheduler_job.py:633} INFO - Processing file /home/airflow/.local/lib/python3.6/site-packages/airflow/example_dags/example_subdag_operator.py for tasks to queue
[2024-12-26 15:38:17,414] {logging_mixin.py:104} INFO - [2024-12-26 15:38:17,414] {dagbag.py:496} INFO - Filling up the DagBag from /home/airflow/.local/lib/python3.6/site-packages/airflow/example_dags/example_subdag_operator.py
[2024-12-26 15:38:17,438] {scheduler_job.py:643} INFO - DAG(s) dict_keys(['example_subdag_operator.section-1', 'example_subdag_operator.section-2', 'example_subdag_operator']) retrieved from /home/airflow/.local/lib/python3.6/site-packages/airflow/example_dags/example_subdag_operator.py
[2024-12-26 15:38:17,446] {logging_mixin.py:104} INFO - [2024-12-26 15:38:17,446] {dag.py:1833} INFO - Sync 3 DAGs
[2024-12-26 15:38:17,457] {logging_mixin.py:104} INFO - [2024-12-26 15:38:17,457] {dag.py:2306} INFO - Setting next_dagrun for example_subdag_operator to 2024-12-24 00:00:00+00:00
[2024-12-26 15:38:17,458] {logging_mixin.py:104} INFO - [2024-12-26 15:38:17,458] {dag.py:2306} INFO - Setting next_dagrun for example_subdag_operator.section-1 to None
[2024-12-26 15:38:17,459] {logging_mixin.py:104} INFO - [2024-12-26 15:38:17,459] {dag.py:2306} INFO - Setting next_dagrun for example_subdag_operator.section-2 to None
[2024-12-26 15:38:17,466] {logging_mixin.py:104} INFO - [2024-12-26 15:38:17,466] {dag.py:1833} INFO - Sync 2 DAGs
[2024-12-26 15:38:17,474] {logging_mixin.py:104} INFO - [2024-12-26 15:38:17,474] {dag.py:2306} INFO - Setting next_dagrun for example_subdag_operator.section-1 to None
[2024-12-26 15:38:17,474] {logging_mixin.py:104} INFO - [2024-12-26 15:38:17,474] {dag.py:2306} INFO - Setting next_dagrun for example_subdag_operator.section-2 to None
[2024-12-26 15:38:17,481] {scheduler_job.py:190} INFO - Processing /home/airflow/.local/lib/python3.6/site-packages/airflow/example_dags/example_subdag_operator.py took 0.071 seconds
[2024-12-26 15:38:47,731] {scheduler_job.py:182} INFO - Started process (PID=1025) to work on /home/airflow/.local/lib/python3.6/site-packages/airflow/example_dags/example_subdag_operator.py
[2024-12-26 15:38:47,732] {scheduler_job.py:633} INFO - Processing file /home/airflow/.local/lib/python3.6/site-packages/airflow/example_dags/example_subdag_operator.py for tasks to queue
[2024-12-26 15:38:47,733] {logging_mixin.py:104} INFO - [2024-12-26 15:38:47,733] {dagbag.py:496} INFO - Filling up the DagBag from /home/airflow/.local/lib/python3.6/site-packages/airflow/example_dags/example_subdag_operator.py
[2024-12-26 15:38:47,752] {scheduler_job.py:643} INFO - DAG(s) dict_keys(['example_subdag_operator.section-1', 'example_subdag_operator.section-2', 'example_subdag_operator']) retrieved from /home/airflow/.local/lib/python3.6/site-packages/airflow/example_dags/example_subdag_operator.py
[2024-12-26 15:38:47,761] {logging_mixin.py:104} INFO - [2024-12-26 15:38:47,761] {dag.py:1833} INFO - Sync 3 DAGs
[2024-12-26 15:38:47,771] {logging_mixin.py:104} INFO - [2024-12-26 15:38:47,771] {dag.py:2306} INFO - Setting next_dagrun for example_subdag_operator to 2024-12-24 00:00:00+00:00
[2024-12-26 15:38:47,772] {logging_mixin.py:104} INFO - [2024-12-26 15:38:47,772] {dag.py:2306} INFO - Setting next_dagrun for example_subdag_operator.section-1 to None
[2024-12-26 15:38:47,773] {logging_mixin.py:104} INFO - [2024-12-26 15:38:47,773] {dag.py:2306} INFO - Setting next_dagrun for example_subdag_operator.section-2 to None
[2024-12-26 15:38:47,780] {logging_mixin.py:104} INFO - [2024-12-26 15:38:47,780] {dag.py:1833} INFO - Sync 2 DAGs
[2024-12-26 15:38:47,786] {logging_mixin.py:104} INFO - [2024-12-26 15:38:47,786] {dag.py:2306} INFO - Setting next_dagrun for example_subdag_operator.section-1 to None
[2024-12-26 15:38:47,787] {logging_mixin.py:104} INFO - [2024-12-26 15:38:47,787] {dag.py:2306} INFO - Setting next_dagrun for example_subdag_operator.section-2 to None
[2024-12-26 15:38:47,792] {scheduler_job.py:190} INFO - Processing /home/airflow/.local/lib/python3.6/site-packages/airflow/example_dags/example_subdag_operator.py took 0.063 seconds
[2024-12-26 15:39:18,209] {scheduler_job.py:182} INFO - Started process (PID=1087) to work on /home/airflow/.local/lib/python3.6/site-packages/airflow/example_dags/example_subdag_operator.py
[2024-12-26 15:39:18,210] {scheduler_job.py:633} INFO - Processing file /home/airflow/.local/lib/python3.6/site-packages/airflow/example_dags/example_subdag_operator.py for tasks to queue
[2024-12-26 15:39:18,211] {logging_mixin.py:104} INFO - [2024-12-26 15:39:18,211] {dagbag.py:496} INFO - Filling up the DagBag from /home/airflow/.local/lib/python3.6/site-packages/airflow/example_dags/example_subdag_operator.py
[2024-12-26 15:39:18,232] {scheduler_job.py:643} INFO - DAG(s) dict_keys(['example_subdag_operator.section-1', 'example_subdag_operator.section-2', 'example_subdag_operator']) retrieved from /home/airflow/.local/lib/python3.6/site-packages/airflow/example_dags/example_subdag_operator.py
[2024-12-26 15:39:18,239] {logging_mixin.py:104} INFO - [2024-12-26 15:39:18,239] {dag.py:1833} INFO - Sync 3 DAGs
[2024-12-26 15:39:18,250] {logging_mixin.py:104} INFO - [2024-12-26 15:39:18,250] {dag.py:2306} INFO - Setting next_dagrun for example_subdag_operator to 2024-12-24 00:00:00+00:00
[2024-12-26 15:39:18,251] {logging_mixin.py:104} INFO - [2024-12-26 15:39:18,251] {dag.py:2306} INFO - Setting next_dagrun for example_subdag_operator.section-1 to None
[2024-12-26 15:39:18,252] {logging_mixin.py:104} INFO - [2024-12-26 15:39:18,252] {dag.py:2306} INFO - Setting next_dagrun for example_subdag_operator.section-2 to None
[2024-12-26 15:39:18,258] {logging_mixin.py:104} INFO - [2024-12-26 15:39:18,258] {dag.py:1833} INFO - Sync 2 DAGs
[2024-12-26 15:39:18,264] {logging_mixin.py:104} INFO - [2024-12-26 15:39:18,264] {dag.py:2306} INFO - Setting next_dagrun for example_subdag_operator.section-1 to None
[2024-12-26 15:39:18,265] {logging_mixin.py:104} INFO - [2024-12-26 15:39:18,265] {dag.py:2306} INFO - Setting next_dagrun for example_subdag_operator.section-2 to None
[2024-12-26 15:39:18,270] {scheduler_job.py:190} INFO - Processing /home/airflow/.local/lib/python3.6/site-packages/airflow/example_dags/example_subdag_operator.py took 0.064 seconds
[2024-12-26 15:40:32,047] {scheduler_job.py:182} INFO - Started process (PID=59) to work on /home/airflow/.local/lib/python3.6/site-packages/airflow/example_dags/example_subdag_operator.py
[2024-12-26 15:40:32,048] {scheduler_job.py:633} INFO - Processing file /home/airflow/.local/lib/python3.6/site-packages/airflow/example_dags/example_subdag_operator.py for tasks to queue
[2024-12-26 15:40:32,049] {logging_mixin.py:104} INFO - [2024-12-26 15:40:32,049] {dagbag.py:496} INFO - Filling up the DagBag from /home/airflow/.local/lib/python3.6/site-packages/airflow/example_dags/example_subdag_operator.py
[2024-12-26 15:40:32,072] {scheduler_job.py:643} INFO - DAG(s) dict_keys(['example_subdag_operator.section-1', 'example_subdag_operator.section-2', 'example_subdag_operator']) retrieved from /home/airflow/.local/lib/python3.6/site-packages/airflow/example_dags/example_subdag_operator.py
[2024-12-26 15:40:32,082] {logging_mixin.py:104} INFO - [2024-12-26 15:40:32,081] {dag.py:1833} INFO - Sync 3 DAGs
[2024-12-26 15:40:32,095] {logging_mixin.py:104} INFO - [2024-12-26 15:40:32,095] {dag.py:2306} INFO - Setting next_dagrun for example_subdag_operator to 2024-12-24 00:00:00+00:00
[2024-12-26 15:40:32,096] {logging_mixin.py:104} INFO - [2024-12-26 15:40:32,096] {dag.py:2306} INFO - Setting next_dagrun for example_subdag_operator.section-1 to None
[2024-12-26 15:40:32,097] {logging_mixin.py:104} INFO - [2024-12-26 15:40:32,097] {dag.py:2306} INFO - Setting next_dagrun for example_subdag_operator.section-2 to None
[2024-12-26 15:40:32,108] {logging_mixin.py:104} INFO - [2024-12-26 15:40:32,108] {dag.py:1833} INFO - Sync 2 DAGs
[2024-12-26 15:40:32,113] {logging_mixin.py:104} INFO - [2024-12-26 15:40:32,113] {dag.py:2306} INFO - Setting next_dagrun for example_subdag_operator.section-1 to None
[2024-12-26 15:40:32,114] {logging_mixin.py:104} INFO - [2024-12-26 15:40:32,114] {dag.py:2306} INFO - Setting next_dagrun for example_subdag_operator.section-2 to None
[2024-12-26 15:40:32,122] {scheduler_job.py:190} INFO - Processing /home/airflow/.local/lib/python3.6/site-packages/airflow/example_dags/example_subdag_operator.py took 0.077 seconds
[2024-12-26 15:41:02,845] {scheduler_job.py:182} INFO - Started process (PID=121) to work on /home/airflow/.local/lib/python3.6/site-packages/airflow/example_dags/example_subdag_operator.py
[2024-12-26 15:41:02,846] {scheduler_job.py:633} INFO - Processing file /home/airflow/.local/lib/python3.6/site-packages/airflow/example_dags/example_subdag_operator.py for tasks to queue
[2024-12-26 15:41:02,847] {logging_mixin.py:104} INFO - [2024-12-26 15:41:02,847] {dagbag.py:496} INFO - Filling up the DagBag from /home/airflow/.local/lib/python3.6/site-packages/airflow/example_dags/example_subdag_operator.py
[2024-12-26 15:41:02,869] {scheduler_job.py:643} INFO - DAG(s) dict_keys(['example_subdag_operator.section-1', 'example_subdag_operator.section-2', 'example_subdag_operator']) retrieved from /home/airflow/.local/lib/python3.6/site-packages/airflow/example_dags/example_subdag_operator.py
[2024-12-26 15:41:02,880] {logging_mixin.py:104} INFO - [2024-12-26 15:41:02,880] {dag.py:1833} INFO - Sync 3 DAGs
[2024-12-26 15:41:02,894] {logging_mixin.py:104} INFO - [2024-12-26 15:41:02,894] {dag.py:2306} INFO - Setting next_dagrun for example_subdag_operator to 2024-12-24 00:00:00+00:00
[2024-12-26 15:41:02,896] {logging_mixin.py:104} INFO - [2024-12-26 15:41:02,896] {dag.py:2306} INFO - Setting next_dagrun for example_subdag_operator.section-1 to None
[2024-12-26 15:41:02,898] {logging_mixin.py:104} INFO - [2024-12-26 15:41:02,898] {dag.py:2306} INFO - Setting next_dagrun for example_subdag_operator.section-2 to None
[2024-12-26 15:41:02,907] {logging_mixin.py:104} INFO - [2024-12-26 15:41:02,907] {dag.py:1833} INFO - Sync 2 DAGs
[2024-12-26 15:41:02,915] {logging_mixin.py:104} INFO - [2024-12-26 15:41:02,915] {dag.py:2306} INFO - Setting next_dagrun for example_subdag_operator.section-1 to None
[2024-12-26 15:41:02,919] {logging_mixin.py:104} INFO - [2024-12-26 15:41:02,919] {dag.py:2306} INFO - Setting next_dagrun for example_subdag_operator.section-2 to None
[2024-12-26 15:41:02,931] {scheduler_job.py:190} INFO - Processing /home/airflow/.local/lib/python3.6/site-packages/airflow/example_dags/example_subdag_operator.py took 0.088 seconds
[2024-12-26 15:41:33,533] {scheduler_job.py:182} INFO - Started process (PID=183) to work on /home/airflow/.local/lib/python3.6/site-packages/airflow/example_dags/example_subdag_operator.py
[2024-12-26 15:41:33,535] {scheduler_job.py:633} INFO - Processing file /home/airflow/.local/lib/python3.6/site-packages/airflow/example_dags/example_subdag_operator.py for tasks to queue
[2024-12-26 15:41:33,536] {logging_mixin.py:104} INFO - [2024-12-26 15:41:33,536] {dagbag.py:496} INFO - Filling up the DagBag from /home/airflow/.local/lib/python3.6/site-packages/airflow/example_dags/example_subdag_operator.py
[2024-12-26 15:41:33,555] {scheduler_job.py:643} INFO - DAG(s) dict_keys(['example_subdag_operator.section-1', 'example_subdag_operator.section-2', 'example_subdag_operator']) retrieved from /home/airflow/.local/lib/python3.6/site-packages/airflow/example_dags/example_subdag_operator.py
[2024-12-26 15:41:33,563] {logging_mixin.py:104} INFO - [2024-12-26 15:41:33,563] {dag.py:1833} INFO - Sync 3 DAGs
[2024-12-26 15:41:33,573] {logging_mixin.py:104} INFO - [2024-12-26 15:41:33,573] {dag.py:2306} INFO - Setting next_dagrun for example_subdag_operator to 2024-12-24 00:00:00+00:00
[2024-12-26 15:41:33,574] {logging_mixin.py:104} INFO - [2024-12-26 15:41:33,574] {dag.py:2306} INFO - Setting next_dagrun for example_subdag_operator.section-1 to None
[2024-12-26 15:41:33,574] {logging_mixin.py:104} INFO - [2024-12-26 15:41:33,574] {dag.py:2306} INFO - Setting next_dagrun for example_subdag_operator.section-2 to None
[2024-12-26 15:41:33,585] {logging_mixin.py:104} INFO - [2024-12-26 15:41:33,585] {dag.py:1833} INFO - Sync 2 DAGs
[2024-12-26 15:41:33,591] {logging_mixin.py:104} INFO - [2024-12-26 15:41:33,591] {dag.py:2306} INFO - Setting next_dagrun for example_subdag_operator.section-1 to None
[2024-12-26 15:41:33,591] {logging_mixin.py:104} INFO - [2024-12-26 15:41:33,591] {dag.py:2306} INFO - Setting next_dagrun for example_subdag_operator.section-2 to None
[2024-12-26 15:41:33,597] {scheduler_job.py:190} INFO - Processing /home/airflow/.local/lib/python3.6/site-packages/airflow/example_dags/example_subdag_operator.py took 0.066 seconds
[2024-12-26 15:42:04,199] {scheduler_job.py:182} INFO - Started process (PID=236) to work on /home/airflow/.local/lib/python3.6/site-packages/airflow/example_dags/example_subdag_operator.py
[2024-12-26 15:42:04,200] {scheduler_job.py:633} INFO - Processing file /home/airflow/.local/lib/python3.6/site-packages/airflow/example_dags/example_subdag_operator.py for tasks to queue
[2024-12-26 15:42:04,201] {logging_mixin.py:104} INFO - [2024-12-26 15:42:04,201] {dagbag.py:496} INFO - Filling up the DagBag from /home/airflow/.local/lib/python3.6/site-packages/airflow/example_dags/example_subdag_operator.py
[2024-12-26 15:42:04,223] {scheduler_job.py:643} INFO - DAG(s) dict_keys(['example_subdag_operator.section-1', 'example_subdag_operator.section-2', 'example_subdag_operator']) retrieved from /home/airflow/.local/lib/python3.6/site-packages/airflow/example_dags/example_subdag_operator.py
[2024-12-26 15:42:04,231] {logging_mixin.py:104} INFO - [2024-12-26 15:42:04,231] {dag.py:1833} INFO - Sync 3 DAGs
[2024-12-26 15:42:04,240] {logging_mixin.py:104} INFO - [2024-12-26 15:42:04,240] {dag.py:2306} INFO - Setting next_dagrun for example_subdag_operator to 2024-12-24 00:00:00+00:00
[2024-12-26 15:42:04,241] {logging_mixin.py:104} INFO - [2024-12-26 15:42:04,241] {dag.py:2306} INFO - Setting next_dagrun for example_subdag_operator.section-1 to None
[2024-12-26 15:42:04,242] {logging_mixin.py:104} INFO - [2024-12-26 15:42:04,242] {dag.py:2306} INFO - Setting next_dagrun for example_subdag_operator.section-2 to None
[2024-12-26 15:42:04,251] {logging_mixin.py:104} INFO - [2024-12-26 15:42:04,251] {dag.py:1833} INFO - Sync 2 DAGs
[2024-12-26 15:42:04,256] {logging_mixin.py:104} INFO - [2024-12-26 15:42:04,256] {dag.py:2306} INFO - Setting next_dagrun for example_subdag_operator.section-1 to None
[2024-12-26 15:42:04,257] {logging_mixin.py:104} INFO - [2024-12-26 15:42:04,257] {dag.py:2306} INFO - Setting next_dagrun for example_subdag_operator.section-2 to None
[2024-12-26 15:42:04,263] {scheduler_job.py:190} INFO - Processing /home/airflow/.local/lib/python3.6/site-packages/airflow/example_dags/example_subdag_operator.py took 0.066 seconds
[2024-12-26 15:42:37,259] {scheduler_job.py:182} INFO - Started process (PID=59) to work on /home/airflow/.local/lib/python3.6/site-packages/airflow/example_dags/example_subdag_operator.py
[2024-12-26 15:42:37,261] {scheduler_job.py:633} INFO - Processing file /home/airflow/.local/lib/python3.6/site-packages/airflow/example_dags/example_subdag_operator.py for tasks to queue
[2024-12-26 15:42:37,262] {logging_mixin.py:104} INFO - [2024-12-26 15:42:37,261] {dagbag.py:496} INFO - Filling up the DagBag from /home/airflow/.local/lib/python3.6/site-packages/airflow/example_dags/example_subdag_operator.py
[2024-12-26 15:42:37,287] {scheduler_job.py:643} INFO - DAG(s) dict_keys(['example_subdag_operator.section-1', 'example_subdag_operator.section-2', 'example_subdag_operator']) retrieved from /home/airflow/.local/lib/python3.6/site-packages/airflow/example_dags/example_subdag_operator.py
[2024-12-26 15:42:37,297] {logging_mixin.py:104} INFO - [2024-12-26 15:42:37,297] {dag.py:1833} INFO - Sync 3 DAGs
[2024-12-26 15:42:37,318] {logging_mixin.py:104} INFO - [2024-12-26 15:42:37,317] {dag.py:2306} INFO - Setting next_dagrun for example_subdag_operator to 2024-12-24 00:00:00+00:00
[2024-12-26 15:42:37,319] {logging_mixin.py:104} INFO - [2024-12-26 15:42:37,319] {dag.py:2306} INFO - Setting next_dagrun for example_subdag_operator.section-1 to None
[2024-12-26 15:42:37,319] {logging_mixin.py:104} INFO - [2024-12-26 15:42:37,319] {dag.py:2306} INFO - Setting next_dagrun for example_subdag_operator.section-2 to None
[2024-12-26 15:42:37,330] {logging_mixin.py:104} INFO - [2024-12-26 15:42:37,330] {dag.py:1833} INFO - Sync 2 DAGs
[2024-12-26 15:42:37,336] {logging_mixin.py:104} INFO - [2024-12-26 15:42:37,336] {dag.py:2306} INFO - Setting next_dagrun for example_subdag_operator.section-1 to None
[2024-12-26 15:42:37,336] {logging_mixin.py:104} INFO - [2024-12-26 15:42:37,336] {dag.py:2306} INFO - Setting next_dagrun for example_subdag_operator.section-2 to None
[2024-12-26 15:42:37,344] {scheduler_job.py:190} INFO - Processing /home/airflow/.local/lib/python3.6/site-packages/airflow/example_dags/example_subdag_operator.py took 0.087 seconds
[2024-12-26 15:43:08,196] {scheduler_job.py:182} INFO - Started process (PID=121) to work on /home/airflow/.local/lib/python3.6/site-packages/airflow/example_dags/example_subdag_operator.py
[2024-12-26 15:43:08,197] {scheduler_job.py:633} INFO - Processing file /home/airflow/.local/lib/python3.6/site-packages/airflow/example_dags/example_subdag_operator.py for tasks to queue
[2024-12-26 15:43:08,198] {logging_mixin.py:104} INFO - [2024-12-26 15:43:08,198] {dagbag.py:496} INFO - Filling up the DagBag from /home/airflow/.local/lib/python3.6/site-packages/airflow/example_dags/example_subdag_operator.py
[2024-12-26 15:43:08,219] {scheduler_job.py:643} INFO - DAG(s) dict_keys(['example_subdag_operator.section-1', 'example_subdag_operator.section-2', 'example_subdag_operator']) retrieved from /home/airflow/.local/lib/python3.6/site-packages/airflow/example_dags/example_subdag_operator.py
[2024-12-26 15:43:08,226] {logging_mixin.py:104} INFO - [2024-12-26 15:43:08,226] {dag.py:1833} INFO - Sync 3 DAGs
[2024-12-26 15:43:08,235] {logging_mixin.py:104} INFO - [2024-12-26 15:43:08,235] {dag.py:2306} INFO - Setting next_dagrun for example_subdag_operator to 2024-12-24 00:00:00+00:00
[2024-12-26 15:43:08,236] {logging_mixin.py:104} INFO - [2024-12-26 15:43:08,236] {dag.py:2306} INFO - Setting next_dagrun for example_subdag_operator.section-1 to None
[2024-12-26 15:43:08,237] {logging_mixin.py:104} INFO - [2024-12-26 15:43:08,237] {dag.py:2306} INFO - Setting next_dagrun for example_subdag_operator.section-2 to None
[2024-12-26 15:43:08,247] {logging_mixin.py:104} INFO - [2024-12-26 15:43:08,246] {dag.py:1833} INFO - Sync 2 DAGs
[2024-12-26 15:43:08,254] {logging_mixin.py:104} INFO - [2024-12-26 15:43:08,254] {dag.py:2306} INFO - Setting next_dagrun for example_subdag_operator.section-1 to None
[2024-12-26 15:43:08,255] {logging_mixin.py:104} INFO - [2024-12-26 15:43:08,255] {dag.py:2306} INFO - Setting next_dagrun for example_subdag_operator.section-2 to None
[2024-12-26 15:43:08,266] {scheduler_job.py:190} INFO - Processing /home/airflow/.local/lib/python3.6/site-packages/airflow/example_dags/example_subdag_operator.py took 0.072 seconds
