[2024-12-26 15:32:39,308] {scheduler_job.py:182} INFO - Started process (PID=219) to work on /home/airflow/.local/lib/python3.6/site-packages/airflow/example_dags/example_bash_operator.py
[2024-12-26 15:32:39,310] {scheduler_job.py:633} INFO - Processing file /home/airflow/.local/lib/python3.6/site-packages/airflow/example_dags/example_bash_operator.py for tasks to queue
[2024-12-26 15:32:39,311] {logging_mixin.py:104} INFO - [2024-12-26 15:32:39,311] {dagbag.py:496} INFO - Filling up the DagBag from /home/airflow/.local/lib/python3.6/site-packages/airflow/example_dags/example_bash_operator.py
[2024-12-26 15:32:39,323] {scheduler_job.py:643} INFO - DAG(s) dict_keys(['example_bash_operator']) retrieved from /home/airflow/.local/lib/python3.6/site-packages/airflow/example_dags/example_bash_operator.py
[2024-12-26 15:32:40,747] {logging_mixin.py:104} INFO - [2024-12-26 15:32:40,747] {dag.py:1833} INFO - Sync 1 DAGs
[2024-12-26 15:32:40,753] {logging_mixin.py:104} INFO - [2024-12-26 15:32:40,753] {dag.py:1852} INFO - Creating ORM DAG for example_bash_operator
[2024-12-26 15:32:40,758] {logging_mixin.py:104} INFO - [2024-12-26 15:32:40,758] {dag.py:2306} INFO - Setting next_dagrun for example_bash_operator to 2024-12-24 00:00:00+00:00
[2024-12-26 15:32:40,767] {scheduler_job.py:190} INFO - Processing /home/airflow/.local/lib/python3.6/site-packages/airflow/example_dags/example_bash_operator.py took 1.461 seconds
[2024-12-26 15:33:10,993] {scheduler_job.py:182} INFO - Started process (PID=367) to work on /home/airflow/.local/lib/python3.6/site-packages/airflow/example_dags/example_bash_operator.py
[2024-12-26 15:33:10,994] {scheduler_job.py:633} INFO - Processing file /home/airflow/.local/lib/python3.6/site-packages/airflow/example_dags/example_bash_operator.py for tasks to queue
[2024-12-26 15:33:10,995] {logging_mixin.py:104} INFO - [2024-12-26 15:33:10,995] {dagbag.py:496} INFO - Filling up the DagBag from /home/airflow/.local/lib/python3.6/site-packages/airflow/example_dags/example_bash_operator.py
[2024-12-26 15:33:11,005] {scheduler_job.py:643} INFO - DAG(s) dict_keys(['example_bash_operator']) retrieved from /home/airflow/.local/lib/python3.6/site-packages/airflow/example_dags/example_bash_operator.py
[2024-12-26 15:33:11,022] {logging_mixin.py:104} INFO - [2024-12-26 15:33:11,022] {dag.py:1833} INFO - Sync 1 DAGs
[2024-12-26 15:33:11,035] {logging_mixin.py:104} INFO - [2024-12-26 15:33:11,035] {dag.py:2306} INFO - Setting next_dagrun for example_bash_operator to 2024-12-24 00:00:00+00:00
[2024-12-26 15:33:11,047] {scheduler_job.py:190} INFO - Processing /home/airflow/.local/lib/python3.6/site-packages/airflow/example_dags/example_bash_operator.py took 0.057 seconds
[2024-12-26 15:33:41,405] {scheduler_job.py:182} INFO - Started process (PID=429) to work on /home/airflow/.local/lib/python3.6/site-packages/airflow/example_dags/example_bash_operator.py
[2024-12-26 15:33:41,407] {scheduler_job.py:633} INFO - Processing file /home/airflow/.local/lib/python3.6/site-packages/airflow/example_dags/example_bash_operator.py for tasks to queue
[2024-12-26 15:33:41,407] {logging_mixin.py:104} INFO - [2024-12-26 15:33:41,407] {dagbag.py:496} INFO - Filling up the DagBag from /home/airflow/.local/lib/python3.6/site-packages/airflow/example_dags/example_bash_operator.py
[2024-12-26 15:33:41,417] {scheduler_job.py:643} INFO - DAG(s) dict_keys(['example_bash_operator']) retrieved from /home/airflow/.local/lib/python3.6/site-packages/airflow/example_dags/example_bash_operator.py
[2024-12-26 15:33:41,434] {logging_mixin.py:104} INFO - [2024-12-26 15:33:41,434] {dag.py:1833} INFO - Sync 1 DAGs
[2024-12-26 15:33:41,445] {logging_mixin.py:104} INFO - [2024-12-26 15:33:41,445] {dag.py:2306} INFO - Setting next_dagrun for example_bash_operator to 2024-12-24 00:00:00+00:00
[2024-12-26 15:33:41,455] {scheduler_job.py:190} INFO - Processing /home/airflow/.local/lib/python3.6/site-packages/airflow/example_dags/example_bash_operator.py took 0.052 seconds
[2024-12-26 15:34:11,667] {scheduler_job.py:182} INFO - Started process (PID=491) to work on /home/airflow/.local/lib/python3.6/site-packages/airflow/example_dags/example_bash_operator.py
[2024-12-26 15:34:11,668] {scheduler_job.py:633} INFO - Processing file /home/airflow/.local/lib/python3.6/site-packages/airflow/example_dags/example_bash_operator.py for tasks to queue
[2024-12-26 15:34:11,669] {logging_mixin.py:104} INFO - [2024-12-26 15:34:11,669] {dagbag.py:496} INFO - Filling up the DagBag from /home/airflow/.local/lib/python3.6/site-packages/airflow/example_dags/example_bash_operator.py
[2024-12-26 15:34:11,678] {scheduler_job.py:643} INFO - DAG(s) dict_keys(['example_bash_operator']) retrieved from /home/airflow/.local/lib/python3.6/site-packages/airflow/example_dags/example_bash_operator.py
[2024-12-26 15:34:11,691] {logging_mixin.py:104} INFO - [2024-12-26 15:34:11,691] {dag.py:1833} INFO - Sync 1 DAGs
[2024-12-26 15:34:11,706] {logging_mixin.py:104} INFO - [2024-12-26 15:34:11,706] {dag.py:2306} INFO - Setting next_dagrun for example_bash_operator to 2024-12-24 00:00:00+00:00
[2024-12-26 15:34:11,720] {scheduler_job.py:190} INFO - Processing /home/airflow/.local/lib/python3.6/site-packages/airflow/example_dags/example_bash_operator.py took 0.055 seconds
[2024-12-26 15:34:41,873] {scheduler_job.py:182} INFO - Started process (PID=543) to work on /home/airflow/.local/lib/python3.6/site-packages/airflow/example_dags/example_bash_operator.py
[2024-12-26 15:34:41,875] {scheduler_job.py:633} INFO - Processing file /home/airflow/.local/lib/python3.6/site-packages/airflow/example_dags/example_bash_operator.py for tasks to queue
[2024-12-26 15:34:41,876] {logging_mixin.py:104} INFO - [2024-12-26 15:34:41,876] {dagbag.py:496} INFO - Filling up the DagBag from /home/airflow/.local/lib/python3.6/site-packages/airflow/example_dags/example_bash_operator.py
[2024-12-26 15:34:41,888] {scheduler_job.py:643} INFO - DAG(s) dict_keys(['example_bash_operator']) retrieved from /home/airflow/.local/lib/python3.6/site-packages/airflow/example_dags/example_bash_operator.py
[2024-12-26 15:34:41,905] {logging_mixin.py:104} INFO - [2024-12-26 15:34:41,905] {dag.py:1833} INFO - Sync 1 DAGs
[2024-12-26 15:34:41,919] {logging_mixin.py:104} INFO - [2024-12-26 15:34:41,919] {dag.py:2306} INFO - Setting next_dagrun for example_bash_operator to 2024-12-24 00:00:00+00:00
[2024-12-26 15:34:41,929] {scheduler_job.py:190} INFO - Processing /home/airflow/.local/lib/python3.6/site-packages/airflow/example_dags/example_bash_operator.py took 0.058 seconds
[2024-12-26 15:35:12,120] {scheduler_job.py:182} INFO - Started process (PID=605) to work on /home/airflow/.local/lib/python3.6/site-packages/airflow/example_dags/example_bash_operator.py
[2024-12-26 15:35:12,122] {scheduler_job.py:633} INFO - Processing file /home/airflow/.local/lib/python3.6/site-packages/airflow/example_dags/example_bash_operator.py for tasks to queue
[2024-12-26 15:35:12,123] {logging_mixin.py:104} INFO - [2024-12-26 15:35:12,122] {dagbag.py:496} INFO - Filling up the DagBag from /home/airflow/.local/lib/python3.6/site-packages/airflow/example_dags/example_bash_operator.py
[2024-12-26 15:35:12,134] {scheduler_job.py:643} INFO - DAG(s) dict_keys(['example_bash_operator']) retrieved from /home/airflow/.local/lib/python3.6/site-packages/airflow/example_dags/example_bash_operator.py
[2024-12-26 15:35:12,151] {logging_mixin.py:104} INFO - [2024-12-26 15:35:12,151] {dag.py:1833} INFO - Sync 1 DAGs
[2024-12-26 15:35:12,165] {logging_mixin.py:104} INFO - [2024-12-26 15:35:12,165] {dag.py:2306} INFO - Setting next_dagrun for example_bash_operator to 2024-12-24 00:00:00+00:00
[2024-12-26 15:35:12,176] {scheduler_job.py:190} INFO - Processing /home/airflow/.local/lib/python3.6/site-packages/airflow/example_dags/example_bash_operator.py took 0.058 seconds
[2024-12-26 15:35:42,391] {scheduler_job.py:182} INFO - Started process (PID=667) to work on /home/airflow/.local/lib/python3.6/site-packages/airflow/example_dags/example_bash_operator.py
[2024-12-26 15:35:42,393] {scheduler_job.py:633} INFO - Processing file /home/airflow/.local/lib/python3.6/site-packages/airflow/example_dags/example_bash_operator.py for tasks to queue
[2024-12-26 15:35:42,394] {logging_mixin.py:104} INFO - [2024-12-26 15:35:42,394] {dagbag.py:496} INFO - Filling up the DagBag from /home/airflow/.local/lib/python3.6/site-packages/airflow/example_dags/example_bash_operator.py
[2024-12-26 15:35:42,403] {scheduler_job.py:643} INFO - DAG(s) dict_keys(['example_bash_operator']) retrieved from /home/airflow/.local/lib/python3.6/site-packages/airflow/example_dags/example_bash_operator.py
[2024-12-26 15:35:42,418] {logging_mixin.py:104} INFO - [2024-12-26 15:35:42,418] {dag.py:1833} INFO - Sync 1 DAGs
[2024-12-26 15:35:42,431] {logging_mixin.py:104} INFO - [2024-12-26 15:35:42,431] {dag.py:2306} INFO - Setting next_dagrun for example_bash_operator to 2024-12-24 00:00:00+00:00
[2024-12-26 15:35:42,442] {scheduler_job.py:190} INFO - Processing /home/airflow/.local/lib/python3.6/site-packages/airflow/example_dags/example_bash_operator.py took 0.053 seconds
[2024-12-26 15:36:12,651] {scheduler_job.py:182} INFO - Started process (PID=720) to work on /home/airflow/.local/lib/python3.6/site-packages/airflow/example_dags/example_bash_operator.py
[2024-12-26 15:36:12,652] {scheduler_job.py:633} INFO - Processing file /home/airflow/.local/lib/python3.6/site-packages/airflow/example_dags/example_bash_operator.py for tasks to queue
[2024-12-26 15:36:12,653] {logging_mixin.py:104} INFO - [2024-12-26 15:36:12,653] {dagbag.py:496} INFO - Filling up the DagBag from /home/airflow/.local/lib/python3.6/site-packages/airflow/example_dags/example_bash_operator.py
[2024-12-26 15:36:12,661] {scheduler_job.py:643} INFO - DAG(s) dict_keys(['example_bash_operator']) retrieved from /home/airflow/.local/lib/python3.6/site-packages/airflow/example_dags/example_bash_operator.py
[2024-12-26 15:36:12,785] {logging_mixin.py:104} INFO - [2024-12-26 15:36:12,785] {dag.py:1833} INFO - Sync 1 DAGs
[2024-12-26 15:36:12,791] {logging_mixin.py:104} INFO - [2024-12-26 15:36:12,791] {dag.py:1852} INFO - Creating ORM DAG for example_bash_operator
[2024-12-26 15:36:12,796] {logging_mixin.py:104} INFO - [2024-12-26 15:36:12,796] {dag.py:2306} INFO - Setting next_dagrun for example_bash_operator to 2024-12-24 00:00:00+00:00
[2024-12-26 15:36:12,809] {scheduler_job.py:190} INFO - Processing /home/airflow/.local/lib/python3.6/site-packages/airflow/example_dags/example_bash_operator.py took 0.160 seconds
[2024-12-26 15:36:42,947] {scheduler_job.py:182} INFO - Started process (PID=783) to work on /home/airflow/.local/lib/python3.6/site-packages/airflow/example_dags/example_bash_operator.py
[2024-12-26 15:36:42,948] {scheduler_job.py:633} INFO - Processing file /home/airflow/.local/lib/python3.6/site-packages/airflow/example_dags/example_bash_operator.py for tasks to queue
[2024-12-26 15:36:42,949] {logging_mixin.py:104} INFO - [2024-12-26 15:36:42,949] {dagbag.py:496} INFO - Filling up the DagBag from /home/airflow/.local/lib/python3.6/site-packages/airflow/example_dags/example_bash_operator.py
[2024-12-26 15:36:42,958] {scheduler_job.py:643} INFO - DAG(s) dict_keys(['example_bash_operator']) retrieved from /home/airflow/.local/lib/python3.6/site-packages/airflow/example_dags/example_bash_operator.py
[2024-12-26 15:36:43,080] {logging_mixin.py:104} INFO - [2024-12-26 15:36:43,080] {dag.py:1833} INFO - Sync 1 DAGs
[2024-12-26 15:36:43,087] {logging_mixin.py:104} INFO - [2024-12-26 15:36:43,087] {dag.py:1852} INFO - Creating ORM DAG for example_bash_operator
[2024-12-26 15:36:43,092] {logging_mixin.py:104} INFO - [2024-12-26 15:36:43,092] {dag.py:2306} INFO - Setting next_dagrun for example_bash_operator to 2024-12-24 00:00:00+00:00
[2024-12-26 15:36:43,108] {scheduler_job.py:190} INFO - Processing /home/airflow/.local/lib/python3.6/site-packages/airflow/example_dags/example_bash_operator.py took 0.163 seconds
[2024-12-26 15:37:13,496] {scheduler_job.py:182} INFO - Started process (PID=845) to work on /home/airflow/.local/lib/python3.6/site-packages/airflow/example_dags/example_bash_operator.py
[2024-12-26 15:37:13,498] {scheduler_job.py:633} INFO - Processing file /home/airflow/.local/lib/python3.6/site-packages/airflow/example_dags/example_bash_operator.py for tasks to queue
[2024-12-26 15:37:13,499] {logging_mixin.py:104} INFO - [2024-12-26 15:37:13,499] {dagbag.py:496} INFO - Filling up the DagBag from /home/airflow/.local/lib/python3.6/site-packages/airflow/example_dags/example_bash_operator.py
[2024-12-26 15:37:13,508] {scheduler_job.py:643} INFO - DAG(s) dict_keys(['example_bash_operator']) retrieved from /home/airflow/.local/lib/python3.6/site-packages/airflow/example_dags/example_bash_operator.py
[2024-12-26 15:37:13,627] {logging_mixin.py:104} INFO - [2024-12-26 15:37:13,627] {dag.py:1833} INFO - Sync 1 DAGs
[2024-12-26 15:37:13,633] {logging_mixin.py:104} INFO - [2024-12-26 15:37:13,633] {dag.py:1852} INFO - Creating ORM DAG for example_bash_operator
[2024-12-26 15:37:13,638] {logging_mixin.py:104} INFO - [2024-12-26 15:37:13,638] {dag.py:2306} INFO - Setting next_dagrun for example_bash_operator to 2024-12-24 00:00:00+00:00
[2024-12-26 15:37:13,652] {scheduler_job.py:190} INFO - Processing /home/airflow/.local/lib/python3.6/site-packages/airflow/example_dags/example_bash_operator.py took 0.158 seconds
[2024-12-26 15:37:44,048] {scheduler_job.py:182} INFO - Started process (PID=906) to work on /home/airflow/.local/lib/python3.6/site-packages/airflow/example_dags/example_bash_operator.py
[2024-12-26 15:37:44,050] {scheduler_job.py:633} INFO - Processing file /home/airflow/.local/lib/python3.6/site-packages/airflow/example_dags/example_bash_operator.py for tasks to queue
[2024-12-26 15:37:44,051] {logging_mixin.py:104} INFO - [2024-12-26 15:37:44,051] {dagbag.py:496} INFO - Filling up the DagBag from /home/airflow/.local/lib/python3.6/site-packages/airflow/example_dags/example_bash_operator.py
[2024-12-26 15:37:44,061] {scheduler_job.py:643} INFO - DAG(s) dict_keys(['example_bash_operator']) retrieved from /home/airflow/.local/lib/python3.6/site-packages/airflow/example_dags/example_bash_operator.py
[2024-12-26 15:37:44,078] {logging_mixin.py:104} INFO - [2024-12-26 15:37:44,078] {dag.py:1833} INFO - Sync 1 DAGs
[2024-12-26 15:37:44,091] {logging_mixin.py:104} INFO - [2024-12-26 15:37:44,091] {dag.py:2306} INFO - Setting next_dagrun for example_bash_operator to 2024-12-24 00:00:00+00:00
[2024-12-26 15:37:44,102] {scheduler_job.py:190} INFO - Processing /home/airflow/.local/lib/python3.6/site-packages/airflow/example_dags/example_bash_operator.py took 0.056 seconds
[2024-12-26 15:38:14,321] {scheduler_job.py:182} INFO - Started process (PID=959) to work on /home/airflow/.local/lib/python3.6/site-packages/airflow/example_dags/example_bash_operator.py
[2024-12-26 15:38:14,322] {scheduler_job.py:633} INFO - Processing file /home/airflow/.local/lib/python3.6/site-packages/airflow/example_dags/example_bash_operator.py for tasks to queue
[2024-12-26 15:38:14,323] {logging_mixin.py:104} INFO - [2024-12-26 15:38:14,323] {dagbag.py:496} INFO - Filling up the DagBag from /home/airflow/.local/lib/python3.6/site-packages/airflow/example_dags/example_bash_operator.py
[2024-12-26 15:38:14,333] {scheduler_job.py:643} INFO - DAG(s) dict_keys(['example_bash_operator']) retrieved from /home/airflow/.local/lib/python3.6/site-packages/airflow/example_dags/example_bash_operator.py
[2024-12-26 15:38:14,349] {logging_mixin.py:104} INFO - [2024-12-26 15:38:14,349] {dag.py:1833} INFO - Sync 1 DAGs
[2024-12-26 15:38:14,362] {logging_mixin.py:104} INFO - [2024-12-26 15:38:14,362] {dag.py:2306} INFO - Setting next_dagrun for example_bash_operator to 2024-12-24 00:00:00+00:00
[2024-12-26 15:38:14,373] {scheduler_job.py:190} INFO - Processing /home/airflow/.local/lib/python3.6/site-packages/airflow/example_dags/example_bash_operator.py took 0.054 seconds
[2024-12-26 15:38:44,642] {scheduler_job.py:182} INFO - Started process (PID=1021) to work on /home/airflow/.local/lib/python3.6/site-packages/airflow/example_dags/example_bash_operator.py
[2024-12-26 15:38:44,643] {scheduler_job.py:633} INFO - Processing file /home/airflow/.local/lib/python3.6/site-packages/airflow/example_dags/example_bash_operator.py for tasks to queue
[2024-12-26 15:38:44,644] {logging_mixin.py:104} INFO - [2024-12-26 15:38:44,644] {dagbag.py:496} INFO - Filling up the DagBag from /home/airflow/.local/lib/python3.6/site-packages/airflow/example_dags/example_bash_operator.py
[2024-12-26 15:38:44,653] {scheduler_job.py:643} INFO - DAG(s) dict_keys(['example_bash_operator']) retrieved from /home/airflow/.local/lib/python3.6/site-packages/airflow/example_dags/example_bash_operator.py
[2024-12-26 15:38:44,667] {logging_mixin.py:104} INFO - [2024-12-26 15:38:44,667] {dag.py:1833} INFO - Sync 1 DAGs
[2024-12-26 15:38:44,679] {logging_mixin.py:104} INFO - [2024-12-26 15:38:44,679] {dag.py:2306} INFO - Setting next_dagrun for example_bash_operator to 2024-12-24 00:00:00+00:00
[2024-12-26 15:38:44,691] {scheduler_job.py:190} INFO - Processing /home/airflow/.local/lib/python3.6/site-packages/airflow/example_dags/example_bash_operator.py took 0.051 seconds
[2024-12-26 15:39:15,110] {scheduler_job.py:182} INFO - Started process (PID=1083) to work on /home/airflow/.local/lib/python3.6/site-packages/airflow/example_dags/example_bash_operator.py
[2024-12-26 15:39:15,112] {scheduler_job.py:633} INFO - Processing file /home/airflow/.local/lib/python3.6/site-packages/airflow/example_dags/example_bash_operator.py for tasks to queue
[2024-12-26 15:39:15,113] {logging_mixin.py:104} INFO - [2024-12-26 15:39:15,113] {dagbag.py:496} INFO - Filling up the DagBag from /home/airflow/.local/lib/python3.6/site-packages/airflow/example_dags/example_bash_operator.py
[2024-12-26 15:39:15,123] {scheduler_job.py:643} INFO - DAG(s) dict_keys(['example_bash_operator']) retrieved from /home/airflow/.local/lib/python3.6/site-packages/airflow/example_dags/example_bash_operator.py
[2024-12-26 15:39:15,140] {logging_mixin.py:104} INFO - [2024-12-26 15:39:15,140] {dag.py:1833} INFO - Sync 1 DAGs
[2024-12-26 15:39:15,152] {logging_mixin.py:104} INFO - [2024-12-26 15:39:15,152] {dag.py:2306} INFO - Setting next_dagrun for example_bash_operator to 2024-12-24 00:00:00+00:00
[2024-12-26 15:39:15,163] {scheduler_job.py:190} INFO - Processing /home/airflow/.local/lib/python3.6/site-packages/airflow/example_dags/example_bash_operator.py took 0.057 seconds
[2024-12-26 15:40:31,842] {scheduler_job.py:182} INFO - Started process (PID=55) to work on /home/airflow/.local/lib/python3.6/site-packages/airflow/example_dags/example_bash_operator.py
[2024-12-26 15:40:31,843] {scheduler_job.py:633} INFO - Processing file /home/airflow/.local/lib/python3.6/site-packages/airflow/example_dags/example_bash_operator.py for tasks to queue
[2024-12-26 15:40:31,844] {logging_mixin.py:104} INFO - [2024-12-26 15:40:31,844] {dagbag.py:496} INFO - Filling up the DagBag from /home/airflow/.local/lib/python3.6/site-packages/airflow/example_dags/example_bash_operator.py
[2024-12-26 15:40:31,855] {scheduler_job.py:643} INFO - DAG(s) dict_keys(['example_bash_operator']) retrieved from /home/airflow/.local/lib/python3.6/site-packages/airflow/example_dags/example_bash_operator.py
[2024-12-26 15:40:31,872] {logging_mixin.py:104} INFO - [2024-12-26 15:40:31,872] {dag.py:1833} INFO - Sync 1 DAGs
[2024-12-26 15:40:31,886] {logging_mixin.py:104} INFO - [2024-12-26 15:40:31,885] {dag.py:2306} INFO - Setting next_dagrun for example_bash_operator to 2024-12-24 00:00:00+00:00
[2024-12-26 15:40:31,903] {scheduler_job.py:190} INFO - Processing /home/airflow/.local/lib/python3.6/site-packages/airflow/example_dags/example_bash_operator.py took 0.063 seconds
[2024-12-26 15:41:02,634] {scheduler_job.py:182} INFO - Started process (PID=117) to work on /home/airflow/.local/lib/python3.6/site-packages/airflow/example_dags/example_bash_operator.py
[2024-12-26 15:41:02,635] {scheduler_job.py:633} INFO - Processing file /home/airflow/.local/lib/python3.6/site-packages/airflow/example_dags/example_bash_operator.py for tasks to queue
[2024-12-26 15:41:02,636] {logging_mixin.py:104} INFO - [2024-12-26 15:41:02,636] {dagbag.py:496} INFO - Filling up the DagBag from /home/airflow/.local/lib/python3.6/site-packages/airflow/example_dags/example_bash_operator.py
[2024-12-26 15:41:02,645] {scheduler_job.py:643} INFO - DAG(s) dict_keys(['example_bash_operator']) retrieved from /home/airflow/.local/lib/python3.6/site-packages/airflow/example_dags/example_bash_operator.py
[2024-12-26 15:41:02,661] {logging_mixin.py:104} INFO - [2024-12-26 15:41:02,660] {dag.py:1833} INFO - Sync 1 DAGs
[2024-12-26 15:41:02,672] {logging_mixin.py:104} INFO - [2024-12-26 15:41:02,672] {dag.py:2306} INFO - Setting next_dagrun for example_bash_operator to 2024-12-24 00:00:00+00:00
[2024-12-26 15:41:02,680] {scheduler_job.py:190} INFO - Processing /home/airflow/.local/lib/python3.6/site-packages/airflow/example_dags/example_bash_operator.py took 0.049 seconds
[2024-12-26 15:41:33,381] {scheduler_job.py:182} INFO - Started process (PID=178) to work on /home/airflow/.local/lib/python3.6/site-packages/airflow/example_dags/example_bash_operator.py
[2024-12-26 15:41:33,382] {scheduler_job.py:633} INFO - Processing file /home/airflow/.local/lib/python3.6/site-packages/airflow/example_dags/example_bash_operator.py for tasks to queue
[2024-12-26 15:41:33,383] {logging_mixin.py:104} INFO - [2024-12-26 15:41:33,383] {dagbag.py:496} INFO - Filling up the DagBag from /home/airflow/.local/lib/python3.6/site-packages/airflow/example_dags/example_bash_operator.py
[2024-12-26 15:41:33,392] {scheduler_job.py:643} INFO - DAG(s) dict_keys(['example_bash_operator']) retrieved from /home/airflow/.local/lib/python3.6/site-packages/airflow/example_dags/example_bash_operator.py
[2024-12-26 15:41:33,407] {logging_mixin.py:104} INFO - [2024-12-26 15:41:33,407] {dag.py:1833} INFO - Sync 1 DAGs
[2024-12-26 15:41:33,419] {logging_mixin.py:104} INFO - [2024-12-26 15:41:33,419] {dag.py:2306} INFO - Setting next_dagrun for example_bash_operator to 2024-12-24 00:00:00+00:00
[2024-12-26 15:41:33,434] {scheduler_job.py:190} INFO - Processing /home/airflow/.local/lib/python3.6/site-packages/airflow/example_dags/example_bash_operator.py took 0.056 seconds
[2024-12-26 15:42:04,066] {scheduler_job.py:182} INFO - Started process (PID=232) to work on /home/airflow/.local/lib/python3.6/site-packages/airflow/example_dags/example_bash_operator.py
[2024-12-26 15:42:04,068] {scheduler_job.py:633} INFO - Processing file /home/airflow/.local/lib/python3.6/site-packages/airflow/example_dags/example_bash_operator.py for tasks to queue
[2024-12-26 15:42:04,069] {logging_mixin.py:104} INFO - [2024-12-26 15:42:04,069] {dagbag.py:496} INFO - Filling up the DagBag from /home/airflow/.local/lib/python3.6/site-packages/airflow/example_dags/example_bash_operator.py
[2024-12-26 15:42:04,078] {scheduler_job.py:643} INFO - DAG(s) dict_keys(['example_bash_operator']) retrieved from /home/airflow/.local/lib/python3.6/site-packages/airflow/example_dags/example_bash_operator.py
[2024-12-26 15:42:04,092] {logging_mixin.py:104} INFO - [2024-12-26 15:42:04,092] {dag.py:1833} INFO - Sync 1 DAGs
[2024-12-26 15:42:04,103] {logging_mixin.py:104} INFO - [2024-12-26 15:42:04,103] {dag.py:2306} INFO - Setting next_dagrun for example_bash_operator to 2024-12-24 00:00:00+00:00
[2024-12-26 15:42:04,113] {scheduler_job.py:190} INFO - Processing /home/airflow/.local/lib/python3.6/site-packages/airflow/example_dags/example_bash_operator.py took 0.048 seconds
[2024-12-26 15:42:37,112] {scheduler_job.py:182} INFO - Started process (PID=55) to work on /home/airflow/.local/lib/python3.6/site-packages/airflow/example_dags/example_bash_operator.py
[2024-12-26 15:42:37,113] {scheduler_job.py:633} INFO - Processing file /home/airflow/.local/lib/python3.6/site-packages/airflow/example_dags/example_bash_operator.py for tasks to queue
[2024-12-26 15:42:37,114] {logging_mixin.py:104} INFO - [2024-12-26 15:42:37,114] {dagbag.py:496} INFO - Filling up the DagBag from /home/airflow/.local/lib/python3.6/site-packages/airflow/example_dags/example_bash_operator.py
[2024-12-26 15:42:37,126] {scheduler_job.py:643} INFO - DAG(s) dict_keys(['example_bash_operator']) retrieved from /home/airflow/.local/lib/python3.6/site-packages/airflow/example_dags/example_bash_operator.py
[2024-12-26 15:42:37,146] {logging_mixin.py:104} INFO - [2024-12-26 15:42:37,146] {dag.py:1833} INFO - Sync 1 DAGs
[2024-12-26 15:42:37,161] {logging_mixin.py:104} INFO - [2024-12-26 15:42:37,161] {dag.py:2306} INFO - Setting next_dagrun for example_bash_operator to 2024-12-24 00:00:00+00:00
[2024-12-26 15:42:37,172] {scheduler_job.py:190} INFO - Processing /home/airflow/.local/lib/python3.6/site-packages/airflow/example_dags/example_bash_operator.py took 0.064 seconds
[2024-12-26 15:43:08,026] {scheduler_job.py:182} INFO - Started process (PID=117) to work on /home/airflow/.local/lib/python3.6/site-packages/airflow/example_dags/example_bash_operator.py
[2024-12-26 15:43:08,027] {scheduler_job.py:633} INFO - Processing file /home/airflow/.local/lib/python3.6/site-packages/airflow/example_dags/example_bash_operator.py for tasks to queue
[2024-12-26 15:43:08,028] {logging_mixin.py:104} INFO - [2024-12-26 15:43:08,028] {dagbag.py:496} INFO - Filling up the DagBag from /home/airflow/.local/lib/python3.6/site-packages/airflow/example_dags/example_bash_operator.py
[2024-12-26 15:43:08,037] {scheduler_job.py:643} INFO - DAG(s) dict_keys(['example_bash_operator']) retrieved from /home/airflow/.local/lib/python3.6/site-packages/airflow/example_dags/example_bash_operator.py
[2024-12-26 15:43:08,051] {logging_mixin.py:104} INFO - [2024-12-26 15:43:08,051] {dag.py:1833} INFO - Sync 1 DAGs
[2024-12-26 15:43:08,061] {logging_mixin.py:104} INFO - [2024-12-26 15:43:08,061] {dag.py:2306} INFO - Setting next_dagrun for example_bash_operator to 2024-12-24 00:00:00+00:00
[2024-12-26 15:43:08,073] {scheduler_job.py:190} INFO - Processing /home/airflow/.local/lib/python3.6/site-packages/airflow/example_dags/example_bash_operator.py took 0.049 seconds
