[2024-12-26 15:32:42,526] {scheduler_job.py:182} INFO - Started process (PID=263) to work on /home/airflow/.local/lib/python3.6/site-packages/airflow/example_dags/example_branch_datetime_operator.py
[2024-12-26 15:32:42,527] {scheduler_job.py:633} INFO - Processing file /home/airflow/.local/lib/python3.6/site-packages/airflow/example_dags/example_branch_datetime_operator.py for tasks to queue
[2024-12-26 15:32:42,528] {logging_mixin.py:104} INFO - [2024-12-26 15:32:42,528] {dagbag.py:496} INFO - Filling up the DagBag from /home/airflow/.local/lib/python3.6/site-packages/airflow/example_dags/example_branch_datetime_operator.py
[2024-12-26 15:32:42,538] {scheduler_job.py:643} INFO - DAG(s) dict_keys(['example_branch_datetime_operator_2']) retrieved from /home/airflow/.local/lib/python3.6/site-packages/airflow/example_dags/example_branch_datetime_operator.py
[2024-12-26 15:32:43,931] {logging_mixin.py:104} INFO - [2024-12-26 15:32:43,931] {dag.py:1833} INFO - Sync 1 DAGs
[2024-12-26 15:32:43,938] {logging_mixin.py:104} INFO - [2024-12-26 15:32:43,937] {dag.py:1852} INFO - Creating ORM DAG for example_branch_datetime_operator_2
[2024-12-26 15:32:43,943] {logging_mixin.py:104} INFO - [2024-12-26 15:32:43,943] {dag.py:2306} INFO - Setting next_dagrun for example_branch_datetime_operator_2 to 2024-12-24 00:00:00+00:00
[2024-12-26 15:32:43,955] {scheduler_job.py:190} INFO - Processing /home/airflow/.local/lib/python3.6/site-packages/airflow/example_dags/example_branch_datetime_operator.py took 1.433 seconds
[2024-12-26 15:33:14,159] {scheduler_job.py:182} INFO - Started process (PID=382) to work on /home/airflow/.local/lib/python3.6/site-packages/airflow/example_dags/example_branch_datetime_operator.py
[2024-12-26 15:33:14,160] {scheduler_job.py:633} INFO - Processing file /home/airflow/.local/lib/python3.6/site-packages/airflow/example_dags/example_branch_datetime_operator.py for tasks to queue
[2024-12-26 15:33:14,161] {logging_mixin.py:104} INFO - [2024-12-26 15:33:14,161] {dagbag.py:496} INFO - Filling up the DagBag from /home/airflow/.local/lib/python3.6/site-packages/airflow/example_dags/example_branch_datetime_operator.py
[2024-12-26 15:33:14,169] {scheduler_job.py:643} INFO - DAG(s) dict_keys(['example_branch_datetime_operator_2']) retrieved from /home/airflow/.local/lib/python3.6/site-packages/airflow/example_dags/example_branch_datetime_operator.py
[2024-12-26 15:33:14,184] {logging_mixin.py:104} INFO - [2024-12-26 15:33:14,184] {dag.py:1833} INFO - Sync 1 DAGs
[2024-12-26 15:33:14,196] {logging_mixin.py:104} INFO - [2024-12-26 15:33:14,196] {dag.py:2306} INFO - Setting next_dagrun for example_branch_datetime_operator_2 to 2024-12-24 00:00:00+00:00
[2024-12-26 15:33:14,207] {scheduler_job.py:190} INFO - Processing /home/airflow/.local/lib/python3.6/site-packages/airflow/example_dags/example_branch_datetime_operator.py took 0.050 seconds
[2024-12-26 15:33:44,488] {scheduler_job.py:182} INFO - Started process (PID=434) to work on /home/airflow/.local/lib/python3.6/site-packages/airflow/example_dags/example_branch_datetime_operator.py
[2024-12-26 15:33:44,489] {scheduler_job.py:633} INFO - Processing file /home/airflow/.local/lib/python3.6/site-packages/airflow/example_dags/example_branch_datetime_operator.py for tasks to queue
[2024-12-26 15:33:44,490] {logging_mixin.py:104} INFO - [2024-12-26 15:33:44,490] {dagbag.py:496} INFO - Filling up the DagBag from /home/airflow/.local/lib/python3.6/site-packages/airflow/example_dags/example_branch_datetime_operator.py
[2024-12-26 15:33:44,497] {scheduler_job.py:643} INFO - DAG(s) dict_keys(['example_branch_datetime_operator_2']) retrieved from /home/airflow/.local/lib/python3.6/site-packages/airflow/example_dags/example_branch_datetime_operator.py
[2024-12-26 15:33:44,511] {logging_mixin.py:104} INFO - [2024-12-26 15:33:44,511] {dag.py:1833} INFO - Sync 1 DAGs
[2024-12-26 15:33:44,522] {logging_mixin.py:104} INFO - [2024-12-26 15:33:44,522] {dag.py:2306} INFO - Setting next_dagrun for example_branch_datetime_operator_2 to 2024-12-24 00:00:00+00:00
[2024-12-26 15:33:44,529] {scheduler_job.py:190} INFO - Processing /home/airflow/.local/lib/python3.6/site-packages/airflow/example_dags/example_branch_datetime_operator.py took 0.043 seconds
[2024-12-26 15:34:14,759] {scheduler_job.py:182} INFO - Started process (PID=496) to work on /home/airflow/.local/lib/python3.6/site-packages/airflow/example_dags/example_branch_datetime_operator.py
[2024-12-26 15:34:14,760] {scheduler_job.py:633} INFO - Processing file /home/airflow/.local/lib/python3.6/site-packages/airflow/example_dags/example_branch_datetime_operator.py for tasks to queue
[2024-12-26 15:34:14,761] {logging_mixin.py:104} INFO - [2024-12-26 15:34:14,761] {dagbag.py:496} INFO - Filling up the DagBag from /home/airflow/.local/lib/python3.6/site-packages/airflow/example_dags/example_branch_datetime_operator.py
[2024-12-26 15:34:14,768] {scheduler_job.py:643} INFO - DAG(s) dict_keys(['example_branch_datetime_operator_2']) retrieved from /home/airflow/.local/lib/python3.6/site-packages/airflow/example_dags/example_branch_datetime_operator.py
[2024-12-26 15:34:14,782] {logging_mixin.py:104} INFO - [2024-12-26 15:34:14,782] {dag.py:1833} INFO - Sync 1 DAGs
[2024-12-26 15:34:14,793] {logging_mixin.py:104} INFO - [2024-12-26 15:34:14,793] {dag.py:2306} INFO - Setting next_dagrun for example_branch_datetime_operator_2 to 2024-12-24 00:00:00+00:00
[2024-12-26 15:34:14,803] {scheduler_job.py:190} INFO - Processing /home/airflow/.local/lib/python3.6/site-packages/airflow/example_dags/example_branch_datetime_operator.py took 0.046 seconds
[2024-12-26 15:34:44,974] {scheduler_job.py:182} INFO - Started process (PID=558) to work on /home/airflow/.local/lib/python3.6/site-packages/airflow/example_dags/example_branch_datetime_operator.py
[2024-12-26 15:34:44,976] {scheduler_job.py:633} INFO - Processing file /home/airflow/.local/lib/python3.6/site-packages/airflow/example_dags/example_branch_datetime_operator.py for tasks to queue
[2024-12-26 15:34:44,977] {logging_mixin.py:104} INFO - [2024-12-26 15:34:44,977] {dagbag.py:496} INFO - Filling up the DagBag from /home/airflow/.local/lib/python3.6/site-packages/airflow/example_dags/example_branch_datetime_operator.py
[2024-12-26 15:34:44,984] {scheduler_job.py:643} INFO - DAG(s) dict_keys(['example_branch_datetime_operator_2']) retrieved from /home/airflow/.local/lib/python3.6/site-packages/airflow/example_dags/example_branch_datetime_operator.py
[2024-12-26 15:34:44,998] {logging_mixin.py:104} INFO - [2024-12-26 15:34:44,998] {dag.py:1833} INFO - Sync 1 DAGs
[2024-12-26 15:34:45,009] {logging_mixin.py:104} INFO - [2024-12-26 15:34:45,009] {dag.py:2306} INFO - Setting next_dagrun for example_branch_datetime_operator_2 to 2024-12-24 00:00:00+00:00
[2024-12-26 15:34:45,023] {scheduler_job.py:190} INFO - Processing /home/airflow/.local/lib/python3.6/site-packages/airflow/example_dags/example_branch_datetime_operator.py took 0.051 seconds
[2024-12-26 15:35:15,139] {scheduler_job.py:182} INFO - Started process (PID=610) to work on /home/airflow/.local/lib/python3.6/site-packages/airflow/example_dags/example_branch_datetime_operator.py
[2024-12-26 15:35:15,140] {scheduler_job.py:633} INFO - Processing file /home/airflow/.local/lib/python3.6/site-packages/airflow/example_dags/example_branch_datetime_operator.py for tasks to queue
[2024-12-26 15:35:15,141] {logging_mixin.py:104} INFO - [2024-12-26 15:35:15,141] {dagbag.py:496} INFO - Filling up the DagBag from /home/airflow/.local/lib/python3.6/site-packages/airflow/example_dags/example_branch_datetime_operator.py
[2024-12-26 15:35:15,149] {scheduler_job.py:643} INFO - DAG(s) dict_keys(['example_branch_datetime_operator_2']) retrieved from /home/airflow/.local/lib/python3.6/site-packages/airflow/example_dags/example_branch_datetime_operator.py
[2024-12-26 15:35:15,163] {logging_mixin.py:104} INFO - [2024-12-26 15:35:15,163] {dag.py:1833} INFO - Sync 1 DAGs
[2024-12-26 15:35:15,175] {logging_mixin.py:104} INFO - [2024-12-26 15:35:15,175] {dag.py:2306} INFO - Setting next_dagrun for example_branch_datetime_operator_2 to 2024-12-24 00:00:00+00:00
[2024-12-26 15:35:15,189] {scheduler_job.py:190} INFO - Processing /home/airflow/.local/lib/python3.6/site-packages/airflow/example_dags/example_branch_datetime_operator.py took 0.052 seconds
[2024-12-26 15:35:45,470] {scheduler_job.py:182} INFO - Started process (PID=672) to work on /home/airflow/.local/lib/python3.6/site-packages/airflow/example_dags/example_branch_datetime_operator.py
[2024-12-26 15:35:45,471] {scheduler_job.py:633} INFO - Processing file /home/airflow/.local/lib/python3.6/site-packages/airflow/example_dags/example_branch_datetime_operator.py for tasks to queue
[2024-12-26 15:35:45,472] {logging_mixin.py:104} INFO - [2024-12-26 15:35:45,472] {dagbag.py:496} INFO - Filling up the DagBag from /home/airflow/.local/lib/python3.6/site-packages/airflow/example_dags/example_branch_datetime_operator.py
[2024-12-26 15:35:45,479] {scheduler_job.py:643} INFO - DAG(s) dict_keys(['example_branch_datetime_operator_2']) retrieved from /home/airflow/.local/lib/python3.6/site-packages/airflow/example_dags/example_branch_datetime_operator.py
[2024-12-26 15:35:45,492] {logging_mixin.py:104} INFO - [2024-12-26 15:35:45,492] {dag.py:1833} INFO - Sync 1 DAGs
[2024-12-26 15:35:45,503] {logging_mixin.py:104} INFO - [2024-12-26 15:35:45,503] {dag.py:2306} INFO - Setting next_dagrun for example_branch_datetime_operator_2 to 2024-12-24 00:00:00+00:00
[2024-12-26 15:35:45,511] {scheduler_job.py:190} INFO - Processing /home/airflow/.local/lib/python3.6/site-packages/airflow/example_dags/example_branch_datetime_operator.py took 0.042 seconds
[2024-12-26 15:36:15,841] {scheduler_job.py:182} INFO - Started process (PID=736) to work on /home/airflow/.local/lib/python3.6/site-packages/airflow/example_dags/example_branch_datetime_operator.py
[2024-12-26 15:36:15,842] {scheduler_job.py:633} INFO - Processing file /home/airflow/.local/lib/python3.6/site-packages/airflow/example_dags/example_branch_datetime_operator.py for tasks to queue
[2024-12-26 15:36:15,843] {logging_mixin.py:104} INFO - [2024-12-26 15:36:15,843] {dagbag.py:496} INFO - Filling up the DagBag from /home/airflow/.local/lib/python3.6/site-packages/airflow/example_dags/example_branch_datetime_operator.py
[2024-12-26 15:36:15,851] {scheduler_job.py:643} INFO - DAG(s) dict_keys(['example_branch_datetime_operator_2']) retrieved from /home/airflow/.local/lib/python3.6/site-packages/airflow/example_dags/example_branch_datetime_operator.py
[2024-12-26 15:36:15,993] {logging_mixin.py:104} INFO - [2024-12-26 15:36:15,993] {dag.py:1833} INFO - Sync 1 DAGs
[2024-12-26 15:36:15,999] {logging_mixin.py:104} INFO - [2024-12-26 15:36:15,999] {dag.py:1852} INFO - Creating ORM DAG for example_branch_datetime_operator_2
[2024-12-26 15:36:16,005] {logging_mixin.py:104} INFO - [2024-12-26 15:36:16,005] {dag.py:2306} INFO - Setting next_dagrun for example_branch_datetime_operator_2 to 2024-12-24 00:00:00+00:00
[2024-12-26 15:36:16,018] {scheduler_job.py:190} INFO - Processing /home/airflow/.local/lib/python3.6/site-packages/airflow/example_dags/example_branch_datetime_operator.py took 0.178 seconds
[2024-12-26 15:36:46,148] {scheduler_job.py:182} INFO - Started process (PID=788) to work on /home/airflow/.local/lib/python3.6/site-packages/airflow/example_dags/example_branch_datetime_operator.py
[2024-12-26 15:36:46,150] {scheduler_job.py:633} INFO - Processing file /home/airflow/.local/lib/python3.6/site-packages/airflow/example_dags/example_branch_datetime_operator.py for tasks to queue
[2024-12-26 15:36:46,150] {logging_mixin.py:104} INFO - [2024-12-26 15:36:46,150] {dagbag.py:496} INFO - Filling up the DagBag from /home/airflow/.local/lib/python3.6/site-packages/airflow/example_dags/example_branch_datetime_operator.py
[2024-12-26 15:36:46,158] {scheduler_job.py:643} INFO - DAG(s) dict_keys(['example_branch_datetime_operator_2']) retrieved from /home/airflow/.local/lib/python3.6/site-packages/airflow/example_dags/example_branch_datetime_operator.py
[2024-12-26 15:36:46,281] {logging_mixin.py:104} INFO - [2024-12-26 15:36:46,281] {dag.py:1833} INFO - Sync 1 DAGs
[2024-12-26 15:36:46,287] {logging_mixin.py:104} INFO - [2024-12-26 15:36:46,286] {dag.py:1852} INFO - Creating ORM DAG for example_branch_datetime_operator_2
[2024-12-26 15:36:46,292] {logging_mixin.py:104} INFO - [2024-12-26 15:36:46,292] {dag.py:2306} INFO - Setting next_dagrun for example_branch_datetime_operator_2 to 2024-12-24 00:00:00+00:00
[2024-12-26 15:36:46,303] {scheduler_job.py:190} INFO - Processing /home/airflow/.local/lib/python3.6/site-packages/airflow/example_dags/example_branch_datetime_operator.py took 0.157 seconds
[2024-12-26 15:37:16,594] {scheduler_job.py:182} INFO - Started process (PID=850) to work on /home/airflow/.local/lib/python3.6/site-packages/airflow/example_dags/example_branch_datetime_operator.py
[2024-12-26 15:37:16,595] {scheduler_job.py:633} INFO - Processing file /home/airflow/.local/lib/python3.6/site-packages/airflow/example_dags/example_branch_datetime_operator.py for tasks to queue
[2024-12-26 15:37:16,596] {logging_mixin.py:104} INFO - [2024-12-26 15:37:16,596] {dagbag.py:496} INFO - Filling up the DagBag from /home/airflow/.local/lib/python3.6/site-packages/airflow/example_dags/example_branch_datetime_operator.py
[2024-12-26 15:37:16,605] {scheduler_job.py:643} INFO - DAG(s) dict_keys(['example_branch_datetime_operator_2']) retrieved from /home/airflow/.local/lib/python3.6/site-packages/airflow/example_dags/example_branch_datetime_operator.py
[2024-12-26 15:37:16,619] {logging_mixin.py:104} INFO - [2024-12-26 15:37:16,619] {dag.py:1833} INFO - Sync 1 DAGs
[2024-12-26 15:37:16,631] {logging_mixin.py:104} INFO - [2024-12-26 15:37:16,631] {dag.py:2306} INFO - Setting next_dagrun for example_branch_datetime_operator_2 to 2024-12-24 00:00:00+00:00
[2024-12-26 15:37:16,645] {scheduler_job.py:190} INFO - Processing /home/airflow/.local/lib/python3.6/site-packages/airflow/example_dags/example_branch_datetime_operator.py took 0.054 seconds
[2024-12-26 15:37:47,140] {scheduler_job.py:182} INFO - Started process (PID=912) to work on /home/airflow/.local/lib/python3.6/site-packages/airflow/example_dags/example_branch_datetime_operator.py
[2024-12-26 15:37:47,142] {scheduler_job.py:633} INFO - Processing file /home/airflow/.local/lib/python3.6/site-packages/airflow/example_dags/example_branch_datetime_operator.py for tasks to queue
[2024-12-26 15:37:47,143] {logging_mixin.py:104} INFO - [2024-12-26 15:37:47,142] {dagbag.py:496} INFO - Filling up the DagBag from /home/airflow/.local/lib/python3.6/site-packages/airflow/example_dags/example_branch_datetime_operator.py
[2024-12-26 15:37:47,150] {scheduler_job.py:643} INFO - DAG(s) dict_keys(['example_branch_datetime_operator_2']) retrieved from /home/airflow/.local/lib/python3.6/site-packages/airflow/example_dags/example_branch_datetime_operator.py
[2024-12-26 15:37:47,163] {logging_mixin.py:104} INFO - [2024-12-26 15:37:47,163] {dag.py:1833} INFO - Sync 1 DAGs
[2024-12-26 15:37:47,174] {logging_mixin.py:104} INFO - [2024-12-26 15:37:47,174] {dag.py:2306} INFO - Setting next_dagrun for example_branch_datetime_operator_2 to 2024-12-24 00:00:00+00:00
[2024-12-26 15:37:47,185] {scheduler_job.py:190} INFO - Processing /home/airflow/.local/lib/python3.6/site-packages/airflow/example_dags/example_branch_datetime_operator.py took 0.047 seconds
[2024-12-26 15:38:17,412] {scheduler_job.py:182} INFO - Started process (PID=971) to work on /home/airflow/.local/lib/python3.6/site-packages/airflow/example_dags/example_branch_datetime_operator.py
[2024-12-26 15:38:17,413] {scheduler_job.py:633} INFO - Processing file /home/airflow/.local/lib/python3.6/site-packages/airflow/example_dags/example_branch_datetime_operator.py for tasks to queue
[2024-12-26 15:38:17,414] {logging_mixin.py:104} INFO - [2024-12-26 15:38:17,414] {dagbag.py:496} INFO - Filling up the DagBag from /home/airflow/.local/lib/python3.6/site-packages/airflow/example_dags/example_branch_datetime_operator.py
[2024-12-26 15:38:17,424] {scheduler_job.py:643} INFO - DAG(s) dict_keys(['example_branch_datetime_operator_2']) retrieved from /home/airflow/.local/lib/python3.6/site-packages/airflow/example_dags/example_branch_datetime_operator.py
[2024-12-26 15:38:17,441] {logging_mixin.py:104} INFO - [2024-12-26 15:38:17,441] {dag.py:1833} INFO - Sync 1 DAGs
[2024-12-26 15:38:17,457] {logging_mixin.py:104} INFO - [2024-12-26 15:38:17,456] {dag.py:2306} INFO - Setting next_dagrun for example_branch_datetime_operator_2 to 2024-12-24 00:00:00+00:00
[2024-12-26 15:38:17,467] {scheduler_job.py:190} INFO - Processing /home/airflow/.local/lib/python3.6/site-packages/airflow/example_dags/example_branch_datetime_operator.py took 0.057 seconds
[2024-12-26 15:38:47,733] {scheduler_job.py:182} INFO - Started process (PID=1026) to work on /home/airflow/.local/lib/python3.6/site-packages/airflow/example_dags/example_branch_datetime_operator.py
[2024-12-26 15:38:47,734] {scheduler_job.py:633} INFO - Processing file /home/airflow/.local/lib/python3.6/site-packages/airflow/example_dags/example_branch_datetime_operator.py for tasks to queue
[2024-12-26 15:38:47,735] {logging_mixin.py:104} INFO - [2024-12-26 15:38:47,735] {dagbag.py:496} INFO - Filling up the DagBag from /home/airflow/.local/lib/python3.6/site-packages/airflow/example_dags/example_branch_datetime_operator.py
[2024-12-26 15:38:47,742] {scheduler_job.py:643} INFO - DAG(s) dict_keys(['example_branch_datetime_operator_2']) retrieved from /home/airflow/.local/lib/python3.6/site-packages/airflow/example_dags/example_branch_datetime_operator.py
[2024-12-26 15:38:47,758] {logging_mixin.py:104} INFO - [2024-12-26 15:38:47,758] {dag.py:1833} INFO - Sync 1 DAGs
[2024-12-26 15:38:47,770] {logging_mixin.py:104} INFO - [2024-12-26 15:38:47,770] {dag.py:2306} INFO - Setting next_dagrun for example_branch_datetime_operator_2 to 2024-12-24 00:00:00+00:00
[2024-12-26 15:38:47,778] {scheduler_job.py:190} INFO - Processing /home/airflow/.local/lib/python3.6/site-packages/airflow/example_dags/example_branch_datetime_operator.py took 0.047 seconds
[2024-12-26 15:39:18,208] {scheduler_job.py:182} INFO - Started process (PID=1088) to work on /home/airflow/.local/lib/python3.6/site-packages/airflow/example_dags/example_branch_datetime_operator.py
[2024-12-26 15:39:18,210] {scheduler_job.py:633} INFO - Processing file /home/airflow/.local/lib/python3.6/site-packages/airflow/example_dags/example_branch_datetime_operator.py for tasks to queue
[2024-12-26 15:39:18,211] {logging_mixin.py:104} INFO - [2024-12-26 15:39:18,211] {dagbag.py:496} INFO - Filling up the DagBag from /home/airflow/.local/lib/python3.6/site-packages/airflow/example_dags/example_branch_datetime_operator.py
[2024-12-26 15:39:18,218] {scheduler_job.py:643} INFO - DAG(s) dict_keys(['example_branch_datetime_operator_2']) retrieved from /home/airflow/.local/lib/python3.6/site-packages/airflow/example_dags/example_branch_datetime_operator.py
[2024-12-26 15:39:18,231] {logging_mixin.py:104} INFO - [2024-12-26 15:39:18,231] {dag.py:1833} INFO - Sync 1 DAGs
[2024-12-26 15:39:18,243] {logging_mixin.py:104} INFO - [2024-12-26 15:39:18,243] {dag.py:2306} INFO - Setting next_dagrun for example_branch_datetime_operator_2 to 2024-12-24 00:00:00+00:00
[2024-12-26 15:39:18,257] {scheduler_job.py:190} INFO - Processing /home/airflow/.local/lib/python3.6/site-packages/airflow/example_dags/example_branch_datetime_operator.py took 0.050 seconds
[2024-12-26 15:40:32,075] {scheduler_job.py:182} INFO - Started process (PID=60) to work on /home/airflow/.local/lib/python3.6/site-packages/airflow/example_dags/example_branch_datetime_operator.py
[2024-12-26 15:40:32,077] {scheduler_job.py:633} INFO - Processing file /home/airflow/.local/lib/python3.6/site-packages/airflow/example_dags/example_branch_datetime_operator.py for tasks to queue
[2024-12-26 15:40:32,077] {logging_mixin.py:104} INFO - [2024-12-26 15:40:32,077] {dagbag.py:496} INFO - Filling up the DagBag from /home/airflow/.local/lib/python3.6/site-packages/airflow/example_dags/example_branch_datetime_operator.py
[2024-12-26 15:40:32,086] {scheduler_job.py:643} INFO - DAG(s) dict_keys(['example_branch_datetime_operator_2']) retrieved from /home/airflow/.local/lib/python3.6/site-packages/airflow/example_dags/example_branch_datetime_operator.py
[2024-12-26 15:40:32,108] {logging_mixin.py:104} INFO - [2024-12-26 15:40:32,108] {dag.py:1833} INFO - Sync 1 DAGs
[2024-12-26 15:40:32,124] {logging_mixin.py:104} INFO - [2024-12-26 15:40:32,124] {dag.py:2306} INFO - Setting next_dagrun for example_branch_datetime_operator_2 to 2024-12-24 00:00:00+00:00
[2024-12-26 15:40:32,136] {scheduler_job.py:190} INFO - Processing /home/airflow/.local/lib/python3.6/site-packages/airflow/example_dags/example_branch_datetime_operator.py took 0.064 seconds
[2024-12-26 15:41:02,845] {scheduler_job.py:182} INFO - Started process (PID=122) to work on /home/airflow/.local/lib/python3.6/site-packages/airflow/example_dags/example_branch_datetime_operator.py
[2024-12-26 15:41:02,847] {scheduler_job.py:633} INFO - Processing file /home/airflow/.local/lib/python3.6/site-packages/airflow/example_dags/example_branch_datetime_operator.py for tasks to queue
[2024-12-26 15:41:02,847] {logging_mixin.py:104} INFO - [2024-12-26 15:41:02,847] {dagbag.py:496} INFO - Filling up the DagBag from /home/airflow/.local/lib/python3.6/site-packages/airflow/example_dags/example_branch_datetime_operator.py
[2024-12-26 15:41:02,855] {scheduler_job.py:643} INFO - DAG(s) dict_keys(['example_branch_datetime_operator_2']) retrieved from /home/airflow/.local/lib/python3.6/site-packages/airflow/example_dags/example_branch_datetime_operator.py
[2024-12-26 15:41:02,872] {logging_mixin.py:104} INFO - [2024-12-26 15:41:02,872] {dag.py:1833} INFO - Sync 1 DAGs
[2024-12-26 15:41:02,887] {logging_mixin.py:104} INFO - [2024-12-26 15:41:02,887] {dag.py:2306} INFO - Setting next_dagrun for example_branch_datetime_operator_2 to 2024-12-24 00:00:00+00:00
[2024-12-26 15:41:02,900] {scheduler_job.py:190} INFO - Processing /home/airflow/.local/lib/python3.6/site-packages/airflow/example_dags/example_branch_datetime_operator.py took 0.057 seconds
[2024-12-26 15:41:33,603] {scheduler_job.py:182} INFO - Started process (PID=184) to work on /home/airflow/.local/lib/python3.6/site-packages/airflow/example_dags/example_branch_datetime_operator.py
[2024-12-26 15:41:33,605] {scheduler_job.py:633} INFO - Processing file /home/airflow/.local/lib/python3.6/site-packages/airflow/example_dags/example_branch_datetime_operator.py for tasks to queue
[2024-12-26 15:41:33,606] {logging_mixin.py:104} INFO - [2024-12-26 15:41:33,606] {dagbag.py:496} INFO - Filling up the DagBag from /home/airflow/.local/lib/python3.6/site-packages/airflow/example_dags/example_branch_datetime_operator.py
[2024-12-26 15:41:33,614] {scheduler_job.py:643} INFO - DAG(s) dict_keys(['example_branch_datetime_operator_2']) retrieved from /home/airflow/.local/lib/python3.6/site-packages/airflow/example_dags/example_branch_datetime_operator.py
[2024-12-26 15:41:33,628] {logging_mixin.py:104} INFO - [2024-12-26 15:41:33,628] {dag.py:1833} INFO - Sync 1 DAGs
[2024-12-26 15:41:33,639] {logging_mixin.py:104} INFO - [2024-12-26 15:41:33,639] {dag.py:2306} INFO - Setting next_dagrun for example_branch_datetime_operator_2 to 2024-12-24 00:00:00+00:00
[2024-12-26 15:41:33,650] {scheduler_job.py:190} INFO - Processing /home/airflow/.local/lib/python3.6/site-packages/airflow/example_dags/example_branch_datetime_operator.py took 0.049 seconds
[2024-12-26 15:42:04,235] {scheduler_job.py:182} INFO - Started process (PID=237) to work on /home/airflow/.local/lib/python3.6/site-packages/airflow/example_dags/example_branch_datetime_operator.py
[2024-12-26 15:42:04,236] {scheduler_job.py:633} INFO - Processing file /home/airflow/.local/lib/python3.6/site-packages/airflow/example_dags/example_branch_datetime_operator.py for tasks to queue
[2024-12-26 15:42:04,237] {logging_mixin.py:104} INFO - [2024-12-26 15:42:04,237] {dagbag.py:496} INFO - Filling up the DagBag from /home/airflow/.local/lib/python3.6/site-packages/airflow/example_dags/example_branch_datetime_operator.py
[2024-12-26 15:42:04,245] {scheduler_job.py:643} INFO - DAG(s) dict_keys(['example_branch_datetime_operator_2']) retrieved from /home/airflow/.local/lib/python3.6/site-packages/airflow/example_dags/example_branch_datetime_operator.py
[2024-12-26 15:42:04,258] {logging_mixin.py:104} INFO - [2024-12-26 15:42:04,258] {dag.py:1833} INFO - Sync 1 DAGs
[2024-12-26 15:42:04,268] {logging_mixin.py:104} INFO - [2024-12-26 15:42:04,268] {dag.py:2306} INFO - Setting next_dagrun for example_branch_datetime_operator_2 to 2024-12-24 00:00:00+00:00
[2024-12-26 15:42:04,278] {scheduler_job.py:190} INFO - Processing /home/airflow/.local/lib/python3.6/site-packages/airflow/example_dags/example_branch_datetime_operator.py took 0.045 seconds
[2024-12-26 15:42:37,319] {scheduler_job.py:182} INFO - Started process (PID=60) to work on /home/airflow/.local/lib/python3.6/site-packages/airflow/example_dags/example_branch_datetime_operator.py
[2024-12-26 15:42:37,320] {scheduler_job.py:633} INFO - Processing file /home/airflow/.local/lib/python3.6/site-packages/airflow/example_dags/example_branch_datetime_operator.py for tasks to queue
[2024-12-26 15:42:37,322] {logging_mixin.py:104} INFO - [2024-12-26 15:42:37,321] {dagbag.py:496} INFO - Filling up the DagBag from /home/airflow/.local/lib/python3.6/site-packages/airflow/example_dags/example_branch_datetime_operator.py
[2024-12-26 15:42:37,334] {scheduler_job.py:643} INFO - DAG(s) dict_keys(['example_branch_datetime_operator_2']) retrieved from /home/airflow/.local/lib/python3.6/site-packages/airflow/example_dags/example_branch_datetime_operator.py
[2024-12-26 15:42:37,351] {logging_mixin.py:104} INFO - [2024-12-26 15:42:37,351] {dag.py:1833} INFO - Sync 1 DAGs
[2024-12-26 15:42:37,366] {logging_mixin.py:104} INFO - [2024-12-26 15:42:37,366] {dag.py:2306} INFO - Setting next_dagrun for example_branch_datetime_operator_2 to 2024-12-24 00:00:00+00:00
[2024-12-26 15:42:37,379] {scheduler_job.py:190} INFO - Processing /home/airflow/.local/lib/python3.6/site-packages/airflow/example_dags/example_branch_datetime_operator.py took 0.063 seconds
[2024-12-26 15:43:08,230] {scheduler_job.py:182} INFO - Started process (PID=122) to work on /home/airflow/.local/lib/python3.6/site-packages/airflow/example_dags/example_branch_datetime_operator.py
[2024-12-26 15:43:08,231] {scheduler_job.py:633} INFO - Processing file /home/airflow/.local/lib/python3.6/site-packages/airflow/example_dags/example_branch_datetime_operator.py for tasks to queue
[2024-12-26 15:43:08,233] {logging_mixin.py:104} INFO - [2024-12-26 15:43:08,232] {dagbag.py:496} INFO - Filling up the DagBag from /home/airflow/.local/lib/python3.6/site-packages/airflow/example_dags/example_branch_datetime_operator.py
[2024-12-26 15:43:08,240] {scheduler_job.py:643} INFO - DAG(s) dict_keys(['example_branch_datetime_operator_2']) retrieved from /home/airflow/.local/lib/python3.6/site-packages/airflow/example_dags/example_branch_datetime_operator.py
[2024-12-26 15:43:08,263] {logging_mixin.py:104} INFO - [2024-12-26 15:43:08,263] {dag.py:1833} INFO - Sync 1 DAGs
[2024-12-26 15:43:08,281] {logging_mixin.py:104} INFO - [2024-12-26 15:43:08,281] {dag.py:2306} INFO - Setting next_dagrun for example_branch_datetime_operator_2 to 2024-12-24 00:00:00+00:00
[2024-12-26 15:43:08,293] {scheduler_job.py:190} INFO - Processing /home/airflow/.local/lib/python3.6/site-packages/airflow/example_dags/example_branch_datetime_operator.py took 0.065 seconds
