[2024-12-26 15:32:29,897] {scheduler_job.py:182} INFO - Started process (PID=109) to work on /home/airflow/.local/lib/python3.6/site-packages/airflow/example_dags/example_latest_only.py
[2024-12-26 15:32:29,899] {scheduler_job.py:633} INFO - Processing file /home/airflow/.local/lib/python3.6/site-packages/airflow/example_dags/example_latest_only.py for tasks to queue
[2024-12-26 15:32:29,900] {logging_mixin.py:104} INFO - [2024-12-26 15:32:29,900] {dagbag.py:496} INFO - Filling up the DagBag from /home/airflow/.local/lib/python3.6/site-packages/airflow/example_dags/example_latest_only.py
[2024-12-26 15:32:29,907] {scheduler_job.py:643} INFO - DAG(s) dict_keys(['latest_only']) retrieved from /home/airflow/.local/lib/python3.6/site-packages/airflow/example_dags/example_latest_only.py
[2024-12-26 15:32:31,526] {logging_mixin.py:104} INFO - [2024-12-26 15:32:31,526] {dag.py:1833} INFO - Sync 1 DAGs
[2024-12-26 15:32:31,538] {logging_mixin.py:104} INFO - [2024-12-26 15:32:31,537] {dag.py:1852} INFO - Creating ORM DAG for latest_only
[2024-12-26 15:32:31,544] {logging_mixin.py:104} INFO - [2024-12-26 15:32:31,544] {dag.py:2306} INFO - Setting next_dagrun for latest_only to 2024-12-24 00:00:00+00:00
[2024-12-26 15:32:31,558] {scheduler_job.py:190} INFO - Processing /home/airflow/.local/lib/python3.6/site-packages/airflow/example_dags/example_latest_only.py took 1.663 seconds
[2024-12-26 15:33:01,610] {scheduler_job.py:182} INFO - Started process (PID=352) to work on /home/airflow/.local/lib/python3.6/site-packages/airflow/example_dags/example_latest_only.py
[2024-12-26 15:33:01,611] {scheduler_job.py:633} INFO - Processing file /home/airflow/.local/lib/python3.6/site-packages/airflow/example_dags/example_latest_only.py for tasks to queue
[2024-12-26 15:33:01,612] {logging_mixin.py:104} INFO - [2024-12-26 15:33:01,612] {dagbag.py:496} INFO - Filling up the DagBag from /home/airflow/.local/lib/python3.6/site-packages/airflow/example_dags/example_latest_only.py
[2024-12-26 15:33:01,620] {scheduler_job.py:643} INFO - DAG(s) dict_keys(['latest_only']) retrieved from /home/airflow/.local/lib/python3.6/site-packages/airflow/example_dags/example_latest_only.py
[2024-12-26 15:33:01,636] {logging_mixin.py:104} INFO - [2024-12-26 15:33:01,636] {dag.py:1833} INFO - Sync 1 DAGs
[2024-12-26 15:33:01,647] {logging_mixin.py:104} INFO - [2024-12-26 15:33:01,647] {dag.py:2306} INFO - Setting next_dagrun for latest_only to 2024-12-24 00:00:00+00:00
[2024-12-26 15:33:01,663] {scheduler_job.py:190} INFO - Processing /home/airflow/.local/lib/python3.6/site-packages/airflow/example_dags/example_latest_only.py took 0.055 seconds
[2024-12-26 15:33:31,947] {scheduler_job.py:182} INFO - Started process (PID=408) to work on /home/airflow/.local/lib/python3.6/site-packages/airflow/example_dags/example_latest_only.py
[2024-12-26 15:33:31,948] {scheduler_job.py:633} INFO - Processing file /home/airflow/.local/lib/python3.6/site-packages/airflow/example_dags/example_latest_only.py for tasks to queue
[2024-12-26 15:33:31,949] {logging_mixin.py:104} INFO - [2024-12-26 15:33:31,949] {dagbag.py:496} INFO - Filling up the DagBag from /home/airflow/.local/lib/python3.6/site-packages/airflow/example_dags/example_latest_only.py
[2024-12-26 15:33:31,956] {scheduler_job.py:643} INFO - DAG(s) dict_keys(['latest_only']) retrieved from /home/airflow/.local/lib/python3.6/site-packages/airflow/example_dags/example_latest_only.py
[2024-12-26 15:33:31,969] {logging_mixin.py:104} INFO - [2024-12-26 15:33:31,969] {dag.py:1833} INFO - Sync 1 DAGs
[2024-12-26 15:33:31,980] {logging_mixin.py:104} INFO - [2024-12-26 15:33:31,980] {dag.py:2306} INFO - Setting next_dagrun for latest_only to 2024-12-24 00:00:00+00:00
[2024-12-26 15:33:31,992] {scheduler_job.py:190} INFO - Processing /home/airflow/.local/lib/python3.6/site-packages/airflow/example_dags/example_latest_only.py took 0.047 seconds
[2024-12-26 15:34:02,165] {scheduler_job.py:182} INFO - Started process (PID=470) to work on /home/airflow/.local/lib/python3.6/site-packages/airflow/example_dags/example_latest_only.py
[2024-12-26 15:34:02,167] {scheduler_job.py:633} INFO - Processing file /home/airflow/.local/lib/python3.6/site-packages/airflow/example_dags/example_latest_only.py for tasks to queue
[2024-12-26 15:34:02,168] {logging_mixin.py:104} INFO - [2024-12-26 15:34:02,168] {dagbag.py:496} INFO - Filling up the DagBag from /home/airflow/.local/lib/python3.6/site-packages/airflow/example_dags/example_latest_only.py
[2024-12-26 15:34:02,175] {scheduler_job.py:643} INFO - DAG(s) dict_keys(['latest_only']) retrieved from /home/airflow/.local/lib/python3.6/site-packages/airflow/example_dags/example_latest_only.py
[2024-12-26 15:34:02,195] {logging_mixin.py:104} INFO - [2024-12-26 15:34:02,195] {dag.py:1833} INFO - Sync 1 DAGs
[2024-12-26 15:34:02,214] {logging_mixin.py:104} INFO - [2024-12-26 15:34:02,214] {dag.py:2306} INFO - Setting next_dagrun for latest_only to 2024-12-24 00:00:00+00:00
[2024-12-26 15:34:02,232] {scheduler_job.py:190} INFO - Processing /home/airflow/.local/lib/python3.6/site-packages/airflow/example_dags/example_latest_only.py took 0.068 seconds
[2024-12-26 15:34:32,305] {scheduler_job.py:182} INFO - Started process (PID=522) to work on /home/airflow/.local/lib/python3.6/site-packages/airflow/example_dags/example_latest_only.py
[2024-12-26 15:34:32,306] {scheduler_job.py:633} INFO - Processing file /home/airflow/.local/lib/python3.6/site-packages/airflow/example_dags/example_latest_only.py for tasks to queue
[2024-12-26 15:34:32,307] {logging_mixin.py:104} INFO - [2024-12-26 15:34:32,307] {dagbag.py:496} INFO - Filling up the DagBag from /home/airflow/.local/lib/python3.6/site-packages/airflow/example_dags/example_latest_only.py
[2024-12-26 15:34:32,313] {scheduler_job.py:643} INFO - DAG(s) dict_keys(['latest_only']) retrieved from /home/airflow/.local/lib/python3.6/site-packages/airflow/example_dags/example_latest_only.py
[2024-12-26 15:34:32,328] {logging_mixin.py:104} INFO - [2024-12-26 15:34:32,328] {dag.py:1833} INFO - Sync 1 DAGs
[2024-12-26 15:34:32,337] {logging_mixin.py:104} INFO - [2024-12-26 15:34:32,337] {dag.py:2306} INFO - Setting next_dagrun for latest_only to 2024-12-24 00:00:00+00:00
[2024-12-26 15:34:32,347] {scheduler_job.py:190} INFO - Processing /home/airflow/.local/lib/python3.6/site-packages/airflow/example_dags/example_latest_only.py took 0.045 seconds
[2024-12-26 15:35:02,458] {scheduler_job.py:182} INFO - Started process (PID=584) to work on /home/airflow/.local/lib/python3.6/site-packages/airflow/example_dags/example_latest_only.py
[2024-12-26 15:35:02,459] {scheduler_job.py:633} INFO - Processing file /home/airflow/.local/lib/python3.6/site-packages/airflow/example_dags/example_latest_only.py for tasks to queue
[2024-12-26 15:35:02,460] {logging_mixin.py:104} INFO - [2024-12-26 15:35:02,460] {dagbag.py:496} INFO - Filling up the DagBag from /home/airflow/.local/lib/python3.6/site-packages/airflow/example_dags/example_latest_only.py
[2024-12-26 15:35:02,467] {scheduler_job.py:643} INFO - DAG(s) dict_keys(['latest_only']) retrieved from /home/airflow/.local/lib/python3.6/site-packages/airflow/example_dags/example_latest_only.py
[2024-12-26 15:35:02,481] {logging_mixin.py:104} INFO - [2024-12-26 15:35:02,481] {dag.py:1833} INFO - Sync 1 DAGs
[2024-12-26 15:35:02,490] {logging_mixin.py:104} INFO - [2024-12-26 15:35:02,490] {dag.py:2306} INFO - Setting next_dagrun for latest_only to 2024-12-24 00:00:00+00:00
[2024-12-26 15:35:02,501] {scheduler_job.py:190} INFO - Processing /home/airflow/.local/lib/python3.6/site-packages/airflow/example_dags/example_latest_only.py took 0.046 seconds
[2024-12-26 15:35:32,853] {scheduler_job.py:182} INFO - Started process (PID=646) to work on /home/airflow/.local/lib/python3.6/site-packages/airflow/example_dags/example_latest_only.py
[2024-12-26 15:35:32,854] {scheduler_job.py:633} INFO - Processing file /home/airflow/.local/lib/python3.6/site-packages/airflow/example_dags/example_latest_only.py for tasks to queue
[2024-12-26 15:35:32,855] {logging_mixin.py:104} INFO - [2024-12-26 15:35:32,855] {dagbag.py:496} INFO - Filling up the DagBag from /home/airflow/.local/lib/python3.6/site-packages/airflow/example_dags/example_latest_only.py
[2024-12-26 15:35:32,862] {scheduler_job.py:643} INFO - DAG(s) dict_keys(['latest_only']) retrieved from /home/airflow/.local/lib/python3.6/site-packages/airflow/example_dags/example_latest_only.py
[2024-12-26 15:35:32,876] {logging_mixin.py:104} INFO - [2024-12-26 15:35:32,876] {dag.py:1833} INFO - Sync 1 DAGs
[2024-12-26 15:35:32,885] {logging_mixin.py:104} INFO - [2024-12-26 15:35:32,885] {dag.py:2306} INFO - Setting next_dagrun for latest_only to 2024-12-24 00:00:00+00:00
[2024-12-26 15:35:32,894] {scheduler_job.py:190} INFO - Processing /home/airflow/.local/lib/python3.6/site-packages/airflow/example_dags/example_latest_only.py took 0.042 seconds
[2024-12-26 15:36:03,228] {scheduler_job.py:182} INFO - Started process (PID=709) to work on /home/airflow/.local/lib/python3.6/site-packages/airflow/example_dags/example_latest_only.py
[2024-12-26 15:36:03,230] {scheduler_job.py:633} INFO - Processing file /home/airflow/.local/lib/python3.6/site-packages/airflow/example_dags/example_latest_only.py for tasks to queue
[2024-12-26 15:36:03,231] {logging_mixin.py:104} INFO - [2024-12-26 15:36:03,231] {dagbag.py:496} INFO - Filling up the DagBag from /home/airflow/.local/lib/python3.6/site-packages/airflow/example_dags/example_latest_only.py
[2024-12-26 15:36:03,238] {scheduler_job.py:643} INFO - DAG(s) dict_keys(['latest_only']) retrieved from /home/airflow/.local/lib/python3.6/site-packages/airflow/example_dags/example_latest_only.py
[2024-12-26 15:36:03,252] {logging_mixin.py:104} INFO - [2024-12-26 15:36:03,252] {dag.py:1833} INFO - Sync 1 DAGs
[2024-12-26 15:36:03,263] {logging_mixin.py:104} INFO - [2024-12-26 15:36:03,262] {dag.py:2306} INFO - Setting next_dagrun for latest_only to 2024-12-24 00:00:00+00:00
[2024-12-26 15:36:03,272] {scheduler_job.py:190} INFO - Processing /home/airflow/.local/lib/python3.6/site-packages/airflow/example_dags/example_latest_only.py took 0.046 seconds
[2024-12-26 15:36:33,514] {scheduler_job.py:182} INFO - Started process (PID=762) to work on /home/airflow/.local/lib/python3.6/site-packages/airflow/example_dags/example_latest_only.py
[2024-12-26 15:36:33,516] {scheduler_job.py:633} INFO - Processing file /home/airflow/.local/lib/python3.6/site-packages/airflow/example_dags/example_latest_only.py for tasks to queue
[2024-12-26 15:36:33,516] {logging_mixin.py:104} INFO - [2024-12-26 15:36:33,516] {dagbag.py:496} INFO - Filling up the DagBag from /home/airflow/.local/lib/python3.6/site-packages/airflow/example_dags/example_latest_only.py
[2024-12-26 15:36:33,531] {scheduler_job.py:643} INFO - DAG(s) dict_keys(['latest_only']) retrieved from /home/airflow/.local/lib/python3.6/site-packages/airflow/example_dags/example_latest_only.py
[2024-12-26 15:36:33,551] {logging_mixin.py:104} INFO - [2024-12-26 15:36:33,551] {dag.py:1833} INFO - Sync 1 DAGs
[2024-12-26 15:36:33,563] {logging_mixin.py:104} INFO - [2024-12-26 15:36:33,563] {dag.py:2306} INFO - Setting next_dagrun for latest_only to 2024-12-24 00:00:00+00:00
[2024-12-26 15:36:33,576] {scheduler_job.py:190} INFO - Processing /home/airflow/.local/lib/python3.6/site-packages/airflow/example_dags/example_latest_only.py took 0.065 seconds
[2024-12-26 15:37:04,099] {scheduler_job.py:182} INFO - Started process (PID=824) to work on /home/airflow/.local/lib/python3.6/site-packages/airflow/example_dags/example_latest_only.py
[2024-12-26 15:37:04,100] {scheduler_job.py:633} INFO - Processing file /home/airflow/.local/lib/python3.6/site-packages/airflow/example_dags/example_latest_only.py for tasks to queue
[2024-12-26 15:37:04,101] {logging_mixin.py:104} INFO - [2024-12-26 15:37:04,101] {dagbag.py:496} INFO - Filling up the DagBag from /home/airflow/.local/lib/python3.6/site-packages/airflow/example_dags/example_latest_only.py
[2024-12-26 15:37:04,108] {scheduler_job.py:643} INFO - DAG(s) dict_keys(['latest_only']) retrieved from /home/airflow/.local/lib/python3.6/site-packages/airflow/example_dags/example_latest_only.py
[2024-12-26 15:37:04,122] {logging_mixin.py:104} INFO - [2024-12-26 15:37:04,122] {dag.py:1833} INFO - Sync 1 DAGs
[2024-12-26 15:37:04,132] {logging_mixin.py:104} INFO - [2024-12-26 15:37:04,132] {dag.py:2306} INFO - Setting next_dagrun for latest_only to 2024-12-24 00:00:00+00:00
[2024-12-26 15:37:04,143] {scheduler_job.py:190} INFO - Processing /home/airflow/.local/lib/python3.6/site-packages/airflow/example_dags/example_latest_only.py took 0.047 seconds
[2024-12-26 15:37:34,546] {scheduler_job.py:182} INFO - Started process (PID=886) to work on /home/airflow/.local/lib/python3.6/site-packages/airflow/example_dags/example_latest_only.py
[2024-12-26 15:37:34,547] {scheduler_job.py:633} INFO - Processing file /home/airflow/.local/lib/python3.6/site-packages/airflow/example_dags/example_latest_only.py for tasks to queue
[2024-12-26 15:37:34,548] {logging_mixin.py:104} INFO - [2024-12-26 15:37:34,548] {dagbag.py:496} INFO - Filling up the DagBag from /home/airflow/.local/lib/python3.6/site-packages/airflow/example_dags/example_latest_only.py
[2024-12-26 15:37:34,554] {scheduler_job.py:643} INFO - DAG(s) dict_keys(['latest_only']) retrieved from /home/airflow/.local/lib/python3.6/site-packages/airflow/example_dags/example_latest_only.py
[2024-12-26 15:37:34,569] {logging_mixin.py:104} INFO - [2024-12-26 15:37:34,569] {dag.py:1833} INFO - Sync 1 DAGs
[2024-12-26 15:37:34,578] {logging_mixin.py:104} INFO - [2024-12-26 15:37:34,578] {dag.py:2306} INFO - Setting next_dagrun for latest_only to 2024-12-24 00:00:00+00:00
[2024-12-26 15:37:34,591] {scheduler_job.py:190} INFO - Processing /home/airflow/.local/lib/python3.6/site-packages/airflow/example_dags/example_latest_only.py took 0.047 seconds
[2024-12-26 15:38:04,865] {scheduler_job.py:182} INFO - Started process (PID=938) to work on /home/airflow/.local/lib/python3.6/site-packages/airflow/example_dags/example_latest_only.py
[2024-12-26 15:38:04,867] {scheduler_job.py:633} INFO - Processing file /home/airflow/.local/lib/python3.6/site-packages/airflow/example_dags/example_latest_only.py for tasks to queue
[2024-12-26 15:38:04,867] {logging_mixin.py:104} INFO - [2024-12-26 15:38:04,867] {dagbag.py:496} INFO - Filling up the DagBag from /home/airflow/.local/lib/python3.6/site-packages/airflow/example_dags/example_latest_only.py
[2024-12-26 15:38:04,874] {scheduler_job.py:643} INFO - DAG(s) dict_keys(['latest_only']) retrieved from /home/airflow/.local/lib/python3.6/site-packages/airflow/example_dags/example_latest_only.py
[2024-12-26 15:38:04,888] {logging_mixin.py:104} INFO - [2024-12-26 15:38:04,888] {dag.py:1833} INFO - Sync 1 DAGs
[2024-12-26 15:38:04,900] {logging_mixin.py:104} INFO - [2024-12-26 15:38:04,899] {dag.py:2306} INFO - Setting next_dagrun for latest_only to 2024-12-24 00:00:00+00:00
[2024-12-26 15:38:04,912] {scheduler_job.py:190} INFO - Processing /home/airflow/.local/lib/python3.6/site-packages/airflow/example_dags/example_latest_only.py took 0.048 seconds
[2024-12-26 15:38:35,180] {scheduler_job.py:182} INFO - Started process (PID=1000) to work on /home/airflow/.local/lib/python3.6/site-packages/airflow/example_dags/example_latest_only.py
[2024-12-26 15:38:35,182] {scheduler_job.py:633} INFO - Processing file /home/airflow/.local/lib/python3.6/site-packages/airflow/example_dags/example_latest_only.py for tasks to queue
[2024-12-26 15:38:35,183] {logging_mixin.py:104} INFO - [2024-12-26 15:38:35,183] {dagbag.py:496} INFO - Filling up the DagBag from /home/airflow/.local/lib/python3.6/site-packages/airflow/example_dags/example_latest_only.py
[2024-12-26 15:38:35,190] {scheduler_job.py:643} INFO - DAG(s) dict_keys(['latest_only']) retrieved from /home/airflow/.local/lib/python3.6/site-packages/airflow/example_dags/example_latest_only.py
[2024-12-26 15:38:35,205] {logging_mixin.py:104} INFO - [2024-12-26 15:38:35,205] {dag.py:1833} INFO - Sync 1 DAGs
[2024-12-26 15:38:35,214] {logging_mixin.py:104} INFO - [2024-12-26 15:38:35,214] {dag.py:2306} INFO - Setting next_dagrun for latest_only to 2024-12-24 00:00:00+00:00
[2024-12-26 15:38:35,225] {scheduler_job.py:190} INFO - Processing /home/airflow/.local/lib/python3.6/site-packages/airflow/example_dags/example_latest_only.py took 0.047 seconds
[2024-12-26 15:39:05,753] {scheduler_job.py:182} INFO - Started process (PID=1062) to work on /home/airflow/.local/lib/python3.6/site-packages/airflow/example_dags/example_latest_only.py
[2024-12-26 15:39:05,758] {scheduler_job.py:633} INFO - Processing file /home/airflow/.local/lib/python3.6/site-packages/airflow/example_dags/example_latest_only.py for tasks to queue
[2024-12-26 15:39:05,762] {logging_mixin.py:104} INFO - [2024-12-26 15:39:05,762] {dagbag.py:496} INFO - Filling up the DagBag from /home/airflow/.local/lib/python3.6/site-packages/airflow/example_dags/example_latest_only.py
[2024-12-26 15:39:05,774] {scheduler_job.py:643} INFO - DAG(s) dict_keys(['latest_only']) retrieved from /home/airflow/.local/lib/python3.6/site-packages/airflow/example_dags/example_latest_only.py
[2024-12-26 15:39:05,795] {logging_mixin.py:104} INFO - [2024-12-26 15:39:05,795] {dag.py:1833} INFO - Sync 1 DAGs
[2024-12-26 15:39:05,811] {logging_mixin.py:104} INFO - [2024-12-26 15:39:05,811] {dag.py:2306} INFO - Setting next_dagrun for latest_only to 2024-12-24 00:00:00+00:00
[2024-12-26 15:39:05,826] {scheduler_job.py:190} INFO - Processing /home/airflow/.local/lib/python3.6/site-packages/airflow/example_dags/example_latest_only.py took 0.075 seconds
[2024-12-26 15:40:31,245] {scheduler_job.py:182} INFO - Started process (PID=44) to work on /home/airflow/.local/lib/python3.6/site-packages/airflow/example_dags/example_latest_only.py
[2024-12-26 15:40:31,247] {scheduler_job.py:633} INFO - Processing file /home/airflow/.local/lib/python3.6/site-packages/airflow/example_dags/example_latest_only.py for tasks to queue
[2024-12-26 15:40:31,248] {logging_mixin.py:104} INFO - [2024-12-26 15:40:31,248] {dagbag.py:496} INFO - Filling up the DagBag from /home/airflow/.local/lib/python3.6/site-packages/airflow/example_dags/example_latest_only.py
[2024-12-26 15:40:31,255] {scheduler_job.py:643} INFO - DAG(s) dict_keys(['latest_only']) retrieved from /home/airflow/.local/lib/python3.6/site-packages/airflow/example_dags/example_latest_only.py
[2024-12-26 15:40:31,272] {logging_mixin.py:104} INFO - [2024-12-26 15:40:31,272] {dag.py:1833} INFO - Sync 1 DAGs
[2024-12-26 15:40:31,285] {logging_mixin.py:104} INFO - [2024-12-26 15:40:31,285] {dag.py:2306} INFO - Setting next_dagrun for latest_only to 2024-12-24 00:00:00+00:00
[2024-12-26 15:40:31,299] {scheduler_job.py:190} INFO - Processing /home/airflow/.local/lib/python3.6/site-packages/airflow/example_dags/example_latest_only.py took 0.055 seconds
[2024-12-26 15:41:02,097] {scheduler_job.py:182} INFO - Started process (PID=106) to work on /home/airflow/.local/lib/python3.6/site-packages/airflow/example_dags/example_latest_only.py
[2024-12-26 15:41:02,098] {scheduler_job.py:633} INFO - Processing file /home/airflow/.local/lib/python3.6/site-packages/airflow/example_dags/example_latest_only.py for tasks to queue
[2024-12-26 15:41:02,099] {logging_mixin.py:104} INFO - [2024-12-26 15:41:02,099] {dagbag.py:496} INFO - Filling up the DagBag from /home/airflow/.local/lib/python3.6/site-packages/airflow/example_dags/example_latest_only.py
[2024-12-26 15:41:02,106] {scheduler_job.py:643} INFO - DAG(s) dict_keys(['latest_only']) retrieved from /home/airflow/.local/lib/python3.6/site-packages/airflow/example_dags/example_latest_only.py
[2024-12-26 15:41:02,121] {logging_mixin.py:104} INFO - [2024-12-26 15:41:02,121] {dag.py:1833} INFO - Sync 1 DAGs
[2024-12-26 15:41:02,130] {logging_mixin.py:104} INFO - [2024-12-26 15:41:02,130] {dag.py:2306} INFO - Setting next_dagrun for latest_only to 2024-12-24 00:00:00+00:00
[2024-12-26 15:41:02,140] {scheduler_job.py:190} INFO - Processing /home/airflow/.local/lib/python3.6/site-packages/airflow/example_dags/example_latest_only.py took 0.046 seconds
[2024-12-26 15:41:32,817] {scheduler_job.py:182} INFO - Started process (PID=158) to work on /home/airflow/.local/lib/python3.6/site-packages/airflow/example_dags/example_latest_only.py
[2024-12-26 15:41:32,819] {scheduler_job.py:633} INFO - Processing file /home/airflow/.local/lib/python3.6/site-packages/airflow/example_dags/example_latest_only.py for tasks to queue
[2024-12-26 15:41:32,820] {logging_mixin.py:104} INFO - [2024-12-26 15:41:32,820] {dagbag.py:496} INFO - Filling up the DagBag from /home/airflow/.local/lib/python3.6/site-packages/airflow/example_dags/example_latest_only.py
[2024-12-26 15:41:32,827] {scheduler_job.py:643} INFO - DAG(s) dict_keys(['latest_only']) retrieved from /home/airflow/.local/lib/python3.6/site-packages/airflow/example_dags/example_latest_only.py
[2024-12-26 15:41:32,842] {logging_mixin.py:104} INFO - [2024-12-26 15:41:32,842] {dag.py:1833} INFO - Sync 1 DAGs
[2024-12-26 15:41:32,852] {logging_mixin.py:104} INFO - [2024-12-26 15:41:32,852] {dag.py:2306} INFO - Setting next_dagrun for latest_only to 2024-12-24 00:00:00+00:00
[2024-12-26 15:41:32,860] {scheduler_job.py:190} INFO - Processing /home/airflow/.local/lib/python3.6/site-packages/airflow/example_dags/example_latest_only.py took 0.046 seconds
[2024-12-26 15:42:03,493] {scheduler_job.py:182} INFO - Started process (PID=221) to work on /home/airflow/.local/lib/python3.6/site-packages/airflow/example_dags/example_latest_only.py
[2024-12-26 15:42:03,495] {scheduler_job.py:633} INFO - Processing file /home/airflow/.local/lib/python3.6/site-packages/airflow/example_dags/example_latest_only.py for tasks to queue
[2024-12-26 15:42:03,496] {logging_mixin.py:104} INFO - [2024-12-26 15:42:03,496] {dagbag.py:496} INFO - Filling up the DagBag from /home/airflow/.local/lib/python3.6/site-packages/airflow/example_dags/example_latest_only.py
[2024-12-26 15:42:03,504] {scheduler_job.py:643} INFO - DAG(s) dict_keys(['latest_only']) retrieved from /home/airflow/.local/lib/python3.6/site-packages/airflow/example_dags/example_latest_only.py
[2024-12-26 15:42:03,518] {logging_mixin.py:104} INFO - [2024-12-26 15:42:03,518] {dag.py:1833} INFO - Sync 1 DAGs
[2024-12-26 15:42:03,527] {logging_mixin.py:104} INFO - [2024-12-26 15:42:03,527] {dag.py:2306} INFO - Setting next_dagrun for latest_only to 2024-12-24 00:00:00+00:00
[2024-12-26 15:42:03,537] {scheduler_job.py:190} INFO - Processing /home/airflow/.local/lib/python3.6/site-packages/airflow/example_dags/example_latest_only.py took 0.046 seconds
[2024-12-26 15:42:36,452] {scheduler_job.py:182} INFO - Started process (PID=44) to work on /home/airflow/.local/lib/python3.6/site-packages/airflow/example_dags/example_latest_only.py
[2024-12-26 15:42:36,459] {scheduler_job.py:633} INFO - Processing file /home/airflow/.local/lib/python3.6/site-packages/airflow/example_dags/example_latest_only.py for tasks to queue
[2024-12-26 15:42:36,468] {logging_mixin.py:104} INFO - [2024-12-26 15:42:36,468] {dagbag.py:496} INFO - Filling up the DagBag from /home/airflow/.local/lib/python3.6/site-packages/airflow/example_dags/example_latest_only.py
[2024-12-26 15:42:36,478] {scheduler_job.py:643} INFO - DAG(s) dict_keys(['latest_only']) retrieved from /home/airflow/.local/lib/python3.6/site-packages/airflow/example_dags/example_latest_only.py
[2024-12-26 15:42:36,500] {logging_mixin.py:104} INFO - [2024-12-26 15:42:36,499] {dag.py:1833} INFO - Sync 1 DAGs
[2024-12-26 15:42:36,513] {logging_mixin.py:104} INFO - [2024-12-26 15:42:36,513] {dag.py:2306} INFO - Setting next_dagrun for latest_only to 2024-12-24 00:00:00+00:00
[2024-12-26 15:42:36,528] {scheduler_job.py:190} INFO - Processing /home/airflow/.local/lib/python3.6/site-packages/airflow/example_dags/example_latest_only.py took 0.080 seconds
[2024-12-26 15:43:07,323] {scheduler_job.py:182} INFO - Started process (PID=106) to work on /home/airflow/.local/lib/python3.6/site-packages/airflow/example_dags/example_latest_only.py
[2024-12-26 15:43:07,324] {scheduler_job.py:633} INFO - Processing file /home/airflow/.local/lib/python3.6/site-packages/airflow/example_dags/example_latest_only.py for tasks to queue
[2024-12-26 15:43:07,325] {logging_mixin.py:104} INFO - [2024-12-26 15:43:07,325] {dagbag.py:496} INFO - Filling up the DagBag from /home/airflow/.local/lib/python3.6/site-packages/airflow/example_dags/example_latest_only.py
[2024-12-26 15:43:07,332] {scheduler_job.py:643} INFO - DAG(s) dict_keys(['latest_only']) retrieved from /home/airflow/.local/lib/python3.6/site-packages/airflow/example_dags/example_latest_only.py
[2024-12-26 15:43:07,346] {logging_mixin.py:104} INFO - [2024-12-26 15:43:07,346] {dag.py:1833} INFO - Sync 1 DAGs
[2024-12-26 15:43:07,355] {logging_mixin.py:104} INFO - [2024-12-26 15:43:07,355] {dag.py:2306} INFO - Setting next_dagrun for latest_only to 2024-12-24 00:00:00+00:00
[2024-12-26 15:43:07,370] {scheduler_job.py:190} INFO - Processing /home/airflow/.local/lib/python3.6/site-packages/airflow/example_dags/example_latest_only.py took 0.049 seconds
