[2024-12-26 15:32:46,908] {scheduler_job.py:182} INFO - Started process (PID=317) to work on /home/airflow/.local/lib/python3.6/site-packages/airflow/example_dags/example_complex.py
[2024-12-26 15:32:46,909] {scheduler_job.py:633} INFO - Processing file /home/airflow/.local/lib/python3.6/site-packages/airflow/example_dags/example_complex.py for tasks to queue
[2024-12-26 15:32:46,910] {logging_mixin.py:104} INFO - [2024-12-26 15:32:46,910] {dagbag.py:496} INFO - Filling up the DagBag from /home/airflow/.local/lib/python3.6/site-packages/airflow/example_dags/example_complex.py
[2024-12-26 15:32:46,928] {scheduler_job.py:643} INFO - DAG(s) dict_keys(['example_complex']) retrieved from /home/airflow/.local/lib/python3.6/site-packages/airflow/example_dags/example_complex.py
[2024-12-26 15:32:48,363] {logging_mixin.py:104} INFO - [2024-12-26 15:32:48,363] {dag.py:1833} INFO - Sync 1 DAGs
[2024-12-26 15:32:48,370] {logging_mixin.py:104} INFO - [2024-12-26 15:32:48,370] {dag.py:1852} INFO - Creating ORM DAG for example_complex
[2024-12-26 15:32:48,375] {logging_mixin.py:104} INFO - [2024-12-26 15:32:48,375] {dag.py:2306} INFO - Setting next_dagrun for example_complex to None
[2024-12-26 15:32:48,387] {scheduler_job.py:190} INFO - Processing /home/airflow/.local/lib/python3.6/site-packages/airflow/example_dags/example_complex.py took 1.481 seconds
[2024-12-26 15:33:18,459] {scheduler_job.py:182} INFO - Started process (PID=388) to work on /home/airflow/.local/lib/python3.6/site-packages/airflow/example_dags/example_complex.py
[2024-12-26 15:33:18,460] {scheduler_job.py:633} INFO - Processing file /home/airflow/.local/lib/python3.6/site-packages/airflow/example_dags/example_complex.py for tasks to queue
[2024-12-26 15:33:18,461] {logging_mixin.py:104} INFO - [2024-12-26 15:33:18,460] {dagbag.py:496} INFO - Filling up the DagBag from /home/airflow/.local/lib/python3.6/site-packages/airflow/example_dags/example_complex.py
[2024-12-26 15:33:18,473] {scheduler_job.py:643} INFO - DAG(s) dict_keys(['example_complex']) retrieved from /home/airflow/.local/lib/python3.6/site-packages/airflow/example_dags/example_complex.py
[2024-12-26 15:33:18,490] {logging_mixin.py:104} INFO - [2024-12-26 15:33:18,490] {dag.py:1833} INFO - Sync 1 DAGs
[2024-12-26 15:33:18,499] {logging_mixin.py:104} INFO - [2024-12-26 15:33:18,499] {dag.py:2306} INFO - Setting next_dagrun for example_complex to None
[2024-12-26 15:33:18,508] {scheduler_job.py:190} INFO - Processing /home/airflow/.local/lib/python3.6/site-packages/airflow/example_dags/example_complex.py took 0.051 seconds
[2024-12-26 15:33:48,717] {scheduler_job.py:182} INFO - Started process (PID=450) to work on /home/airflow/.local/lib/python3.6/site-packages/airflow/example_dags/example_complex.py
[2024-12-26 15:33:48,718] {scheduler_job.py:633} INFO - Processing file /home/airflow/.local/lib/python3.6/site-packages/airflow/example_dags/example_complex.py for tasks to queue
[2024-12-26 15:33:48,719] {logging_mixin.py:104} INFO - [2024-12-26 15:33:48,719] {dagbag.py:496} INFO - Filling up the DagBag from /home/airflow/.local/lib/python3.6/site-packages/airflow/example_dags/example_complex.py
[2024-12-26 15:33:48,731] {scheduler_job.py:643} INFO - DAG(s) dict_keys(['example_complex']) retrieved from /home/airflow/.local/lib/python3.6/site-packages/airflow/example_dags/example_complex.py
[2024-12-26 15:33:48,748] {logging_mixin.py:104} INFO - [2024-12-26 15:33:48,748] {dag.py:1833} INFO - Sync 1 DAGs
[2024-12-26 15:33:48,757] {logging_mixin.py:104} INFO - [2024-12-26 15:33:48,757] {dag.py:2306} INFO - Setting next_dagrun for example_complex to None
[2024-12-26 15:33:48,766] {scheduler_job.py:190} INFO - Processing /home/airflow/.local/lib/python3.6/site-packages/airflow/example_dags/example_complex.py took 0.051 seconds
[2024-12-26 15:34:19,006] {scheduler_job.py:182} INFO - Started process (PID=502) to work on /home/airflow/.local/lib/python3.6/site-packages/airflow/example_dags/example_complex.py
[2024-12-26 15:34:19,007] {scheduler_job.py:633} INFO - Processing file /home/airflow/.local/lib/python3.6/site-packages/airflow/example_dags/example_complex.py for tasks to queue
[2024-12-26 15:34:19,008] {logging_mixin.py:104} INFO - [2024-12-26 15:34:19,008] {dagbag.py:496} INFO - Filling up the DagBag from /home/airflow/.local/lib/python3.6/site-packages/airflow/example_dags/example_complex.py
[2024-12-26 15:34:19,021] {scheduler_job.py:643} INFO - DAG(s) dict_keys(['example_complex']) retrieved from /home/airflow/.local/lib/python3.6/site-packages/airflow/example_dags/example_complex.py
[2024-12-26 15:34:19,038] {logging_mixin.py:104} INFO - [2024-12-26 15:34:19,038] {dag.py:1833} INFO - Sync 1 DAGs
[2024-12-26 15:34:19,048] {logging_mixin.py:104} INFO - [2024-12-26 15:34:19,048] {dag.py:2306} INFO - Setting next_dagrun for example_complex to None
[2024-12-26 15:34:19,056] {scheduler_job.py:190} INFO - Processing /home/airflow/.local/lib/python3.6/site-packages/airflow/example_dags/example_complex.py took 0.053 seconds
[2024-12-26 15:34:49,155] {scheduler_job.py:182} INFO - Started process (PID=564) to work on /home/airflow/.local/lib/python3.6/site-packages/airflow/example_dags/example_complex.py
[2024-12-26 15:34:49,157] {scheduler_job.py:633} INFO - Processing file /home/airflow/.local/lib/python3.6/site-packages/airflow/example_dags/example_complex.py for tasks to queue
[2024-12-26 15:34:49,157] {logging_mixin.py:104} INFO - [2024-12-26 15:34:49,157] {dagbag.py:496} INFO - Filling up the DagBag from /home/airflow/.local/lib/python3.6/site-packages/airflow/example_dags/example_complex.py
[2024-12-26 15:34:49,170] {scheduler_job.py:643} INFO - DAG(s) dict_keys(['example_complex']) retrieved from /home/airflow/.local/lib/python3.6/site-packages/airflow/example_dags/example_complex.py
[2024-12-26 15:34:49,186] {logging_mixin.py:104} INFO - [2024-12-26 15:34:49,186] {dag.py:1833} INFO - Sync 1 DAGs
[2024-12-26 15:34:49,198] {logging_mixin.py:104} INFO - [2024-12-26 15:34:49,197] {dag.py:2306} INFO - Setting next_dagrun for example_complex to None
[2024-12-26 15:34:49,208] {scheduler_job.py:190} INFO - Processing /home/airflow/.local/lib/python3.6/site-packages/airflow/example_dags/example_complex.py took 0.055 seconds
[2024-12-26 15:35:19,330] {scheduler_job.py:182} INFO - Started process (PID=626) to work on /home/airflow/.local/lib/python3.6/site-packages/airflow/example_dags/example_complex.py
[2024-12-26 15:35:19,331] {scheduler_job.py:633} INFO - Processing file /home/airflow/.local/lib/python3.6/site-packages/airflow/example_dags/example_complex.py for tasks to queue
[2024-12-26 15:35:19,332] {logging_mixin.py:104} INFO - [2024-12-26 15:35:19,332] {dagbag.py:496} INFO - Filling up the DagBag from /home/airflow/.local/lib/python3.6/site-packages/airflow/example_dags/example_complex.py
[2024-12-26 15:35:19,344] {scheduler_job.py:643} INFO - DAG(s) dict_keys(['example_complex']) retrieved from /home/airflow/.local/lib/python3.6/site-packages/airflow/example_dags/example_complex.py
[2024-12-26 15:35:19,361] {logging_mixin.py:104} INFO - [2024-12-26 15:35:19,361] {dag.py:1833} INFO - Sync 1 DAGs
[2024-12-26 15:35:19,371] {logging_mixin.py:104} INFO - [2024-12-26 15:35:19,371] {dag.py:2306} INFO - Setting next_dagrun for example_complex to None
[2024-12-26 15:35:19,380] {scheduler_job.py:190} INFO - Processing /home/airflow/.local/lib/python3.6/site-packages/airflow/example_dags/example_complex.py took 0.052 seconds
[2024-12-26 15:35:49,702] {scheduler_job.py:182} INFO - Started process (PID=678) to work on /home/airflow/.local/lib/python3.6/site-packages/airflow/example_dags/example_complex.py
[2024-12-26 15:35:49,703] {scheduler_job.py:633} INFO - Processing file /home/airflow/.local/lib/python3.6/site-packages/airflow/example_dags/example_complex.py for tasks to queue
[2024-12-26 15:35:49,704] {logging_mixin.py:104} INFO - [2024-12-26 15:35:49,704] {dagbag.py:496} INFO - Filling up the DagBag from /home/airflow/.local/lib/python3.6/site-packages/airflow/example_dags/example_complex.py
[2024-12-26 15:35:49,717] {scheduler_job.py:643} INFO - DAG(s) dict_keys(['example_complex']) retrieved from /home/airflow/.local/lib/python3.6/site-packages/airflow/example_dags/example_complex.py
[2024-12-26 15:35:49,734] {logging_mixin.py:104} INFO - [2024-12-26 15:35:49,734] {dag.py:1833} INFO - Sync 1 DAGs
[2024-12-26 15:35:49,744] {logging_mixin.py:104} INFO - [2024-12-26 15:35:49,744] {dag.py:2306} INFO - Setting next_dagrun for example_complex to None
[2024-12-26 15:35:49,754] {scheduler_job.py:190} INFO - Processing /home/airflow/.local/lib/python3.6/site-packages/airflow/example_dags/example_complex.py took 0.054 seconds
[2024-12-26 15:36:20,129] {scheduler_job.py:182} INFO - Started process (PID=742) to work on /home/airflow/.local/lib/python3.6/site-packages/airflow/example_dags/example_complex.py
[2024-12-26 15:36:20,130] {scheduler_job.py:633} INFO - Processing file /home/airflow/.local/lib/python3.6/site-packages/airflow/example_dags/example_complex.py for tasks to queue
[2024-12-26 15:36:20,131] {logging_mixin.py:104} INFO - [2024-12-26 15:36:20,131] {dagbag.py:496} INFO - Filling up the DagBag from /home/airflow/.local/lib/python3.6/site-packages/airflow/example_dags/example_complex.py
[2024-12-26 15:36:20,144] {scheduler_job.py:643} INFO - DAG(s) dict_keys(['example_complex']) retrieved from /home/airflow/.local/lib/python3.6/site-packages/airflow/example_dags/example_complex.py
[2024-12-26 15:36:20,280] {logging_mixin.py:104} INFO - [2024-12-26 15:36:20,280] {dag.py:1833} INFO - Sync 1 DAGs
[2024-12-26 15:36:20,287] {logging_mixin.py:104} INFO - [2024-12-26 15:36:20,287] {dag.py:1852} INFO - Creating ORM DAG for example_complex
[2024-12-26 15:36:20,292] {logging_mixin.py:104} INFO - [2024-12-26 15:36:20,292] {dag.py:2306} INFO - Setting next_dagrun for example_complex to None
[2024-12-26 15:36:20,304] {scheduler_job.py:190} INFO - Processing /home/airflow/.local/lib/python3.6/site-packages/airflow/example_dags/example_complex.py took 0.178 seconds
[2024-12-26 15:36:50,408] {scheduler_job.py:182} INFO - Started process (PID=804) to work on /home/airflow/.local/lib/python3.6/site-packages/airflow/example_dags/example_complex.py
[2024-12-26 15:36:50,413] {scheduler_job.py:633} INFO - Processing file /home/airflow/.local/lib/python3.6/site-packages/airflow/example_dags/example_complex.py for tasks to queue
[2024-12-26 15:36:50,419] {logging_mixin.py:104} INFO - [2024-12-26 15:36:50,419] {dagbag.py:496} INFO - Filling up the DagBag from /home/airflow/.local/lib/python3.6/site-packages/airflow/example_dags/example_complex.py
[2024-12-26 15:36:50,440] {scheduler_job.py:643} INFO - DAG(s) dict_keys(['example_complex']) retrieved from /home/airflow/.local/lib/python3.6/site-packages/airflow/example_dags/example_complex.py
[2024-12-26 15:36:50,655] {logging_mixin.py:104} INFO - [2024-12-26 15:36:50,655] {dag.py:1833} INFO - Sync 1 DAGs
[2024-12-26 15:36:50,670] {logging_mixin.py:104} INFO - [2024-12-26 15:36:50,670] {dag.py:1852} INFO - Creating ORM DAG for example_complex
[2024-12-26 15:36:50,680] {logging_mixin.py:104} INFO - [2024-12-26 15:36:50,680] {dag.py:2306} INFO - Setting next_dagrun for example_complex to None
[2024-12-26 15:36:50,700] {scheduler_job.py:190} INFO - Processing /home/airflow/.local/lib/python3.6/site-packages/airflow/example_dags/example_complex.py took 0.295 seconds
[2024-12-26 15:37:20,904] {scheduler_job.py:182} INFO - Started process (PID=856) to work on /home/airflow/.local/lib/python3.6/site-packages/airflow/example_dags/example_complex.py
[2024-12-26 15:37:20,911] {scheduler_job.py:633} INFO - Processing file /home/airflow/.local/lib/python3.6/site-packages/airflow/example_dags/example_complex.py for tasks to queue
[2024-12-26 15:37:20,915] {logging_mixin.py:104} INFO - [2024-12-26 15:37:20,915] {dagbag.py:496} INFO - Filling up the DagBag from /home/airflow/.local/lib/python3.6/site-packages/airflow/example_dags/example_complex.py
[2024-12-26 15:37:20,931] {scheduler_job.py:643} INFO - DAG(s) dict_keys(['example_complex']) retrieved from /home/airflow/.local/lib/python3.6/site-packages/airflow/example_dags/example_complex.py
[2024-12-26 15:37:20,953] {logging_mixin.py:104} INFO - [2024-12-26 15:37:20,953] {dag.py:1833} INFO - Sync 1 DAGs
[2024-12-26 15:37:20,965] {logging_mixin.py:104} INFO - [2024-12-26 15:37:20,965] {dag.py:2306} INFO - Setting next_dagrun for example_complex to None
[2024-12-26 15:37:20,978] {scheduler_job.py:190} INFO - Processing /home/airflow/.local/lib/python3.6/site-packages/airflow/example_dags/example_complex.py took 0.075 seconds
[2024-12-26 15:37:51,317] {scheduler_job.py:182} INFO - Started process (PID=918) to work on /home/airflow/.local/lib/python3.6/site-packages/airflow/example_dags/example_complex.py
[2024-12-26 15:37:51,318] {scheduler_job.py:633} INFO - Processing file /home/airflow/.local/lib/python3.6/site-packages/airflow/example_dags/example_complex.py for tasks to queue
[2024-12-26 15:37:51,319] {logging_mixin.py:104} INFO - [2024-12-26 15:37:51,319] {dagbag.py:496} INFO - Filling up the DagBag from /home/airflow/.local/lib/python3.6/site-packages/airflow/example_dags/example_complex.py
[2024-12-26 15:37:51,332] {scheduler_job.py:643} INFO - DAG(s) dict_keys(['example_complex']) retrieved from /home/airflow/.local/lib/python3.6/site-packages/airflow/example_dags/example_complex.py
[2024-12-26 15:37:51,349] {logging_mixin.py:104} INFO - [2024-12-26 15:37:51,349] {dag.py:1833} INFO - Sync 1 DAGs
[2024-12-26 15:37:51,359] {logging_mixin.py:104} INFO - [2024-12-26 15:37:51,359] {dag.py:2306} INFO - Setting next_dagrun for example_complex to None
[2024-12-26 15:37:51,367] {scheduler_job.py:190} INFO - Processing /home/airflow/.local/lib/python3.6/site-packages/airflow/example_dags/example_complex.py took 0.053 seconds
[2024-12-26 15:38:21,740] {scheduler_job.py:182} INFO - Started process (PID=980) to work on /home/airflow/.local/lib/python3.6/site-packages/airflow/example_dags/example_complex.py
[2024-12-26 15:38:21,741] {scheduler_job.py:633} INFO - Processing file /home/airflow/.local/lib/python3.6/site-packages/airflow/example_dags/example_complex.py for tasks to queue
[2024-12-26 15:38:21,742] {logging_mixin.py:104} INFO - [2024-12-26 15:38:21,742] {dagbag.py:496} INFO - Filling up the DagBag from /home/airflow/.local/lib/python3.6/site-packages/airflow/example_dags/example_complex.py
[2024-12-26 15:38:21,754] {scheduler_job.py:643} INFO - DAG(s) dict_keys(['example_complex']) retrieved from /home/airflow/.local/lib/python3.6/site-packages/airflow/example_dags/example_complex.py
[2024-12-26 15:38:21,771] {logging_mixin.py:104} INFO - [2024-12-26 15:38:21,771] {dag.py:1833} INFO - Sync 1 DAGs
[2024-12-26 15:38:21,782] {logging_mixin.py:104} INFO - [2024-12-26 15:38:21,782] {dag.py:2306} INFO - Setting next_dagrun for example_complex to None
[2024-12-26 15:38:21,791] {scheduler_job.py:190} INFO - Processing /home/airflow/.local/lib/python3.6/site-packages/airflow/example_dags/example_complex.py took 0.053 seconds
[2024-12-26 15:38:52,151] {scheduler_job.py:182} INFO - Started process (PID=1042) to work on /home/airflow/.local/lib/python3.6/site-packages/airflow/example_dags/example_complex.py
[2024-12-26 15:38:52,152] {scheduler_job.py:633} INFO - Processing file /home/airflow/.local/lib/python3.6/site-packages/airflow/example_dags/example_complex.py for tasks to queue
[2024-12-26 15:38:52,153] {logging_mixin.py:104} INFO - [2024-12-26 15:38:52,153] {dagbag.py:496} INFO - Filling up the DagBag from /home/airflow/.local/lib/python3.6/site-packages/airflow/example_dags/example_complex.py
[2024-12-26 15:38:52,166] {scheduler_job.py:643} INFO - DAG(s) dict_keys(['example_complex']) retrieved from /home/airflow/.local/lib/python3.6/site-packages/airflow/example_dags/example_complex.py
[2024-12-26 15:38:52,187] {logging_mixin.py:104} INFO - [2024-12-26 15:38:52,187] {dag.py:1833} INFO - Sync 1 DAGs
[2024-12-26 15:38:52,198] {logging_mixin.py:104} INFO - [2024-12-26 15:38:52,198] {dag.py:2306} INFO - Setting next_dagrun for example_complex to None
[2024-12-26 15:38:52,207] {scheduler_job.py:190} INFO - Processing /home/airflow/.local/lib/python3.6/site-packages/airflow/example_dags/example_complex.py took 0.058 seconds
[2024-12-26 15:40:32,482] {scheduler_job.py:182} INFO - Started process (PID=66) to work on /home/airflow/.local/lib/python3.6/site-packages/airflow/example_dags/example_complex.py
[2024-12-26 15:40:32,483] {scheduler_job.py:633} INFO - Processing file /home/airflow/.local/lib/python3.6/site-packages/airflow/example_dags/example_complex.py for tasks to queue
[2024-12-26 15:40:32,485] {logging_mixin.py:104} INFO - [2024-12-26 15:40:32,484] {dagbag.py:496} INFO - Filling up the DagBag from /home/airflow/.local/lib/python3.6/site-packages/airflow/example_dags/example_complex.py
[2024-12-26 15:40:32,499] {scheduler_job.py:643} INFO - DAG(s) dict_keys(['example_complex']) retrieved from /home/airflow/.local/lib/python3.6/site-packages/airflow/example_dags/example_complex.py
[2024-12-26 15:40:32,520] {logging_mixin.py:104} INFO - [2024-12-26 15:40:32,520] {dag.py:1833} INFO - Sync 1 DAGs
[2024-12-26 15:40:32,531] {logging_mixin.py:104} INFO - [2024-12-26 15:40:32,531] {dag.py:2306} INFO - Setting next_dagrun for example_complex to None
[2024-12-26 15:40:32,542] {scheduler_job.py:190} INFO - Processing /home/airflow/.local/lib/python3.6/site-packages/airflow/example_dags/example_complex.py took 0.063 seconds
[2024-12-26 15:41:03,255] {scheduler_job.py:182} INFO - Started process (PID=128) to work on /home/airflow/.local/lib/python3.6/site-packages/airflow/example_dags/example_complex.py
[2024-12-26 15:41:03,256] {scheduler_job.py:633} INFO - Processing file /home/airflow/.local/lib/python3.6/site-packages/airflow/example_dags/example_complex.py for tasks to queue
[2024-12-26 15:41:03,257] {logging_mixin.py:104} INFO - [2024-12-26 15:41:03,257] {dagbag.py:496} INFO - Filling up the DagBag from /home/airflow/.local/lib/python3.6/site-packages/airflow/example_dags/example_complex.py
[2024-12-26 15:41:03,270] {scheduler_job.py:643} INFO - DAG(s) dict_keys(['example_complex']) retrieved from /home/airflow/.local/lib/python3.6/site-packages/airflow/example_dags/example_complex.py
[2024-12-26 15:41:03,287] {logging_mixin.py:104} INFO - [2024-12-26 15:41:03,287] {dag.py:1833} INFO - Sync 1 DAGs
[2024-12-26 15:41:03,296] {logging_mixin.py:104} INFO - [2024-12-26 15:41:03,296] {dag.py:2306} INFO - Setting next_dagrun for example_complex to None
[2024-12-26 15:41:03,309] {scheduler_job.py:190} INFO - Processing /home/airflow/.local/lib/python3.6/site-packages/airflow/example_dags/example_complex.py took 0.056 seconds
[2024-12-26 15:41:33,912] {scheduler_job.py:182} INFO - Started process (PID=190) to work on /home/airflow/.local/lib/python3.6/site-packages/airflow/example_dags/example_complex.py
[2024-12-26 15:41:33,913] {scheduler_job.py:633} INFO - Processing file /home/airflow/.local/lib/python3.6/site-packages/airflow/example_dags/example_complex.py for tasks to queue
[2024-12-26 15:41:33,914] {logging_mixin.py:104} INFO - [2024-12-26 15:41:33,914] {dagbag.py:496} INFO - Filling up the DagBag from /home/airflow/.local/lib/python3.6/site-packages/airflow/example_dags/example_complex.py
[2024-12-26 15:41:33,926] {scheduler_job.py:643} INFO - DAG(s) dict_keys(['example_complex']) retrieved from /home/airflow/.local/lib/python3.6/site-packages/airflow/example_dags/example_complex.py
[2024-12-26 15:41:33,943] {logging_mixin.py:104} INFO - [2024-12-26 15:41:33,943] {dag.py:1833} INFO - Sync 1 DAGs
[2024-12-26 15:41:33,953] {logging_mixin.py:104} INFO - [2024-12-26 15:41:33,953] {dag.py:2306} INFO - Setting next_dagrun for example_complex to None
[2024-12-26 15:41:33,963] {scheduler_job.py:190} INFO - Processing /home/airflow/.local/lib/python3.6/site-packages/airflow/example_dags/example_complex.py took 0.053 seconds
[2024-12-26 15:42:04,547] {scheduler_job.py:182} INFO - Started process (PID=243) to work on /home/airflow/.local/lib/python3.6/site-packages/airflow/example_dags/example_complex.py
[2024-12-26 15:42:04,549] {scheduler_job.py:633} INFO - Processing file /home/airflow/.local/lib/python3.6/site-packages/airflow/example_dags/example_complex.py for tasks to queue
[2024-12-26 15:42:04,550] {logging_mixin.py:104} INFO - [2024-12-26 15:42:04,550] {dagbag.py:496} INFO - Filling up the DagBag from /home/airflow/.local/lib/python3.6/site-packages/airflow/example_dags/example_complex.py
[2024-12-26 15:42:04,562] {scheduler_job.py:643} INFO - DAG(s) dict_keys(['example_complex']) retrieved from /home/airflow/.local/lib/python3.6/site-packages/airflow/example_dags/example_complex.py
[2024-12-26 15:42:04,580] {logging_mixin.py:104} INFO - [2024-12-26 15:42:04,579] {dag.py:1833} INFO - Sync 1 DAGs
[2024-12-26 15:42:04,590] {logging_mixin.py:104} INFO - [2024-12-26 15:42:04,590] {dag.py:2306} INFO - Setting next_dagrun for example_complex to None
[2024-12-26 15:42:04,599] {scheduler_job.py:190} INFO - Processing /home/airflow/.local/lib/python3.6/site-packages/airflow/example_dags/example_complex.py took 0.054 seconds
[2024-12-26 15:42:37,669] {scheduler_job.py:182} INFO - Started process (PID=66) to work on /home/airflow/.local/lib/python3.6/site-packages/airflow/example_dags/example_complex.py
[2024-12-26 15:42:37,670] {scheduler_job.py:633} INFO - Processing file /home/airflow/.local/lib/python3.6/site-packages/airflow/example_dags/example_complex.py for tasks to queue
[2024-12-26 15:42:37,671] {logging_mixin.py:104} INFO - [2024-12-26 15:42:37,671] {dagbag.py:496} INFO - Filling up the DagBag from /home/airflow/.local/lib/python3.6/site-packages/airflow/example_dags/example_complex.py
[2024-12-26 15:42:37,689] {scheduler_job.py:643} INFO - DAG(s) dict_keys(['example_complex']) retrieved from /home/airflow/.local/lib/python3.6/site-packages/airflow/example_dags/example_complex.py
[2024-12-26 15:42:37,710] {logging_mixin.py:104} INFO - [2024-12-26 15:42:37,710] {dag.py:1833} INFO - Sync 1 DAGs
[2024-12-26 15:42:37,721] {logging_mixin.py:104} INFO - [2024-12-26 15:42:37,721] {dag.py:2306} INFO - Setting next_dagrun for example_complex to None
[2024-12-26 15:42:37,732] {scheduler_job.py:190} INFO - Processing /home/airflow/.local/lib/python3.6/site-packages/airflow/example_dags/example_complex.py took 0.065 seconds
[2024-12-26 15:43:08,522] {scheduler_job.py:182} INFO - Started process (PID=128) to work on /home/airflow/.local/lib/python3.6/site-packages/airflow/example_dags/example_complex.py
[2024-12-26 15:43:08,523] {scheduler_job.py:633} INFO - Processing file /home/airflow/.local/lib/python3.6/site-packages/airflow/example_dags/example_complex.py for tasks to queue
[2024-12-26 15:43:08,524] {logging_mixin.py:104} INFO - [2024-12-26 15:43:08,524] {dagbag.py:496} INFO - Filling up the DagBag from /home/airflow/.local/lib/python3.6/site-packages/airflow/example_dags/example_complex.py
[2024-12-26 15:43:08,536] {scheduler_job.py:643} INFO - DAG(s) dict_keys(['example_complex']) retrieved from /home/airflow/.local/lib/python3.6/site-packages/airflow/example_dags/example_complex.py
[2024-12-26 15:43:08,553] {logging_mixin.py:104} INFO - [2024-12-26 15:43:08,553] {dag.py:1833} INFO - Sync 1 DAGs
[2024-12-26 15:43:08,563] {logging_mixin.py:104} INFO - [2024-12-26 15:43:08,563] {dag.py:2306} INFO - Setting next_dagrun for example_complex to None
[2024-12-26 15:43:08,577] {scheduler_job.py:190} INFO - Processing /home/airflow/.local/lib/python3.6/site-packages/airflow/example_dags/example_complex.py took 0.057 seconds
