[2024-12-26 15:32:45,449] {scheduler_job.py:182} INFO - Started process (PID=299) to work on /home/airflow/.local/lib/python3.6/site-packages/airflow/example_dags/example_short_circuit_operator.py
[2024-12-26 15:32:45,451] {scheduler_job.py:633} INFO - Processing file /home/airflow/.local/lib/python3.6/site-packages/airflow/example_dags/example_short_circuit_operator.py for tasks to queue
[2024-12-26 15:32:45,451] {logging_mixin.py:104} INFO - [2024-12-26 15:32:45,451] {dagbag.py:496} INFO - Filling up the DagBag from /home/airflow/.local/lib/python3.6/site-packages/airflow/example_dags/example_short_circuit_operator.py
[2024-12-26 15:32:45,463] {scheduler_job.py:643} INFO - DAG(s) dict_keys(['example_short_circuit_operator']) retrieved from /home/airflow/.local/lib/python3.6/site-packages/airflow/example_dags/example_short_circuit_operator.py
[2024-12-26 15:32:46,859] {logging_mixin.py:104} INFO - [2024-12-26 15:32:46,859] {dag.py:1833} INFO - Sync 1 DAGs
[2024-12-26 15:32:46,865] {logging_mixin.py:104} INFO - [2024-12-26 15:32:46,865] {dag.py:1852} INFO - Creating ORM DAG for example_short_circuit_operator
[2024-12-26 15:32:46,869] {logging_mixin.py:104} INFO - [2024-12-26 15:32:46,869] {dag.py:2306} INFO - Setting next_dagrun for example_short_circuit_operator to 2024-12-24 00:00:00+00:00
[2024-12-26 15:32:46,881] {scheduler_job.py:190} INFO - Processing /home/airflow/.local/lib/python3.6/site-packages/airflow/example_dags/example_short_circuit_operator.py took 1.435 seconds
[2024-12-26 15:33:17,459] {scheduler_job.py:182} INFO - Started process (PID=386) to work on /home/airflow/.local/lib/python3.6/site-packages/airflow/example_dags/example_short_circuit_operator.py
[2024-12-26 15:33:17,460] {scheduler_job.py:633} INFO - Processing file /home/airflow/.local/lib/python3.6/site-packages/airflow/example_dags/example_short_circuit_operator.py for tasks to queue
[2024-12-26 15:33:17,461] {logging_mixin.py:104} INFO - [2024-12-26 15:33:17,461] {dagbag.py:496} INFO - Filling up the DagBag from /home/airflow/.local/lib/python3.6/site-packages/airflow/example_dags/example_short_circuit_operator.py
[2024-12-26 15:33:17,469] {scheduler_job.py:643} INFO - DAG(s) dict_keys(['example_short_circuit_operator']) retrieved from /home/airflow/.local/lib/python3.6/site-packages/airflow/example_dags/example_short_circuit_operator.py
[2024-12-26 15:33:17,483] {logging_mixin.py:104} INFO - [2024-12-26 15:33:17,483] {dag.py:1833} INFO - Sync 1 DAGs
[2024-12-26 15:33:17,494] {logging_mixin.py:104} INFO - [2024-12-26 15:33:17,494] {dag.py:2306} INFO - Setting next_dagrun for example_short_circuit_operator to 2024-12-24 00:00:00+00:00
[2024-12-26 15:33:17,502] {scheduler_job.py:190} INFO - Processing /home/airflow/.local/lib/python3.6/site-packages/airflow/example_dags/example_short_circuit_operator.py took 0.045 seconds
[2024-12-26 15:33:47,643] {scheduler_job.py:182} INFO - Started process (PID=448) to work on /home/airflow/.local/lib/python3.6/site-packages/airflow/example_dags/example_short_circuit_operator.py
[2024-12-26 15:33:47,644] {scheduler_job.py:633} INFO - Processing file /home/airflow/.local/lib/python3.6/site-packages/airflow/example_dags/example_short_circuit_operator.py for tasks to queue
[2024-12-26 15:33:47,645] {logging_mixin.py:104} INFO - [2024-12-26 15:33:47,645] {dagbag.py:496} INFO - Filling up the DagBag from /home/airflow/.local/lib/python3.6/site-packages/airflow/example_dags/example_short_circuit_operator.py
[2024-12-26 15:33:47,652] {scheduler_job.py:643} INFO - DAG(s) dict_keys(['example_short_circuit_operator']) retrieved from /home/airflow/.local/lib/python3.6/site-packages/airflow/example_dags/example_short_circuit_operator.py
[2024-12-26 15:33:47,667] {logging_mixin.py:104} INFO - [2024-12-26 15:33:47,666] {dag.py:1833} INFO - Sync 1 DAGs
[2024-12-26 15:33:47,677] {logging_mixin.py:104} INFO - [2024-12-26 15:33:47,677] {dag.py:2306} INFO - Setting next_dagrun for example_short_circuit_operator to 2024-12-24 00:00:00+00:00
[2024-12-26 15:33:47,688] {scheduler_job.py:190} INFO - Processing /home/airflow/.local/lib/python3.6/site-packages/airflow/example_dags/example_short_circuit_operator.py took 0.046 seconds
[2024-12-26 15:34:17,925] {scheduler_job.py:182} INFO - Started process (PID=500) to work on /home/airflow/.local/lib/python3.6/site-packages/airflow/example_dags/example_short_circuit_operator.py
[2024-12-26 15:34:17,927] {scheduler_job.py:633} INFO - Processing file /home/airflow/.local/lib/python3.6/site-packages/airflow/example_dags/example_short_circuit_operator.py for tasks to queue
[2024-12-26 15:34:17,927] {logging_mixin.py:104} INFO - [2024-12-26 15:34:17,927] {dagbag.py:496} INFO - Filling up the DagBag from /home/airflow/.local/lib/python3.6/site-packages/airflow/example_dags/example_short_circuit_operator.py
[2024-12-26 15:34:17,936] {scheduler_job.py:643} INFO - DAG(s) dict_keys(['example_short_circuit_operator']) retrieved from /home/airflow/.local/lib/python3.6/site-packages/airflow/example_dags/example_short_circuit_operator.py
[2024-12-26 15:34:17,950] {logging_mixin.py:104} INFO - [2024-12-26 15:34:17,949] {dag.py:1833} INFO - Sync 1 DAGs
[2024-12-26 15:34:17,960] {logging_mixin.py:104} INFO - [2024-12-26 15:34:17,960] {dag.py:2306} INFO - Setting next_dagrun for example_short_circuit_operator to 2024-12-24 00:00:00+00:00
[2024-12-26 15:34:17,974] {scheduler_job.py:190} INFO - Processing /home/airflow/.local/lib/python3.6/site-packages/airflow/example_dags/example_short_circuit_operator.py took 0.051 seconds
[2024-12-26 15:34:48,149] {scheduler_job.py:182} INFO - Started process (PID=562) to work on /home/airflow/.local/lib/python3.6/site-packages/airflow/example_dags/example_short_circuit_operator.py
[2024-12-26 15:34:48,151] {scheduler_job.py:633} INFO - Processing file /home/airflow/.local/lib/python3.6/site-packages/airflow/example_dags/example_short_circuit_operator.py for tasks to queue
[2024-12-26 15:34:48,152] {logging_mixin.py:104} INFO - [2024-12-26 15:34:48,151] {dagbag.py:496} INFO - Filling up the DagBag from /home/airflow/.local/lib/python3.6/site-packages/airflow/example_dags/example_short_circuit_operator.py
[2024-12-26 15:34:48,159] {scheduler_job.py:643} INFO - DAG(s) dict_keys(['example_short_circuit_operator']) retrieved from /home/airflow/.local/lib/python3.6/site-packages/airflow/example_dags/example_short_circuit_operator.py
[2024-12-26 15:34:48,173] {logging_mixin.py:104} INFO - [2024-12-26 15:34:48,173] {dag.py:1833} INFO - Sync 1 DAGs
[2024-12-26 15:34:48,184] {logging_mixin.py:104} INFO - [2024-12-26 15:34:48,183] {dag.py:2306} INFO - Setting next_dagrun for example_short_circuit_operator to 2024-12-24 00:00:00+00:00
[2024-12-26 15:34:48,193] {scheduler_job.py:190} INFO - Processing /home/airflow/.local/lib/python3.6/site-packages/airflow/example_dags/example_short_circuit_operator.py took 0.045 seconds
[2024-12-26 15:35:18,316] {scheduler_job.py:182} INFO - Started process (PID=624) to work on /home/airflow/.local/lib/python3.6/site-packages/airflow/example_dags/example_short_circuit_operator.py
[2024-12-26 15:35:18,317] {scheduler_job.py:633} INFO - Processing file /home/airflow/.local/lib/python3.6/site-packages/airflow/example_dags/example_short_circuit_operator.py for tasks to queue
[2024-12-26 15:35:18,318] {logging_mixin.py:104} INFO - [2024-12-26 15:35:18,318] {dagbag.py:496} INFO - Filling up the DagBag from /home/airflow/.local/lib/python3.6/site-packages/airflow/example_dags/example_short_circuit_operator.py
[2024-12-26 15:35:18,326] {scheduler_job.py:643} INFO - DAG(s) dict_keys(['example_short_circuit_operator']) retrieved from /home/airflow/.local/lib/python3.6/site-packages/airflow/example_dags/example_short_circuit_operator.py
[2024-12-26 15:35:18,344] {logging_mixin.py:104} INFO - [2024-12-26 15:35:18,344] {dag.py:1833} INFO - Sync 1 DAGs
[2024-12-26 15:35:18,358] {logging_mixin.py:104} INFO - [2024-12-26 15:35:18,358] {dag.py:2306} INFO - Setting next_dagrun for example_short_circuit_operator to 2024-12-24 00:00:00+00:00
[2024-12-26 15:35:18,371] {scheduler_job.py:190} INFO - Processing /home/airflow/.local/lib/python3.6/site-packages/airflow/example_dags/example_short_circuit_operator.py took 0.056 seconds
[2024-12-26 15:35:48,626] {scheduler_job.py:182} INFO - Started process (PID=676) to work on /home/airflow/.local/lib/python3.6/site-packages/airflow/example_dags/example_short_circuit_operator.py
[2024-12-26 15:35:48,628] {scheduler_job.py:633} INFO - Processing file /home/airflow/.local/lib/python3.6/site-packages/airflow/example_dags/example_short_circuit_operator.py for tasks to queue
[2024-12-26 15:35:48,628] {logging_mixin.py:104} INFO - [2024-12-26 15:35:48,628] {dagbag.py:496} INFO - Filling up the DagBag from /home/airflow/.local/lib/python3.6/site-packages/airflow/example_dags/example_short_circuit_operator.py
[2024-12-26 15:35:48,637] {scheduler_job.py:643} INFO - DAG(s) dict_keys(['example_short_circuit_operator']) retrieved from /home/airflow/.local/lib/python3.6/site-packages/airflow/example_dags/example_short_circuit_operator.py
[2024-12-26 15:35:48,650] {logging_mixin.py:104} INFO - [2024-12-26 15:35:48,650] {dag.py:1833} INFO - Sync 1 DAGs
[2024-12-26 15:35:48,660] {logging_mixin.py:104} INFO - [2024-12-26 15:35:48,660] {dag.py:2306} INFO - Setting next_dagrun for example_short_circuit_operator to 2024-12-24 00:00:00+00:00
[2024-12-26 15:35:48,668] {scheduler_job.py:190} INFO - Processing /home/airflow/.local/lib/python3.6/site-packages/airflow/example_dags/example_short_circuit_operator.py took 0.044 seconds
[2024-12-26 15:36:19,051] {scheduler_job.py:182} INFO - Started process (PID=740) to work on /home/airflow/.local/lib/python3.6/site-packages/airflow/example_dags/example_short_circuit_operator.py
[2024-12-26 15:36:19,052] {scheduler_job.py:633} INFO - Processing file /home/airflow/.local/lib/python3.6/site-packages/airflow/example_dags/example_short_circuit_operator.py for tasks to queue
[2024-12-26 15:36:19,053] {logging_mixin.py:104} INFO - [2024-12-26 15:36:19,053] {dagbag.py:496} INFO - Filling up the DagBag from /home/airflow/.local/lib/python3.6/site-packages/airflow/example_dags/example_short_circuit_operator.py
[2024-12-26 15:36:19,061] {scheduler_job.py:643} INFO - DAG(s) dict_keys(['example_short_circuit_operator']) retrieved from /home/airflow/.local/lib/python3.6/site-packages/airflow/example_dags/example_short_circuit_operator.py
[2024-12-26 15:36:19,075] {logging_mixin.py:104} INFO - [2024-12-26 15:36:19,075] {dag.py:1833} INFO - Sync 1 DAGs
[2024-12-26 15:36:19,085] {logging_mixin.py:104} INFO - [2024-12-26 15:36:19,085] {dag.py:2306} INFO - Setting next_dagrun for example_short_circuit_operator to 2024-12-24 00:00:00+00:00
[2024-12-26 15:36:19,095] {scheduler_job.py:190} INFO - Processing /home/airflow/.local/lib/python3.6/site-packages/airflow/example_dags/example_short_circuit_operator.py took 0.046 seconds
[2024-12-26 15:36:49,328] {scheduler_job.py:182} INFO - Started process (PID=802) to work on /home/airflow/.local/lib/python3.6/site-packages/airflow/example_dags/example_short_circuit_operator.py
[2024-12-26 15:36:49,329] {scheduler_job.py:633} INFO - Processing file /home/airflow/.local/lib/python3.6/site-packages/airflow/example_dags/example_short_circuit_operator.py for tasks to queue
[2024-12-26 15:36:49,330] {logging_mixin.py:104} INFO - [2024-12-26 15:36:49,330] {dagbag.py:496} INFO - Filling up the DagBag from /home/airflow/.local/lib/python3.6/site-packages/airflow/example_dags/example_short_circuit_operator.py
[2024-12-26 15:36:49,338] {scheduler_job.py:643} INFO - DAG(s) dict_keys(['example_short_circuit_operator']) retrieved from /home/airflow/.local/lib/python3.6/site-packages/airflow/example_dags/example_short_circuit_operator.py
[2024-12-26 15:36:49,352] {logging_mixin.py:104} INFO - [2024-12-26 15:36:49,352] {dag.py:1833} INFO - Sync 1 DAGs
[2024-12-26 15:36:49,363] {logging_mixin.py:104} INFO - [2024-12-26 15:36:49,363] {dag.py:2306} INFO - Setting next_dagrun for example_short_circuit_operator to 2024-12-24 00:00:00+00:00
[2024-12-26 15:36:49,371] {scheduler_job.py:190} INFO - Processing /home/airflow/.local/lib/python3.6/site-packages/airflow/example_dags/example_short_circuit_operator.py took 0.045 seconds
[2024-12-26 15:37:19,776] {scheduler_job.py:182} INFO - Started process (PID=854) to work on /home/airflow/.local/lib/python3.6/site-packages/airflow/example_dags/example_short_circuit_operator.py
[2024-12-26 15:37:19,778] {scheduler_job.py:633} INFO - Processing file /home/airflow/.local/lib/python3.6/site-packages/airflow/example_dags/example_short_circuit_operator.py for tasks to queue
[2024-12-26 15:37:19,779] {logging_mixin.py:104} INFO - [2024-12-26 15:37:19,779] {dagbag.py:496} INFO - Filling up the DagBag from /home/airflow/.local/lib/python3.6/site-packages/airflow/example_dags/example_short_circuit_operator.py
[2024-12-26 15:37:19,791] {scheduler_job.py:643} INFO - DAG(s) dict_keys(['example_short_circuit_operator']) retrieved from /home/airflow/.local/lib/python3.6/site-packages/airflow/example_dags/example_short_circuit_operator.py
[2024-12-26 15:37:19,808] {logging_mixin.py:104} INFO - [2024-12-26 15:37:19,808] {dag.py:1833} INFO - Sync 1 DAGs
[2024-12-26 15:37:19,825] {logging_mixin.py:104} INFO - [2024-12-26 15:37:19,825] {dag.py:2306} INFO - Setting next_dagrun for example_short_circuit_operator to 2024-12-24 00:00:00+00:00
[2024-12-26 15:37:19,842] {scheduler_job.py:190} INFO - Processing /home/airflow/.local/lib/python3.6/site-packages/airflow/example_dags/example_short_circuit_operator.py took 0.071 seconds
[2024-12-26 15:37:50,307] {scheduler_job.py:182} INFO - Started process (PID=916) to work on /home/airflow/.local/lib/python3.6/site-packages/airflow/example_dags/example_short_circuit_operator.py
[2024-12-26 15:37:50,308] {scheduler_job.py:633} INFO - Processing file /home/airflow/.local/lib/python3.6/site-packages/airflow/example_dags/example_short_circuit_operator.py for tasks to queue
[2024-12-26 15:37:50,309] {logging_mixin.py:104} INFO - [2024-12-26 15:37:50,309] {dagbag.py:496} INFO - Filling up the DagBag from /home/airflow/.local/lib/python3.6/site-packages/airflow/example_dags/example_short_circuit_operator.py
[2024-12-26 15:37:50,317] {scheduler_job.py:643} INFO - DAG(s) dict_keys(['example_short_circuit_operator']) retrieved from /home/airflow/.local/lib/python3.6/site-packages/airflow/example_dags/example_short_circuit_operator.py
[2024-12-26 15:37:50,330] {logging_mixin.py:104} INFO - [2024-12-26 15:37:50,330] {dag.py:1833} INFO - Sync 1 DAGs
[2024-12-26 15:37:50,341] {logging_mixin.py:104} INFO - [2024-12-26 15:37:50,341] {dag.py:2306} INFO - Setting next_dagrun for example_short_circuit_operator to 2024-12-24 00:00:00+00:00
[2024-12-26 15:37:50,352] {scheduler_job.py:190} INFO - Processing /home/airflow/.local/lib/python3.6/site-packages/airflow/example_dags/example_short_circuit_operator.py took 0.047 seconds
[2024-12-26 15:38:20,654] {scheduler_job.py:182} INFO - Started process (PID=978) to work on /home/airflow/.local/lib/python3.6/site-packages/airflow/example_dags/example_short_circuit_operator.py
[2024-12-26 15:38:20,662] {scheduler_job.py:633} INFO - Processing file /home/airflow/.local/lib/python3.6/site-packages/airflow/example_dags/example_short_circuit_operator.py for tasks to queue
[2024-12-26 15:38:20,670] {logging_mixin.py:104} INFO - [2024-12-26 15:38:20,670] {dagbag.py:496} INFO - Filling up the DagBag from /home/airflow/.local/lib/python3.6/site-packages/airflow/example_dags/example_short_circuit_operator.py
[2024-12-26 15:38:20,688] {scheduler_job.py:643} INFO - DAG(s) dict_keys(['example_short_circuit_operator']) retrieved from /home/airflow/.local/lib/python3.6/site-packages/airflow/example_dags/example_short_circuit_operator.py
[2024-12-26 15:38:20,712] {logging_mixin.py:104} INFO - [2024-12-26 15:38:20,712] {dag.py:1833} INFO - Sync 1 DAGs
[2024-12-26 15:38:20,726] {logging_mixin.py:104} INFO - [2024-12-26 15:38:20,726] {dag.py:2306} INFO - Setting next_dagrun for example_short_circuit_operator to 2024-12-24 00:00:00+00:00
[2024-12-26 15:38:20,743] {scheduler_job.py:190} INFO - Processing /home/airflow/.local/lib/python3.6/site-packages/airflow/example_dags/example_short_circuit_operator.py took 0.092 seconds
[2024-12-26 15:38:51,011] {scheduler_job.py:182} INFO - Started process (PID=1030) to work on /home/airflow/.local/lib/python3.6/site-packages/airflow/example_dags/example_short_circuit_operator.py
[2024-12-26 15:38:51,017] {scheduler_job.py:633} INFO - Processing file /home/airflow/.local/lib/python3.6/site-packages/airflow/example_dags/example_short_circuit_operator.py for tasks to queue
[2024-12-26 15:38:51,022] {logging_mixin.py:104} INFO - [2024-12-26 15:38:51,022] {dagbag.py:496} INFO - Filling up the DagBag from /home/airflow/.local/lib/python3.6/site-packages/airflow/example_dags/example_short_circuit_operator.py
[2024-12-26 15:38:51,038] {scheduler_job.py:643} INFO - DAG(s) dict_keys(['example_short_circuit_operator']) retrieved from /home/airflow/.local/lib/python3.6/site-packages/airflow/example_dags/example_short_circuit_operator.py
[2024-12-26 15:38:51,058] {logging_mixin.py:104} INFO - [2024-12-26 15:38:51,058] {dag.py:1833} INFO - Sync 1 DAGs
[2024-12-26 15:38:51,078] {logging_mixin.py:104} INFO - [2024-12-26 15:38:51,078] {dag.py:2306} INFO - Setting next_dagrun for example_short_circuit_operator to 2024-12-24 00:00:00+00:00
[2024-12-26 15:38:51,096] {scheduler_job.py:190} INFO - Processing /home/airflow/.local/lib/python3.6/site-packages/airflow/example_dags/example_short_circuit_operator.py took 0.088 seconds
[2024-12-26 15:40:32,380] {scheduler_job.py:182} INFO - Started process (PID=64) to work on /home/airflow/.local/lib/python3.6/site-packages/airflow/example_dags/example_short_circuit_operator.py
[2024-12-26 15:40:32,383] {scheduler_job.py:633} INFO - Processing file /home/airflow/.local/lib/python3.6/site-packages/airflow/example_dags/example_short_circuit_operator.py for tasks to queue
[2024-12-26 15:40:32,384] {logging_mixin.py:104} INFO - [2024-12-26 15:40:32,384] {dagbag.py:496} INFO - Filling up the DagBag from /home/airflow/.local/lib/python3.6/site-packages/airflow/example_dags/example_short_circuit_operator.py
[2024-12-26 15:40:32,399] {scheduler_job.py:643} INFO - DAG(s) dict_keys(['example_short_circuit_operator']) retrieved from /home/airflow/.local/lib/python3.6/site-packages/airflow/example_dags/example_short_circuit_operator.py
[2024-12-26 15:40:32,420] {logging_mixin.py:104} INFO - [2024-12-26 15:40:32,420] {dag.py:1833} INFO - Sync 1 DAGs
[2024-12-26 15:40:32,435] {logging_mixin.py:104} INFO - [2024-12-26 15:40:32,435] {dag.py:2306} INFO - Setting next_dagrun for example_short_circuit_operator to 2024-12-24 00:00:00+00:00
[2024-12-26 15:40:32,450] {scheduler_job.py:190} INFO - Processing /home/airflow/.local/lib/python3.6/site-packages/airflow/example_dags/example_short_circuit_operator.py took 0.073 seconds
[2024-12-26 15:41:03,123] {scheduler_job.py:182} INFO - Started process (PID=126) to work on /home/airflow/.local/lib/python3.6/site-packages/airflow/example_dags/example_short_circuit_operator.py
[2024-12-26 15:41:03,124] {scheduler_job.py:633} INFO - Processing file /home/airflow/.local/lib/python3.6/site-packages/airflow/example_dags/example_short_circuit_operator.py for tasks to queue
[2024-12-26 15:41:03,125] {logging_mixin.py:104} INFO - [2024-12-26 15:41:03,125] {dagbag.py:496} INFO - Filling up the DagBag from /home/airflow/.local/lib/python3.6/site-packages/airflow/example_dags/example_short_circuit_operator.py
[2024-12-26 15:41:03,133] {scheduler_job.py:643} INFO - DAG(s) dict_keys(['example_short_circuit_operator']) retrieved from /home/airflow/.local/lib/python3.6/site-packages/airflow/example_dags/example_short_circuit_operator.py
[2024-12-26 15:41:03,147] {logging_mixin.py:104} INFO - [2024-12-26 15:41:03,147] {dag.py:1833} INFO - Sync 1 DAGs
[2024-12-26 15:41:03,157] {logging_mixin.py:104} INFO - [2024-12-26 15:41:03,157] {dag.py:2306} INFO - Setting next_dagrun for example_short_circuit_operator to 2024-12-24 00:00:00+00:00
[2024-12-26 15:41:03,167] {scheduler_job.py:190} INFO - Processing /home/airflow/.local/lib/python3.6/site-packages/airflow/example_dags/example_short_circuit_operator.py took 0.046 seconds
[2024-12-26 15:41:33,797] {scheduler_job.py:182} INFO - Started process (PID=188) to work on /home/airflow/.local/lib/python3.6/site-packages/airflow/example_dags/example_short_circuit_operator.py
[2024-12-26 15:41:33,799] {scheduler_job.py:633} INFO - Processing file /home/airflow/.local/lib/python3.6/site-packages/airflow/example_dags/example_short_circuit_operator.py for tasks to queue
[2024-12-26 15:41:33,800] {logging_mixin.py:104} INFO - [2024-12-26 15:41:33,799] {dagbag.py:496} INFO - Filling up the DagBag from /home/airflow/.local/lib/python3.6/site-packages/airflow/example_dags/example_short_circuit_operator.py
[2024-12-26 15:41:33,808] {scheduler_job.py:643} INFO - DAG(s) dict_keys(['example_short_circuit_operator']) retrieved from /home/airflow/.local/lib/python3.6/site-packages/airflow/example_dags/example_short_circuit_operator.py
[2024-12-26 15:41:33,822] {logging_mixin.py:104} INFO - [2024-12-26 15:41:33,822] {dag.py:1833} INFO - Sync 1 DAGs
[2024-12-26 15:41:33,832] {logging_mixin.py:104} INFO - [2024-12-26 15:41:33,832] {dag.py:2306} INFO - Setting next_dagrun for example_short_circuit_operator to 2024-12-24 00:00:00+00:00
[2024-12-26 15:41:33,845] {scheduler_job.py:190} INFO - Processing /home/airflow/.local/lib/python3.6/site-packages/airflow/example_dags/example_short_circuit_operator.py took 0.050 seconds
[2024-12-26 15:42:04,484] {scheduler_job.py:182} INFO - Started process (PID=241) to work on /home/airflow/.local/lib/python3.6/site-packages/airflow/example_dags/example_short_circuit_operator.py
[2024-12-26 15:42:04,485] {scheduler_job.py:633} INFO - Processing file /home/airflow/.local/lib/python3.6/site-packages/airflow/example_dags/example_short_circuit_operator.py for tasks to queue
[2024-12-26 15:42:04,486] {logging_mixin.py:104} INFO - [2024-12-26 15:42:04,486] {dagbag.py:496} INFO - Filling up the DagBag from /home/airflow/.local/lib/python3.6/site-packages/airflow/example_dags/example_short_circuit_operator.py
[2024-12-26 15:42:04,494] {scheduler_job.py:643} INFO - DAG(s) dict_keys(['example_short_circuit_operator']) retrieved from /home/airflow/.local/lib/python3.6/site-packages/airflow/example_dags/example_short_circuit_operator.py
[2024-12-26 15:42:04,510] {logging_mixin.py:104} INFO - [2024-12-26 15:42:04,510] {dag.py:1833} INFO - Sync 1 DAGs
[2024-12-26 15:42:04,519] {logging_mixin.py:104} INFO - [2024-12-26 15:42:04,519] {dag.py:2306} INFO - Setting next_dagrun for example_short_circuit_operator to 2024-12-24 00:00:00+00:00
[2024-12-26 15:42:04,529] {scheduler_job.py:190} INFO - Processing /home/airflow/.local/lib/python3.6/site-packages/airflow/example_dags/example_short_circuit_operator.py took 0.047 seconds
[2024-12-26 15:42:37,572] {scheduler_job.py:182} INFO - Started process (PID=64) to work on /home/airflow/.local/lib/python3.6/site-packages/airflow/example_dags/example_short_circuit_operator.py
[2024-12-26 15:42:37,574] {scheduler_job.py:633} INFO - Processing file /home/airflow/.local/lib/python3.6/site-packages/airflow/example_dags/example_short_circuit_operator.py for tasks to queue
[2024-12-26 15:42:37,574] {logging_mixin.py:104} INFO - [2024-12-26 15:42:37,574] {dagbag.py:496} INFO - Filling up the DagBag from /home/airflow/.local/lib/python3.6/site-packages/airflow/example_dags/example_short_circuit_operator.py
[2024-12-26 15:42:37,585] {scheduler_job.py:643} INFO - DAG(s) dict_keys(['example_short_circuit_operator']) retrieved from /home/airflow/.local/lib/python3.6/site-packages/airflow/example_dags/example_short_circuit_operator.py
[2024-12-26 15:42:37,603] {logging_mixin.py:104} INFO - [2024-12-26 15:42:37,603] {dag.py:1833} INFO - Sync 1 DAGs
[2024-12-26 15:42:37,616] {logging_mixin.py:104} INFO - [2024-12-26 15:42:37,616] {dag.py:2306} INFO - Setting next_dagrun for example_short_circuit_operator to 2024-12-24 00:00:00+00:00
[2024-12-26 15:42:37,630] {scheduler_job.py:190} INFO - Processing /home/airflow/.local/lib/python3.6/site-packages/airflow/example_dags/example_short_circuit_operator.py took 0.060 seconds
[2024-12-26 15:43:08,452] {scheduler_job.py:182} INFO - Started process (PID=126) to work on /home/airflow/.local/lib/python3.6/site-packages/airflow/example_dags/example_short_circuit_operator.py
[2024-12-26 15:43:08,453] {scheduler_job.py:633} INFO - Processing file /home/airflow/.local/lib/python3.6/site-packages/airflow/example_dags/example_short_circuit_operator.py for tasks to queue
[2024-12-26 15:43:08,454] {logging_mixin.py:104} INFO - [2024-12-26 15:43:08,454] {dagbag.py:496} INFO - Filling up the DagBag from /home/airflow/.local/lib/python3.6/site-packages/airflow/example_dags/example_short_circuit_operator.py
[2024-12-26 15:43:08,462] {scheduler_job.py:643} INFO - DAG(s) dict_keys(['example_short_circuit_operator']) retrieved from /home/airflow/.local/lib/python3.6/site-packages/airflow/example_dags/example_short_circuit_operator.py
[2024-12-26 15:43:08,477] {logging_mixin.py:104} INFO - [2024-12-26 15:43:08,477] {dag.py:1833} INFO - Sync 1 DAGs
[2024-12-26 15:43:08,487] {logging_mixin.py:104} INFO - [2024-12-26 15:43:08,487] {dag.py:2306} INFO - Setting next_dagrun for example_short_circuit_operator to 2024-12-24 00:00:00+00:00
[2024-12-26 15:43:08,497] {scheduler_job.py:190} INFO - Processing /home/airflow/.local/lib/python3.6/site-packages/airflow/example_dags/example_short_circuit_operator.py took 0.047 seconds
