[2024-12-26 15:32:36,446] {scheduler_job.py:182} INFO - Started process (PID=174) to work on /home/airflow/.local/lib/python3.6/site-packages/airflow/example_dags/example_trigger_controller_dag.py
[2024-12-26 15:32:36,448] {scheduler_job.py:633} INFO - Processing file /home/airflow/.local/lib/python3.6/site-packages/airflow/example_dags/example_trigger_controller_dag.py for tasks to queue
[2024-12-26 15:32:36,449] {logging_mixin.py:104} INFO - [2024-12-26 15:32:36,449] {dagbag.py:496} INFO - Filling up the DagBag from /home/airflow/.local/lib/python3.6/site-packages/airflow/example_dags/example_trigger_controller_dag.py
[2024-12-26 15:32:36,474] {scheduler_job.py:643} INFO - DAG(s) dict_keys(['example_trigger_controller_dag']) retrieved from /home/airflow/.local/lib/python3.6/site-packages/airflow/example_dags/example_trigger_controller_dag.py
[2024-12-26 15:32:37,874] {logging_mixin.py:104} INFO - [2024-12-26 15:32:37,874] {dag.py:1833} INFO - Sync 1 DAGs
[2024-12-26 15:32:37,882] {logging_mixin.py:104} INFO - [2024-12-26 15:32:37,881] {dag.py:1852} INFO - Creating ORM DAG for example_trigger_controller_dag
[2024-12-26 15:32:37,885] {logging_mixin.py:104} INFO - [2024-12-26 15:32:37,885] {dag.py:2306} INFO - Setting next_dagrun for example_trigger_controller_dag to 2024-12-24 00:00:00+00:00
[2024-12-26 15:32:37,898] {scheduler_job.py:190} INFO - Processing /home/airflow/.local/lib/python3.6/site-packages/airflow/example_dags/example_trigger_controller_dag.py took 1.456 seconds
[2024-12-26 15:33:08,827] {scheduler_job.py:182} INFO - Started process (PID=364) to work on /home/airflow/.local/lib/python3.6/site-packages/airflow/example_dags/example_trigger_controller_dag.py
[2024-12-26 15:33:08,829] {scheduler_job.py:633} INFO - Processing file /home/airflow/.local/lib/python3.6/site-packages/airflow/example_dags/example_trigger_controller_dag.py for tasks to queue
[2024-12-26 15:33:08,830] {logging_mixin.py:104} INFO - [2024-12-26 15:33:08,830] {dagbag.py:496} INFO - Filling up the DagBag from /home/airflow/.local/lib/python3.6/site-packages/airflow/example_dags/example_trigger_controller_dag.py
[2024-12-26 15:33:08,837] {scheduler_job.py:643} INFO - DAG(s) dict_keys(['example_trigger_controller_dag']) retrieved from /home/airflow/.local/lib/python3.6/site-packages/airflow/example_dags/example_trigger_controller_dag.py
[2024-12-26 15:33:08,854] {logging_mixin.py:104} INFO - [2024-12-26 15:33:08,854] {dag.py:1833} INFO - Sync 1 DAGs
[2024-12-26 15:33:08,867] {logging_mixin.py:104} INFO - [2024-12-26 15:33:08,867] {dag.py:2306} INFO - Setting next_dagrun for example_trigger_controller_dag to 2024-12-24 00:00:00+00:00
[2024-12-26 15:33:08,878] {scheduler_job.py:190} INFO - Processing /home/airflow/.local/lib/python3.6/site-packages/airflow/example_dags/example_trigger_controller_dag.py took 0.053 seconds
[2024-12-26 15:33:39,331] {scheduler_job.py:182} INFO - Started process (PID=426) to work on /home/airflow/.local/lib/python3.6/site-packages/airflow/example_dags/example_trigger_controller_dag.py
[2024-12-26 15:33:39,332] {scheduler_job.py:633} INFO - Processing file /home/airflow/.local/lib/python3.6/site-packages/airflow/example_dags/example_trigger_controller_dag.py for tasks to queue
[2024-12-26 15:33:39,333] {logging_mixin.py:104} INFO - [2024-12-26 15:33:39,333] {dagbag.py:496} INFO - Filling up the DagBag from /home/airflow/.local/lib/python3.6/site-packages/airflow/example_dags/example_trigger_controller_dag.py
[2024-12-26 15:33:39,340] {scheduler_job.py:643} INFO - DAG(s) dict_keys(['example_trigger_controller_dag']) retrieved from /home/airflow/.local/lib/python3.6/site-packages/airflow/example_dags/example_trigger_controller_dag.py
[2024-12-26 15:33:39,354] {logging_mixin.py:104} INFO - [2024-12-26 15:33:39,353] {dag.py:1833} INFO - Sync 1 DAGs
[2024-12-26 15:33:39,363] {logging_mixin.py:104} INFO - [2024-12-26 15:33:39,363] {dag.py:2306} INFO - Setting next_dagrun for example_trigger_controller_dag to 2024-12-24 00:00:00+00:00
[2024-12-26 15:33:39,370] {scheduler_job.py:190} INFO - Processing /home/airflow/.local/lib/python3.6/site-packages/airflow/example_dags/example_trigger_controller_dag.py took 0.041 seconds
[2024-12-26 15:34:09,574] {scheduler_job.py:182} INFO - Started process (PID=478) to work on /home/airflow/.local/lib/python3.6/site-packages/airflow/example_dags/example_trigger_controller_dag.py
[2024-12-26 15:34:09,576] {scheduler_job.py:633} INFO - Processing file /home/airflow/.local/lib/python3.6/site-packages/airflow/example_dags/example_trigger_controller_dag.py for tasks to queue
[2024-12-26 15:34:09,577] {logging_mixin.py:104} INFO - [2024-12-26 15:34:09,576] {dagbag.py:496} INFO - Filling up the DagBag from /home/airflow/.local/lib/python3.6/site-packages/airflow/example_dags/example_trigger_controller_dag.py
[2024-12-26 15:34:09,584] {scheduler_job.py:643} INFO - DAG(s) dict_keys(['example_trigger_controller_dag']) retrieved from /home/airflow/.local/lib/python3.6/site-packages/airflow/example_dags/example_trigger_controller_dag.py
[2024-12-26 15:34:09,600] {logging_mixin.py:104} INFO - [2024-12-26 15:34:09,600] {dag.py:1833} INFO - Sync 1 DAGs
[2024-12-26 15:34:09,611] {logging_mixin.py:104} INFO - [2024-12-26 15:34:09,611] {dag.py:2306} INFO - Setting next_dagrun for example_trigger_controller_dag to 2024-12-24 00:00:00+00:00
[2024-12-26 15:34:09,620] {scheduler_job.py:190} INFO - Processing /home/airflow/.local/lib/python3.6/site-packages/airflow/example_dags/example_trigger_controller_dag.py took 0.048 seconds
[2024-12-26 15:34:39,730] {scheduler_job.py:182} INFO - Started process (PID=540) to work on /home/airflow/.local/lib/python3.6/site-packages/airflow/example_dags/example_trigger_controller_dag.py
[2024-12-26 15:34:39,731] {scheduler_job.py:633} INFO - Processing file /home/airflow/.local/lib/python3.6/site-packages/airflow/example_dags/example_trigger_controller_dag.py for tasks to queue
[2024-12-26 15:34:39,732] {logging_mixin.py:104} INFO - [2024-12-26 15:34:39,732] {dagbag.py:496} INFO - Filling up the DagBag from /home/airflow/.local/lib/python3.6/site-packages/airflow/example_dags/example_trigger_controller_dag.py
[2024-12-26 15:34:39,738] {scheduler_job.py:643} INFO - DAG(s) dict_keys(['example_trigger_controller_dag']) retrieved from /home/airflow/.local/lib/python3.6/site-packages/airflow/example_dags/example_trigger_controller_dag.py
[2024-12-26 15:34:39,753] {logging_mixin.py:104} INFO - [2024-12-26 15:34:39,753] {dag.py:1833} INFO - Sync 1 DAGs
[2024-12-26 15:34:39,762] {logging_mixin.py:104} INFO - [2024-12-26 15:34:39,762] {dag.py:2306} INFO - Setting next_dagrun for example_trigger_controller_dag to 2024-12-24 00:00:00+00:00
[2024-12-26 15:34:39,772] {scheduler_job.py:190} INFO - Processing /home/airflow/.local/lib/python3.6/site-packages/airflow/example_dags/example_trigger_controller_dag.py took 0.045 seconds
[2024-12-26 15:35:10,016] {scheduler_job.py:182} INFO - Started process (PID=602) to work on /home/airflow/.local/lib/python3.6/site-packages/airflow/example_dags/example_trigger_controller_dag.py
[2024-12-26 15:35:10,017] {scheduler_job.py:633} INFO - Processing file /home/airflow/.local/lib/python3.6/site-packages/airflow/example_dags/example_trigger_controller_dag.py for tasks to queue
[2024-12-26 15:35:10,018] {logging_mixin.py:104} INFO - [2024-12-26 15:35:10,018] {dagbag.py:496} INFO - Filling up the DagBag from /home/airflow/.local/lib/python3.6/site-packages/airflow/example_dags/example_trigger_controller_dag.py
[2024-12-26 15:35:10,025] {scheduler_job.py:643} INFO - DAG(s) dict_keys(['example_trigger_controller_dag']) retrieved from /home/airflow/.local/lib/python3.6/site-packages/airflow/example_dags/example_trigger_controller_dag.py
[2024-12-26 15:35:10,039] {logging_mixin.py:104} INFO - [2024-12-26 15:35:10,039] {dag.py:1833} INFO - Sync 1 DAGs
[2024-12-26 15:35:10,048] {logging_mixin.py:104} INFO - [2024-12-26 15:35:10,048] {dag.py:2306} INFO - Setting next_dagrun for example_trigger_controller_dag to 2024-12-24 00:00:00+00:00
[2024-12-26 15:35:10,058] {scheduler_job.py:190} INFO - Processing /home/airflow/.local/lib/python3.6/site-packages/airflow/example_dags/example_trigger_controller_dag.py took 0.043 seconds
[2024-12-26 15:35:40,252] {scheduler_job.py:182} INFO - Started process (PID=663) to work on /home/airflow/.local/lib/python3.6/site-packages/airflow/example_dags/example_trigger_controller_dag.py
[2024-12-26 15:35:40,253] {scheduler_job.py:633} INFO - Processing file /home/airflow/.local/lib/python3.6/site-packages/airflow/example_dags/example_trigger_controller_dag.py for tasks to queue
[2024-12-26 15:35:40,254] {logging_mixin.py:104} INFO - [2024-12-26 15:35:40,254] {dagbag.py:496} INFO - Filling up the DagBag from /home/airflow/.local/lib/python3.6/site-packages/airflow/example_dags/example_trigger_controller_dag.py
[2024-12-26 15:35:40,261] {scheduler_job.py:643} INFO - DAG(s) dict_keys(['example_trigger_controller_dag']) retrieved from /home/airflow/.local/lib/python3.6/site-packages/airflow/example_dags/example_trigger_controller_dag.py
[2024-12-26 15:35:40,274] {logging_mixin.py:104} INFO - [2024-12-26 15:35:40,274] {dag.py:1833} INFO - Sync 1 DAGs
[2024-12-26 15:35:40,285] {logging_mixin.py:104} INFO - [2024-12-26 15:35:40,284] {dag.py:2306} INFO - Setting next_dagrun for example_trigger_controller_dag to 2024-12-24 00:00:00+00:00
[2024-12-26 15:35:40,295] {scheduler_job.py:190} INFO - Processing /home/airflow/.local/lib/python3.6/site-packages/airflow/example_dags/example_trigger_controller_dag.py took 0.046 seconds
[2024-12-26 15:36:10,561] {scheduler_job.py:182} INFO - Started process (PID=717) to work on /home/airflow/.local/lib/python3.6/site-packages/airflow/example_dags/example_trigger_controller_dag.py
[2024-12-26 15:36:10,562] {scheduler_job.py:633} INFO - Processing file /home/airflow/.local/lib/python3.6/site-packages/airflow/example_dags/example_trigger_controller_dag.py for tasks to queue
[2024-12-26 15:36:10,563] {logging_mixin.py:104} INFO - [2024-12-26 15:36:10,563] {dagbag.py:496} INFO - Filling up the DagBag from /home/airflow/.local/lib/python3.6/site-packages/airflow/example_dags/example_trigger_controller_dag.py
[2024-12-26 15:36:10,570] {scheduler_job.py:643} INFO - DAG(s) dict_keys(['example_trigger_controller_dag']) retrieved from /home/airflow/.local/lib/python3.6/site-packages/airflow/example_dags/example_trigger_controller_dag.py
[2024-12-26 15:36:10,584] {logging_mixin.py:104} INFO - [2024-12-26 15:36:10,584] {dag.py:1833} INFO - Sync 1 DAGs
[2024-12-26 15:36:10,594] {logging_mixin.py:104} INFO - [2024-12-26 15:36:10,594] {dag.py:2306} INFO - Setting next_dagrun for example_trigger_controller_dag to 2024-12-24 00:00:00+00:00
[2024-12-26 15:36:10,605] {scheduler_job.py:190} INFO - Processing /home/airflow/.local/lib/python3.6/site-packages/airflow/example_dags/example_trigger_controller_dag.py took 0.046 seconds
[2024-12-26 15:36:40,869] {scheduler_job.py:182} INFO - Started process (PID=780) to work on /home/airflow/.local/lib/python3.6/site-packages/airflow/example_dags/example_trigger_controller_dag.py
[2024-12-26 15:36:40,870] {scheduler_job.py:633} INFO - Processing file /home/airflow/.local/lib/python3.6/site-packages/airflow/example_dags/example_trigger_controller_dag.py for tasks to queue
[2024-12-26 15:36:40,871] {logging_mixin.py:104} INFO - [2024-12-26 15:36:40,871] {dagbag.py:496} INFO - Filling up the DagBag from /home/airflow/.local/lib/python3.6/site-packages/airflow/example_dags/example_trigger_controller_dag.py
[2024-12-26 15:36:40,877] {scheduler_job.py:643} INFO - DAG(s) dict_keys(['example_trigger_controller_dag']) retrieved from /home/airflow/.local/lib/python3.6/site-packages/airflow/example_dags/example_trigger_controller_dag.py
[2024-12-26 15:36:40,892] {logging_mixin.py:104} INFO - [2024-12-26 15:36:40,892] {dag.py:1833} INFO - Sync 1 DAGs
[2024-12-26 15:36:40,902] {logging_mixin.py:104} INFO - [2024-12-26 15:36:40,902] {dag.py:2306} INFO - Setting next_dagrun for example_trigger_controller_dag to 2024-12-24 00:00:00+00:00
[2024-12-26 15:36:40,912] {scheduler_job.py:190} INFO - Processing /home/airflow/.local/lib/python3.6/site-packages/airflow/example_dags/example_trigger_controller_dag.py took 0.045 seconds
[2024-12-26 15:37:11,418] {scheduler_job.py:182} INFO - Started process (PID=842) to work on /home/airflow/.local/lib/python3.6/site-packages/airflow/example_dags/example_trigger_controller_dag.py
[2024-12-26 15:37:11,419] {scheduler_job.py:633} INFO - Processing file /home/airflow/.local/lib/python3.6/site-packages/airflow/example_dags/example_trigger_controller_dag.py for tasks to queue
[2024-12-26 15:37:11,420] {logging_mixin.py:104} INFO - [2024-12-26 15:37:11,420] {dagbag.py:496} INFO - Filling up the DagBag from /home/airflow/.local/lib/python3.6/site-packages/airflow/example_dags/example_trigger_controller_dag.py
[2024-12-26 15:37:11,427] {scheduler_job.py:643} INFO - DAG(s) dict_keys(['example_trigger_controller_dag']) retrieved from /home/airflow/.local/lib/python3.6/site-packages/airflow/example_dags/example_trigger_controller_dag.py
[2024-12-26 15:37:11,440] {logging_mixin.py:104} INFO - [2024-12-26 15:37:11,440] {dag.py:1833} INFO - Sync 1 DAGs
[2024-12-26 15:37:11,450] {logging_mixin.py:104} INFO - [2024-12-26 15:37:11,449] {dag.py:2306} INFO - Setting next_dagrun for example_trigger_controller_dag to 2024-12-24 00:00:00+00:00
[2024-12-26 15:37:11,459] {scheduler_job.py:190} INFO - Processing /home/airflow/.local/lib/python3.6/site-packages/airflow/example_dags/example_trigger_controller_dag.py took 0.043 seconds
[2024-12-26 15:37:41,915] {scheduler_job.py:182} INFO - Started process (PID=894) to work on /home/airflow/.local/lib/python3.6/site-packages/airflow/example_dags/example_trigger_controller_dag.py
[2024-12-26 15:37:41,916] {scheduler_job.py:633} INFO - Processing file /home/airflow/.local/lib/python3.6/site-packages/airflow/example_dags/example_trigger_controller_dag.py for tasks to queue
[2024-12-26 15:37:41,917] {logging_mixin.py:104} INFO - [2024-12-26 15:37:41,917] {dagbag.py:496} INFO - Filling up the DagBag from /home/airflow/.local/lib/python3.6/site-packages/airflow/example_dags/example_trigger_controller_dag.py
[2024-12-26 15:37:41,923] {scheduler_job.py:643} INFO - DAG(s) dict_keys(['example_trigger_controller_dag']) retrieved from /home/airflow/.local/lib/python3.6/site-packages/airflow/example_dags/example_trigger_controller_dag.py
[2024-12-26 15:37:41,937] {logging_mixin.py:104} INFO - [2024-12-26 15:37:41,937] {dag.py:1833} INFO - Sync 1 DAGs
[2024-12-26 15:37:41,946] {logging_mixin.py:104} INFO - [2024-12-26 15:37:41,946] {dag.py:2306} INFO - Setting next_dagrun for example_trigger_controller_dag to 2024-12-24 00:00:00+00:00
[2024-12-26 15:37:41,960] {scheduler_job.py:190} INFO - Processing /home/airflow/.local/lib/python3.6/site-packages/airflow/example_dags/example_trigger_controller_dag.py took 0.047 seconds
[2024-12-26 15:38:12,215] {scheduler_job.py:182} INFO - Started process (PID=956) to work on /home/airflow/.local/lib/python3.6/site-packages/airflow/example_dags/example_trigger_controller_dag.py
[2024-12-26 15:38:12,217] {scheduler_job.py:633} INFO - Processing file /home/airflow/.local/lib/python3.6/site-packages/airflow/example_dags/example_trigger_controller_dag.py for tasks to queue
[2024-12-26 15:38:12,218] {logging_mixin.py:104} INFO - [2024-12-26 15:38:12,218] {dagbag.py:496} INFO - Filling up the DagBag from /home/airflow/.local/lib/python3.6/site-packages/airflow/example_dags/example_trigger_controller_dag.py
[2024-12-26 15:38:12,224] {scheduler_job.py:643} INFO - DAG(s) dict_keys(['example_trigger_controller_dag']) retrieved from /home/airflow/.local/lib/python3.6/site-packages/airflow/example_dags/example_trigger_controller_dag.py
[2024-12-26 15:38:12,240] {logging_mixin.py:104} INFO - [2024-12-26 15:38:12,240] {dag.py:1833} INFO - Sync 1 DAGs
[2024-12-26 15:38:12,251] {logging_mixin.py:104} INFO - [2024-12-26 15:38:12,251] {dag.py:2306} INFO - Setting next_dagrun for example_trigger_controller_dag to 2024-12-24 00:00:00+00:00
[2024-12-26 15:38:12,265] {scheduler_job.py:190} INFO - Processing /home/airflow/.local/lib/python3.6/site-packages/airflow/example_dags/example_trigger_controller_dag.py took 0.051 seconds
[2024-12-26 15:38:42,525] {scheduler_job.py:182} INFO - Started process (PID=1018) to work on /home/airflow/.local/lib/python3.6/site-packages/airflow/example_dags/example_trigger_controller_dag.py
[2024-12-26 15:38:42,527] {scheduler_job.py:633} INFO - Processing file /home/airflow/.local/lib/python3.6/site-packages/airflow/example_dags/example_trigger_controller_dag.py for tasks to queue
[2024-12-26 15:38:42,528] {logging_mixin.py:104} INFO - [2024-12-26 15:38:42,527] {dagbag.py:496} INFO - Filling up the DagBag from /home/airflow/.local/lib/python3.6/site-packages/airflow/example_dags/example_trigger_controller_dag.py
[2024-12-26 15:38:42,534] {scheduler_job.py:643} INFO - DAG(s) dict_keys(['example_trigger_controller_dag']) retrieved from /home/airflow/.local/lib/python3.6/site-packages/airflow/example_dags/example_trigger_controller_dag.py
[2024-12-26 15:38:42,548] {logging_mixin.py:104} INFO - [2024-12-26 15:38:42,548] {dag.py:1833} INFO - Sync 1 DAGs
[2024-12-26 15:38:42,561] {logging_mixin.py:104} INFO - [2024-12-26 15:38:42,561] {dag.py:2306} INFO - Setting next_dagrun for example_trigger_controller_dag to 2024-12-24 00:00:00+00:00
[2024-12-26 15:38:42,569] {scheduler_job.py:190} INFO - Processing /home/airflow/.local/lib/python3.6/site-packages/airflow/example_dags/example_trigger_controller_dag.py took 0.046 seconds
[2024-12-26 15:39:13,003] {scheduler_job.py:182} INFO - Started process (PID=1070) to work on /home/airflow/.local/lib/python3.6/site-packages/airflow/example_dags/example_trigger_controller_dag.py
[2024-12-26 15:39:13,005] {scheduler_job.py:633} INFO - Processing file /home/airflow/.local/lib/python3.6/site-packages/airflow/example_dags/example_trigger_controller_dag.py for tasks to queue
[2024-12-26 15:39:13,005] {logging_mixin.py:104} INFO - [2024-12-26 15:39:13,005] {dagbag.py:496} INFO - Filling up the DagBag from /home/airflow/.local/lib/python3.6/site-packages/airflow/example_dags/example_trigger_controller_dag.py
[2024-12-26 15:39:13,012] {scheduler_job.py:643} INFO - DAG(s) dict_keys(['example_trigger_controller_dag']) retrieved from /home/airflow/.local/lib/python3.6/site-packages/airflow/example_dags/example_trigger_controller_dag.py
[2024-12-26 15:39:13,025] {logging_mixin.py:104} INFO - [2024-12-26 15:39:13,025] {dag.py:1833} INFO - Sync 1 DAGs
[2024-12-26 15:39:13,035] {logging_mixin.py:104} INFO - [2024-12-26 15:39:13,034] {dag.py:2306} INFO - Setting next_dagrun for example_trigger_controller_dag to 2024-12-24 00:00:00+00:00
[2024-12-26 15:39:13,045] {scheduler_job.py:190} INFO - Processing /home/airflow/.local/lib/python3.6/site-packages/airflow/example_dags/example_trigger_controller_dag.py took 0.044 seconds
[2024-12-26 15:40:31,700] {scheduler_job.py:182} INFO - Started process (PID=52) to work on /home/airflow/.local/lib/python3.6/site-packages/airflow/example_dags/example_trigger_controller_dag.py
[2024-12-26 15:40:31,703] {scheduler_job.py:633} INFO - Processing file /home/airflow/.local/lib/python3.6/site-packages/airflow/example_dags/example_trigger_controller_dag.py for tasks to queue
[2024-12-26 15:40:31,704] {logging_mixin.py:104} INFO - [2024-12-26 15:40:31,704] {dagbag.py:496} INFO - Filling up the DagBag from /home/airflow/.local/lib/python3.6/site-packages/airflow/example_dags/example_trigger_controller_dag.py
[2024-12-26 15:40:31,710] {scheduler_job.py:643} INFO - DAG(s) dict_keys(['example_trigger_controller_dag']) retrieved from /home/airflow/.local/lib/python3.6/site-packages/airflow/example_dags/example_trigger_controller_dag.py
[2024-12-26 15:40:31,726] {logging_mixin.py:104} INFO - [2024-12-26 15:40:31,726] {dag.py:1833} INFO - Sync 1 DAGs
[2024-12-26 15:40:31,738] {logging_mixin.py:104} INFO - [2024-12-26 15:40:31,737] {dag.py:2306} INFO - Setting next_dagrun for example_trigger_controller_dag to 2024-12-24 00:00:00+00:00
[2024-12-26 15:40:31,748] {scheduler_job.py:190} INFO - Processing /home/airflow/.local/lib/python3.6/site-packages/airflow/example_dags/example_trigger_controller_dag.py took 0.051 seconds
[2024-12-26 15:41:02,508] {scheduler_job.py:182} INFO - Started process (PID=114) to work on /home/airflow/.local/lib/python3.6/site-packages/airflow/example_dags/example_trigger_controller_dag.py
[2024-12-26 15:41:02,510] {scheduler_job.py:633} INFO - Processing file /home/airflow/.local/lib/python3.6/site-packages/airflow/example_dags/example_trigger_controller_dag.py for tasks to queue
[2024-12-26 15:41:02,511] {logging_mixin.py:104} INFO - [2024-12-26 15:41:02,511] {dagbag.py:496} INFO - Filling up the DagBag from /home/airflow/.local/lib/python3.6/site-packages/airflow/example_dags/example_trigger_controller_dag.py
[2024-12-26 15:41:02,517] {scheduler_job.py:643} INFO - DAG(s) dict_keys(['example_trigger_controller_dag']) retrieved from /home/airflow/.local/lib/python3.6/site-packages/airflow/example_dags/example_trigger_controller_dag.py
[2024-12-26 15:41:02,532] {logging_mixin.py:104} INFO - [2024-12-26 15:41:02,532] {dag.py:1833} INFO - Sync 1 DAGs
[2024-12-26 15:41:02,542] {logging_mixin.py:104} INFO - [2024-12-26 15:41:02,542] {dag.py:2306} INFO - Setting next_dagrun for example_trigger_controller_dag to 2024-12-24 00:00:00+00:00
[2024-12-26 15:41:02,553] {scheduler_job.py:190} INFO - Processing /home/airflow/.local/lib/python3.6/site-packages/airflow/example_dags/example_trigger_controller_dag.py took 0.046 seconds
[2024-12-26 15:41:33,244] {scheduler_job.py:182} INFO - Started process (PID=175) to work on /home/airflow/.local/lib/python3.6/site-packages/airflow/example_dags/example_trigger_controller_dag.py
[2024-12-26 15:41:33,245] {scheduler_job.py:633} INFO - Processing file /home/airflow/.local/lib/python3.6/site-packages/airflow/example_dags/example_trigger_controller_dag.py for tasks to queue
[2024-12-26 15:41:33,246] {logging_mixin.py:104} INFO - [2024-12-26 15:41:33,246] {dagbag.py:496} INFO - Filling up the DagBag from /home/airflow/.local/lib/python3.6/site-packages/airflow/example_dags/example_trigger_controller_dag.py
[2024-12-26 15:41:33,252] {scheduler_job.py:643} INFO - DAG(s) dict_keys(['example_trigger_controller_dag']) retrieved from /home/airflow/.local/lib/python3.6/site-packages/airflow/example_dags/example_trigger_controller_dag.py
[2024-12-26 15:41:33,268] {logging_mixin.py:104} INFO - [2024-12-26 15:41:33,268] {dag.py:1833} INFO - Sync 1 DAGs
[2024-12-26 15:41:33,279] {logging_mixin.py:104} INFO - [2024-12-26 15:41:33,279] {dag.py:2306} INFO - Setting next_dagrun for example_trigger_controller_dag to 2024-12-24 00:00:00+00:00
[2024-12-26 15:41:33,287] {scheduler_job.py:190} INFO - Processing /home/airflow/.local/lib/python3.6/site-packages/airflow/example_dags/example_trigger_controller_dag.py took 0.045 seconds
[2024-12-26 15:42:03,934] {scheduler_job.py:182} INFO - Started process (PID=229) to work on /home/airflow/.local/lib/python3.6/site-packages/airflow/example_dags/example_trigger_controller_dag.py
[2024-12-26 15:42:03,936] {scheduler_job.py:633} INFO - Processing file /home/airflow/.local/lib/python3.6/site-packages/airflow/example_dags/example_trigger_controller_dag.py for tasks to queue
[2024-12-26 15:42:03,936] {logging_mixin.py:104} INFO - [2024-12-26 15:42:03,936] {dagbag.py:496} INFO - Filling up the DagBag from /home/airflow/.local/lib/python3.6/site-packages/airflow/example_dags/example_trigger_controller_dag.py
[2024-12-26 15:42:03,943] {scheduler_job.py:643} INFO - DAG(s) dict_keys(['example_trigger_controller_dag']) retrieved from /home/airflow/.local/lib/python3.6/site-packages/airflow/example_dags/example_trigger_controller_dag.py
[2024-12-26 15:42:03,957] {logging_mixin.py:104} INFO - [2024-12-26 15:42:03,957] {dag.py:1833} INFO - Sync 1 DAGs
[2024-12-26 15:42:03,967] {logging_mixin.py:104} INFO - [2024-12-26 15:42:03,967] {dag.py:2306} INFO - Setting next_dagrun for example_trigger_controller_dag to 2024-12-24 00:00:00+00:00
[2024-12-26 15:42:03,981] {scheduler_job.py:190} INFO - Processing /home/airflow/.local/lib/python3.6/site-packages/airflow/example_dags/example_trigger_controller_dag.py took 0.048 seconds
[2024-12-26 15:42:36,952] {scheduler_job.py:182} INFO - Started process (PID=52) to work on /home/airflow/.local/lib/python3.6/site-packages/airflow/example_dags/example_trigger_controller_dag.py
[2024-12-26 15:42:36,954] {scheduler_job.py:633} INFO - Processing file /home/airflow/.local/lib/python3.6/site-packages/airflow/example_dags/example_trigger_controller_dag.py for tasks to queue
[2024-12-26 15:42:36,955] {logging_mixin.py:104} INFO - [2024-12-26 15:42:36,955] {dagbag.py:496} INFO - Filling up the DagBag from /home/airflow/.local/lib/python3.6/site-packages/airflow/example_dags/example_trigger_controller_dag.py
[2024-12-26 15:42:36,970] {scheduler_job.py:643} INFO - DAG(s) dict_keys(['example_trigger_controller_dag']) retrieved from /home/airflow/.local/lib/python3.6/site-packages/airflow/example_dags/example_trigger_controller_dag.py
[2024-12-26 15:42:36,989] {logging_mixin.py:104} INFO - [2024-12-26 15:42:36,989] {dag.py:1833} INFO - Sync 1 DAGs
[2024-12-26 15:42:37,002] {logging_mixin.py:104} INFO - [2024-12-26 15:42:37,002] {dag.py:2306} INFO - Setting next_dagrun for example_trigger_controller_dag to 2024-12-24 00:00:00+00:00
[2024-12-26 15:42:37,018] {scheduler_job.py:190} INFO - Processing /home/airflow/.local/lib/python3.6/site-packages/airflow/example_dags/example_trigger_controller_dag.py took 0.068 seconds
[2024-12-26 15:43:07,896] {scheduler_job.py:182} INFO - Started process (PID=114) to work on /home/airflow/.local/lib/python3.6/site-packages/airflow/example_dags/example_trigger_controller_dag.py
[2024-12-26 15:43:07,897] {scheduler_job.py:633} INFO - Processing file /home/airflow/.local/lib/python3.6/site-packages/airflow/example_dags/example_trigger_controller_dag.py for tasks to queue
[2024-12-26 15:43:07,898] {logging_mixin.py:104} INFO - [2024-12-26 15:43:07,898] {dagbag.py:496} INFO - Filling up the DagBag from /home/airflow/.local/lib/python3.6/site-packages/airflow/example_dags/example_trigger_controller_dag.py
[2024-12-26 15:43:07,904] {scheduler_job.py:643} INFO - DAG(s) dict_keys(['example_trigger_controller_dag']) retrieved from /home/airflow/.local/lib/python3.6/site-packages/airflow/example_dags/example_trigger_controller_dag.py
[2024-12-26 15:43:07,919] {logging_mixin.py:104} INFO - [2024-12-26 15:43:07,919] {dag.py:1833} INFO - Sync 1 DAGs
[2024-12-26 15:43:07,928] {logging_mixin.py:104} INFO - [2024-12-26 15:43:07,928] {dag.py:2306} INFO - Setting next_dagrun for example_trigger_controller_dag to 2024-12-24 00:00:00+00:00
[2024-12-26 15:43:07,941] {scheduler_job.py:190} INFO - Processing /home/airflow/.local/lib/python3.6/site-packages/airflow/example_dags/example_trigger_controller_dag.py took 0.047 seconds
