[2024-12-26 15:32:31,581] {scheduler_job.py:182} INFO - Started process (PID=127) to work on /home/airflow/.local/lib/python3.6/site-packages/airflow/example_dags/example_skip_dag.py
[2024-12-26 15:32:31,583] {scheduler_job.py:633} INFO - Processing file /home/airflow/.local/lib/python3.6/site-packages/airflow/example_dags/example_skip_dag.py for tasks to queue
[2024-12-26 15:32:31,583] {logging_mixin.py:104} INFO - [2024-12-26 15:32:31,583] {dagbag.py:496} INFO - Filling up the DagBag from /home/airflow/.local/lib/python3.6/site-packages/airflow/example_dags/example_skip_dag.py
[2024-12-26 15:32:31,592] {scheduler_job.py:643} INFO - DAG(s) dict_keys(['example_skip_dag']) retrieved from /home/airflow/.local/lib/python3.6/site-packages/airflow/example_dags/example_skip_dag.py
[2024-12-26 15:32:33,140] {logging_mixin.py:104} INFO - [2024-12-26 15:32:33,139] {dag.py:1833} INFO - Sync 1 DAGs
[2024-12-26 15:32:33,146] {logging_mixin.py:104} INFO - [2024-12-26 15:32:33,145] {dag.py:1852} INFO - Creating ORM DAG for example_skip_dag
[2024-12-26 15:32:33,149] {logging_mixin.py:104} INFO - [2024-12-26 15:32:33,149] {dag.py:2306} INFO - Setting next_dagrun for example_skip_dag to 2024-12-24 00:00:00+00:00
[2024-12-26 15:32:33,159] {scheduler_job.py:190} INFO - Processing /home/airflow/.local/lib/python3.6/site-packages/airflow/example_dags/example_skip_dag.py took 1.579 seconds
[2024-12-26 15:33:03,630] {scheduler_job.py:182} INFO - Started process (PID=358) to work on /home/airflow/.local/lib/python3.6/site-packages/airflow/example_dags/example_skip_dag.py
[2024-12-26 15:33:03,631] {scheduler_job.py:633} INFO - Processing file /home/airflow/.local/lib/python3.6/site-packages/airflow/example_dags/example_skip_dag.py for tasks to queue
[2024-12-26 15:33:03,632] {logging_mixin.py:104} INFO - [2024-12-26 15:33:03,632] {dagbag.py:496} INFO - Filling up the DagBag from /home/airflow/.local/lib/python3.6/site-packages/airflow/example_dags/example_skip_dag.py
[2024-12-26 15:33:03,639] {scheduler_job.py:643} INFO - DAG(s) dict_keys(['example_skip_dag']) retrieved from /home/airflow/.local/lib/python3.6/site-packages/airflow/example_dags/example_skip_dag.py
[2024-12-26 15:33:03,656] {logging_mixin.py:104} INFO - [2024-12-26 15:33:03,656] {dag.py:1833} INFO - Sync 1 DAGs
[2024-12-26 15:33:03,668] {logging_mixin.py:104} INFO - [2024-12-26 15:33:03,668] {dag.py:2306} INFO - Setting next_dagrun for example_skip_dag to 2024-12-24 00:00:00+00:00
[2024-12-26 15:33:03,681] {scheduler_job.py:190} INFO - Processing /home/airflow/.local/lib/python3.6/site-packages/airflow/example_dags/example_skip_dag.py took 0.053 seconds
[2024-12-26 15:33:34,016] {scheduler_job.py:182} INFO - Started process (PID=410) to work on /home/airflow/.local/lib/python3.6/site-packages/airflow/example_dags/example_skip_dag.py
[2024-12-26 15:33:34,017] {scheduler_job.py:633} INFO - Processing file /home/airflow/.local/lib/python3.6/site-packages/airflow/example_dags/example_skip_dag.py for tasks to queue
[2024-12-26 15:33:34,018] {logging_mixin.py:104} INFO - [2024-12-26 15:33:34,018] {dagbag.py:496} INFO - Filling up the DagBag from /home/airflow/.local/lib/python3.6/site-packages/airflow/example_dags/example_skip_dag.py
[2024-12-26 15:33:34,025] {scheduler_job.py:643} INFO - DAG(s) dict_keys(['example_skip_dag']) retrieved from /home/airflow/.local/lib/python3.6/site-packages/airflow/example_dags/example_skip_dag.py
[2024-12-26 15:33:34,040] {logging_mixin.py:104} INFO - [2024-12-26 15:33:34,040] {dag.py:1833} INFO - Sync 1 DAGs
[2024-12-26 15:33:34,051] {logging_mixin.py:104} INFO - [2024-12-26 15:33:34,051] {dag.py:2306} INFO - Setting next_dagrun for example_skip_dag to 2024-12-24 00:00:00+00:00
[2024-12-26 15:33:34,065] {scheduler_job.py:190} INFO - Processing /home/airflow/.local/lib/python3.6/site-packages/airflow/example_dags/example_skip_dag.py took 0.052 seconds
[2024-12-26 15:34:04,261] {scheduler_job.py:182} INFO - Started process (PID=472) to work on /home/airflow/.local/lib/python3.6/site-packages/airflow/example_dags/example_skip_dag.py
[2024-12-26 15:34:04,262] {scheduler_job.py:633} INFO - Processing file /home/airflow/.local/lib/python3.6/site-packages/airflow/example_dags/example_skip_dag.py for tasks to queue
[2024-12-26 15:34:04,263] {logging_mixin.py:104} INFO - [2024-12-26 15:34:04,263] {dagbag.py:496} INFO - Filling up the DagBag from /home/airflow/.local/lib/python3.6/site-packages/airflow/example_dags/example_skip_dag.py
[2024-12-26 15:34:04,270] {scheduler_job.py:643} INFO - DAG(s) dict_keys(['example_skip_dag']) retrieved from /home/airflow/.local/lib/python3.6/site-packages/airflow/example_dags/example_skip_dag.py
[2024-12-26 15:34:04,285] {logging_mixin.py:104} INFO - [2024-12-26 15:34:04,285] {dag.py:1833} INFO - Sync 1 DAGs
[2024-12-26 15:34:04,296] {logging_mixin.py:104} INFO - [2024-12-26 15:34:04,296] {dag.py:2306} INFO - Setting next_dagrun for example_skip_dag to 2024-12-24 00:00:00+00:00
[2024-12-26 15:34:04,311] {scheduler_job.py:190} INFO - Processing /home/airflow/.local/lib/python3.6/site-packages/airflow/example_dags/example_skip_dag.py took 0.052 seconds
[2024-12-26 15:34:34,397] {scheduler_job.py:182} INFO - Started process (PID=533) to work on /home/airflow/.local/lib/python3.6/site-packages/airflow/example_dags/example_skip_dag.py
[2024-12-26 15:34:34,398] {scheduler_job.py:633} INFO - Processing file /home/airflow/.local/lib/python3.6/site-packages/airflow/example_dags/example_skip_dag.py for tasks to queue
[2024-12-26 15:34:34,399] {logging_mixin.py:104} INFO - [2024-12-26 15:34:34,399] {dagbag.py:496} INFO - Filling up the DagBag from /home/airflow/.local/lib/python3.6/site-packages/airflow/example_dags/example_skip_dag.py
[2024-12-26 15:34:34,406] {scheduler_job.py:643} INFO - DAG(s) dict_keys(['example_skip_dag']) retrieved from /home/airflow/.local/lib/python3.6/site-packages/airflow/example_dags/example_skip_dag.py
[2024-12-26 15:34:34,424] {logging_mixin.py:104} INFO - [2024-12-26 15:34:34,424] {dag.py:1833} INFO - Sync 1 DAGs
[2024-12-26 15:34:34,436] {logging_mixin.py:104} INFO - [2024-12-26 15:34:34,435] {dag.py:2306} INFO - Setting next_dagrun for example_skip_dag to 2024-12-24 00:00:00+00:00
[2024-12-26 15:34:34,452] {scheduler_job.py:190} INFO - Processing /home/airflow/.local/lib/python3.6/site-packages/airflow/example_dags/example_skip_dag.py took 0.057 seconds
[2024-12-26 15:35:04,540] {scheduler_job.py:182} INFO - Started process (PID=585) to work on /home/airflow/.local/lib/python3.6/site-packages/airflow/example_dags/example_skip_dag.py
[2024-12-26 15:35:04,541] {scheduler_job.py:633} INFO - Processing file /home/airflow/.local/lib/python3.6/site-packages/airflow/example_dags/example_skip_dag.py for tasks to queue
[2024-12-26 15:35:04,541] {logging_mixin.py:104} INFO - [2024-12-26 15:35:04,541] {dagbag.py:496} INFO - Filling up the DagBag from /home/airflow/.local/lib/python3.6/site-packages/airflow/example_dags/example_skip_dag.py
[2024-12-26 15:35:04,548] {scheduler_job.py:643} INFO - DAG(s) dict_keys(['example_skip_dag']) retrieved from /home/airflow/.local/lib/python3.6/site-packages/airflow/example_dags/example_skip_dag.py
[2024-12-26 15:35:04,563] {logging_mixin.py:104} INFO - [2024-12-26 15:35:04,563] {dag.py:1833} INFO - Sync 1 DAGs
[2024-12-26 15:35:04,573] {logging_mixin.py:104} INFO - [2024-12-26 15:35:04,573] {dag.py:2306} INFO - Setting next_dagrun for example_skip_dag to 2024-12-24 00:00:00+00:00
[2024-12-26 15:35:04,584] {scheduler_job.py:190} INFO - Processing /home/airflow/.local/lib/python3.6/site-packages/airflow/example_dags/example_skip_dag.py took 0.046 seconds
[2024-12-26 15:35:34,875] {scheduler_job.py:182} INFO - Started process (PID=647) to work on /home/airflow/.local/lib/python3.6/site-packages/airflow/example_dags/example_skip_dag.py
[2024-12-26 15:35:34,876] {scheduler_job.py:633} INFO - Processing file /home/airflow/.local/lib/python3.6/site-packages/airflow/example_dags/example_skip_dag.py for tasks to queue
[2024-12-26 15:35:34,877] {logging_mixin.py:104} INFO - [2024-12-26 15:35:34,877] {dagbag.py:496} INFO - Filling up the DagBag from /home/airflow/.local/lib/python3.6/site-packages/airflow/example_dags/example_skip_dag.py
[2024-12-26 15:35:34,885] {scheduler_job.py:643} INFO - DAG(s) dict_keys(['example_skip_dag']) retrieved from /home/airflow/.local/lib/python3.6/site-packages/airflow/example_dags/example_skip_dag.py
[2024-12-26 15:35:34,901] {logging_mixin.py:104} INFO - [2024-12-26 15:35:34,901] {dag.py:1833} INFO - Sync 1 DAGs
[2024-12-26 15:35:34,912] {logging_mixin.py:104} INFO - [2024-12-26 15:35:34,912] {dag.py:2306} INFO - Setting next_dagrun for example_skip_dag to 2024-12-24 00:00:00+00:00
[2024-12-26 15:35:34,920] {scheduler_job.py:190} INFO - Processing /home/airflow/.local/lib/python3.6/site-packages/airflow/example_dags/example_skip_dag.py took 0.048 seconds
[2024-12-26 15:36:05,406] {scheduler_job.py:182} INFO - Started process (PID=710) to work on /home/airflow/.local/lib/python3.6/site-packages/airflow/example_dags/example_skip_dag.py
[2024-12-26 15:36:05,418] {scheduler_job.py:633} INFO - Processing file /home/airflow/.local/lib/python3.6/site-packages/airflow/example_dags/example_skip_dag.py for tasks to queue
[2024-12-26 15:36:05,423] {logging_mixin.py:104} INFO - [2024-12-26 15:36:05,423] {dagbag.py:496} INFO - Filling up the DagBag from /home/airflow/.local/lib/python3.6/site-packages/airflow/example_dags/example_skip_dag.py
[2024-12-26 15:36:05,439] {scheduler_job.py:643} INFO - DAG(s) dict_keys(['example_skip_dag']) retrieved from /home/airflow/.local/lib/python3.6/site-packages/airflow/example_dags/example_skip_dag.py
[2024-12-26 15:36:05,461] {logging_mixin.py:104} INFO - [2024-12-26 15:36:05,461] {dag.py:1833} INFO - Sync 1 DAGs
[2024-12-26 15:36:05,482] {logging_mixin.py:104} INFO - [2024-12-26 15:36:05,482] {dag.py:2306} INFO - Setting next_dagrun for example_skip_dag to 2024-12-24 00:00:00+00:00
[2024-12-26 15:36:05,499] {scheduler_job.py:190} INFO - Processing /home/airflow/.local/lib/python3.6/site-packages/airflow/example_dags/example_skip_dag.py took 0.095 seconds
[2024-12-26 15:36:35,750] {scheduler_job.py:182} INFO - Started process (PID=763) to work on /home/airflow/.local/lib/python3.6/site-packages/airflow/example_dags/example_skip_dag.py
[2024-12-26 15:36:35,752] {scheduler_job.py:633} INFO - Processing file /home/airflow/.local/lib/python3.6/site-packages/airflow/example_dags/example_skip_dag.py for tasks to queue
[2024-12-26 15:36:35,754] {logging_mixin.py:104} INFO - [2024-12-26 15:36:35,754] {dagbag.py:496} INFO - Filling up the DagBag from /home/airflow/.local/lib/python3.6/site-packages/airflow/example_dags/example_skip_dag.py
[2024-12-26 15:36:35,762] {scheduler_job.py:643} INFO - DAG(s) dict_keys(['example_skip_dag']) retrieved from /home/airflow/.local/lib/python3.6/site-packages/airflow/example_dags/example_skip_dag.py
[2024-12-26 15:36:35,781] {logging_mixin.py:104} INFO - [2024-12-26 15:36:35,781] {dag.py:1833} INFO - Sync 1 DAGs
[2024-12-26 15:36:35,799] {logging_mixin.py:104} INFO - [2024-12-26 15:36:35,799] {dag.py:2306} INFO - Setting next_dagrun for example_skip_dag to 2024-12-24 00:00:00+00:00
[2024-12-26 15:36:35,814] {scheduler_job.py:190} INFO - Processing /home/airflow/.local/lib/python3.6/site-packages/airflow/example_dags/example_skip_dag.py took 0.066 seconds
[2024-12-26 15:37:06,126] {scheduler_job.py:182} INFO - Started process (PID=825) to work on /home/airflow/.local/lib/python3.6/site-packages/airflow/example_dags/example_skip_dag.py
[2024-12-26 15:37:06,127] {scheduler_job.py:633} INFO - Processing file /home/airflow/.local/lib/python3.6/site-packages/airflow/example_dags/example_skip_dag.py for tasks to queue
[2024-12-26 15:37:06,128] {logging_mixin.py:104} INFO - [2024-12-26 15:37:06,128] {dagbag.py:496} INFO - Filling up the DagBag from /home/airflow/.local/lib/python3.6/site-packages/airflow/example_dags/example_skip_dag.py
[2024-12-26 15:37:06,135] {scheduler_job.py:643} INFO - DAG(s) dict_keys(['example_skip_dag']) retrieved from /home/airflow/.local/lib/python3.6/site-packages/airflow/example_dags/example_skip_dag.py
[2024-12-26 15:37:06,150] {logging_mixin.py:104} INFO - [2024-12-26 15:37:06,149] {dag.py:1833} INFO - Sync 1 DAGs
[2024-12-26 15:37:06,160] {logging_mixin.py:104} INFO - [2024-12-26 15:37:06,160] {dag.py:2306} INFO - Setting next_dagrun for example_skip_dag to 2024-12-24 00:00:00+00:00
[2024-12-26 15:37:06,174] {scheduler_job.py:190} INFO - Processing /home/airflow/.local/lib/python3.6/site-packages/airflow/example_dags/example_skip_dag.py took 0.050 seconds
[2024-12-26 15:37:36,668] {scheduler_job.py:182} INFO - Started process (PID=887) to work on /home/airflow/.local/lib/python3.6/site-packages/airflow/example_dags/example_skip_dag.py
[2024-12-26 15:37:36,669] {scheduler_job.py:633} INFO - Processing file /home/airflow/.local/lib/python3.6/site-packages/airflow/example_dags/example_skip_dag.py for tasks to queue
[2024-12-26 15:37:36,670] {logging_mixin.py:104} INFO - [2024-12-26 15:37:36,670] {dagbag.py:496} INFO - Filling up the DagBag from /home/airflow/.local/lib/python3.6/site-packages/airflow/example_dags/example_skip_dag.py
[2024-12-26 15:37:36,677] {scheduler_job.py:643} INFO - DAG(s) dict_keys(['example_skip_dag']) retrieved from /home/airflow/.local/lib/python3.6/site-packages/airflow/example_dags/example_skip_dag.py
[2024-12-26 15:37:36,691] {logging_mixin.py:104} INFO - [2024-12-26 15:37:36,691] {dag.py:1833} INFO - Sync 1 DAGs
[2024-12-26 15:37:36,702] {logging_mixin.py:104} INFO - [2024-12-26 15:37:36,702] {dag.py:2306} INFO - Setting next_dagrun for example_skip_dag to 2024-12-24 00:00:00+00:00
[2024-12-26 15:37:36,714] {scheduler_job.py:190} INFO - Processing /home/airflow/.local/lib/python3.6/site-packages/airflow/example_dags/example_skip_dag.py took 0.049 seconds
[2024-12-26 15:38:06,890] {scheduler_job.py:182} INFO - Started process (PID=949) to work on /home/airflow/.local/lib/python3.6/site-packages/airflow/example_dags/example_skip_dag.py
[2024-12-26 15:38:06,892] {scheduler_job.py:633} INFO - Processing file /home/airflow/.local/lib/python3.6/site-packages/airflow/example_dags/example_skip_dag.py for tasks to queue
[2024-12-26 15:38:06,893] {logging_mixin.py:104} INFO - [2024-12-26 15:38:06,893] {dagbag.py:496} INFO - Filling up the DagBag from /home/airflow/.local/lib/python3.6/site-packages/airflow/example_dags/example_skip_dag.py
[2024-12-26 15:38:06,901] {scheduler_job.py:643} INFO - DAG(s) dict_keys(['example_skip_dag']) retrieved from /home/airflow/.local/lib/python3.6/site-packages/airflow/example_dags/example_skip_dag.py
[2024-12-26 15:38:06,919] {logging_mixin.py:104} INFO - [2024-12-26 15:38:06,919] {dag.py:1833} INFO - Sync 1 DAGs
[2024-12-26 15:38:06,931] {logging_mixin.py:104} INFO - [2024-12-26 15:38:06,930] {dag.py:2306} INFO - Setting next_dagrun for example_skip_dag to 2024-12-24 00:00:00+00:00
[2024-12-26 15:38:06,946] {scheduler_job.py:190} INFO - Processing /home/airflow/.local/lib/python3.6/site-packages/airflow/example_dags/example_skip_dag.py took 0.058 seconds
[2024-12-26 15:38:37,260] {scheduler_job.py:182} INFO - Started process (PID=1001) to work on /home/airflow/.local/lib/python3.6/site-packages/airflow/example_dags/example_skip_dag.py
[2024-12-26 15:38:37,261] {scheduler_job.py:633} INFO - Processing file /home/airflow/.local/lib/python3.6/site-packages/airflow/example_dags/example_skip_dag.py for tasks to queue
[2024-12-26 15:38:37,262] {logging_mixin.py:104} INFO - [2024-12-26 15:38:37,262] {dagbag.py:496} INFO - Filling up the DagBag from /home/airflow/.local/lib/python3.6/site-packages/airflow/example_dags/example_skip_dag.py
[2024-12-26 15:38:37,269] {scheduler_job.py:643} INFO - DAG(s) dict_keys(['example_skip_dag']) retrieved from /home/airflow/.local/lib/python3.6/site-packages/airflow/example_dags/example_skip_dag.py
[2024-12-26 15:38:37,282] {logging_mixin.py:104} INFO - [2024-12-26 15:38:37,281] {dag.py:1833} INFO - Sync 1 DAGs
[2024-12-26 15:38:37,291] {logging_mixin.py:104} INFO - [2024-12-26 15:38:37,291] {dag.py:2306} INFO - Setting next_dagrun for example_skip_dag to 2024-12-24 00:00:00+00:00
[2024-12-26 15:38:37,304] {scheduler_job.py:190} INFO - Processing /home/airflow/.local/lib/python3.6/site-packages/airflow/example_dags/example_skip_dag.py took 0.046 seconds
[2024-12-26 15:39:07,756] {scheduler_job.py:182} INFO - Started process (PID=1063) to work on /home/airflow/.local/lib/python3.6/site-packages/airflow/example_dags/example_skip_dag.py
[2024-12-26 15:39:07,757] {scheduler_job.py:633} INFO - Processing file /home/airflow/.local/lib/python3.6/site-packages/airflow/example_dags/example_skip_dag.py for tasks to queue
[2024-12-26 15:39:07,758] {logging_mixin.py:104} INFO - [2024-12-26 15:39:07,758] {dagbag.py:496} INFO - Filling up the DagBag from /home/airflow/.local/lib/python3.6/site-packages/airflow/example_dags/example_skip_dag.py
[2024-12-26 15:39:07,765] {scheduler_job.py:643} INFO - DAG(s) dict_keys(['example_skip_dag']) retrieved from /home/airflow/.local/lib/python3.6/site-packages/airflow/example_dags/example_skip_dag.py
[2024-12-26 15:39:07,779] {logging_mixin.py:104} INFO - [2024-12-26 15:39:07,779] {dag.py:1833} INFO - Sync 1 DAGs
[2024-12-26 15:39:07,789] {logging_mixin.py:104} INFO - [2024-12-26 15:39:07,789] {dag.py:2306} INFO - Setting next_dagrun for example_skip_dag to 2024-12-24 00:00:00+00:00
[2024-12-26 15:39:07,798] {scheduler_job.py:190} INFO - Processing /home/airflow/.local/lib/python3.6/site-packages/airflow/example_dags/example_skip_dag.py took 0.044 seconds
[2024-12-26 15:40:31,384] {scheduler_job.py:182} INFO - Started process (PID=46) to work on /home/airflow/.local/lib/python3.6/site-packages/airflow/example_dags/example_skip_dag.py
[2024-12-26 15:40:31,386] {scheduler_job.py:633} INFO - Processing file /home/airflow/.local/lib/python3.6/site-packages/airflow/example_dags/example_skip_dag.py for tasks to queue
[2024-12-26 15:40:31,387] {logging_mixin.py:104} INFO - [2024-12-26 15:40:31,386] {dagbag.py:496} INFO - Filling up the DagBag from /home/airflow/.local/lib/python3.6/site-packages/airflow/example_dags/example_skip_dag.py
[2024-12-26 15:40:31,397] {scheduler_job.py:643} INFO - DAG(s) dict_keys(['example_skip_dag']) retrieved from /home/airflow/.local/lib/python3.6/site-packages/airflow/example_dags/example_skip_dag.py
[2024-12-26 15:40:31,419] {logging_mixin.py:104} INFO - [2024-12-26 15:40:31,419] {dag.py:1833} INFO - Sync 1 DAGs
[2024-12-26 15:40:31,436] {logging_mixin.py:104} INFO - [2024-12-26 15:40:31,436] {dag.py:2306} INFO - Setting next_dagrun for example_skip_dag to 2024-12-24 00:00:00+00:00
[2024-12-26 15:40:31,448] {scheduler_job.py:190} INFO - Processing /home/airflow/.local/lib/python3.6/site-packages/airflow/example_dags/example_skip_dag.py took 0.067 seconds
[2024-12-26 15:41:02,159] {scheduler_job.py:182} INFO - Started process (PID=108) to work on /home/airflow/.local/lib/python3.6/site-packages/airflow/example_dags/example_skip_dag.py
[2024-12-26 15:41:02,160] {scheduler_job.py:633} INFO - Processing file /home/airflow/.local/lib/python3.6/site-packages/airflow/example_dags/example_skip_dag.py for tasks to queue
[2024-12-26 15:41:02,161] {logging_mixin.py:104} INFO - [2024-12-26 15:41:02,161] {dagbag.py:496} INFO - Filling up the DagBag from /home/airflow/.local/lib/python3.6/site-packages/airflow/example_dags/example_skip_dag.py
[2024-12-26 15:41:02,168] {scheduler_job.py:643} INFO - DAG(s) dict_keys(['example_skip_dag']) retrieved from /home/airflow/.local/lib/python3.6/site-packages/airflow/example_dags/example_skip_dag.py
[2024-12-26 15:41:02,181] {logging_mixin.py:104} INFO - [2024-12-26 15:41:02,181] {dag.py:1833} INFO - Sync 1 DAGs
[2024-12-26 15:41:02,191] {logging_mixin.py:104} INFO - [2024-12-26 15:41:02,191] {dag.py:2306} INFO - Setting next_dagrun for example_skip_dag to 2024-12-24 00:00:00+00:00
[2024-12-26 15:41:02,201] {scheduler_job.py:190} INFO - Processing /home/airflow/.local/lib/python3.6/site-packages/airflow/example_dags/example_skip_dag.py took 0.044 seconds
[2024-12-26 15:41:32,877] {scheduler_job.py:182} INFO - Started process (PID=160) to work on /home/airflow/.local/lib/python3.6/site-packages/airflow/example_dags/example_skip_dag.py
[2024-12-26 15:41:32,878] {scheduler_job.py:633} INFO - Processing file /home/airflow/.local/lib/python3.6/site-packages/airflow/example_dags/example_skip_dag.py for tasks to queue
[2024-12-26 15:41:32,879] {logging_mixin.py:104} INFO - [2024-12-26 15:41:32,879] {dagbag.py:496} INFO - Filling up the DagBag from /home/airflow/.local/lib/python3.6/site-packages/airflow/example_dags/example_skip_dag.py
[2024-12-26 15:41:32,886] {scheduler_job.py:643} INFO - DAG(s) dict_keys(['example_skip_dag']) retrieved from /home/airflow/.local/lib/python3.6/site-packages/airflow/example_dags/example_skip_dag.py
[2024-12-26 15:41:32,901] {logging_mixin.py:104} INFO - [2024-12-26 15:41:32,901] {dag.py:1833} INFO - Sync 1 DAGs
[2024-12-26 15:41:32,912] {logging_mixin.py:104} INFO - [2024-12-26 15:41:32,912] {dag.py:2306} INFO - Setting next_dagrun for example_skip_dag to 2024-12-24 00:00:00+00:00
[2024-12-26 15:41:32,925] {scheduler_job.py:190} INFO - Processing /home/airflow/.local/lib/python3.6/site-packages/airflow/example_dags/example_skip_dag.py took 0.050 seconds
[2024-12-26 15:42:03,556] {scheduler_job.py:182} INFO - Started process (PID=223) to work on /home/airflow/.local/lib/python3.6/site-packages/airflow/example_dags/example_skip_dag.py
[2024-12-26 15:42:03,557] {scheduler_job.py:633} INFO - Processing file /home/airflow/.local/lib/python3.6/site-packages/airflow/example_dags/example_skip_dag.py for tasks to queue
[2024-12-26 15:42:03,558] {logging_mixin.py:104} INFO - [2024-12-26 15:42:03,558] {dagbag.py:496} INFO - Filling up the DagBag from /home/airflow/.local/lib/python3.6/site-packages/airflow/example_dags/example_skip_dag.py
[2024-12-26 15:42:03,564] {scheduler_job.py:643} INFO - DAG(s) dict_keys(['example_skip_dag']) retrieved from /home/airflow/.local/lib/python3.6/site-packages/airflow/example_dags/example_skip_dag.py
[2024-12-26 15:42:03,579] {logging_mixin.py:104} INFO - [2024-12-26 15:42:03,578] {dag.py:1833} INFO - Sync 1 DAGs
[2024-12-26 15:42:03,588] {logging_mixin.py:104} INFO - [2024-12-26 15:42:03,588] {dag.py:2306} INFO - Setting next_dagrun for example_skip_dag to 2024-12-24 00:00:00+00:00
[2024-12-26 15:42:03,598] {scheduler_job.py:190} INFO - Processing /home/airflow/.local/lib/python3.6/site-packages/airflow/example_dags/example_skip_dag.py took 0.044 seconds
[2024-12-26 15:42:36,612] {scheduler_job.py:182} INFO - Started process (PID=46) to work on /home/airflow/.local/lib/python3.6/site-packages/airflow/example_dags/example_skip_dag.py
[2024-12-26 15:42:36,613] {scheduler_job.py:633} INFO - Processing file /home/airflow/.local/lib/python3.6/site-packages/airflow/example_dags/example_skip_dag.py for tasks to queue
[2024-12-26 15:42:36,615] {logging_mixin.py:104} INFO - [2024-12-26 15:42:36,615] {dagbag.py:496} INFO - Filling up the DagBag from /home/airflow/.local/lib/python3.6/site-packages/airflow/example_dags/example_skip_dag.py
[2024-12-26 15:42:36,623] {scheduler_job.py:643} INFO - DAG(s) dict_keys(['example_skip_dag']) retrieved from /home/airflow/.local/lib/python3.6/site-packages/airflow/example_dags/example_skip_dag.py
[2024-12-26 15:42:36,638] {logging_mixin.py:104} INFO - [2024-12-26 15:42:36,638] {dag.py:1833} INFO - Sync 1 DAGs
[2024-12-26 15:42:36,651] {logging_mixin.py:104} INFO - [2024-12-26 15:42:36,651] {dag.py:2306} INFO - Setting next_dagrun for example_skip_dag to 2024-12-24 00:00:00+00:00
[2024-12-26 15:42:36,663] {scheduler_job.py:190} INFO - Processing /home/airflow/.local/lib/python3.6/site-packages/airflow/example_dags/example_skip_dag.py took 0.053 seconds
[2024-12-26 15:43:07,588] {scheduler_job.py:182} INFO - Started process (PID=108) to work on /home/airflow/.local/lib/python3.6/site-packages/airflow/example_dags/example_skip_dag.py
[2024-12-26 15:43:07,589] {scheduler_job.py:633} INFO - Processing file /home/airflow/.local/lib/python3.6/site-packages/airflow/example_dags/example_skip_dag.py for tasks to queue
[2024-12-26 15:43:07,590] {logging_mixin.py:104} INFO - [2024-12-26 15:43:07,590] {dagbag.py:496} INFO - Filling up the DagBag from /home/airflow/.local/lib/python3.6/site-packages/airflow/example_dags/example_skip_dag.py
[2024-12-26 15:43:07,597] {scheduler_job.py:643} INFO - DAG(s) dict_keys(['example_skip_dag']) retrieved from /home/airflow/.local/lib/python3.6/site-packages/airflow/example_dags/example_skip_dag.py
[2024-12-26 15:43:07,611] {logging_mixin.py:104} INFO - [2024-12-26 15:43:07,611] {dag.py:1833} INFO - Sync 1 DAGs
[2024-12-26 15:43:07,620] {logging_mixin.py:104} INFO - [2024-12-26 15:43:07,620] {dag.py:2306} INFO - Setting next_dagrun for example_skip_dag to 2024-12-24 00:00:00+00:00
[2024-12-26 15:43:07,634] {scheduler_job.py:190} INFO - Processing /home/airflow/.local/lib/python3.6/site-packages/airflow/example_dags/example_skip_dag.py took 0.049 seconds
