[2024-12-26 15:32:41,074] {scheduler_job.py:182} INFO - Started process (PID=245) to work on /home/airflow/.local/lib/python3.6/site-packages/airflow/example_dags/example_branch_python_dop_operator_3.py
[2024-12-26 15:32:41,075] {scheduler_job.py:633} INFO - Processing file /home/airflow/.local/lib/python3.6/site-packages/airflow/example_dags/example_branch_python_dop_operator_3.py for tasks to queue
[2024-12-26 15:32:41,077] {logging_mixin.py:104} INFO - [2024-12-26 15:32:41,077] {dagbag.py:496} INFO - Filling up the DagBag from /home/airflow/.local/lib/python3.6/site-packages/airflow/example_dags/example_branch_python_dop_operator_3.py
[2024-12-26 15:32:41,088] {scheduler_job.py:643} INFO - DAG(s) dict_keys(['example_branch_dop_operator_v3']) retrieved from /home/airflow/.local/lib/python3.6/site-packages/airflow/example_dags/example_branch_python_dop_operator_3.py
[2024-12-26 15:32:42,448] {logging_mixin.py:104} INFO - [2024-12-26 15:32:42,447] {dag.py:1833} INFO - Sync 1 DAGs
[2024-12-26 15:32:42,457] {logging_mixin.py:104} INFO - [2024-12-26 15:32:42,456] {dag.py:1852} INFO - Creating ORM DAG for example_branch_dop_operator_v3
[2024-12-26 15:32:42,471] {logging_mixin.py:104} INFO - [2024-12-26 15:32:42,471] {dag.py:2306} INFO - Setting next_dagrun for example_branch_dop_operator_v3 to 2024-12-24 00:00:00+00:00
[2024-12-26 15:32:42,493] {scheduler_job.py:190} INFO - Processing /home/airflow/.local/lib/python3.6/site-packages/airflow/example_dags/example_branch_python_dop_operator_3.py took 1.422 seconds
[2024-12-26 15:33:13,081] {scheduler_job.py:182} INFO - Started process (PID=377) to work on /home/airflow/.local/lib/python3.6/site-packages/airflow/example_dags/example_branch_python_dop_operator_3.py
[2024-12-26 15:33:13,085] {scheduler_job.py:633} INFO - Processing file /home/airflow/.local/lib/python3.6/site-packages/airflow/example_dags/example_branch_python_dop_operator_3.py for tasks to queue
[2024-12-26 15:33:13,086] {logging_mixin.py:104} INFO - [2024-12-26 15:33:13,086] {dagbag.py:496} INFO - Filling up the DagBag from /home/airflow/.local/lib/python3.6/site-packages/airflow/example_dags/example_branch_python_dop_operator_3.py
[2024-12-26 15:33:13,094] {scheduler_job.py:643} INFO - DAG(s) dict_keys(['example_branch_dop_operator_v3']) retrieved from /home/airflow/.local/lib/python3.6/site-packages/airflow/example_dags/example_branch_python_dop_operator_3.py
[2024-12-26 15:33:13,109] {logging_mixin.py:104} INFO - [2024-12-26 15:33:13,108] {dag.py:1833} INFO - Sync 1 DAGs
[2024-12-26 15:33:13,124] {logging_mixin.py:104} INFO - [2024-12-26 15:33:13,124] {dag.py:2306} INFO - Setting next_dagrun for example_branch_dop_operator_v3 to 2024-12-24 00:00:00+00:00
[2024-12-26 15:33:13,132] {scheduler_job.py:190} INFO - Processing /home/airflow/.local/lib/python3.6/site-packages/airflow/example_dags/example_branch_python_dop_operator_3.py took 0.053 seconds
[2024-12-26 15:33:43,418] {scheduler_job.py:182} INFO - Started process (PID=432) to work on /home/airflow/.local/lib/python3.6/site-packages/airflow/example_dags/example_branch_python_dop_operator_3.py
[2024-12-26 15:33:43,419] {scheduler_job.py:633} INFO - Processing file /home/airflow/.local/lib/python3.6/site-packages/airflow/example_dags/example_branch_python_dop_operator_3.py for tasks to queue
[2024-12-26 15:33:43,420] {logging_mixin.py:104} INFO - [2024-12-26 15:33:43,420] {dagbag.py:496} INFO - Filling up the DagBag from /home/airflow/.local/lib/python3.6/site-packages/airflow/example_dags/example_branch_python_dop_operator_3.py
[2024-12-26 15:33:43,429] {scheduler_job.py:643} INFO - DAG(s) dict_keys(['example_branch_dop_operator_v3']) retrieved from /home/airflow/.local/lib/python3.6/site-packages/airflow/example_dags/example_branch_python_dop_operator_3.py
[2024-12-26 15:33:43,443] {logging_mixin.py:104} INFO - [2024-12-26 15:33:43,443] {dag.py:1833} INFO - Sync 1 DAGs
[2024-12-26 15:33:43,457] {logging_mixin.py:104} INFO - [2024-12-26 15:33:43,457] {dag.py:2306} INFO - Setting next_dagrun for example_branch_dop_operator_v3 to 2024-12-24 00:00:00+00:00
[2024-12-26 15:33:43,466] {scheduler_job.py:190} INFO - Processing /home/airflow/.local/lib/python3.6/site-packages/airflow/example_dags/example_branch_python_dop_operator_3.py took 0.050 seconds
[2024-12-26 15:34:13,681] {scheduler_job.py:182} INFO - Started process (PID=494) to work on /home/airflow/.local/lib/python3.6/site-packages/airflow/example_dags/example_branch_python_dop_operator_3.py
[2024-12-26 15:34:13,682] {scheduler_job.py:633} INFO - Processing file /home/airflow/.local/lib/python3.6/site-packages/airflow/example_dags/example_branch_python_dop_operator_3.py for tasks to queue
[2024-12-26 15:34:13,684] {logging_mixin.py:104} INFO - [2024-12-26 15:34:13,684] {dagbag.py:496} INFO - Filling up the DagBag from /home/airflow/.local/lib/python3.6/site-packages/airflow/example_dags/example_branch_python_dop_operator_3.py
[2024-12-26 15:34:13,693] {scheduler_job.py:643} INFO - DAG(s) dict_keys(['example_branch_dop_operator_v3']) retrieved from /home/airflow/.local/lib/python3.6/site-packages/airflow/example_dags/example_branch_python_dop_operator_3.py
[2024-12-26 15:34:13,707] {logging_mixin.py:104} INFO - [2024-12-26 15:34:13,707] {dag.py:1833} INFO - Sync 1 DAGs
[2024-12-26 15:34:13,721] {logging_mixin.py:104} INFO - [2024-12-26 15:34:13,721] {dag.py:2306} INFO - Setting next_dagrun for example_branch_dop_operator_v3 to 2024-12-24 00:00:00+00:00
[2024-12-26 15:34:13,732] {scheduler_job.py:190} INFO - Processing /home/airflow/.local/lib/python3.6/site-packages/airflow/example_dags/example_branch_python_dop_operator_3.py took 0.053 seconds
[2024-12-26 15:34:43,959] {scheduler_job.py:182} INFO - Started process (PID=555) to work on /home/airflow/.local/lib/python3.6/site-packages/airflow/example_dags/example_branch_python_dop_operator_3.py
[2024-12-26 15:34:43,961] {scheduler_job.py:633} INFO - Processing file /home/airflow/.local/lib/python3.6/site-packages/airflow/example_dags/example_branch_python_dop_operator_3.py for tasks to queue
[2024-12-26 15:34:43,961] {logging_mixin.py:104} INFO - [2024-12-26 15:34:43,961] {dagbag.py:496} INFO - Filling up the DagBag from /home/airflow/.local/lib/python3.6/site-packages/airflow/example_dags/example_branch_python_dop_operator_3.py
[2024-12-26 15:34:43,970] {scheduler_job.py:643} INFO - DAG(s) dict_keys(['example_branch_dop_operator_v3']) retrieved from /home/airflow/.local/lib/python3.6/site-packages/airflow/example_dags/example_branch_python_dop_operator_3.py
[2024-12-26 15:34:43,985] {logging_mixin.py:104} INFO - [2024-12-26 15:34:43,985] {dag.py:1833} INFO - Sync 1 DAGs
[2024-12-26 15:34:44,001] {logging_mixin.py:104} INFO - [2024-12-26 15:34:44,001] {dag.py:2306} INFO - Setting next_dagrun for example_branch_dop_operator_v3 to 2024-12-24 00:00:00+00:00
[2024-12-26 15:34:44,012] {scheduler_job.py:190} INFO - Processing /home/airflow/.local/lib/python3.6/site-packages/airflow/example_dags/example_branch_python_dop_operator_3.py took 0.055 seconds
[2024-12-26 15:35:14,130] {scheduler_job.py:182} INFO - Started process (PID=608) to work on /home/airflow/.local/lib/python3.6/site-packages/airflow/example_dags/example_branch_python_dop_operator_3.py
[2024-12-26 15:35:14,131] {scheduler_job.py:633} INFO - Processing file /home/airflow/.local/lib/python3.6/site-packages/airflow/example_dags/example_branch_python_dop_operator_3.py for tasks to queue
[2024-12-26 15:35:14,132] {logging_mixin.py:104} INFO - [2024-12-26 15:35:14,132] {dagbag.py:496} INFO - Filling up the DagBag from /home/airflow/.local/lib/python3.6/site-packages/airflow/example_dags/example_branch_python_dop_operator_3.py
[2024-12-26 15:35:14,140] {scheduler_job.py:643} INFO - DAG(s) dict_keys(['example_branch_dop_operator_v3']) retrieved from /home/airflow/.local/lib/python3.6/site-packages/airflow/example_dags/example_branch_python_dop_operator_3.py
[2024-12-26 15:35:14,153] {logging_mixin.py:104} INFO - [2024-12-26 15:35:14,153] {dag.py:1833} INFO - Sync 1 DAGs
[2024-12-26 15:35:14,167] {logging_mixin.py:104} INFO - [2024-12-26 15:35:14,167] {dag.py:2306} INFO - Setting next_dagrun for example_branch_dop_operator_v3 to 2024-12-24 00:00:00+00:00
[2024-12-26 15:35:14,176] {scheduler_job.py:190} INFO - Processing /home/airflow/.local/lib/python3.6/site-packages/airflow/example_dags/example_branch_python_dop_operator_3.py took 0.048 seconds
[2024-12-26 15:35:44,399] {scheduler_job.py:182} INFO - Started process (PID=670) to work on /home/airflow/.local/lib/python3.6/site-packages/airflow/example_dags/example_branch_python_dop_operator_3.py
[2024-12-26 15:35:44,400] {scheduler_job.py:633} INFO - Processing file /home/airflow/.local/lib/python3.6/site-packages/airflow/example_dags/example_branch_python_dop_operator_3.py for tasks to queue
[2024-12-26 15:35:44,401] {logging_mixin.py:104} INFO - [2024-12-26 15:35:44,401] {dagbag.py:496} INFO - Filling up the DagBag from /home/airflow/.local/lib/python3.6/site-packages/airflow/example_dags/example_branch_python_dop_operator_3.py
[2024-12-26 15:35:44,409] {scheduler_job.py:643} INFO - DAG(s) dict_keys(['example_branch_dop_operator_v3']) retrieved from /home/airflow/.local/lib/python3.6/site-packages/airflow/example_dags/example_branch_python_dop_operator_3.py
[2024-12-26 15:35:44,422] {logging_mixin.py:104} INFO - [2024-12-26 15:35:44,422] {dag.py:1833} INFO - Sync 1 DAGs
[2024-12-26 15:35:44,436] {logging_mixin.py:104} INFO - [2024-12-26 15:35:44,436] {dag.py:2306} INFO - Setting next_dagrun for example_branch_dop_operator_v3 to 2024-12-24 00:00:00+00:00
[2024-12-26 15:35:44,443] {scheduler_job.py:190} INFO - Processing /home/airflow/.local/lib/python3.6/site-packages/airflow/example_dags/example_branch_python_dop_operator_3.py took 0.047 seconds
[2024-12-26 15:36:14,738] {scheduler_job.py:182} INFO - Started process (PID=734) to work on /home/airflow/.local/lib/python3.6/site-packages/airflow/example_dags/example_branch_python_dop_operator_3.py
[2024-12-26 15:36:14,740] {scheduler_job.py:633} INFO - Processing file /home/airflow/.local/lib/python3.6/site-packages/airflow/example_dags/example_branch_python_dop_operator_3.py for tasks to queue
[2024-12-26 15:36:14,740] {logging_mixin.py:104} INFO - [2024-12-26 15:36:14,740] {dagbag.py:496} INFO - Filling up the DagBag from /home/airflow/.local/lib/python3.6/site-packages/airflow/example_dags/example_branch_python_dop_operator_3.py
[2024-12-26 15:36:14,749] {scheduler_job.py:643} INFO - DAG(s) dict_keys(['example_branch_dop_operator_v3']) retrieved from /home/airflow/.local/lib/python3.6/site-packages/airflow/example_dags/example_branch_python_dop_operator_3.py
[2024-12-26 15:36:14,872] {logging_mixin.py:104} INFO - [2024-12-26 15:36:14,872] {dag.py:1833} INFO - Sync 1 DAGs
[2024-12-26 15:36:14,879] {logging_mixin.py:104} INFO - [2024-12-26 15:36:14,879] {dag.py:1852} INFO - Creating ORM DAG for example_branch_dop_operator_v3
[2024-12-26 15:36:14,886] {logging_mixin.py:104} INFO - [2024-12-26 15:36:14,886] {dag.py:2306} INFO - Setting next_dagrun for example_branch_dop_operator_v3 to 2024-12-24 00:00:00+00:00
[2024-12-26 15:36:14,895] {scheduler_job.py:190} INFO - Processing /home/airflow/.local/lib/python3.6/site-packages/airflow/example_dags/example_branch_python_dop_operator_3.py took 0.158 seconds
[2024-12-26 15:36:45,020] {scheduler_job.py:182} INFO - Started process (PID=786) to work on /home/airflow/.local/lib/python3.6/site-packages/airflow/example_dags/example_branch_python_dop_operator_3.py
[2024-12-26 15:36:45,021] {scheduler_job.py:633} INFO - Processing file /home/airflow/.local/lib/python3.6/site-packages/airflow/example_dags/example_branch_python_dop_operator_3.py for tasks to queue
[2024-12-26 15:36:45,022] {logging_mixin.py:104} INFO - [2024-12-26 15:36:45,022] {dagbag.py:496} INFO - Filling up the DagBag from /home/airflow/.local/lib/python3.6/site-packages/airflow/example_dags/example_branch_python_dop_operator_3.py
[2024-12-26 15:36:45,029] {scheduler_job.py:643} INFO - DAG(s) dict_keys(['example_branch_dop_operator_v3']) retrieved from /home/airflow/.local/lib/python3.6/site-packages/airflow/example_dags/example_branch_python_dop_operator_3.py
[2024-12-26 15:36:45,163] {logging_mixin.py:104} INFO - [2024-12-26 15:36:45,163] {dag.py:1833} INFO - Sync 1 DAGs
[2024-12-26 15:36:45,169] {logging_mixin.py:104} INFO - [2024-12-26 15:36:45,169] {dag.py:1852} INFO - Creating ORM DAG for example_branch_dop_operator_v3
[2024-12-26 15:36:45,177] {logging_mixin.py:104} INFO - [2024-12-26 15:36:45,177] {dag.py:2306} INFO - Setting next_dagrun for example_branch_dop_operator_v3 to 2024-12-24 00:00:00+00:00
[2024-12-26 15:36:45,189] {scheduler_job.py:190} INFO - Processing /home/airflow/.local/lib/python3.6/site-packages/airflow/example_dags/example_branch_python_dop_operator_3.py took 0.171 seconds
[2024-12-26 15:37:15,584] {scheduler_job.py:182} INFO - Started process (PID=848) to work on /home/airflow/.local/lib/python3.6/site-packages/airflow/example_dags/example_branch_python_dop_operator_3.py
[2024-12-26 15:37:15,585] {scheduler_job.py:633} INFO - Processing file /home/airflow/.local/lib/python3.6/site-packages/airflow/example_dags/example_branch_python_dop_operator_3.py for tasks to queue
[2024-12-26 15:37:15,586] {logging_mixin.py:104} INFO - [2024-12-26 15:37:15,586] {dagbag.py:496} INFO - Filling up the DagBag from /home/airflow/.local/lib/python3.6/site-packages/airflow/example_dags/example_branch_python_dop_operator_3.py
[2024-12-26 15:37:15,595] {scheduler_job.py:643} INFO - DAG(s) dict_keys(['example_branch_dop_operator_v3']) retrieved from /home/airflow/.local/lib/python3.6/site-packages/airflow/example_dags/example_branch_python_dop_operator_3.py
[2024-12-26 15:37:15,609] {logging_mixin.py:104} INFO - [2024-12-26 15:37:15,608] {dag.py:1833} INFO - Sync 1 DAGs
[2024-12-26 15:37:15,621] {logging_mixin.py:104} INFO - [2024-12-26 15:37:15,621] {dag.py:2306} INFO - Setting next_dagrun for example_branch_dop_operator_v3 to 2024-12-24 00:00:00+00:00
[2024-12-26 15:37:15,631] {scheduler_job.py:190} INFO - Processing /home/airflow/.local/lib/python3.6/site-packages/airflow/example_dags/example_branch_python_dop_operator_3.py took 0.049 seconds
[2024-12-26 15:37:46,065] {scheduler_job.py:182} INFO - Started process (PID=910) to work on /home/airflow/.local/lib/python3.6/site-packages/airflow/example_dags/example_branch_python_dop_operator_3.py
[2024-12-26 15:37:46,066] {scheduler_job.py:633} INFO - Processing file /home/airflow/.local/lib/python3.6/site-packages/airflow/example_dags/example_branch_python_dop_operator_3.py for tasks to queue
[2024-12-26 15:37:46,067] {logging_mixin.py:104} INFO - [2024-12-26 15:37:46,067] {dagbag.py:496} INFO - Filling up the DagBag from /home/airflow/.local/lib/python3.6/site-packages/airflow/example_dags/example_branch_python_dop_operator_3.py
[2024-12-26 15:37:46,075] {scheduler_job.py:643} INFO - DAG(s) dict_keys(['example_branch_dop_operator_v3']) retrieved from /home/airflow/.local/lib/python3.6/site-packages/airflow/example_dags/example_branch_python_dop_operator_3.py
[2024-12-26 15:37:46,088] {logging_mixin.py:104} INFO - [2024-12-26 15:37:46,088] {dag.py:1833} INFO - Sync 1 DAGs
[2024-12-26 15:37:46,101] {logging_mixin.py:104} INFO - [2024-12-26 15:37:46,101] {dag.py:2306} INFO - Setting next_dagrun for example_branch_dop_operator_v3 to 2024-12-24 00:00:00+00:00
[2024-12-26 15:37:46,109] {scheduler_job.py:190} INFO - Processing /home/airflow/.local/lib/python3.6/site-packages/airflow/example_dags/example_branch_python_dop_operator_3.py took 0.046 seconds
[2024-12-26 15:38:16,344] {scheduler_job.py:182} INFO - Started process (PID=962) to work on /home/airflow/.local/lib/python3.6/site-packages/airflow/example_dags/example_branch_python_dop_operator_3.py
[2024-12-26 15:38:16,345] {scheduler_job.py:633} INFO - Processing file /home/airflow/.local/lib/python3.6/site-packages/airflow/example_dags/example_branch_python_dop_operator_3.py for tasks to queue
[2024-12-26 15:38:16,345] {logging_mixin.py:104} INFO - [2024-12-26 15:38:16,345] {dagbag.py:496} INFO - Filling up the DagBag from /home/airflow/.local/lib/python3.6/site-packages/airflow/example_dags/example_branch_python_dop_operator_3.py
[2024-12-26 15:38:16,357] {scheduler_job.py:643} INFO - DAG(s) dict_keys(['example_branch_dop_operator_v3']) retrieved from /home/airflow/.local/lib/python3.6/site-packages/airflow/example_dags/example_branch_python_dop_operator_3.py
[2024-12-26 15:38:16,370] {logging_mixin.py:104} INFO - [2024-12-26 15:38:16,370] {dag.py:1833} INFO - Sync 1 DAGs
[2024-12-26 15:38:16,385] {logging_mixin.py:104} INFO - [2024-12-26 15:38:16,385] {dag.py:2306} INFO - Setting next_dagrun for example_branch_dop_operator_v3 to 2024-12-24 00:00:00+00:00
[2024-12-26 15:38:16,393] {scheduler_job.py:190} INFO - Processing /home/airflow/.local/lib/python3.6/site-packages/airflow/example_dags/example_branch_python_dop_operator_3.py took 0.052 seconds
[2024-12-26 15:38:46,656] {scheduler_job.py:182} INFO - Started process (PID=1024) to work on /home/airflow/.local/lib/python3.6/site-packages/airflow/example_dags/example_branch_python_dop_operator_3.py
[2024-12-26 15:38:46,657] {scheduler_job.py:633} INFO - Processing file /home/airflow/.local/lib/python3.6/site-packages/airflow/example_dags/example_branch_python_dop_operator_3.py for tasks to queue
[2024-12-26 15:38:46,658] {logging_mixin.py:104} INFO - [2024-12-26 15:38:46,658] {dagbag.py:496} INFO - Filling up the DagBag from /home/airflow/.local/lib/python3.6/site-packages/airflow/example_dags/example_branch_python_dop_operator_3.py
[2024-12-26 15:38:46,666] {scheduler_job.py:643} INFO - DAG(s) dict_keys(['example_branch_dop_operator_v3']) retrieved from /home/airflow/.local/lib/python3.6/site-packages/airflow/example_dags/example_branch_python_dop_operator_3.py
[2024-12-26 15:38:46,681] {logging_mixin.py:104} INFO - [2024-12-26 15:38:46,681] {dag.py:1833} INFO - Sync 1 DAGs
[2024-12-26 15:38:46,695] {logging_mixin.py:104} INFO - [2024-12-26 15:38:46,695] {dag.py:2306} INFO - Setting next_dagrun for example_branch_dop_operator_v3 to 2024-12-24 00:00:00+00:00
[2024-12-26 15:38:46,704] {scheduler_job.py:190} INFO - Processing /home/airflow/.local/lib/python3.6/site-packages/airflow/example_dags/example_branch_python_dop_operator_3.py took 0.050 seconds
[2024-12-26 15:39:17,126] {scheduler_job.py:182} INFO - Started process (PID=1086) to work on /home/airflow/.local/lib/python3.6/site-packages/airflow/example_dags/example_branch_python_dop_operator_3.py
[2024-12-26 15:39:17,127] {scheduler_job.py:633} INFO - Processing file /home/airflow/.local/lib/python3.6/site-packages/airflow/example_dags/example_branch_python_dop_operator_3.py for tasks to queue
[2024-12-26 15:39:17,128] {logging_mixin.py:104} INFO - [2024-12-26 15:39:17,128] {dagbag.py:496} INFO - Filling up the DagBag from /home/airflow/.local/lib/python3.6/site-packages/airflow/example_dags/example_branch_python_dop_operator_3.py
[2024-12-26 15:39:17,140] {scheduler_job.py:643} INFO - DAG(s) dict_keys(['example_branch_dop_operator_v3']) retrieved from /home/airflow/.local/lib/python3.6/site-packages/airflow/example_dags/example_branch_python_dop_operator_3.py
[2024-12-26 15:39:17,157] {logging_mixin.py:104} INFO - [2024-12-26 15:39:17,157] {dag.py:1833} INFO - Sync 1 DAGs
[2024-12-26 15:39:17,174] {logging_mixin.py:104} INFO - [2024-12-26 15:39:17,174] {dag.py:2306} INFO - Setting next_dagrun for example_branch_dop_operator_v3 to 2024-12-24 00:00:00+00:00
[2024-12-26 15:39:17,183] {scheduler_job.py:190} INFO - Processing /home/airflow/.local/lib/python3.6/site-packages/airflow/example_dags/example_branch_python_dop_operator_3.py took 0.059 seconds
[2024-12-26 15:40:31,999] {scheduler_job.py:182} INFO - Started process (PID=58) to work on /home/airflow/.local/lib/python3.6/site-packages/airflow/example_dags/example_branch_python_dop_operator_3.py
[2024-12-26 15:40:32,000] {scheduler_job.py:633} INFO - Processing file /home/airflow/.local/lib/python3.6/site-packages/airflow/example_dags/example_branch_python_dop_operator_3.py for tasks to queue
[2024-12-26 15:40:32,001] {logging_mixin.py:104} INFO - [2024-12-26 15:40:32,001] {dagbag.py:496} INFO - Filling up the DagBag from /home/airflow/.local/lib/python3.6/site-packages/airflow/example_dags/example_branch_python_dop_operator_3.py
[2024-12-26 15:40:32,011] {scheduler_job.py:643} INFO - DAG(s) dict_keys(['example_branch_dop_operator_v3']) retrieved from /home/airflow/.local/lib/python3.6/site-packages/airflow/example_dags/example_branch_python_dop_operator_3.py
[2024-12-26 15:40:32,030] {logging_mixin.py:104} INFO - [2024-12-26 15:40:32,029] {dag.py:1833} INFO - Sync 1 DAGs
[2024-12-26 15:40:32,046] {logging_mixin.py:104} INFO - [2024-12-26 15:40:32,046] {dag.py:2306} INFO - Setting next_dagrun for example_branch_dop_operator_v3 to 2024-12-24 00:00:00+00:00
[2024-12-26 15:40:32,057] {scheduler_job.py:190} INFO - Processing /home/airflow/.local/lib/python3.6/site-packages/airflow/example_dags/example_branch_python_dop_operator_3.py took 0.060 seconds
[2024-12-26 15:41:02,768] {scheduler_job.py:182} INFO - Started process (PID=120) to work on /home/airflow/.local/lib/python3.6/site-packages/airflow/example_dags/example_branch_python_dop_operator_3.py
[2024-12-26 15:41:02,769] {scheduler_job.py:633} INFO - Processing file /home/airflow/.local/lib/python3.6/site-packages/airflow/example_dags/example_branch_python_dop_operator_3.py for tasks to queue
[2024-12-26 15:41:02,770] {logging_mixin.py:104} INFO - [2024-12-26 15:41:02,769] {dagbag.py:496} INFO - Filling up the DagBag from /home/airflow/.local/lib/python3.6/site-packages/airflow/example_dags/example_branch_python_dop_operator_3.py
[2024-12-26 15:41:02,778] {scheduler_job.py:643} INFO - DAG(s) dict_keys(['example_branch_dop_operator_v3']) retrieved from /home/airflow/.local/lib/python3.6/site-packages/airflow/example_dags/example_branch_python_dop_operator_3.py
[2024-12-26 15:41:02,792] {logging_mixin.py:104} INFO - [2024-12-26 15:41:02,791] {dag.py:1833} INFO - Sync 1 DAGs
[2024-12-26 15:41:02,806] {logging_mixin.py:104} INFO - [2024-12-26 15:41:02,806] {dag.py:2306} INFO - Setting next_dagrun for example_branch_dop_operator_v3 to 2024-12-24 00:00:00+00:00
[2024-12-26 15:41:02,817] {scheduler_job.py:190} INFO - Processing /home/airflow/.local/lib/python3.6/site-packages/airflow/example_dags/example_branch_python_dop_operator_3.py took 0.051 seconds
[2024-12-26 15:41:33,533] {scheduler_job.py:182} INFO - Started process (PID=182) to work on /home/airflow/.local/lib/python3.6/site-packages/airflow/example_dags/example_branch_python_dop_operator_3.py
[2024-12-26 15:41:33,535] {scheduler_job.py:633} INFO - Processing file /home/airflow/.local/lib/python3.6/site-packages/airflow/example_dags/example_branch_python_dop_operator_3.py for tasks to queue
[2024-12-26 15:41:33,536] {logging_mixin.py:104} INFO - [2024-12-26 15:41:33,536] {dagbag.py:496} INFO - Filling up the DagBag from /home/airflow/.local/lib/python3.6/site-packages/airflow/example_dags/example_branch_python_dop_operator_3.py
[2024-12-26 15:41:33,544] {scheduler_job.py:643} INFO - DAG(s) dict_keys(['example_branch_dop_operator_v3']) retrieved from /home/airflow/.local/lib/python3.6/site-packages/airflow/example_dags/example_branch_python_dop_operator_3.py
[2024-12-26 15:41:33,558] {logging_mixin.py:104} INFO - [2024-12-26 15:41:33,558] {dag.py:1833} INFO - Sync 1 DAGs
[2024-12-26 15:41:33,572] {logging_mixin.py:104} INFO - [2024-12-26 15:41:33,572] {dag.py:2306} INFO - Setting next_dagrun for example_branch_dop_operator_v3 to 2024-12-24 00:00:00+00:00
[2024-12-26 15:41:33,585] {scheduler_job.py:190} INFO - Processing /home/airflow/.local/lib/python3.6/site-packages/airflow/example_dags/example_branch_python_dop_operator_3.py took 0.054 seconds
[2024-12-26 15:42:04,169] {scheduler_job.py:182} INFO - Started process (PID=235) to work on /home/airflow/.local/lib/python3.6/site-packages/airflow/example_dags/example_branch_python_dop_operator_3.py
[2024-12-26 15:42:04,170] {scheduler_job.py:633} INFO - Processing file /home/airflow/.local/lib/python3.6/site-packages/airflow/example_dags/example_branch_python_dop_operator_3.py for tasks to queue
[2024-12-26 15:42:04,171] {logging_mixin.py:104} INFO - [2024-12-26 15:42:04,171] {dagbag.py:496} INFO - Filling up the DagBag from /home/airflow/.local/lib/python3.6/site-packages/airflow/example_dags/example_branch_python_dop_operator_3.py
[2024-12-26 15:42:04,179] {scheduler_job.py:643} INFO - DAG(s) dict_keys(['example_branch_dop_operator_v3']) retrieved from /home/airflow/.local/lib/python3.6/site-packages/airflow/example_dags/example_branch_python_dop_operator_3.py
[2024-12-26 15:42:04,192] {logging_mixin.py:104} INFO - [2024-12-26 15:42:04,192] {dag.py:1833} INFO - Sync 1 DAGs
[2024-12-26 15:42:04,206] {logging_mixin.py:104} INFO - [2024-12-26 15:42:04,206] {dag.py:2306} INFO - Setting next_dagrun for example_branch_dop_operator_v3 to 2024-12-24 00:00:00+00:00
[2024-12-26 15:42:04,217] {scheduler_job.py:190} INFO - Processing /home/airflow/.local/lib/python3.6/site-packages/airflow/example_dags/example_branch_python_dop_operator_3.py took 0.050 seconds
[2024-12-26 15:42:37,240] {scheduler_job.py:182} INFO - Started process (PID=58) to work on /home/airflow/.local/lib/python3.6/site-packages/airflow/example_dags/example_branch_python_dop_operator_3.py
[2024-12-26 15:42:37,241] {scheduler_job.py:633} INFO - Processing file /home/airflow/.local/lib/python3.6/site-packages/airflow/example_dags/example_branch_python_dop_operator_3.py for tasks to queue
[2024-12-26 15:42:37,242] {logging_mixin.py:104} INFO - [2024-12-26 15:42:37,242] {dagbag.py:496} INFO - Filling up the DagBag from /home/airflow/.local/lib/python3.6/site-packages/airflow/example_dags/example_branch_python_dop_operator_3.py
[2024-12-26 15:42:37,251] {scheduler_job.py:643} INFO - DAG(s) dict_keys(['example_branch_dop_operator_v3']) retrieved from /home/airflow/.local/lib/python3.6/site-packages/airflow/example_dags/example_branch_python_dop_operator_3.py
[2024-12-26 15:42:37,267] {logging_mixin.py:104} INFO - [2024-12-26 15:42:37,267] {dag.py:1833} INFO - Sync 1 DAGs
[2024-12-26 15:42:37,286] {logging_mixin.py:104} INFO - [2024-12-26 15:42:37,286] {dag.py:2306} INFO - Setting next_dagrun for example_branch_dop_operator_v3 to 2024-12-24 00:00:00+00:00
[2024-12-26 15:42:37,297] {scheduler_job.py:190} INFO - Processing /home/airflow/.local/lib/python3.6/site-packages/airflow/example_dags/example_branch_python_dop_operator_3.py took 0.060 seconds
[2024-12-26 15:43:08,159] {scheduler_job.py:182} INFO - Started process (PID=120) to work on /home/airflow/.local/lib/python3.6/site-packages/airflow/example_dags/example_branch_python_dop_operator_3.py
[2024-12-26 15:43:08,160] {scheduler_job.py:633} INFO - Processing file /home/airflow/.local/lib/python3.6/site-packages/airflow/example_dags/example_branch_python_dop_operator_3.py for tasks to queue
[2024-12-26 15:43:08,161] {logging_mixin.py:104} INFO - [2024-12-26 15:43:08,161] {dagbag.py:496} INFO - Filling up the DagBag from /home/airflow/.local/lib/python3.6/site-packages/airflow/example_dags/example_branch_python_dop_operator_3.py
[2024-12-26 15:43:08,169] {scheduler_job.py:643} INFO - DAG(s) dict_keys(['example_branch_dop_operator_v3']) retrieved from /home/airflow/.local/lib/python3.6/site-packages/airflow/example_dags/example_branch_python_dop_operator_3.py
[2024-12-26 15:43:08,182] {logging_mixin.py:104} INFO - [2024-12-26 15:43:08,182] {dag.py:1833} INFO - Sync 1 DAGs
[2024-12-26 15:43:08,196] {logging_mixin.py:104} INFO - [2024-12-26 15:43:08,196] {dag.py:2306} INFO - Setting next_dagrun for example_branch_dop_operator_v3 to 2024-12-24 00:00:00+00:00
[2024-12-26 15:43:08,206] {scheduler_job.py:190} INFO - Processing /home/airflow/.local/lib/python3.6/site-packages/airflow/example_dags/example_branch_python_dop_operator_3.py took 0.050 seconds
