[2024-12-26 15:32:26,343] {scheduler_job.py:182} INFO - Started process (PID=55) to work on /home/airflow/.local/lib/python3.6/site-packages/airflow/example_dags/example_kubernetes_executor.py
[2024-12-26 15:32:26,345] {scheduler_job.py:633} INFO - Processing file /home/airflow/.local/lib/python3.6/site-packages/airflow/example_dags/example_kubernetes_executor.py for tasks to queue
[2024-12-26 15:32:26,345] {logging_mixin.py:104} INFO - [2024-12-26 15:32:26,345] {dagbag.py:496} INFO - Filling up the DagBag from /home/airflow/.local/lib/python3.6/site-packages/airflow/example_dags/example_kubernetes_executor.py
[2024-12-26 15:32:26,355] {scheduler_job.py:643} INFO - DAG(s) dict_keys(['example_kubernetes_executor']) retrieved from /home/airflow/.local/lib/python3.6/site-packages/airflow/example_dags/example_kubernetes_executor.py
[2024-12-26 15:32:27,918] {logging_mixin.py:104} INFO - [2024-12-26 15:32:27,918] {dag.py:1833} INFO - Sync 1 DAGs
[2024-12-26 15:32:27,924] {logging_mixin.py:104} INFO - [2024-12-26 15:32:27,924] {dag.py:1852} INFO - Creating ORM DAG for example_kubernetes_executor
[2024-12-26 15:32:27,931] {logging_mixin.py:104} INFO - [2024-12-26 15:32:27,931] {dag.py:2306} INFO - Setting next_dagrun for example_kubernetes_executor to None
[2024-12-26 15:32:27,942] {scheduler_job.py:190} INFO - Processing /home/airflow/.local/lib/python3.6/site-packages/airflow/example_dags/example_kubernetes_executor.py took 1.600 seconds
[2024-12-26 15:32:58,525] {scheduler_job.py:182} INFO - Started process (PID=341) to work on /home/airflow/.local/lib/python3.6/site-packages/airflow/example_dags/example_kubernetes_executor.py
[2024-12-26 15:32:58,526] {scheduler_job.py:633} INFO - Processing file /home/airflow/.local/lib/python3.6/site-packages/airflow/example_dags/example_kubernetes_executor.py for tasks to queue
[2024-12-26 15:32:58,527] {logging_mixin.py:104} INFO - [2024-12-26 15:32:58,527] {dagbag.py:496} INFO - Filling up the DagBag from /home/airflow/.local/lib/python3.6/site-packages/airflow/example_dags/example_kubernetes_executor.py
[2024-12-26 15:32:58,534] {scheduler_job.py:643} INFO - DAG(s) dict_keys(['example_kubernetes_executor']) retrieved from /home/airflow/.local/lib/python3.6/site-packages/airflow/example_dags/example_kubernetes_executor.py
[2024-12-26 15:32:58,549] {logging_mixin.py:104} INFO - [2024-12-26 15:32:58,549] {dag.py:1833} INFO - Sync 1 DAGs
[2024-12-26 15:32:58,559] {logging_mixin.py:104} INFO - [2024-12-26 15:32:58,559] {dag.py:2306} INFO - Setting next_dagrun for example_kubernetes_executor to None
[2024-12-26 15:32:58,571] {scheduler_job.py:190} INFO - Processing /home/airflow/.local/lib/python3.6/site-packages/airflow/example_dags/example_kubernetes_executor.py took 0.048 seconds
[2024-12-26 15:33:28,838] {scheduler_job.py:182} INFO - Started process (PID=403) to work on /home/airflow/.local/lib/python3.6/site-packages/airflow/example_dags/example_kubernetes_executor.py
[2024-12-26 15:33:28,839] {scheduler_job.py:633} INFO - Processing file /home/airflow/.local/lib/python3.6/site-packages/airflow/example_dags/example_kubernetes_executor.py for tasks to queue
[2024-12-26 15:33:28,840] {logging_mixin.py:104} INFO - [2024-12-26 15:33:28,839] {dagbag.py:496} INFO - Filling up the DagBag from /home/airflow/.local/lib/python3.6/site-packages/airflow/example_dags/example_kubernetes_executor.py
[2024-12-26 15:33:28,848] {scheduler_job.py:643} INFO - DAG(s) dict_keys(['example_kubernetes_executor']) retrieved from /home/airflow/.local/lib/python3.6/site-packages/airflow/example_dags/example_kubernetes_executor.py
[2024-12-26 15:33:28,862] {logging_mixin.py:104} INFO - [2024-12-26 15:33:28,862] {dag.py:1833} INFO - Sync 1 DAGs
[2024-12-26 15:33:28,873] {logging_mixin.py:104} INFO - [2024-12-26 15:33:28,873] {dag.py:2306} INFO - Setting next_dagrun for example_kubernetes_executor to None
[2024-12-26 15:33:28,886] {scheduler_job.py:190} INFO - Processing /home/airflow/.local/lib/python3.6/site-packages/airflow/example_dags/example_kubernetes_executor.py took 0.050 seconds
[2024-12-26 15:33:59,056] {scheduler_job.py:182} INFO - Started process (PID=465) to work on /home/airflow/.local/lib/python3.6/site-packages/airflow/example_dags/example_kubernetes_executor.py
[2024-12-26 15:33:59,058] {scheduler_job.py:633} INFO - Processing file /home/airflow/.local/lib/python3.6/site-packages/airflow/example_dags/example_kubernetes_executor.py for tasks to queue
[2024-12-26 15:33:59,058] {logging_mixin.py:104} INFO - [2024-12-26 15:33:59,058] {dagbag.py:496} INFO - Filling up the DagBag from /home/airflow/.local/lib/python3.6/site-packages/airflow/example_dags/example_kubernetes_executor.py
[2024-12-26 15:33:59,066] {scheduler_job.py:643} INFO - DAG(s) dict_keys(['example_kubernetes_executor']) retrieved from /home/airflow/.local/lib/python3.6/site-packages/airflow/example_dags/example_kubernetes_executor.py
[2024-12-26 15:33:59,080] {logging_mixin.py:104} INFO - [2024-12-26 15:33:59,080] {dag.py:1833} INFO - Sync 1 DAGs
[2024-12-26 15:33:59,091] {logging_mixin.py:104} INFO - [2024-12-26 15:33:59,091] {dag.py:2306} INFO - Setting next_dagrun for example_kubernetes_executor to None
[2024-12-26 15:33:59,103] {scheduler_job.py:190} INFO - Processing /home/airflow/.local/lib/python3.6/site-packages/airflow/example_dags/example_kubernetes_executor.py took 0.049 seconds
[2024-12-26 15:34:29,208] {scheduler_job.py:182} INFO - Started process (PID=517) to work on /home/airflow/.local/lib/python3.6/site-packages/airflow/example_dags/example_kubernetes_executor.py
[2024-12-26 15:34:29,209] {scheduler_job.py:633} INFO - Processing file /home/airflow/.local/lib/python3.6/site-packages/airflow/example_dags/example_kubernetes_executor.py for tasks to queue
[2024-12-26 15:34:29,210] {logging_mixin.py:104} INFO - [2024-12-26 15:34:29,210] {dagbag.py:496} INFO - Filling up the DagBag from /home/airflow/.local/lib/python3.6/site-packages/airflow/example_dags/example_kubernetes_executor.py
[2024-12-26 15:34:29,218] {scheduler_job.py:643} INFO - DAG(s) dict_keys(['example_kubernetes_executor']) retrieved from /home/airflow/.local/lib/python3.6/site-packages/airflow/example_dags/example_kubernetes_executor.py
[2024-12-26 15:34:29,233] {logging_mixin.py:104} INFO - [2024-12-26 15:34:29,233] {dag.py:1833} INFO - Sync 1 DAGs
[2024-12-26 15:34:29,243] {logging_mixin.py:104} INFO - [2024-12-26 15:34:29,243] {dag.py:2306} INFO - Setting next_dagrun for example_kubernetes_executor to None
[2024-12-26 15:34:29,256] {scheduler_job.py:190} INFO - Processing /home/airflow/.local/lib/python3.6/site-packages/airflow/example_dags/example_kubernetes_executor.py took 0.050 seconds
[2024-12-26 15:34:59,355] {scheduler_job.py:182} INFO - Started process (PID=579) to work on /home/airflow/.local/lib/python3.6/site-packages/airflow/example_dags/example_kubernetes_executor.py
[2024-12-26 15:34:59,358] {scheduler_job.py:633} INFO - Processing file /home/airflow/.local/lib/python3.6/site-packages/airflow/example_dags/example_kubernetes_executor.py for tasks to queue
[2024-12-26 15:34:59,359] {logging_mixin.py:104} INFO - [2024-12-26 15:34:59,359] {dagbag.py:496} INFO - Filling up the DagBag from /home/airflow/.local/lib/python3.6/site-packages/airflow/example_dags/example_kubernetes_executor.py
[2024-12-26 15:34:59,367] {scheduler_job.py:643} INFO - DAG(s) dict_keys(['example_kubernetes_executor']) retrieved from /home/airflow/.local/lib/python3.6/site-packages/airflow/example_dags/example_kubernetes_executor.py
[2024-12-26 15:34:59,383] {logging_mixin.py:104} INFO - [2024-12-26 15:34:59,383] {dag.py:1833} INFO - Sync 1 DAGs
[2024-12-26 15:34:59,393] {logging_mixin.py:104} INFO - [2024-12-26 15:34:59,392] {dag.py:2306} INFO - Setting next_dagrun for example_kubernetes_executor to None
[2024-12-26 15:34:59,403] {scheduler_job.py:190} INFO - Processing /home/airflow/.local/lib/python3.6/site-packages/airflow/example_dags/example_kubernetes_executor.py took 0.050 seconds
[2024-12-26 15:35:29,683] {scheduler_job.py:182} INFO - Started process (PID=641) to work on /home/airflow/.local/lib/python3.6/site-packages/airflow/example_dags/example_kubernetes_executor.py
[2024-12-26 15:35:29,684] {scheduler_job.py:633} INFO - Processing file /home/airflow/.local/lib/python3.6/site-packages/airflow/example_dags/example_kubernetes_executor.py for tasks to queue
[2024-12-26 15:35:29,685] {logging_mixin.py:104} INFO - [2024-12-26 15:35:29,685] {dagbag.py:496} INFO - Filling up the DagBag from /home/airflow/.local/lib/python3.6/site-packages/airflow/example_dags/example_kubernetes_executor.py
[2024-12-26 15:35:29,693] {scheduler_job.py:643} INFO - DAG(s) dict_keys(['example_kubernetes_executor']) retrieved from /home/airflow/.local/lib/python3.6/site-packages/airflow/example_dags/example_kubernetes_executor.py
[2024-12-26 15:35:29,709] {logging_mixin.py:104} INFO - [2024-12-26 15:35:29,709] {dag.py:1833} INFO - Sync 1 DAGs
[2024-12-26 15:35:29,719] {logging_mixin.py:104} INFO - [2024-12-26 15:35:29,719] {dag.py:2306} INFO - Setting next_dagrun for example_kubernetes_executor to None
[2024-12-26 15:35:29,730] {scheduler_job.py:190} INFO - Processing /home/airflow/.local/lib/python3.6/site-packages/airflow/example_dags/example_kubernetes_executor.py took 0.049 seconds
[2024-12-26 15:36:00,052] {scheduler_job.py:182} INFO - Started process (PID=693) to work on /home/airflow/.local/lib/python3.6/site-packages/airflow/example_dags/example_kubernetes_executor.py
[2024-12-26 15:36:00,053] {scheduler_job.py:633} INFO - Processing file /home/airflow/.local/lib/python3.6/site-packages/airflow/example_dags/example_kubernetes_executor.py for tasks to queue
[2024-12-26 15:36:00,054] {logging_mixin.py:104} INFO - [2024-12-26 15:36:00,054] {dagbag.py:496} INFO - Filling up the DagBag from /home/airflow/.local/lib/python3.6/site-packages/airflow/example_dags/example_kubernetes_executor.py
[2024-12-26 15:36:00,062] {scheduler_job.py:643} INFO - DAG(s) dict_keys(['example_kubernetes_executor']) retrieved from /home/airflow/.local/lib/python3.6/site-packages/airflow/example_dags/example_kubernetes_executor.py
[2024-12-26 15:36:00,079] {logging_mixin.py:104} INFO - [2024-12-26 15:36:00,079] {dag.py:1833} INFO - Sync 1 DAGs
[2024-12-26 15:36:00,090] {logging_mixin.py:104} INFO - [2024-12-26 15:36:00,090] {dag.py:2306} INFO - Setting next_dagrun for example_kubernetes_executor to None
[2024-12-26 15:36:00,101] {scheduler_job.py:190} INFO - Processing /home/airflow/.local/lib/python3.6/site-packages/airflow/example_dags/example_kubernetes_executor.py took 0.051 seconds
[2024-12-26 15:36:30,359] {scheduler_job.py:182} INFO - Started process (PID=757) to work on /home/airflow/.local/lib/python3.6/site-packages/airflow/example_dags/example_kubernetes_executor.py
[2024-12-26 15:36:30,360] {scheduler_job.py:633} INFO - Processing file /home/airflow/.local/lib/python3.6/site-packages/airflow/example_dags/example_kubernetes_executor.py for tasks to queue
[2024-12-26 15:36:30,361] {logging_mixin.py:104} INFO - [2024-12-26 15:36:30,361] {dagbag.py:496} INFO - Filling up the DagBag from /home/airflow/.local/lib/python3.6/site-packages/airflow/example_dags/example_kubernetes_executor.py
[2024-12-26 15:36:30,370] {scheduler_job.py:643} INFO - DAG(s) dict_keys(['example_kubernetes_executor']) retrieved from /home/airflow/.local/lib/python3.6/site-packages/airflow/example_dags/example_kubernetes_executor.py
[2024-12-26 15:36:30,386] {logging_mixin.py:104} INFO - [2024-12-26 15:36:30,386] {dag.py:1833} INFO - Sync 1 DAGs
[2024-12-26 15:36:30,397] {logging_mixin.py:104} INFO - [2024-12-26 15:36:30,397] {dag.py:2306} INFO - Setting next_dagrun for example_kubernetes_executor to None
[2024-12-26 15:36:30,408] {scheduler_job.py:190} INFO - Processing /home/airflow/.local/lib/python3.6/site-packages/airflow/example_dags/example_kubernetes_executor.py took 0.051 seconds
[2024-12-26 15:37:00,809] {scheduler_job.py:182} INFO - Started process (PID=819) to work on /home/airflow/.local/lib/python3.6/site-packages/airflow/example_dags/example_kubernetes_executor.py
[2024-12-26 15:37:00,810] {scheduler_job.py:633} INFO - Processing file /home/airflow/.local/lib/python3.6/site-packages/airflow/example_dags/example_kubernetes_executor.py for tasks to queue
[2024-12-26 15:37:00,811] {logging_mixin.py:104} INFO - [2024-12-26 15:37:00,811] {dagbag.py:496} INFO - Filling up the DagBag from /home/airflow/.local/lib/python3.6/site-packages/airflow/example_dags/example_kubernetes_executor.py
[2024-12-26 15:37:00,819] {scheduler_job.py:643} INFO - DAG(s) dict_keys(['example_kubernetes_executor']) retrieved from /home/airflow/.local/lib/python3.6/site-packages/airflow/example_dags/example_kubernetes_executor.py
[2024-12-26 15:37:00,943] {logging_mixin.py:104} INFO - [2024-12-26 15:37:00,943] {dag.py:1833} INFO - Sync 1 DAGs
[2024-12-26 15:37:00,949] {logging_mixin.py:104} INFO - [2024-12-26 15:37:00,949] {dag.py:1852} INFO - Creating ORM DAG for example_kubernetes_executor
[2024-12-26 15:37:00,954] {logging_mixin.py:104} INFO - [2024-12-26 15:37:00,954] {dag.py:2306} INFO - Setting next_dagrun for example_kubernetes_executor to None
[2024-12-26 15:37:00,967] {scheduler_job.py:190} INFO - Processing /home/airflow/.local/lib/python3.6/site-packages/airflow/example_dags/example_kubernetes_executor.py took 0.160 seconds
[2024-12-26 15:37:31,370] {scheduler_job.py:182} INFO - Started process (PID=871) to work on /home/airflow/.local/lib/python3.6/site-packages/airflow/example_dags/example_kubernetes_executor.py
[2024-12-26 15:37:31,372] {scheduler_job.py:633} INFO - Processing file /home/airflow/.local/lib/python3.6/site-packages/airflow/example_dags/example_kubernetes_executor.py for tasks to queue
[2024-12-26 15:37:31,373] {logging_mixin.py:104} INFO - [2024-12-26 15:37:31,373] {dagbag.py:496} INFO - Filling up the DagBag from /home/airflow/.local/lib/python3.6/site-packages/airflow/example_dags/example_kubernetes_executor.py
[2024-12-26 15:37:31,381] {scheduler_job.py:643} INFO - DAG(s) dict_keys(['example_kubernetes_executor']) retrieved from /home/airflow/.local/lib/python3.6/site-packages/airflow/example_dags/example_kubernetes_executor.py
[2024-12-26 15:37:31,395] {logging_mixin.py:104} INFO - [2024-12-26 15:37:31,395] {dag.py:1833} INFO - Sync 1 DAGs
[2024-12-26 15:37:31,404] {logging_mixin.py:104} INFO - [2024-12-26 15:37:31,404] {dag.py:2306} INFO - Setting next_dagrun for example_kubernetes_executor to None
[2024-12-26 15:37:31,414] {scheduler_job.py:190} INFO - Processing /home/airflow/.local/lib/python3.6/site-packages/airflow/example_dags/example_kubernetes_executor.py took 0.046 seconds
[2024-12-26 15:38:01,678] {scheduler_job.py:182} INFO - Started process (PID=933) to work on /home/airflow/.local/lib/python3.6/site-packages/airflow/example_dags/example_kubernetes_executor.py
[2024-12-26 15:38:01,680] {scheduler_job.py:633} INFO - Processing file /home/airflow/.local/lib/python3.6/site-packages/airflow/example_dags/example_kubernetes_executor.py for tasks to queue
[2024-12-26 15:38:01,681] {logging_mixin.py:104} INFO - [2024-12-26 15:38:01,680] {dagbag.py:496} INFO - Filling up the DagBag from /home/airflow/.local/lib/python3.6/site-packages/airflow/example_dags/example_kubernetes_executor.py
[2024-12-26 15:38:01,688] {scheduler_job.py:643} INFO - DAG(s) dict_keys(['example_kubernetes_executor']) retrieved from /home/airflow/.local/lib/python3.6/site-packages/airflow/example_dags/example_kubernetes_executor.py
[2024-12-26 15:38:01,703] {logging_mixin.py:104} INFO - [2024-12-26 15:38:01,703] {dag.py:1833} INFO - Sync 1 DAGs
[2024-12-26 15:38:01,713] {logging_mixin.py:104} INFO - [2024-12-26 15:38:01,713] {dag.py:2306} INFO - Setting next_dagrun for example_kubernetes_executor to None
[2024-12-26 15:38:01,725] {scheduler_job.py:190} INFO - Processing /home/airflow/.local/lib/python3.6/site-packages/airflow/example_dags/example_kubernetes_executor.py took 0.049 seconds
[2024-12-26 15:38:32,085] {scheduler_job.py:182} INFO - Started process (PID=995) to work on /home/airflow/.local/lib/python3.6/site-packages/airflow/example_dags/example_kubernetes_executor.py
[2024-12-26 15:38:32,086] {scheduler_job.py:633} INFO - Processing file /home/airflow/.local/lib/python3.6/site-packages/airflow/example_dags/example_kubernetes_executor.py for tasks to queue
[2024-12-26 15:38:32,087] {logging_mixin.py:104} INFO - [2024-12-26 15:38:32,087] {dagbag.py:496} INFO - Filling up the DagBag from /home/airflow/.local/lib/python3.6/site-packages/airflow/example_dags/example_kubernetes_executor.py
[2024-12-26 15:38:32,095] {scheduler_job.py:643} INFO - DAG(s) dict_keys(['example_kubernetes_executor']) retrieved from /home/airflow/.local/lib/python3.6/site-packages/airflow/example_dags/example_kubernetes_executor.py
[2024-12-26 15:38:32,109] {logging_mixin.py:104} INFO - [2024-12-26 15:38:32,109] {dag.py:1833} INFO - Sync 1 DAGs
[2024-12-26 15:38:32,119] {logging_mixin.py:104} INFO - [2024-12-26 15:38:32,119] {dag.py:2306} INFO - Setting next_dagrun for example_kubernetes_executor to None
[2024-12-26 15:38:32,130] {scheduler_job.py:190} INFO - Processing /home/airflow/.local/lib/python3.6/site-packages/airflow/example_dags/example_kubernetes_executor.py took 0.047 seconds
[2024-12-26 15:39:02,508] {scheduler_job.py:182} INFO - Started process (PID=1056) to work on /home/airflow/.local/lib/python3.6/site-packages/airflow/example_dags/example_kubernetes_executor.py
[2024-12-26 15:39:02,509] {scheduler_job.py:633} INFO - Processing file /home/airflow/.local/lib/python3.6/site-packages/airflow/example_dags/example_kubernetes_executor.py for tasks to queue
[2024-12-26 15:39:02,510] {logging_mixin.py:104} INFO - [2024-12-26 15:39:02,510] {dagbag.py:496} INFO - Filling up the DagBag from /home/airflow/.local/lib/python3.6/site-packages/airflow/example_dags/example_kubernetes_executor.py
[2024-12-26 15:39:02,517] {scheduler_job.py:643} INFO - DAG(s) dict_keys(['example_kubernetes_executor']) retrieved from /home/airflow/.local/lib/python3.6/site-packages/airflow/example_dags/example_kubernetes_executor.py
[2024-12-26 15:39:02,532] {logging_mixin.py:104} INFO - [2024-12-26 15:39:02,532] {dag.py:1833} INFO - Sync 1 DAGs
[2024-12-26 15:39:02,542] {logging_mixin.py:104} INFO - [2024-12-26 15:39:02,542] {dag.py:2306} INFO - Setting next_dagrun for example_kubernetes_executor to None
[2024-12-26 15:39:02,550] {scheduler_job.py:190} INFO - Processing /home/airflow/.local/lib/python3.6/site-packages/airflow/example_dags/example_kubernetes_executor.py took 0.044 seconds
[2024-12-26 15:40:31,027] {scheduler_job.py:182} INFO - Started process (PID=39) to work on /home/airflow/.local/lib/python3.6/site-packages/airflow/example_dags/example_kubernetes_executor.py
[2024-12-26 15:40:31,028] {scheduler_job.py:633} INFO - Processing file /home/airflow/.local/lib/python3.6/site-packages/airflow/example_dags/example_kubernetes_executor.py for tasks to queue
[2024-12-26 15:40:31,029] {logging_mixin.py:104} INFO - [2024-12-26 15:40:31,029] {dagbag.py:496} INFO - Filling up the DagBag from /home/airflow/.local/lib/python3.6/site-packages/airflow/example_dags/example_kubernetes_executor.py
[2024-12-26 15:40:31,037] {scheduler_job.py:643} INFO - DAG(s) dict_keys(['example_kubernetes_executor']) retrieved from /home/airflow/.local/lib/python3.6/site-packages/airflow/example_dags/example_kubernetes_executor.py
[2024-12-26 15:40:31,055] {logging_mixin.py:104} INFO - [2024-12-26 15:40:31,054] {dag.py:1833} INFO - Sync 1 DAGs
[2024-12-26 15:40:31,067] {logging_mixin.py:104} INFO - [2024-12-26 15:40:31,067] {dag.py:2306} INFO - Setting next_dagrun for example_kubernetes_executor to None
[2024-12-26 15:40:31,080] {scheduler_job.py:190} INFO - Processing /home/airflow/.local/lib/python3.6/site-packages/airflow/example_dags/example_kubernetes_executor.py took 0.055 seconds
[2024-12-26 15:41:01,917] {scheduler_job.py:182} INFO - Started process (PID=101) to work on /home/airflow/.local/lib/python3.6/site-packages/airflow/example_dags/example_kubernetes_executor.py
[2024-12-26 15:41:01,918] {scheduler_job.py:633} INFO - Processing file /home/airflow/.local/lib/python3.6/site-packages/airflow/example_dags/example_kubernetes_executor.py for tasks to queue
[2024-12-26 15:41:01,919] {logging_mixin.py:104} INFO - [2024-12-26 15:41:01,919] {dagbag.py:496} INFO - Filling up the DagBag from /home/airflow/.local/lib/python3.6/site-packages/airflow/example_dags/example_kubernetes_executor.py
[2024-12-26 15:41:01,927] {scheduler_job.py:643} INFO - DAG(s) dict_keys(['example_kubernetes_executor']) retrieved from /home/airflow/.local/lib/python3.6/site-packages/airflow/example_dags/example_kubernetes_executor.py
[2024-12-26 15:41:01,943] {logging_mixin.py:104} INFO - [2024-12-26 15:41:01,942] {dag.py:1833} INFO - Sync 1 DAGs
[2024-12-26 15:41:01,953] {logging_mixin.py:104} INFO - [2024-12-26 15:41:01,953] {dag.py:2306} INFO - Setting next_dagrun for example_kubernetes_executor to None
[2024-12-26 15:41:01,962] {scheduler_job.py:190} INFO - Processing /home/airflow/.local/lib/python3.6/site-packages/airflow/example_dags/example_kubernetes_executor.py took 0.047 seconds
[2024-12-26 15:41:32,639] {scheduler_job.py:182} INFO - Started process (PID=153) to work on /home/airflow/.local/lib/python3.6/site-packages/airflow/example_dags/example_kubernetes_executor.py
[2024-12-26 15:41:32,640] {scheduler_job.py:633} INFO - Processing file /home/airflow/.local/lib/python3.6/site-packages/airflow/example_dags/example_kubernetes_executor.py for tasks to queue
[2024-12-26 15:41:32,641] {logging_mixin.py:104} INFO - [2024-12-26 15:41:32,641] {dagbag.py:496} INFO - Filling up the DagBag from /home/airflow/.local/lib/python3.6/site-packages/airflow/example_dags/example_kubernetes_executor.py
[2024-12-26 15:41:32,649] {scheduler_job.py:643} INFO - DAG(s) dict_keys(['example_kubernetes_executor']) retrieved from /home/airflow/.local/lib/python3.6/site-packages/airflow/example_dags/example_kubernetes_executor.py
[2024-12-26 15:41:32,664] {logging_mixin.py:104} INFO - [2024-12-26 15:41:32,664] {dag.py:1833} INFO - Sync 1 DAGs
[2024-12-26 15:41:32,674] {logging_mixin.py:104} INFO - [2024-12-26 15:41:32,674] {dag.py:2306} INFO - Setting next_dagrun for example_kubernetes_executor to None
[2024-12-26 15:41:32,684] {scheduler_job.py:190} INFO - Processing /home/airflow/.local/lib/python3.6/site-packages/airflow/example_dags/example_kubernetes_executor.py took 0.047 seconds
[2024-12-26 15:42:03,322] {scheduler_job.py:182} INFO - Started process (PID=216) to work on /home/airflow/.local/lib/python3.6/site-packages/airflow/example_dags/example_kubernetes_executor.py
[2024-12-26 15:42:03,323] {scheduler_job.py:633} INFO - Processing file /home/airflow/.local/lib/python3.6/site-packages/airflow/example_dags/example_kubernetes_executor.py for tasks to queue
[2024-12-26 15:42:03,324] {logging_mixin.py:104} INFO - [2024-12-26 15:42:03,324] {dagbag.py:496} INFO - Filling up the DagBag from /home/airflow/.local/lib/python3.6/site-packages/airflow/example_dags/example_kubernetes_executor.py
[2024-12-26 15:42:03,332] {scheduler_job.py:643} INFO - DAG(s) dict_keys(['example_kubernetes_executor']) retrieved from /home/airflow/.local/lib/python3.6/site-packages/airflow/example_dags/example_kubernetes_executor.py
[2024-12-26 15:42:03,345] {logging_mixin.py:104} INFO - [2024-12-26 15:42:03,345] {dag.py:1833} INFO - Sync 1 DAGs
[2024-12-26 15:42:03,355] {logging_mixin.py:104} INFO - [2024-12-26 15:42:03,355] {dag.py:2306} INFO - Setting next_dagrun for example_kubernetes_executor to None
[2024-12-26 15:42:03,365] {scheduler_job.py:190} INFO - Processing /home/airflow/.local/lib/python3.6/site-packages/airflow/example_dags/example_kubernetes_executor.py took 0.044 seconds
[2024-12-26 15:42:36,153] {scheduler_job.py:182} INFO - Started process (PID=39) to work on /home/airflow/.local/lib/python3.6/site-packages/airflow/example_dags/example_kubernetes_executor.py
[2024-12-26 15:42:36,154] {scheduler_job.py:633} INFO - Processing file /home/airflow/.local/lib/python3.6/site-packages/airflow/example_dags/example_kubernetes_executor.py for tasks to queue
[2024-12-26 15:42:36,155] {logging_mixin.py:104} INFO - [2024-12-26 15:42:36,155] {dagbag.py:496} INFO - Filling up the DagBag from /home/airflow/.local/lib/python3.6/site-packages/airflow/example_dags/example_kubernetes_executor.py
[2024-12-26 15:42:36,164] {scheduler_job.py:643} INFO - DAG(s) dict_keys(['example_kubernetes_executor']) retrieved from /home/airflow/.local/lib/python3.6/site-packages/airflow/example_dags/example_kubernetes_executor.py
[2024-12-26 15:42:36,178] {logging_mixin.py:104} INFO - [2024-12-26 15:42:36,178] {dag.py:1833} INFO - Sync 1 DAGs
[2024-12-26 15:42:36,191] {logging_mixin.py:104} INFO - [2024-12-26 15:42:36,191] {dag.py:2306} INFO - Setting next_dagrun for example_kubernetes_executor to None
[2024-12-26 15:42:36,205] {scheduler_job.py:190} INFO - Processing /home/airflow/.local/lib/python3.6/site-packages/airflow/example_dags/example_kubernetes_executor.py took 0.056 seconds
[2024-12-26 15:43:07,100] {scheduler_job.py:182} INFO - Started process (PID=101) to work on /home/airflow/.local/lib/python3.6/site-packages/airflow/example_dags/example_kubernetes_executor.py
[2024-12-26 15:43:07,101] {scheduler_job.py:633} INFO - Processing file /home/airflow/.local/lib/python3.6/site-packages/airflow/example_dags/example_kubernetes_executor.py for tasks to queue
[2024-12-26 15:43:07,101] {logging_mixin.py:104} INFO - [2024-12-26 15:43:07,101] {dagbag.py:496} INFO - Filling up the DagBag from /home/airflow/.local/lib/python3.6/site-packages/airflow/example_dags/example_kubernetes_executor.py
[2024-12-26 15:43:07,109] {scheduler_job.py:643} INFO - DAG(s) dict_keys(['example_kubernetes_executor']) retrieved from /home/airflow/.local/lib/python3.6/site-packages/airflow/example_dags/example_kubernetes_executor.py
[2024-12-26 15:43:07,123] {logging_mixin.py:104} INFO - [2024-12-26 15:43:07,123] {dag.py:1833} INFO - Sync 1 DAGs
[2024-12-26 15:43:07,132] {logging_mixin.py:104} INFO - [2024-12-26 15:43:07,132] {dag.py:2306} INFO - Setting next_dagrun for example_kubernetes_executor to None
[2024-12-26 15:43:07,142] {scheduler_job.py:190} INFO - Processing /home/airflow/.local/lib/python3.6/site-packages/airflow/example_dags/example_kubernetes_executor.py took 0.044 seconds
