[2024-12-26 15:32:26,347] {scheduler_job.py:182} INFO - Started process (PID=56) to work on /home/airflow/.local/lib/python3.6/site-packages/airflow/example_dags/example_latest_only_with_trigger.py
[2024-12-26 15:32:26,348] {scheduler_job.py:633} INFO - Processing file /home/airflow/.local/lib/python3.6/site-packages/airflow/example_dags/example_latest_only_with_trigger.py for tasks to queue
[2024-12-26 15:32:26,349] {logging_mixin.py:104} INFO - [2024-12-26 15:32:26,349] {dagbag.py:496} INFO - Filling up the DagBag from /home/airflow/.local/lib/python3.6/site-packages/airflow/example_dags/example_latest_only_with_trigger.py
[2024-12-26 15:32:26,356] {scheduler_job.py:643} INFO - DAG(s) dict_keys(['latest_only_with_trigger']) retrieved from /home/airflow/.local/lib/python3.6/site-packages/airflow/example_dags/example_latest_only_with_trigger.py
[2024-12-26 15:32:27,919] {logging_mixin.py:104} INFO - [2024-12-26 15:32:27,919] {dag.py:1833} INFO - Sync 1 DAGs
[2024-12-26 15:32:27,930] {logging_mixin.py:104} INFO - [2024-12-26 15:32:27,929] {dag.py:1852} INFO - Creating ORM DAG for latest_only_with_trigger
[2024-12-26 15:32:27,933] {logging_mixin.py:104} INFO - [2024-12-26 15:32:27,933] {dag.py:2306} INFO - Setting next_dagrun for latest_only_with_trigger to 2024-12-24 00:00:00+00:00
[2024-12-26 15:32:27,943] {scheduler_job.py:190} INFO - Processing /home/airflow/.local/lib/python3.6/site-packages/airflow/example_dags/example_latest_only_with_trigger.py took 1.598 seconds
[2024-12-26 15:32:58,526] {scheduler_job.py:182} INFO - Started process (PID=342) to work on /home/airflow/.local/lib/python3.6/site-packages/airflow/example_dags/example_latest_only_with_trigger.py
[2024-12-26 15:32:58,527] {scheduler_job.py:633} INFO - Processing file /home/airflow/.local/lib/python3.6/site-packages/airflow/example_dags/example_latest_only_with_trigger.py for tasks to queue
[2024-12-26 15:32:58,527] {logging_mixin.py:104} INFO - [2024-12-26 15:32:58,527] {dagbag.py:496} INFO - Filling up the DagBag from /home/airflow/.local/lib/python3.6/site-packages/airflow/example_dags/example_latest_only_with_trigger.py
[2024-12-26 15:32:58,534] {scheduler_job.py:643} INFO - DAG(s) dict_keys(['latest_only_with_trigger']) retrieved from /home/airflow/.local/lib/python3.6/site-packages/airflow/example_dags/example_latest_only_with_trigger.py
[2024-12-26 15:32:58,549] {logging_mixin.py:104} INFO - [2024-12-26 15:32:58,549] {dag.py:1833} INFO - Sync 1 DAGs
[2024-12-26 15:32:58,559] {logging_mixin.py:104} INFO - [2024-12-26 15:32:58,559] {dag.py:2306} INFO - Setting next_dagrun for latest_only_with_trigger to 2024-12-24 00:00:00+00:00
[2024-12-26 15:32:58,569] {scheduler_job.py:190} INFO - Processing /home/airflow/.local/lib/python3.6/site-packages/airflow/example_dags/example_latest_only_with_trigger.py took 0.045 seconds
[2024-12-26 15:33:28,837] {scheduler_job.py:182} INFO - Started process (PID=404) to work on /home/airflow/.local/lib/python3.6/site-packages/airflow/example_dags/example_latest_only_with_trigger.py
[2024-12-26 15:33:28,838] {scheduler_job.py:633} INFO - Processing file /home/airflow/.local/lib/python3.6/site-packages/airflow/example_dags/example_latest_only_with_trigger.py for tasks to queue
[2024-12-26 15:33:28,839] {logging_mixin.py:104} INFO - [2024-12-26 15:33:28,839] {dagbag.py:496} INFO - Filling up the DagBag from /home/airflow/.local/lib/python3.6/site-packages/airflow/example_dags/example_latest_only_with_trigger.py
[2024-12-26 15:33:28,847] {scheduler_job.py:643} INFO - DAG(s) dict_keys(['latest_only_with_trigger']) retrieved from /home/airflow/.local/lib/python3.6/site-packages/airflow/example_dags/example_latest_only_with_trigger.py
[2024-12-26 15:33:28,862] {logging_mixin.py:104} INFO - [2024-12-26 15:33:28,862] {dag.py:1833} INFO - Sync 1 DAGs
[2024-12-26 15:33:28,873] {logging_mixin.py:104} INFO - [2024-12-26 15:33:28,873] {dag.py:2306} INFO - Setting next_dagrun for latest_only_with_trigger to 2024-12-24 00:00:00+00:00
[2024-12-26 15:33:28,885] {scheduler_job.py:190} INFO - Processing /home/airflow/.local/lib/python3.6/site-packages/airflow/example_dags/example_latest_only_with_trigger.py took 0.050 seconds
[2024-12-26 15:33:59,056] {scheduler_job.py:182} INFO - Started process (PID=466) to work on /home/airflow/.local/lib/python3.6/site-packages/airflow/example_dags/example_latest_only_with_trigger.py
[2024-12-26 15:33:59,058] {scheduler_job.py:633} INFO - Processing file /home/airflow/.local/lib/python3.6/site-packages/airflow/example_dags/example_latest_only_with_trigger.py for tasks to queue
[2024-12-26 15:33:59,059] {logging_mixin.py:104} INFO - [2024-12-26 15:33:59,058] {dagbag.py:496} INFO - Filling up the DagBag from /home/airflow/.local/lib/python3.6/site-packages/airflow/example_dags/example_latest_only_with_trigger.py
[2024-12-26 15:33:59,066] {scheduler_job.py:643} INFO - DAG(s) dict_keys(['latest_only_with_trigger']) retrieved from /home/airflow/.local/lib/python3.6/site-packages/airflow/example_dags/example_latest_only_with_trigger.py
[2024-12-26 15:33:59,080] {logging_mixin.py:104} INFO - [2024-12-26 15:33:59,080] {dag.py:1833} INFO - Sync 1 DAGs
[2024-12-26 15:33:59,091] {logging_mixin.py:104} INFO - [2024-12-26 15:33:59,091] {dag.py:2306} INFO - Setting next_dagrun for latest_only_with_trigger to 2024-12-24 00:00:00+00:00
[2024-12-26 15:33:59,104] {scheduler_job.py:190} INFO - Processing /home/airflow/.local/lib/python3.6/site-packages/airflow/example_dags/example_latest_only_with_trigger.py took 0.050 seconds
[2024-12-26 15:34:29,209] {scheduler_job.py:182} INFO - Started process (PID=518) to work on /home/airflow/.local/lib/python3.6/site-packages/airflow/example_dags/example_latest_only_with_trigger.py
[2024-12-26 15:34:29,210] {scheduler_job.py:633} INFO - Processing file /home/airflow/.local/lib/python3.6/site-packages/airflow/example_dags/example_latest_only_with_trigger.py for tasks to queue
[2024-12-26 15:34:29,211] {logging_mixin.py:104} INFO - [2024-12-26 15:34:29,211] {dagbag.py:496} INFO - Filling up the DagBag from /home/airflow/.local/lib/python3.6/site-packages/airflow/example_dags/example_latest_only_with_trigger.py
[2024-12-26 15:34:29,218] {scheduler_job.py:643} INFO - DAG(s) dict_keys(['latest_only_with_trigger']) retrieved from /home/airflow/.local/lib/python3.6/site-packages/airflow/example_dags/example_latest_only_with_trigger.py
[2024-12-26 15:34:29,233] {logging_mixin.py:104} INFO - [2024-12-26 15:34:29,233] {dag.py:1833} INFO - Sync 1 DAGs
[2024-12-26 15:34:29,243] {logging_mixin.py:104} INFO - [2024-12-26 15:34:29,243] {dag.py:2306} INFO - Setting next_dagrun for latest_only_with_trigger to 2024-12-24 00:00:00+00:00
[2024-12-26 15:34:29,254] {scheduler_job.py:190} INFO - Processing /home/airflow/.local/lib/python3.6/site-packages/airflow/example_dags/example_latest_only_with_trigger.py took 0.048 seconds
[2024-12-26 15:34:59,360] {scheduler_job.py:182} INFO - Started process (PID=580) to work on /home/airflow/.local/lib/python3.6/site-packages/airflow/example_dags/example_latest_only_with_trigger.py
[2024-12-26 15:34:59,361] {scheduler_job.py:633} INFO - Processing file /home/airflow/.local/lib/python3.6/site-packages/airflow/example_dags/example_latest_only_with_trigger.py for tasks to queue
[2024-12-26 15:34:59,362] {logging_mixin.py:104} INFO - [2024-12-26 15:34:59,362] {dagbag.py:496} INFO - Filling up the DagBag from /home/airflow/.local/lib/python3.6/site-packages/airflow/example_dags/example_latest_only_with_trigger.py
[2024-12-26 15:34:59,369] {scheduler_job.py:643} INFO - DAG(s) dict_keys(['latest_only_with_trigger']) retrieved from /home/airflow/.local/lib/python3.6/site-packages/airflow/example_dags/example_latest_only_with_trigger.py
[2024-12-26 15:34:59,384] {logging_mixin.py:104} INFO - [2024-12-26 15:34:59,384] {dag.py:1833} INFO - Sync 1 DAGs
[2024-12-26 15:34:59,394] {logging_mixin.py:104} INFO - [2024-12-26 15:34:59,394] {dag.py:2306} INFO - Setting next_dagrun for latest_only_with_trigger to 2024-12-24 00:00:00+00:00
[2024-12-26 15:34:59,404] {scheduler_job.py:190} INFO - Processing /home/airflow/.local/lib/python3.6/site-packages/airflow/example_dags/example_latest_only_with_trigger.py took 0.047 seconds
[2024-12-26 15:35:29,757] {scheduler_job.py:182} INFO - Started process (PID=642) to work on /home/airflow/.local/lib/python3.6/site-packages/airflow/example_dags/example_latest_only_with_trigger.py
[2024-12-26 15:35:29,759] {scheduler_job.py:633} INFO - Processing file /home/airflow/.local/lib/python3.6/site-packages/airflow/example_dags/example_latest_only_with_trigger.py for tasks to queue
[2024-12-26 15:35:29,759] {logging_mixin.py:104} INFO - [2024-12-26 15:35:29,759] {dagbag.py:496} INFO - Filling up the DagBag from /home/airflow/.local/lib/python3.6/site-packages/airflow/example_dags/example_latest_only_with_trigger.py
[2024-12-26 15:35:29,767] {scheduler_job.py:643} INFO - DAG(s) dict_keys(['latest_only_with_trigger']) retrieved from /home/airflow/.local/lib/python3.6/site-packages/airflow/example_dags/example_latest_only_with_trigger.py
[2024-12-26 15:35:29,781] {logging_mixin.py:104} INFO - [2024-12-26 15:35:29,781] {dag.py:1833} INFO - Sync 1 DAGs
[2024-12-26 15:35:29,790] {logging_mixin.py:104} INFO - [2024-12-26 15:35:29,790] {dag.py:2306} INFO - Setting next_dagrun for latest_only_with_trigger to 2024-12-24 00:00:00+00:00
[2024-12-26 15:35:29,798] {scheduler_job.py:190} INFO - Processing /home/airflow/.local/lib/python3.6/site-packages/airflow/example_dags/example_latest_only_with_trigger.py took 0.042 seconds
[2024-12-26 15:36:00,134] {scheduler_job.py:182} INFO - Started process (PID=694) to work on /home/airflow/.local/lib/python3.6/site-packages/airflow/example_dags/example_latest_only_with_trigger.py
[2024-12-26 15:36:00,135] {scheduler_job.py:633} INFO - Processing file /home/airflow/.local/lib/python3.6/site-packages/airflow/example_dags/example_latest_only_with_trigger.py for tasks to queue
[2024-12-26 15:36:00,136] {logging_mixin.py:104} INFO - [2024-12-26 15:36:00,136] {dagbag.py:496} INFO - Filling up the DagBag from /home/airflow/.local/lib/python3.6/site-packages/airflow/example_dags/example_latest_only_with_trigger.py
[2024-12-26 15:36:00,144] {scheduler_job.py:643} INFO - DAG(s) dict_keys(['latest_only_with_trigger']) retrieved from /home/airflow/.local/lib/python3.6/site-packages/airflow/example_dags/example_latest_only_with_trigger.py
[2024-12-26 15:36:00,158] {logging_mixin.py:104} INFO - [2024-12-26 15:36:00,158] {dag.py:1833} INFO - Sync 1 DAGs
[2024-12-26 15:36:00,168] {logging_mixin.py:104} INFO - [2024-12-26 15:36:00,168] {dag.py:2306} INFO - Setting next_dagrun for latest_only_with_trigger to 2024-12-24 00:00:00+00:00
[2024-12-26 15:36:00,178] {scheduler_job.py:190} INFO - Processing /home/airflow/.local/lib/python3.6/site-packages/airflow/example_dags/example_latest_only_with_trigger.py took 0.047 seconds
[2024-12-26 15:36:30,428] {scheduler_job.py:182} INFO - Started process (PID=758) to work on /home/airflow/.local/lib/python3.6/site-packages/airflow/example_dags/example_latest_only_with_trigger.py
[2024-12-26 15:36:30,429] {scheduler_job.py:633} INFO - Processing file /home/airflow/.local/lib/python3.6/site-packages/airflow/example_dags/example_latest_only_with_trigger.py for tasks to queue
[2024-12-26 15:36:30,430] {logging_mixin.py:104} INFO - [2024-12-26 15:36:30,430] {dagbag.py:496} INFO - Filling up the DagBag from /home/airflow/.local/lib/python3.6/site-packages/airflow/example_dags/example_latest_only_with_trigger.py
[2024-12-26 15:36:30,438] {scheduler_job.py:643} INFO - DAG(s) dict_keys(['latest_only_with_trigger']) retrieved from /home/airflow/.local/lib/python3.6/site-packages/airflow/example_dags/example_latest_only_with_trigger.py
[2024-12-26 15:36:30,455] {logging_mixin.py:104} INFO - [2024-12-26 15:36:30,455] {dag.py:1833} INFO - Sync 1 DAGs
[2024-12-26 15:36:30,465] {logging_mixin.py:104} INFO - [2024-12-26 15:36:30,465] {dag.py:2306} INFO - Setting next_dagrun for latest_only_with_trigger to 2024-12-24 00:00:00+00:00
[2024-12-26 15:36:30,472] {scheduler_job.py:190} INFO - Processing /home/airflow/.local/lib/python3.6/site-packages/airflow/example_dags/example_latest_only_with_trigger.py took 0.046 seconds
[2024-12-26 15:37:01,003] {scheduler_job.py:182} INFO - Started process (PID=820) to work on /home/airflow/.local/lib/python3.6/site-packages/airflow/example_dags/example_latest_only_with_trigger.py
[2024-12-26 15:37:01,005] {scheduler_job.py:633} INFO - Processing file /home/airflow/.local/lib/python3.6/site-packages/airflow/example_dags/example_latest_only_with_trigger.py for tasks to queue
[2024-12-26 15:37:01,005] {logging_mixin.py:104} INFO - [2024-12-26 15:37:01,005] {dagbag.py:496} INFO - Filling up the DagBag from /home/airflow/.local/lib/python3.6/site-packages/airflow/example_dags/example_latest_only_with_trigger.py
[2024-12-26 15:37:01,013] {scheduler_job.py:643} INFO - DAG(s) dict_keys(['latest_only_with_trigger']) retrieved from /home/airflow/.local/lib/python3.6/site-packages/airflow/example_dags/example_latest_only_with_trigger.py
[2024-12-26 15:37:01,030] {logging_mixin.py:104} INFO - [2024-12-26 15:37:01,030] {dag.py:1833} INFO - Sync 1 DAGs
[2024-12-26 15:37:01,041] {logging_mixin.py:104} INFO - [2024-12-26 15:37:01,041] {dag.py:2306} INFO - Setting next_dagrun for latest_only_with_trigger to 2024-12-24 00:00:00+00:00
[2024-12-26 15:37:01,052] {scheduler_job.py:190} INFO - Processing /home/airflow/.local/lib/python3.6/site-packages/airflow/example_dags/example_latest_only_with_trigger.py took 0.051 seconds
[2024-12-26 15:37:31,445] {scheduler_job.py:182} INFO - Started process (PID=872) to work on /home/airflow/.local/lib/python3.6/site-packages/airflow/example_dags/example_latest_only_with_trigger.py
[2024-12-26 15:37:31,446] {scheduler_job.py:633} INFO - Processing file /home/airflow/.local/lib/python3.6/site-packages/airflow/example_dags/example_latest_only_with_trigger.py for tasks to queue
[2024-12-26 15:37:31,447] {logging_mixin.py:104} INFO - [2024-12-26 15:37:31,447] {dagbag.py:496} INFO - Filling up the DagBag from /home/airflow/.local/lib/python3.6/site-packages/airflow/example_dags/example_latest_only_with_trigger.py
[2024-12-26 15:37:31,454] {scheduler_job.py:643} INFO - DAG(s) dict_keys(['latest_only_with_trigger']) retrieved from /home/airflow/.local/lib/python3.6/site-packages/airflow/example_dags/example_latest_only_with_trigger.py
[2024-12-26 15:37:31,468] {logging_mixin.py:104} INFO - [2024-12-26 15:37:31,468] {dag.py:1833} INFO - Sync 1 DAGs
[2024-12-26 15:37:31,478] {logging_mixin.py:104} INFO - [2024-12-26 15:37:31,478] {dag.py:2306} INFO - Setting next_dagrun for latest_only_with_trigger to 2024-12-24 00:00:00+00:00
[2024-12-26 15:37:31,489] {scheduler_job.py:190} INFO - Processing /home/airflow/.local/lib/python3.6/site-packages/airflow/example_dags/example_latest_only_with_trigger.py took 0.046 seconds
[2024-12-26 15:38:01,769] {scheduler_job.py:182} INFO - Started process (PID=934) to work on /home/airflow/.local/lib/python3.6/site-packages/airflow/example_dags/example_latest_only_with_trigger.py
[2024-12-26 15:38:01,770] {scheduler_job.py:633} INFO - Processing file /home/airflow/.local/lib/python3.6/site-packages/airflow/example_dags/example_latest_only_with_trigger.py for tasks to queue
[2024-12-26 15:38:01,771] {logging_mixin.py:104} INFO - [2024-12-26 15:38:01,771] {dagbag.py:496} INFO - Filling up the DagBag from /home/airflow/.local/lib/python3.6/site-packages/airflow/example_dags/example_latest_only_with_trigger.py
[2024-12-26 15:38:01,778] {scheduler_job.py:643} INFO - DAG(s) dict_keys(['latest_only_with_trigger']) retrieved from /home/airflow/.local/lib/python3.6/site-packages/airflow/example_dags/example_latest_only_with_trigger.py
[2024-12-26 15:38:01,792] {logging_mixin.py:104} INFO - [2024-12-26 15:38:01,792] {dag.py:1833} INFO - Sync 1 DAGs
[2024-12-26 15:38:01,802] {logging_mixin.py:104} INFO - [2024-12-26 15:38:01,802] {dag.py:2306} INFO - Setting next_dagrun for latest_only_with_trigger to 2024-12-24 00:00:00+00:00
[2024-12-26 15:38:01,812] {scheduler_job.py:190} INFO - Processing /home/airflow/.local/lib/python3.6/site-packages/airflow/example_dags/example_latest_only_with_trigger.py took 0.045 seconds
[2024-12-26 15:38:32,168] {scheduler_job.py:182} INFO - Started process (PID=996) to work on /home/airflow/.local/lib/python3.6/site-packages/airflow/example_dags/example_latest_only_with_trigger.py
[2024-12-26 15:38:32,169] {scheduler_job.py:633} INFO - Processing file /home/airflow/.local/lib/python3.6/site-packages/airflow/example_dags/example_latest_only_with_trigger.py for tasks to queue
[2024-12-26 15:38:32,170] {logging_mixin.py:104} INFO - [2024-12-26 15:38:32,170] {dagbag.py:496} INFO - Filling up the DagBag from /home/airflow/.local/lib/python3.6/site-packages/airflow/example_dags/example_latest_only_with_trigger.py
[2024-12-26 15:38:32,177] {scheduler_job.py:643} INFO - DAG(s) dict_keys(['latest_only_with_trigger']) retrieved from /home/airflow/.local/lib/python3.6/site-packages/airflow/example_dags/example_latest_only_with_trigger.py
[2024-12-26 15:38:32,191] {logging_mixin.py:104} INFO - [2024-12-26 15:38:32,191] {dag.py:1833} INFO - Sync 1 DAGs
[2024-12-26 15:38:32,201] {logging_mixin.py:104} INFO - [2024-12-26 15:38:32,201] {dag.py:2306} INFO - Setting next_dagrun for latest_only_with_trigger to 2024-12-24 00:00:00+00:00
[2024-12-26 15:38:32,211] {scheduler_job.py:190} INFO - Processing /home/airflow/.local/lib/python3.6/site-packages/airflow/example_dags/example_latest_only_with_trigger.py took 0.045 seconds
[2024-12-26 15:39:02,577] {scheduler_job.py:182} INFO - Started process (PID=1057) to work on /home/airflow/.local/lib/python3.6/site-packages/airflow/example_dags/example_latest_only_with_trigger.py
[2024-12-26 15:39:02,578] {scheduler_job.py:633} INFO - Processing file /home/airflow/.local/lib/python3.6/site-packages/airflow/example_dags/example_latest_only_with_trigger.py for tasks to queue
[2024-12-26 15:39:02,579] {logging_mixin.py:104} INFO - [2024-12-26 15:39:02,579] {dagbag.py:496} INFO - Filling up the DagBag from /home/airflow/.local/lib/python3.6/site-packages/airflow/example_dags/example_latest_only_with_trigger.py
[2024-12-26 15:39:02,587] {scheduler_job.py:643} INFO - DAG(s) dict_keys(['latest_only_with_trigger']) retrieved from /home/airflow/.local/lib/python3.6/site-packages/airflow/example_dags/example_latest_only_with_trigger.py
[2024-12-26 15:39:02,600] {logging_mixin.py:104} INFO - [2024-12-26 15:39:02,600] {dag.py:1833} INFO - Sync 1 DAGs
[2024-12-26 15:39:02,610] {logging_mixin.py:104} INFO - [2024-12-26 15:39:02,610] {dag.py:2306} INFO - Setting next_dagrun for latest_only_with_trigger to 2024-12-24 00:00:00+00:00
[2024-12-26 15:39:02,617] {scheduler_job.py:190} INFO - Processing /home/airflow/.local/lib/python3.6/site-packages/airflow/example_dags/example_latest_only_with_trigger.py took 0.043 seconds
[2024-12-26 15:40:31,064] {scheduler_job.py:182} INFO - Started process (PID=40) to work on /home/airflow/.local/lib/python3.6/site-packages/airflow/example_dags/example_latest_only_with_trigger.py
[2024-12-26 15:40:31,065] {scheduler_job.py:633} INFO - Processing file /home/airflow/.local/lib/python3.6/site-packages/airflow/example_dags/example_latest_only_with_trigger.py for tasks to queue
[2024-12-26 15:40:31,066] {logging_mixin.py:104} INFO - [2024-12-26 15:40:31,066] {dagbag.py:496} INFO - Filling up the DagBag from /home/airflow/.local/lib/python3.6/site-packages/airflow/example_dags/example_latest_only_with_trigger.py
[2024-12-26 15:40:31,074] {scheduler_job.py:643} INFO - DAG(s) dict_keys(['latest_only_with_trigger']) retrieved from /home/airflow/.local/lib/python3.6/site-packages/airflow/example_dags/example_latest_only_with_trigger.py
[2024-12-26 15:40:31,092] {logging_mixin.py:104} INFO - [2024-12-26 15:40:31,091] {dag.py:1833} INFO - Sync 1 DAGs
[2024-12-26 15:40:31,103] {logging_mixin.py:104} INFO - [2024-12-26 15:40:31,103] {dag.py:2306} INFO - Setting next_dagrun for latest_only_with_trigger to 2024-12-24 00:00:00+00:00
[2024-12-26 15:40:31,115] {scheduler_job.py:190} INFO - Processing /home/airflow/.local/lib/python3.6/site-packages/airflow/example_dags/example_latest_only_with_trigger.py took 0.053 seconds
[2024-12-26 15:41:01,962] {scheduler_job.py:182} INFO - Started process (PID=102) to work on /home/airflow/.local/lib/python3.6/site-packages/airflow/example_dags/example_latest_only_with_trigger.py
[2024-12-26 15:41:01,963] {scheduler_job.py:633} INFO - Processing file /home/airflow/.local/lib/python3.6/site-packages/airflow/example_dags/example_latest_only_with_trigger.py for tasks to queue
[2024-12-26 15:41:01,964] {logging_mixin.py:104} INFO - [2024-12-26 15:41:01,964] {dagbag.py:496} INFO - Filling up the DagBag from /home/airflow/.local/lib/python3.6/site-packages/airflow/example_dags/example_latest_only_with_trigger.py
[2024-12-26 15:41:01,972] {scheduler_job.py:643} INFO - DAG(s) dict_keys(['latest_only_with_trigger']) retrieved from /home/airflow/.local/lib/python3.6/site-packages/airflow/example_dags/example_latest_only_with_trigger.py
[2024-12-26 15:41:01,988] {logging_mixin.py:104} INFO - [2024-12-26 15:41:01,988] {dag.py:1833} INFO - Sync 1 DAGs
[2024-12-26 15:41:01,998] {logging_mixin.py:104} INFO - [2024-12-26 15:41:01,998] {dag.py:2306} INFO - Setting next_dagrun for latest_only_with_trigger to 2024-12-24 00:00:00+00:00
[2024-12-26 15:41:02,009] {scheduler_job.py:190} INFO - Processing /home/airflow/.local/lib/python3.6/site-packages/airflow/example_dags/example_latest_only_with_trigger.py took 0.050 seconds
[2024-12-26 15:41:32,687] {scheduler_job.py:182} INFO - Started process (PID=154) to work on /home/airflow/.local/lib/python3.6/site-packages/airflow/example_dags/example_latest_only_with_trigger.py
[2024-12-26 15:41:32,688] {scheduler_job.py:633} INFO - Processing file /home/airflow/.local/lib/python3.6/site-packages/airflow/example_dags/example_latest_only_with_trigger.py for tasks to queue
[2024-12-26 15:41:32,689] {logging_mixin.py:104} INFO - [2024-12-26 15:41:32,689] {dagbag.py:496} INFO - Filling up the DagBag from /home/airflow/.local/lib/python3.6/site-packages/airflow/example_dags/example_latest_only_with_trigger.py
[2024-12-26 15:41:32,696] {scheduler_job.py:643} INFO - DAG(s) dict_keys(['latest_only_with_trigger']) retrieved from /home/airflow/.local/lib/python3.6/site-packages/airflow/example_dags/example_latest_only_with_trigger.py
[2024-12-26 15:41:32,710] {logging_mixin.py:104} INFO - [2024-12-26 15:41:32,710] {dag.py:1833} INFO - Sync 1 DAGs
[2024-12-26 15:41:32,720] {logging_mixin.py:104} INFO - [2024-12-26 15:41:32,720] {dag.py:2306} INFO - Setting next_dagrun for latest_only_with_trigger to 2024-12-24 00:00:00+00:00
[2024-12-26 15:41:32,730] {scheduler_job.py:190} INFO - Processing /home/airflow/.local/lib/python3.6/site-packages/airflow/example_dags/example_latest_only_with_trigger.py took 0.045 seconds
[2024-12-26 15:42:03,367] {scheduler_job.py:182} INFO - Started process (PID=217) to work on /home/airflow/.local/lib/python3.6/site-packages/airflow/example_dags/example_latest_only_with_trigger.py
[2024-12-26 15:42:03,369] {scheduler_job.py:633} INFO - Processing file /home/airflow/.local/lib/python3.6/site-packages/airflow/example_dags/example_latest_only_with_trigger.py for tasks to queue
[2024-12-26 15:42:03,370] {logging_mixin.py:104} INFO - [2024-12-26 15:42:03,370] {dagbag.py:496} INFO - Filling up the DagBag from /home/airflow/.local/lib/python3.6/site-packages/airflow/example_dags/example_latest_only_with_trigger.py
[2024-12-26 15:42:03,377] {scheduler_job.py:643} INFO - DAG(s) dict_keys(['latest_only_with_trigger']) retrieved from /home/airflow/.local/lib/python3.6/site-packages/airflow/example_dags/example_latest_only_with_trigger.py
[2024-12-26 15:42:03,391] {logging_mixin.py:104} INFO - [2024-12-26 15:42:03,391] {dag.py:1833} INFO - Sync 1 DAGs
[2024-12-26 15:42:03,400] {logging_mixin.py:104} INFO - [2024-12-26 15:42:03,400] {dag.py:2306} INFO - Setting next_dagrun for latest_only_with_trigger to 2024-12-24 00:00:00+00:00
[2024-12-26 15:42:03,411] {scheduler_job.py:190} INFO - Processing /home/airflow/.local/lib/python3.6/site-packages/airflow/example_dags/example_latest_only_with_trigger.py took 0.045 seconds
[2024-12-26 15:42:36,152] {scheduler_job.py:182} INFO - Started process (PID=40) to work on /home/airflow/.local/lib/python3.6/site-packages/airflow/example_dags/example_latest_only_with_trigger.py
[2024-12-26 15:42:36,153] {scheduler_job.py:633} INFO - Processing file /home/airflow/.local/lib/python3.6/site-packages/airflow/example_dags/example_latest_only_with_trigger.py for tasks to queue
[2024-12-26 15:42:36,154] {logging_mixin.py:104} INFO - [2024-12-26 15:42:36,154] {dagbag.py:496} INFO - Filling up the DagBag from /home/airflow/.local/lib/python3.6/site-packages/airflow/example_dags/example_latest_only_with_trigger.py
[2024-12-26 15:42:36,163] {scheduler_job.py:643} INFO - DAG(s) dict_keys(['latest_only_with_trigger']) retrieved from /home/airflow/.local/lib/python3.6/site-packages/airflow/example_dags/example_latest_only_with_trigger.py
[2024-12-26 15:42:36,182] {logging_mixin.py:104} INFO - [2024-12-26 15:42:36,182] {dag.py:1833} INFO - Sync 1 DAGs
[2024-12-26 15:42:36,193] {logging_mixin.py:104} INFO - [2024-12-26 15:42:36,193] {dag.py:2306} INFO - Setting next_dagrun for latest_only_with_trigger to 2024-12-24 00:00:00+00:00
[2024-12-26 15:42:36,209] {scheduler_job.py:190} INFO - Processing /home/airflow/.local/lib/python3.6/site-packages/airflow/example_dags/example_latest_only_with_trigger.py took 0.059 seconds
[2024-12-26 15:43:07,164] {scheduler_job.py:182} INFO - Started process (PID=102) to work on /home/airflow/.local/lib/python3.6/site-packages/airflow/example_dags/example_latest_only_with_trigger.py
[2024-12-26 15:43:07,165] {scheduler_job.py:633} INFO - Processing file /home/airflow/.local/lib/python3.6/site-packages/airflow/example_dags/example_latest_only_with_trigger.py for tasks to queue
[2024-12-26 15:43:07,166] {logging_mixin.py:104} INFO - [2024-12-26 15:43:07,166] {dagbag.py:496} INFO - Filling up the DagBag from /home/airflow/.local/lib/python3.6/site-packages/airflow/example_dags/example_latest_only_with_trigger.py
[2024-12-26 15:43:07,172] {scheduler_job.py:643} INFO - DAG(s) dict_keys(['latest_only_with_trigger']) retrieved from /home/airflow/.local/lib/python3.6/site-packages/airflow/example_dags/example_latest_only_with_trigger.py
[2024-12-26 15:43:07,188] {logging_mixin.py:104} INFO - [2024-12-26 15:43:07,187] {dag.py:1833} INFO - Sync 1 DAGs
[2024-12-26 15:43:07,197] {logging_mixin.py:104} INFO - [2024-12-26 15:43:07,197] {dag.py:2306} INFO - Setting next_dagrun for latest_only_with_trigger to 2024-12-24 00:00:00+00:00
[2024-12-26 15:43:07,211] {scheduler_job.py:190} INFO - Processing /home/airflow/.local/lib/python3.6/site-packages/airflow/example_dags/example_latest_only_with_trigger.py took 0.049 seconds
