[2024-12-26 15:32:43,694] {scheduler_job.py:182} INFO - Started process (PID=273) to work on /home/airflow/.local/lib/python3.6/site-packages/airflow/example_dags/example_task_group_decorator.py
[2024-12-26 15:32:43,695] {scheduler_job.py:633} INFO - Processing file /home/airflow/.local/lib/python3.6/site-packages/airflow/example_dags/example_task_group_decorator.py for tasks to queue
[2024-12-26 15:32:43,696] {logging_mixin.py:104} INFO - [2024-12-26 15:32:43,696] {dagbag.py:496} INFO - Filling up the DagBag from /home/airflow/.local/lib/python3.6/site-packages/airflow/example_dags/example_task_group_decorator.py
[2024-12-26 15:32:43,713] {scheduler_job.py:643} INFO - DAG(s) dict_keys(['example_task_group_decorator']) retrieved from /home/airflow/.local/lib/python3.6/site-packages/airflow/example_dags/example_task_group_decorator.py
[2024-12-26 15:32:45,150] {logging_mixin.py:104} INFO - [2024-12-26 15:32:45,150] {dag.py:1833} INFO - Sync 1 DAGs
[2024-12-26 15:32:45,157] {logging_mixin.py:104} INFO - [2024-12-26 15:32:45,156] {dag.py:1852} INFO - Creating ORM DAG for example_task_group_decorator
[2024-12-26 15:32:45,160] {logging_mixin.py:104} INFO - [2024-12-26 15:32:45,160] {dag.py:2306} INFO - Setting next_dagrun for example_task_group_decorator to 2024-12-24 00:00:00+00:00
[2024-12-26 15:32:45,171] {scheduler_job.py:190} INFO - Processing /home/airflow/.local/lib/python3.6/site-packages/airflow/example_dags/example_task_group_decorator.py took 1.480 seconds
[2024-12-26 15:33:15,235] {scheduler_job.py:182} INFO - Started process (PID=383) to work on /home/airflow/.local/lib/python3.6/site-packages/airflow/example_dags/example_task_group_decorator.py
[2024-12-26 15:33:15,236] {scheduler_job.py:633} INFO - Processing file /home/airflow/.local/lib/python3.6/site-packages/airflow/example_dags/example_task_group_decorator.py for tasks to queue
[2024-12-26 15:33:15,237] {logging_mixin.py:104} INFO - [2024-12-26 15:33:15,237] {dagbag.py:496} INFO - Filling up the DagBag from /home/airflow/.local/lib/python3.6/site-packages/airflow/example_dags/example_task_group_decorator.py
[2024-12-26 15:33:15,253] {scheduler_job.py:643} INFO - DAG(s) dict_keys(['example_task_group_decorator']) retrieved from /home/airflow/.local/lib/python3.6/site-packages/airflow/example_dags/example_task_group_decorator.py
[2024-12-26 15:33:15,391] {logging_mixin.py:104} INFO - [2024-12-26 15:33:15,391] {dag.py:1833} INFO - Sync 1 DAGs
[2024-12-26 15:33:15,401] {logging_mixin.py:104} INFO - [2024-12-26 15:33:15,400] {dag.py:2306} INFO - Setting next_dagrun for example_task_group_decorator to 2024-12-24 00:00:00+00:00
[2024-12-26 15:33:15,422] {scheduler_job.py:190} INFO - Processing /home/airflow/.local/lib/python3.6/site-packages/airflow/example_dags/example_task_group_decorator.py took 0.190 seconds
[2024-12-26 15:33:45,562] {scheduler_job.py:182} INFO - Started process (PID=435) to work on /home/airflow/.local/lib/python3.6/site-packages/airflow/example_dags/example_task_group_decorator.py
[2024-12-26 15:33:45,564] {scheduler_job.py:633} INFO - Processing file /home/airflow/.local/lib/python3.6/site-packages/airflow/example_dags/example_task_group_decorator.py for tasks to queue
[2024-12-26 15:33:45,565] {logging_mixin.py:104} INFO - [2024-12-26 15:33:45,565] {dagbag.py:496} INFO - Filling up the DagBag from /home/airflow/.local/lib/python3.6/site-packages/airflow/example_dags/example_task_group_decorator.py
[2024-12-26 15:33:45,579] {scheduler_job.py:643} INFO - DAG(s) dict_keys(['example_task_group_decorator']) retrieved from /home/airflow/.local/lib/python3.6/site-packages/airflow/example_dags/example_task_group_decorator.py
[2024-12-26 15:33:45,706] {logging_mixin.py:104} INFO - [2024-12-26 15:33:45,706] {dag.py:1833} INFO - Sync 1 DAGs
[2024-12-26 15:33:45,716] {logging_mixin.py:104} INFO - [2024-12-26 15:33:45,716] {dag.py:2306} INFO - Setting next_dagrun for example_task_group_decorator to 2024-12-24 00:00:00+00:00
[2024-12-26 15:33:45,727] {scheduler_job.py:190} INFO - Processing /home/airflow/.local/lib/python3.6/site-packages/airflow/example_dags/example_task_group_decorator.py took 0.167 seconds
[2024-12-26 15:34:15,832] {scheduler_job.py:182} INFO - Started process (PID=497) to work on /home/airflow/.local/lib/python3.6/site-packages/airflow/example_dags/example_task_group_decorator.py
[2024-12-26 15:34:15,833] {scheduler_job.py:633} INFO - Processing file /home/airflow/.local/lib/python3.6/site-packages/airflow/example_dags/example_task_group_decorator.py for tasks to queue
[2024-12-26 15:34:15,833] {logging_mixin.py:104} INFO - [2024-12-26 15:34:15,833] {dagbag.py:496} INFO - Filling up the DagBag from /home/airflow/.local/lib/python3.6/site-packages/airflow/example_dags/example_task_group_decorator.py
[2024-12-26 15:34:15,848] {scheduler_job.py:643} INFO - DAG(s) dict_keys(['example_task_group_decorator']) retrieved from /home/airflow/.local/lib/python3.6/site-packages/airflow/example_dags/example_task_group_decorator.py
[2024-12-26 15:34:15,978] {logging_mixin.py:104} INFO - [2024-12-26 15:34:15,978] {dag.py:1833} INFO - Sync 1 DAGs
[2024-12-26 15:34:15,988] {logging_mixin.py:104} INFO - [2024-12-26 15:34:15,988] {dag.py:2306} INFO - Setting next_dagrun for example_task_group_decorator to 2024-12-24 00:00:00+00:00
[2024-12-26 15:34:16,098] {scheduler_job.py:190} INFO - Processing /home/airflow/.local/lib/python3.6/site-packages/airflow/example_dags/example_task_group_decorator.py took 0.269 seconds
[2024-12-26 15:34:46,148] {scheduler_job.py:182} INFO - Started process (PID=560) to work on /home/airflow/.local/lib/python3.6/site-packages/airflow/example_dags/example_task_group_decorator.py
[2024-12-26 15:34:46,150] {scheduler_job.py:633} INFO - Processing file /home/airflow/.local/lib/python3.6/site-packages/airflow/example_dags/example_task_group_decorator.py for tasks to queue
[2024-12-26 15:34:46,151] {logging_mixin.py:104} INFO - [2024-12-26 15:34:46,150] {dagbag.py:496} INFO - Filling up the DagBag from /home/airflow/.local/lib/python3.6/site-packages/airflow/example_dags/example_task_group_decorator.py
[2024-12-26 15:34:46,164] {scheduler_job.py:643} INFO - DAG(s) dict_keys(['example_task_group_decorator']) retrieved from /home/airflow/.local/lib/python3.6/site-packages/airflow/example_dags/example_task_group_decorator.py
[2024-12-26 15:34:46,290] {logging_mixin.py:104} INFO - [2024-12-26 15:34:46,290] {dag.py:1833} INFO - Sync 1 DAGs
[2024-12-26 15:34:46,299] {logging_mixin.py:104} INFO - [2024-12-26 15:34:46,299] {dag.py:2306} INFO - Setting next_dagrun for example_task_group_decorator to 2024-12-24 00:00:00+00:00
[2024-12-26 15:34:46,315] {scheduler_job.py:190} INFO - Processing /home/airflow/.local/lib/python3.6/site-packages/airflow/example_dags/example_task_group_decorator.py took 0.169 seconds
[2024-12-26 15:35:17,243] {scheduler_job.py:182} INFO - Started process (PID=612) to work on /home/airflow/.local/lib/python3.6/site-packages/airflow/example_dags/example_task_group_decorator.py
[2024-12-26 15:35:17,244] {scheduler_job.py:633} INFO - Processing file /home/airflow/.local/lib/python3.6/site-packages/airflow/example_dags/example_task_group_decorator.py for tasks to queue
[2024-12-26 15:35:17,245] {logging_mixin.py:104} INFO - [2024-12-26 15:35:17,245] {dagbag.py:496} INFO - Filling up the DagBag from /home/airflow/.local/lib/python3.6/site-packages/airflow/example_dags/example_task_group_decorator.py
[2024-12-26 15:35:17,259] {scheduler_job.py:643} INFO - DAG(s) dict_keys(['example_task_group_decorator']) retrieved from /home/airflow/.local/lib/python3.6/site-packages/airflow/example_dags/example_task_group_decorator.py
[2024-12-26 15:35:17,381] {logging_mixin.py:104} INFO - [2024-12-26 15:35:17,380] {dag.py:1833} INFO - Sync 1 DAGs
[2024-12-26 15:35:17,389] {logging_mixin.py:104} INFO - [2024-12-26 15:35:17,389] {dag.py:2306} INFO - Setting next_dagrun for example_task_group_decorator to 2024-12-24 00:00:00+00:00
[2024-12-26 15:35:17,401] {scheduler_job.py:190} INFO - Processing /home/airflow/.local/lib/python3.6/site-packages/airflow/example_dags/example_task_group_decorator.py took 0.160 seconds
[2024-12-26 15:35:47,564] {scheduler_job.py:182} INFO - Started process (PID=674) to work on /home/airflow/.local/lib/python3.6/site-packages/airflow/example_dags/example_task_group_decorator.py
[2024-12-26 15:35:47,565] {scheduler_job.py:633} INFO - Processing file /home/airflow/.local/lib/python3.6/site-packages/airflow/example_dags/example_task_group_decorator.py for tasks to queue
[2024-12-26 15:35:47,566] {logging_mixin.py:104} INFO - [2024-12-26 15:35:47,566] {dagbag.py:496} INFO - Filling up the DagBag from /home/airflow/.local/lib/python3.6/site-packages/airflow/example_dags/example_task_group_decorator.py
[2024-12-26 15:35:47,580] {scheduler_job.py:643} INFO - DAG(s) dict_keys(['example_task_group_decorator']) retrieved from /home/airflow/.local/lib/python3.6/site-packages/airflow/example_dags/example_task_group_decorator.py
[2024-12-26 15:35:47,703] {logging_mixin.py:104} INFO - [2024-12-26 15:35:47,703] {dag.py:1833} INFO - Sync 1 DAGs
[2024-12-26 15:35:47,712] {logging_mixin.py:104} INFO - [2024-12-26 15:35:47,712] {dag.py:2306} INFO - Setting next_dagrun for example_task_group_decorator to 2024-12-24 00:00:00+00:00
[2024-12-26 15:35:47,727] {scheduler_job.py:190} INFO - Processing /home/airflow/.local/lib/python3.6/site-packages/airflow/example_dags/example_task_group_decorator.py took 0.166 seconds
[2024-12-26 15:36:17,965] {scheduler_job.py:182} INFO - Started process (PID=738) to work on /home/airflow/.local/lib/python3.6/site-packages/airflow/example_dags/example_task_group_decorator.py
[2024-12-26 15:36:17,966] {scheduler_job.py:633} INFO - Processing file /home/airflow/.local/lib/python3.6/site-packages/airflow/example_dags/example_task_group_decorator.py for tasks to queue
[2024-12-26 15:36:17,967] {logging_mixin.py:104} INFO - [2024-12-26 15:36:17,967] {dagbag.py:496} INFO - Filling up the DagBag from /home/airflow/.local/lib/python3.6/site-packages/airflow/example_dags/example_task_group_decorator.py
[2024-12-26 15:36:17,982] {scheduler_job.py:643} INFO - DAG(s) dict_keys(['example_task_group_decorator']) retrieved from /home/airflow/.local/lib/python3.6/site-packages/airflow/example_dags/example_task_group_decorator.py
[2024-12-26 15:36:18,104] {logging_mixin.py:104} INFO - [2024-12-26 15:36:18,104] {dag.py:1833} INFO - Sync 1 DAGs
[2024-12-26 15:36:18,112] {logging_mixin.py:104} INFO - [2024-12-26 15:36:18,112] {dag.py:2306} INFO - Setting next_dagrun for example_task_group_decorator to 2024-12-24 00:00:00+00:00
[2024-12-26 15:36:18,124] {scheduler_job.py:190} INFO - Processing /home/airflow/.local/lib/python3.6/site-packages/airflow/example_dags/example_task_group_decorator.py took 0.160 seconds
[2024-12-26 15:36:48,265] {scheduler_job.py:182} INFO - Started process (PID=800) to work on /home/airflow/.local/lib/python3.6/site-packages/airflow/example_dags/example_task_group_decorator.py
[2024-12-26 15:36:48,266] {scheduler_job.py:633} INFO - Processing file /home/airflow/.local/lib/python3.6/site-packages/airflow/example_dags/example_task_group_decorator.py for tasks to queue
[2024-12-26 15:36:48,266] {logging_mixin.py:104} INFO - [2024-12-26 15:36:48,266] {dagbag.py:496} INFO - Filling up the DagBag from /home/airflow/.local/lib/python3.6/site-packages/airflow/example_dags/example_task_group_decorator.py
[2024-12-26 15:36:48,281] {scheduler_job.py:643} INFO - DAG(s) dict_keys(['example_task_group_decorator']) retrieved from /home/airflow/.local/lib/python3.6/site-packages/airflow/example_dags/example_task_group_decorator.py
[2024-12-26 15:36:48,410] {logging_mixin.py:104} INFO - [2024-12-26 15:36:48,409] {dag.py:1833} INFO - Sync 1 DAGs
[2024-12-26 15:36:48,420] {logging_mixin.py:104} INFO - [2024-12-26 15:36:48,420] {dag.py:2306} INFO - Setting next_dagrun for example_task_group_decorator to 2024-12-24 00:00:00+00:00
[2024-12-26 15:36:48,434] {scheduler_job.py:190} INFO - Processing /home/airflow/.local/lib/python3.6/site-packages/airflow/example_dags/example_task_group_decorator.py took 0.171 seconds
[2024-12-26 15:37:18,692] {scheduler_job.py:182} INFO - Started process (PID=852) to work on /home/airflow/.local/lib/python3.6/site-packages/airflow/example_dags/example_task_group_decorator.py
[2024-12-26 15:37:18,694] {scheduler_job.py:633} INFO - Processing file /home/airflow/.local/lib/python3.6/site-packages/airflow/example_dags/example_task_group_decorator.py for tasks to queue
[2024-12-26 15:37:18,694] {logging_mixin.py:104} INFO - [2024-12-26 15:37:18,694] {dagbag.py:496} INFO - Filling up the DagBag from /home/airflow/.local/lib/python3.6/site-packages/airflow/example_dags/example_task_group_decorator.py
[2024-12-26 15:37:18,709] {scheduler_job.py:643} INFO - DAG(s) dict_keys(['example_task_group_decorator']) retrieved from /home/airflow/.local/lib/python3.6/site-packages/airflow/example_dags/example_task_group_decorator.py
[2024-12-26 15:37:18,831] {logging_mixin.py:104} INFO - [2024-12-26 15:37:18,831] {dag.py:1833} INFO - Sync 1 DAGs
[2024-12-26 15:37:18,839] {logging_mixin.py:104} INFO - [2024-12-26 15:37:18,839] {dag.py:2306} INFO - Setting next_dagrun for example_task_group_decorator to 2024-12-24 00:00:00+00:00
[2024-12-26 15:37:18,851] {scheduler_job.py:190} INFO - Processing /home/airflow/.local/lib/python3.6/site-packages/airflow/example_dags/example_task_group_decorator.py took 0.160 seconds
[2024-12-26 15:37:49,242] {scheduler_job.py:182} INFO - Started process (PID=914) to work on /home/airflow/.local/lib/python3.6/site-packages/airflow/example_dags/example_task_group_decorator.py
[2024-12-26 15:37:49,244] {scheduler_job.py:633} INFO - Processing file /home/airflow/.local/lib/python3.6/site-packages/airflow/example_dags/example_task_group_decorator.py for tasks to queue
[2024-12-26 15:37:49,244] {logging_mixin.py:104} INFO - [2024-12-26 15:37:49,244] {dagbag.py:496} INFO - Filling up the DagBag from /home/airflow/.local/lib/python3.6/site-packages/airflow/example_dags/example_task_group_decorator.py
[2024-12-26 15:37:49,259] {scheduler_job.py:643} INFO - DAG(s) dict_keys(['example_task_group_decorator']) retrieved from /home/airflow/.local/lib/python3.6/site-packages/airflow/example_dags/example_task_group_decorator.py
[2024-12-26 15:37:49,385] {logging_mixin.py:104} INFO - [2024-12-26 15:37:49,385] {dag.py:1833} INFO - Sync 1 DAGs
[2024-12-26 15:37:49,395] {logging_mixin.py:104} INFO - [2024-12-26 15:37:49,395] {dag.py:2306} INFO - Setting next_dagrun for example_task_group_decorator to 2024-12-24 00:00:00+00:00
[2024-12-26 15:37:49,410] {scheduler_job.py:190} INFO - Processing /home/airflow/.local/lib/python3.6/site-packages/airflow/example_dags/example_task_group_decorator.py took 0.170 seconds
[2024-12-26 15:38:19,531] {scheduler_job.py:182} INFO - Started process (PID=976) to work on /home/airflow/.local/lib/python3.6/site-packages/airflow/example_dags/example_task_group_decorator.py
[2024-12-26 15:38:19,532] {scheduler_job.py:633} INFO - Processing file /home/airflow/.local/lib/python3.6/site-packages/airflow/example_dags/example_task_group_decorator.py for tasks to queue
[2024-12-26 15:38:19,533] {logging_mixin.py:104} INFO - [2024-12-26 15:38:19,533] {dagbag.py:496} INFO - Filling up the DagBag from /home/airflow/.local/lib/python3.6/site-packages/airflow/example_dags/example_task_group_decorator.py
[2024-12-26 15:38:19,547] {scheduler_job.py:643} INFO - DAG(s) dict_keys(['example_task_group_decorator']) retrieved from /home/airflow/.local/lib/python3.6/site-packages/airflow/example_dags/example_task_group_decorator.py
[2024-12-26 15:38:19,673] {logging_mixin.py:104} INFO - [2024-12-26 15:38:19,673] {dag.py:1833} INFO - Sync 1 DAGs
[2024-12-26 15:38:19,682] {logging_mixin.py:104} INFO - [2024-12-26 15:38:19,682] {dag.py:2306} INFO - Setting next_dagrun for example_task_group_decorator to 2024-12-24 00:00:00+00:00
[2024-12-26 15:38:19,692] {scheduler_job.py:190} INFO - Processing /home/airflow/.local/lib/python3.6/site-packages/airflow/example_dags/example_task_group_decorator.py took 0.163 seconds
[2024-12-26 15:38:49,850] {scheduler_job.py:182} INFO - Started process (PID=1028) to work on /home/airflow/.local/lib/python3.6/site-packages/airflow/example_dags/example_task_group_decorator.py
[2024-12-26 15:38:49,851] {scheduler_job.py:633} INFO - Processing file /home/airflow/.local/lib/python3.6/site-packages/airflow/example_dags/example_task_group_decorator.py for tasks to queue
[2024-12-26 15:38:49,852] {logging_mixin.py:104} INFO - [2024-12-26 15:38:49,852] {dagbag.py:496} INFO - Filling up the DagBag from /home/airflow/.local/lib/python3.6/site-packages/airflow/example_dags/example_task_group_decorator.py
[2024-12-26 15:38:49,867] {scheduler_job.py:643} INFO - DAG(s) dict_keys(['example_task_group_decorator']) retrieved from /home/airflow/.local/lib/python3.6/site-packages/airflow/example_dags/example_task_group_decorator.py
[2024-12-26 15:38:49,990] {logging_mixin.py:104} INFO - [2024-12-26 15:38:49,990] {dag.py:1833} INFO - Sync 1 DAGs
[2024-12-26 15:38:49,999] {logging_mixin.py:104} INFO - [2024-12-26 15:38:49,999] {dag.py:2306} INFO - Setting next_dagrun for example_task_group_decorator to 2024-12-24 00:00:00+00:00
[2024-12-26 15:38:50,011] {scheduler_job.py:190} INFO - Processing /home/airflow/.local/lib/python3.6/site-packages/airflow/example_dags/example_task_group_decorator.py took 0.164 seconds
[2024-12-26 15:40:32,140] {scheduler_job.py:182} INFO - Started process (PID=61) to work on /home/airflow/.local/lib/python3.6/site-packages/airflow/example_dags/example_task_group_decorator.py
[2024-12-26 15:40:32,141] {scheduler_job.py:633} INFO - Processing file /home/airflow/.local/lib/python3.6/site-packages/airflow/example_dags/example_task_group_decorator.py for tasks to queue
[2024-12-26 15:40:32,142] {logging_mixin.py:104} INFO - [2024-12-26 15:40:32,142] {dagbag.py:496} INFO - Filling up the DagBag from /home/airflow/.local/lib/python3.6/site-packages/airflow/example_dags/example_task_group_decorator.py
[2024-12-26 15:40:32,162] {scheduler_job.py:643} INFO - DAG(s) dict_keys(['example_task_group_decorator']) retrieved from /home/airflow/.local/lib/python3.6/site-packages/airflow/example_dags/example_task_group_decorator.py
[2024-12-26 15:40:32,327] {logging_mixin.py:104} INFO - [2024-12-26 15:40:32,327] {dag.py:1833} INFO - Sync 1 DAGs
[2024-12-26 15:40:32,341] {logging_mixin.py:104} INFO - [2024-12-26 15:40:32,341] {dag.py:2306} INFO - Setting next_dagrun for example_task_group_decorator to 2024-12-24 00:00:00+00:00
[2024-12-26 15:40:32,359] {scheduler_job.py:190} INFO - Processing /home/airflow/.local/lib/python3.6/site-packages/airflow/example_dags/example_task_group_decorator.py took 0.222 seconds
[2024-12-26 15:41:02,946] {scheduler_job.py:182} INFO - Started process (PID=123) to work on /home/airflow/.local/lib/python3.6/site-packages/airflow/example_dags/example_task_group_decorator.py
[2024-12-26 15:41:02,948] {scheduler_job.py:633} INFO - Processing file /home/airflow/.local/lib/python3.6/site-packages/airflow/example_dags/example_task_group_decorator.py for tasks to queue
[2024-12-26 15:41:02,949] {logging_mixin.py:104} INFO - [2024-12-26 15:41:02,949] {dagbag.py:496} INFO - Filling up the DagBag from /home/airflow/.local/lib/python3.6/site-packages/airflow/example_dags/example_task_group_decorator.py
[2024-12-26 15:41:02,966] {scheduler_job.py:643} INFO - DAG(s) dict_keys(['example_task_group_decorator']) retrieved from /home/airflow/.local/lib/python3.6/site-packages/airflow/example_dags/example_task_group_decorator.py
[2024-12-26 15:41:03,089] {logging_mixin.py:104} INFO - [2024-12-26 15:41:03,089] {dag.py:1833} INFO - Sync 1 DAGs
[2024-12-26 15:41:03,098] {logging_mixin.py:104} INFO - [2024-12-26 15:41:03,097] {dag.py:2306} INFO - Setting next_dagrun for example_task_group_decorator to 2024-12-24 00:00:00+00:00
[2024-12-26 15:41:03,108] {scheduler_job.py:190} INFO - Processing /home/airflow/.local/lib/python3.6/site-packages/airflow/example_dags/example_task_group_decorator.py took 0.164 seconds
[2024-12-26 15:41:33,616] {scheduler_job.py:182} INFO - Started process (PID=185) to work on /home/airflow/.local/lib/python3.6/site-packages/airflow/example_dags/example_task_group_decorator.py
[2024-12-26 15:41:33,617] {scheduler_job.py:633} INFO - Processing file /home/airflow/.local/lib/python3.6/site-packages/airflow/example_dags/example_task_group_decorator.py for tasks to queue
[2024-12-26 15:41:33,618] {logging_mixin.py:104} INFO - [2024-12-26 15:41:33,617] {dagbag.py:496} INFO - Filling up the DagBag from /home/airflow/.local/lib/python3.6/site-packages/airflow/example_dags/example_task_group_decorator.py
[2024-12-26 15:41:33,632] {scheduler_job.py:643} INFO - DAG(s) dict_keys(['example_task_group_decorator']) retrieved from /home/airflow/.local/lib/python3.6/site-packages/airflow/example_dags/example_task_group_decorator.py
[2024-12-26 15:41:33,757] {logging_mixin.py:104} INFO - [2024-12-26 15:41:33,757] {dag.py:1833} INFO - Sync 1 DAGs
[2024-12-26 15:41:33,766] {logging_mixin.py:104} INFO - [2024-12-26 15:41:33,766] {dag.py:2306} INFO - Setting next_dagrun for example_task_group_decorator to 2024-12-24 00:00:00+00:00
[2024-12-26 15:41:33,780] {scheduler_job.py:190} INFO - Processing /home/airflow/.local/lib/python3.6/site-packages/airflow/example_dags/example_task_group_decorator.py took 0.166 seconds
[2024-12-26 15:42:04,301] {scheduler_job.py:182} INFO - Started process (PID=239) to work on /home/airflow/.local/lib/python3.6/site-packages/airflow/example_dags/example_task_group_decorator.py
[2024-12-26 15:42:04,302] {scheduler_job.py:633} INFO - Processing file /home/airflow/.local/lib/python3.6/site-packages/airflow/example_dags/example_task_group_decorator.py for tasks to queue
[2024-12-26 15:42:04,303] {logging_mixin.py:104} INFO - [2024-12-26 15:42:04,303] {dagbag.py:496} INFO - Filling up the DagBag from /home/airflow/.local/lib/python3.6/site-packages/airflow/example_dags/example_task_group_decorator.py
[2024-12-26 15:42:04,318] {scheduler_job.py:643} INFO - DAG(s) dict_keys(['example_task_group_decorator']) retrieved from /home/airflow/.local/lib/python3.6/site-packages/airflow/example_dags/example_task_group_decorator.py
[2024-12-26 15:42:04,440] {logging_mixin.py:104} INFO - [2024-12-26 15:42:04,440] {dag.py:1833} INFO - Sync 1 DAGs
[2024-12-26 15:42:04,450] {logging_mixin.py:104} INFO - [2024-12-26 15:42:04,450] {dag.py:2306} INFO - Setting next_dagrun for example_task_group_decorator to 2024-12-24 00:00:00+00:00
[2024-12-26 15:42:04,462] {scheduler_job.py:190} INFO - Processing /home/airflow/.local/lib/python3.6/site-packages/airflow/example_dags/example_task_group_decorator.py took 0.163 seconds
[2024-12-26 15:42:37,363] {scheduler_job.py:182} INFO - Started process (PID=61) to work on /home/airflow/.local/lib/python3.6/site-packages/airflow/example_dags/example_task_group_decorator.py
[2024-12-26 15:42:37,364] {scheduler_job.py:633} INFO - Processing file /home/airflow/.local/lib/python3.6/site-packages/airflow/example_dags/example_task_group_decorator.py for tasks to queue
[2024-12-26 15:42:37,365] {logging_mixin.py:104} INFO - [2024-12-26 15:42:37,365] {dagbag.py:496} INFO - Filling up the DagBag from /home/airflow/.local/lib/python3.6/site-packages/airflow/example_dags/example_task_group_decorator.py
[2024-12-26 15:42:37,389] {scheduler_job.py:643} INFO - DAG(s) dict_keys(['example_task_group_decorator']) retrieved from /home/airflow/.local/lib/python3.6/site-packages/airflow/example_dags/example_task_group_decorator.py
[2024-12-26 15:42:37,531] {logging_mixin.py:104} INFO - [2024-12-26 15:42:37,531] {dag.py:1833} INFO - Sync 1 DAGs
[2024-12-26 15:42:37,541] {logging_mixin.py:104} INFO - [2024-12-26 15:42:37,541] {dag.py:2306} INFO - Setting next_dagrun for example_task_group_decorator to 2024-12-24 00:00:00+00:00
[2024-12-26 15:42:37,556] {scheduler_job.py:190} INFO - Processing /home/airflow/.local/lib/python3.6/site-packages/airflow/example_dags/example_task_group_decorator.py took 0.196 seconds
[2024-12-26 15:43:08,287] {scheduler_job.py:182} INFO - Started process (PID=123) to work on /home/airflow/.local/lib/python3.6/site-packages/airflow/example_dags/example_task_group_decorator.py
[2024-12-26 15:43:08,288] {scheduler_job.py:633} INFO - Processing file /home/airflow/.local/lib/python3.6/site-packages/airflow/example_dags/example_task_group_decorator.py for tasks to queue
[2024-12-26 15:43:08,290] {logging_mixin.py:104} INFO - [2024-12-26 15:43:08,290] {dagbag.py:496} INFO - Filling up the DagBag from /home/airflow/.local/lib/python3.6/site-packages/airflow/example_dags/example_task_group_decorator.py
[2024-12-26 15:43:08,304] {scheduler_job.py:643} INFO - DAG(s) dict_keys(['example_task_group_decorator']) retrieved from /home/airflow/.local/lib/python3.6/site-packages/airflow/example_dags/example_task_group_decorator.py
[2024-12-26 15:43:08,428] {logging_mixin.py:104} INFO - [2024-12-26 15:43:08,428] {dag.py:1833} INFO - Sync 1 DAGs
[2024-12-26 15:43:08,437] {logging_mixin.py:104} INFO - [2024-12-26 15:43:08,436] {dag.py:2306} INFO - Setting next_dagrun for example_task_group_decorator to 2024-12-24 00:00:00+00:00
[2024-12-26 15:43:08,446] {scheduler_job.py:190} INFO - Processing /home/airflow/.local/lib/python3.6/site-packages/airflow/example_dags/example_task_group_decorator.py took 0.162 seconds
