[2024-12-26 15:32:31,209] {scheduler_job.py:182} INFO - Started process (PID=119) to work on /home/airflow/.local/lib/python3.6/site-packages/airflow/example_dags/example_dag_decorator.py
[2024-12-26 15:32:31,210] {scheduler_job.py:633} INFO - Processing file /home/airflow/.local/lib/python3.6/site-packages/airflow/example_dags/example_dag_decorator.py for tasks to queue
[2024-12-26 15:32:31,211] {logging_mixin.py:104} INFO - [2024-12-26 15:32:31,211] {dagbag.py:496} INFO - Filling up the DagBag from /home/airflow/.local/lib/python3.6/site-packages/airflow/example_dags/example_dag_decorator.py
[2024-12-26 15:32:31,226] {scheduler_job.py:643} INFO - DAG(s) dict_keys(['example_dag_decorator']) retrieved from /home/airflow/.local/lib/python3.6/site-packages/airflow/example_dags/example_dag_decorator.py
[2024-12-26 15:32:32,855] {logging_mixin.py:104} INFO - [2024-12-26 15:32:32,855] {dag.py:1833} INFO - Sync 1 DAGs
[2024-12-26 15:32:32,862] {logging_mixin.py:104} INFO - [2024-12-26 15:32:32,861] {dag.py:1852} INFO - Creating ORM DAG for example_dag_decorator
[2024-12-26 15:32:32,866] {logging_mixin.py:104} INFO - [2024-12-26 15:32:32,866] {dag.py:2306} INFO - Setting next_dagrun for example_dag_decorator to None
[2024-12-26 15:32:32,876] {scheduler_job.py:190} INFO - Processing /home/airflow/.local/lib/python3.6/site-packages/airflow/example_dags/example_dag_decorator.py took 1.669 seconds
[2024-12-26 15:33:03,629] {scheduler_job.py:182} INFO - Started process (PID=357) to work on /home/airflow/.local/lib/python3.6/site-packages/airflow/example_dags/example_dag_decorator.py
[2024-12-26 15:33:03,631] {scheduler_job.py:633} INFO - Processing file /home/airflow/.local/lib/python3.6/site-packages/airflow/example_dags/example_dag_decorator.py for tasks to queue
[2024-12-26 15:33:03,632] {logging_mixin.py:104} INFO - [2024-12-26 15:33:03,632] {dagbag.py:496} INFO - Filling up the DagBag from /home/airflow/.local/lib/python3.6/site-packages/airflow/example_dags/example_dag_decorator.py
[2024-12-26 15:33:03,646] {scheduler_job.py:643} INFO - DAG(s) dict_keys(['example_dag_decorator']) retrieved from /home/airflow/.local/lib/python3.6/site-packages/airflow/example_dags/example_dag_decorator.py
[2024-12-26 15:33:03,793] {logging_mixin.py:104} INFO - [2024-12-26 15:33:03,793] {dag.py:1833} INFO - Sync 1 DAGs
[2024-12-26 15:33:03,803] {logging_mixin.py:104} INFO - [2024-12-26 15:33:03,803] {dag.py:2306} INFO - Setting next_dagrun for example_dag_decorator to None
[2024-12-26 15:33:03,815] {scheduler_job.py:190} INFO - Processing /home/airflow/.local/lib/python3.6/site-packages/airflow/example_dags/example_dag_decorator.py took 0.187 seconds
[2024-12-26 15:33:34,015] {scheduler_job.py:182} INFO - Started process (PID=409) to work on /home/airflow/.local/lib/python3.6/site-packages/airflow/example_dags/example_dag_decorator.py
[2024-12-26 15:33:34,017] {scheduler_job.py:633} INFO - Processing file /home/airflow/.local/lib/python3.6/site-packages/airflow/example_dags/example_dag_decorator.py for tasks to queue
[2024-12-26 15:33:34,018] {logging_mixin.py:104} INFO - [2024-12-26 15:33:34,018] {dagbag.py:496} INFO - Filling up the DagBag from /home/airflow/.local/lib/python3.6/site-packages/airflow/example_dags/example_dag_decorator.py
[2024-12-26 15:33:34,029] {scheduler_job.py:643} INFO - DAG(s) dict_keys(['example_dag_decorator']) retrieved from /home/airflow/.local/lib/python3.6/site-packages/airflow/example_dags/example_dag_decorator.py
[2024-12-26 15:33:34,156] {logging_mixin.py:104} INFO - [2024-12-26 15:33:34,156] {dag.py:1833} INFO - Sync 1 DAGs
[2024-12-26 15:33:34,165] {logging_mixin.py:104} INFO - [2024-12-26 15:33:34,165] {dag.py:2306} INFO - Setting next_dagrun for example_dag_decorator to None
[2024-12-26 15:33:34,175] {scheduler_job.py:190} INFO - Processing /home/airflow/.local/lib/python3.6/site-packages/airflow/example_dags/example_dag_decorator.py took 0.162 seconds
[2024-12-26 15:34:04,259] {scheduler_job.py:182} INFO - Started process (PID=471) to work on /home/airflow/.local/lib/python3.6/site-packages/airflow/example_dags/example_dag_decorator.py
[2024-12-26 15:34:04,260] {scheduler_job.py:633} INFO - Processing file /home/airflow/.local/lib/python3.6/site-packages/airflow/example_dags/example_dag_decorator.py for tasks to queue
[2024-12-26 15:34:04,262] {logging_mixin.py:104} INFO - [2024-12-26 15:34:04,261] {dagbag.py:496} INFO - Filling up the DagBag from /home/airflow/.local/lib/python3.6/site-packages/airflow/example_dags/example_dag_decorator.py
[2024-12-26 15:34:04,274] {scheduler_job.py:643} INFO - DAG(s) dict_keys(['example_dag_decorator']) retrieved from /home/airflow/.local/lib/python3.6/site-packages/airflow/example_dags/example_dag_decorator.py
[2024-12-26 15:34:04,402] {logging_mixin.py:104} INFO - [2024-12-26 15:34:04,401] {dag.py:1833} INFO - Sync 1 DAGs
[2024-12-26 15:34:04,411] {logging_mixin.py:104} INFO - [2024-12-26 15:34:04,411] {dag.py:2306} INFO - Setting next_dagrun for example_dag_decorator to None
[2024-12-26 15:34:04,422] {scheduler_job.py:190} INFO - Processing /home/airflow/.local/lib/python3.6/site-packages/airflow/example_dags/example_dag_decorator.py took 0.165 seconds
[2024-12-26 15:34:34,490] {scheduler_job.py:182} INFO - Started process (PID=534) to work on /home/airflow/.local/lib/python3.6/site-packages/airflow/example_dags/example_dag_decorator.py
[2024-12-26 15:34:34,491] {scheduler_job.py:633} INFO - Processing file /home/airflow/.local/lib/python3.6/site-packages/airflow/example_dags/example_dag_decorator.py for tasks to queue
[2024-12-26 15:34:34,492] {logging_mixin.py:104} INFO - [2024-12-26 15:34:34,492] {dagbag.py:496} INFO - Filling up the DagBag from /home/airflow/.local/lib/python3.6/site-packages/airflow/example_dags/example_dag_decorator.py
[2024-12-26 15:34:34,504] {scheduler_job.py:643} INFO - DAG(s) dict_keys(['example_dag_decorator']) retrieved from /home/airflow/.local/lib/python3.6/site-packages/airflow/example_dags/example_dag_decorator.py
[2024-12-26 15:34:34,627] {logging_mixin.py:104} INFO - [2024-12-26 15:34:34,627] {dag.py:1833} INFO - Sync 1 DAGs
[2024-12-26 15:34:34,635] {logging_mixin.py:104} INFO - [2024-12-26 15:34:34,635] {dag.py:2306} INFO - Setting next_dagrun for example_dag_decorator to None
[2024-12-26 15:34:34,650] {scheduler_job.py:190} INFO - Processing /home/airflow/.local/lib/python3.6/site-packages/airflow/example_dags/example_dag_decorator.py took 0.162 seconds
[2024-12-26 15:35:05,710] {scheduler_job.py:182} INFO - Started process (PID=586) to work on /home/airflow/.local/lib/python3.6/site-packages/airflow/example_dags/example_dag_decorator.py
[2024-12-26 15:35:05,715] {scheduler_job.py:633} INFO - Processing file /home/airflow/.local/lib/python3.6/site-packages/airflow/example_dags/example_dag_decorator.py for tasks to queue
[2024-12-26 15:35:05,718] {logging_mixin.py:104} INFO - [2024-12-26 15:35:05,718] {dagbag.py:496} INFO - Filling up the DagBag from /home/airflow/.local/lib/python3.6/site-packages/airflow/example_dags/example_dag_decorator.py
[2024-12-26 15:35:05,730] {scheduler_job.py:643} INFO - DAG(s) dict_keys(['example_dag_decorator']) retrieved from /home/airflow/.local/lib/python3.6/site-packages/airflow/example_dags/example_dag_decorator.py
[2024-12-26 15:35:05,865] {logging_mixin.py:104} INFO - [2024-12-26 15:35:05,865] {dag.py:1833} INFO - Sync 1 DAGs
[2024-12-26 15:35:05,876] {logging_mixin.py:104} INFO - [2024-12-26 15:35:05,876] {dag.py:2306} INFO - Setting next_dagrun for example_dag_decorator to None
[2024-12-26 15:35:05,889] {scheduler_job.py:190} INFO - Processing /home/airflow/.local/lib/python3.6/site-packages/airflow/example_dags/example_dag_decorator.py took 0.181 seconds
[2024-12-26 15:35:35,941] {scheduler_job.py:182} INFO - Started process (PID=648) to work on /home/airflow/.local/lib/python3.6/site-packages/airflow/example_dags/example_dag_decorator.py
[2024-12-26 15:35:35,942] {scheduler_job.py:633} INFO - Processing file /home/airflow/.local/lib/python3.6/site-packages/airflow/example_dags/example_dag_decorator.py for tasks to queue
[2024-12-26 15:35:35,943] {logging_mixin.py:104} INFO - [2024-12-26 15:35:35,943] {dagbag.py:496} INFO - Filling up the DagBag from /home/airflow/.local/lib/python3.6/site-packages/airflow/example_dags/example_dag_decorator.py
[2024-12-26 15:35:35,955] {scheduler_job.py:643} INFO - DAG(s) dict_keys(['example_dag_decorator']) retrieved from /home/airflow/.local/lib/python3.6/site-packages/airflow/example_dags/example_dag_decorator.py
[2024-12-26 15:35:36,090] {logging_mixin.py:104} INFO - [2024-12-26 15:35:36,090] {dag.py:1833} INFO - Sync 1 DAGs
[2024-12-26 15:35:36,100] {logging_mixin.py:104} INFO - [2024-12-26 15:35:36,100] {dag.py:2306} INFO - Setting next_dagrun for example_dag_decorator to None
[2024-12-26 15:35:36,111] {scheduler_job.py:190} INFO - Processing /home/airflow/.local/lib/python3.6/site-packages/airflow/example_dags/example_dag_decorator.py took 0.173 seconds
[2024-12-26 15:36:06,322] {scheduler_job.py:182} INFO - Started process (PID=711) to work on /home/airflow/.local/lib/python3.6/site-packages/airflow/example_dags/example_dag_decorator.py
[2024-12-26 15:36:06,323] {scheduler_job.py:633} INFO - Processing file /home/airflow/.local/lib/python3.6/site-packages/airflow/example_dags/example_dag_decorator.py for tasks to queue
[2024-12-26 15:36:06,324] {logging_mixin.py:104} INFO - [2024-12-26 15:36:06,324] {dagbag.py:496} INFO - Filling up the DagBag from /home/airflow/.local/lib/python3.6/site-packages/airflow/example_dags/example_dag_decorator.py
[2024-12-26 15:36:06,336] {scheduler_job.py:643} INFO - DAG(s) dict_keys(['example_dag_decorator']) retrieved from /home/airflow/.local/lib/python3.6/site-packages/airflow/example_dags/example_dag_decorator.py
[2024-12-26 15:36:06,460] {logging_mixin.py:104} INFO - [2024-12-26 15:36:06,460] {dag.py:1833} INFO - Sync 1 DAGs
[2024-12-26 15:36:06,469] {logging_mixin.py:104} INFO - [2024-12-26 15:36:06,469] {dag.py:2306} INFO - Setting next_dagrun for example_dag_decorator to None
[2024-12-26 15:36:06,477] {scheduler_job.py:190} INFO - Processing /home/airflow/.local/lib/python3.6/site-packages/airflow/example_dags/example_dag_decorator.py took 0.158 seconds
[2024-12-26 15:36:36,625] {scheduler_job.py:182} INFO - Started process (PID=774) to work on /home/airflow/.local/lib/python3.6/site-packages/airflow/example_dags/example_dag_decorator.py
[2024-12-26 15:36:36,625] {scheduler_job.py:633} INFO - Processing file /home/airflow/.local/lib/python3.6/site-packages/airflow/example_dags/example_dag_decorator.py for tasks to queue
[2024-12-26 15:36:36,626] {logging_mixin.py:104} INFO - [2024-12-26 15:36:36,626] {dagbag.py:496} INFO - Filling up the DagBag from /home/airflow/.local/lib/python3.6/site-packages/airflow/example_dags/example_dag_decorator.py
[2024-12-26 15:36:36,639] {scheduler_job.py:643} INFO - DAG(s) dict_keys(['example_dag_decorator']) retrieved from /home/airflow/.local/lib/python3.6/site-packages/airflow/example_dags/example_dag_decorator.py
[2024-12-26 15:36:36,782] {logging_mixin.py:104} INFO - [2024-12-26 15:36:36,782] {dag.py:1833} INFO - Sync 1 DAGs
[2024-12-26 15:36:36,790] {logging_mixin.py:104} INFO - [2024-12-26 15:36:36,790] {dag.py:1852} INFO - Creating ORM DAG for example_dag_decorator
[2024-12-26 15:36:36,795] {logging_mixin.py:104} INFO - [2024-12-26 15:36:36,794] {dag.py:2306} INFO - Setting next_dagrun for example_dag_decorator to None
[2024-12-26 15:36:36,807] {scheduler_job.py:190} INFO - Processing /home/airflow/.local/lib/python3.6/site-packages/airflow/example_dags/example_dag_decorator.py took 0.185 seconds
[2024-12-26 15:37:07,180] {scheduler_job.py:182} INFO - Started process (PID=826) to work on /home/airflow/.local/lib/python3.6/site-packages/airflow/example_dags/example_dag_decorator.py
[2024-12-26 15:37:07,181] {scheduler_job.py:633} INFO - Processing file /home/airflow/.local/lib/python3.6/site-packages/airflow/example_dags/example_dag_decorator.py for tasks to queue
[2024-12-26 15:37:07,182] {logging_mixin.py:104} INFO - [2024-12-26 15:37:07,182] {dagbag.py:496} INFO - Filling up the DagBag from /home/airflow/.local/lib/python3.6/site-packages/airflow/example_dags/example_dag_decorator.py
[2024-12-26 15:37:07,193] {scheduler_job.py:643} INFO - DAG(s) dict_keys(['example_dag_decorator']) retrieved from /home/airflow/.local/lib/python3.6/site-packages/airflow/example_dags/example_dag_decorator.py
[2024-12-26 15:37:07,319] {logging_mixin.py:104} INFO - [2024-12-26 15:37:07,319] {dag.py:1833} INFO - Sync 1 DAGs
[2024-12-26 15:37:07,326] {logging_mixin.py:104} INFO - [2024-12-26 15:37:07,325] {dag.py:1852} INFO - Creating ORM DAG for example_dag_decorator
[2024-12-26 15:37:07,329] {logging_mixin.py:104} INFO - [2024-12-26 15:37:07,329] {dag.py:2306} INFO - Setting next_dagrun for example_dag_decorator to None
[2024-12-26 15:37:07,339] {scheduler_job.py:190} INFO - Processing /home/airflow/.local/lib/python3.6/site-packages/airflow/example_dags/example_dag_decorator.py took 0.161 seconds
[2024-12-26 15:37:37,671] {scheduler_job.py:182} INFO - Started process (PID=888) to work on /home/airflow/.local/lib/python3.6/site-packages/airflow/example_dags/example_dag_decorator.py
[2024-12-26 15:37:37,673] {scheduler_job.py:633} INFO - Processing file /home/airflow/.local/lib/python3.6/site-packages/airflow/example_dags/example_dag_decorator.py for tasks to queue
[2024-12-26 15:37:37,674] {logging_mixin.py:104} INFO - [2024-12-26 15:37:37,674] {dagbag.py:496} INFO - Filling up the DagBag from /home/airflow/.local/lib/python3.6/site-packages/airflow/example_dags/example_dag_decorator.py
[2024-12-26 15:37:37,684] {scheduler_job.py:643} INFO - DAG(s) dict_keys(['example_dag_decorator']) retrieved from /home/airflow/.local/lib/python3.6/site-packages/airflow/example_dags/example_dag_decorator.py
[2024-12-26 15:37:37,808] {logging_mixin.py:104} INFO - [2024-12-26 15:37:37,807] {dag.py:1833} INFO - Sync 1 DAGs
[2024-12-26 15:37:37,817] {logging_mixin.py:104} INFO - [2024-12-26 15:37:37,817] {dag.py:2306} INFO - Setting next_dagrun for example_dag_decorator to None
[2024-12-26 15:37:37,829] {scheduler_job.py:190} INFO - Processing /home/airflow/.local/lib/python3.6/site-packages/airflow/example_dags/example_dag_decorator.py took 0.159 seconds
[2024-12-26 15:38:07,962] {scheduler_job.py:182} INFO - Started process (PID=950) to work on /home/airflow/.local/lib/python3.6/site-packages/airflow/example_dags/example_dag_decorator.py
[2024-12-26 15:38:07,963] {scheduler_job.py:633} INFO - Processing file /home/airflow/.local/lib/python3.6/site-packages/airflow/example_dags/example_dag_decorator.py for tasks to queue
[2024-12-26 15:38:07,964] {logging_mixin.py:104} INFO - [2024-12-26 15:38:07,964] {dagbag.py:496} INFO - Filling up the DagBag from /home/airflow/.local/lib/python3.6/site-packages/airflow/example_dags/example_dag_decorator.py
[2024-12-26 15:38:07,976] {scheduler_job.py:643} INFO - DAG(s) dict_keys(['example_dag_decorator']) retrieved from /home/airflow/.local/lib/python3.6/site-packages/airflow/example_dags/example_dag_decorator.py
[2024-12-26 15:38:08,098] {logging_mixin.py:104} INFO - [2024-12-26 15:38:08,098] {dag.py:1833} INFO - Sync 1 DAGs
[2024-12-26 15:38:08,107] {logging_mixin.py:104} INFO - [2024-12-26 15:38:08,107] {dag.py:2306} INFO - Setting next_dagrun for example_dag_decorator to None
[2024-12-26 15:38:08,120] {scheduler_job.py:190} INFO - Processing /home/airflow/.local/lib/python3.6/site-packages/airflow/example_dags/example_dag_decorator.py took 0.160 seconds
[2024-12-26 15:38:38,274] {scheduler_job.py:182} INFO - Started process (PID=1002) to work on /home/airflow/.local/lib/python3.6/site-packages/airflow/example_dags/example_dag_decorator.py
[2024-12-26 15:38:38,275] {scheduler_job.py:633} INFO - Processing file /home/airflow/.local/lib/python3.6/site-packages/airflow/example_dags/example_dag_decorator.py for tasks to queue
[2024-12-26 15:38:38,276] {logging_mixin.py:104} INFO - [2024-12-26 15:38:38,276] {dagbag.py:496} INFO - Filling up the DagBag from /home/airflow/.local/lib/python3.6/site-packages/airflow/example_dags/example_dag_decorator.py
[2024-12-26 15:38:38,287] {scheduler_job.py:643} INFO - DAG(s) dict_keys(['example_dag_decorator']) retrieved from /home/airflow/.local/lib/python3.6/site-packages/airflow/example_dags/example_dag_decorator.py
[2024-12-26 15:38:38,407] {logging_mixin.py:104} INFO - [2024-12-26 15:38:38,407] {dag.py:1833} INFO - Sync 1 DAGs
[2024-12-26 15:38:38,415] {logging_mixin.py:104} INFO - [2024-12-26 15:38:38,415] {dag.py:2306} INFO - Setting next_dagrun for example_dag_decorator to None
[2024-12-26 15:38:38,427] {scheduler_job.py:190} INFO - Processing /home/airflow/.local/lib/python3.6/site-packages/airflow/example_dags/example_dag_decorator.py took 0.155 seconds
[2024-12-26 15:39:08,755] {scheduler_job.py:182} INFO - Started process (PID=1064) to work on /home/airflow/.local/lib/python3.6/site-packages/airflow/example_dags/example_dag_decorator.py
[2024-12-26 15:39:08,756] {scheduler_job.py:633} INFO - Processing file /home/airflow/.local/lib/python3.6/site-packages/airflow/example_dags/example_dag_decorator.py for tasks to queue
[2024-12-26 15:39:08,757] {logging_mixin.py:104} INFO - [2024-12-26 15:39:08,757] {dagbag.py:496} INFO - Filling up the DagBag from /home/airflow/.local/lib/python3.6/site-packages/airflow/example_dags/example_dag_decorator.py
[2024-12-26 15:39:08,772] {scheduler_job.py:643} INFO - DAG(s) dict_keys(['example_dag_decorator']) retrieved from /home/airflow/.local/lib/python3.6/site-packages/airflow/example_dags/example_dag_decorator.py
[2024-12-26 15:39:08,897] {logging_mixin.py:104} INFO - [2024-12-26 15:39:08,897] {dag.py:1833} INFO - Sync 1 DAGs
[2024-12-26 15:39:08,906] {logging_mixin.py:104} INFO - [2024-12-26 15:39:08,906] {dag.py:2306} INFO - Setting next_dagrun for example_dag_decorator to None
[2024-12-26 15:39:08,914] {scheduler_job.py:190} INFO - Processing /home/airflow/.local/lib/python3.6/site-packages/airflow/example_dags/example_dag_decorator.py took 0.161 seconds
[2024-12-26 15:40:31,315] {scheduler_job.py:182} INFO - Started process (PID=45) to work on /home/airflow/.local/lib/python3.6/site-packages/airflow/example_dags/example_dag_decorator.py
[2024-12-26 15:40:31,316] {scheduler_job.py:633} INFO - Processing file /home/airflow/.local/lib/python3.6/site-packages/airflow/example_dags/example_dag_decorator.py for tasks to queue
[2024-12-26 15:40:31,317] {logging_mixin.py:104} INFO - [2024-12-26 15:40:31,317] {dagbag.py:496} INFO - Filling up the DagBag from /home/airflow/.local/lib/python3.6/site-packages/airflow/example_dags/example_dag_decorator.py
[2024-12-26 15:40:31,332] {scheduler_job.py:643} INFO - DAG(s) dict_keys(['example_dag_decorator']) retrieved from /home/airflow/.local/lib/python3.6/site-packages/airflow/example_dags/example_dag_decorator.py
[2024-12-26 15:40:31,486] {logging_mixin.py:104} INFO - [2024-12-26 15:40:31,486] {dag.py:1833} INFO - Sync 1 DAGs
[2024-12-26 15:40:31,495] {logging_mixin.py:104} INFO - [2024-12-26 15:40:31,495] {dag.py:2306} INFO - Setting next_dagrun for example_dag_decorator to None
[2024-12-26 15:40:31,505] {scheduler_job.py:190} INFO - Processing /home/airflow/.local/lib/python3.6/site-packages/airflow/example_dags/example_dag_decorator.py took 0.193 seconds
[2024-12-26 15:41:02,116] {scheduler_job.py:182} INFO - Started process (PID=107) to work on /home/airflow/.local/lib/python3.6/site-packages/airflow/example_dags/example_dag_decorator.py
[2024-12-26 15:41:02,117] {scheduler_job.py:633} INFO - Processing file /home/airflow/.local/lib/python3.6/site-packages/airflow/example_dags/example_dag_decorator.py for tasks to queue
[2024-12-26 15:41:02,118] {logging_mixin.py:104} INFO - [2024-12-26 15:41:02,118] {dagbag.py:496} INFO - Filling up the DagBag from /home/airflow/.local/lib/python3.6/site-packages/airflow/example_dags/example_dag_decorator.py
[2024-12-26 15:41:02,129] {scheduler_job.py:643} INFO - DAG(s) dict_keys(['example_dag_decorator']) retrieved from /home/airflow/.local/lib/python3.6/site-packages/airflow/example_dags/example_dag_decorator.py
[2024-12-26 15:41:02,251] {logging_mixin.py:104} INFO - [2024-12-26 15:41:02,251] {dag.py:1833} INFO - Sync 1 DAGs
[2024-12-26 15:41:02,260] {logging_mixin.py:104} INFO - [2024-12-26 15:41:02,260] {dag.py:2306} INFO - Setting next_dagrun for example_dag_decorator to None
[2024-12-26 15:41:02,269] {scheduler_job.py:190} INFO - Processing /home/airflow/.local/lib/python3.6/site-packages/airflow/example_dags/example_dag_decorator.py took 0.155 seconds
[2024-12-26 15:41:32,833] {scheduler_job.py:182} INFO - Started process (PID=159) to work on /home/airflow/.local/lib/python3.6/site-packages/airflow/example_dags/example_dag_decorator.py
[2024-12-26 15:41:32,834] {scheduler_job.py:633} INFO - Processing file /home/airflow/.local/lib/python3.6/site-packages/airflow/example_dags/example_dag_decorator.py for tasks to queue
[2024-12-26 15:41:32,835] {logging_mixin.py:104} INFO - [2024-12-26 15:41:32,835] {dagbag.py:496} INFO - Filling up the DagBag from /home/airflow/.local/lib/python3.6/site-packages/airflow/example_dags/example_dag_decorator.py
[2024-12-26 15:41:32,846] {scheduler_job.py:643} INFO - DAG(s) dict_keys(['example_dag_decorator']) retrieved from /home/airflow/.local/lib/python3.6/site-packages/airflow/example_dags/example_dag_decorator.py
[2024-12-26 15:41:32,970] {logging_mixin.py:104} INFO - [2024-12-26 15:41:32,970] {dag.py:1833} INFO - Sync 1 DAGs
[2024-12-26 15:41:32,979] {logging_mixin.py:104} INFO - [2024-12-26 15:41:32,978] {dag.py:2306} INFO - Setting next_dagrun for example_dag_decorator to None
[2024-12-26 15:41:32,992] {scheduler_job.py:190} INFO - Processing /home/airflow/.local/lib/python3.6/site-packages/airflow/example_dags/example_dag_decorator.py took 0.161 seconds
[2024-12-26 15:42:03,502] {scheduler_job.py:182} INFO - Started process (PID=222) to work on /home/airflow/.local/lib/python3.6/site-packages/airflow/example_dags/example_dag_decorator.py
[2024-12-26 15:42:03,503] {scheduler_job.py:633} INFO - Processing file /home/airflow/.local/lib/python3.6/site-packages/airflow/example_dags/example_dag_decorator.py for tasks to queue
[2024-12-26 15:42:03,504] {logging_mixin.py:104} INFO - [2024-12-26 15:42:03,504] {dagbag.py:496} INFO - Filling up the DagBag from /home/airflow/.local/lib/python3.6/site-packages/airflow/example_dags/example_dag_decorator.py
[2024-12-26 15:42:03,515] {scheduler_job.py:643} INFO - DAG(s) dict_keys(['example_dag_decorator']) retrieved from /home/airflow/.local/lib/python3.6/site-packages/airflow/example_dags/example_dag_decorator.py
[2024-12-26 15:42:03,638] {logging_mixin.py:104} INFO - [2024-12-26 15:42:03,638] {dag.py:1833} INFO - Sync 1 DAGs
[2024-12-26 15:42:03,647] {logging_mixin.py:104} INFO - [2024-12-26 15:42:03,647] {dag.py:2306} INFO - Setting next_dagrun for example_dag_decorator to None
[2024-12-26 15:42:03,659] {scheduler_job.py:190} INFO - Processing /home/airflow/.local/lib/python3.6/site-packages/airflow/example_dags/example_dag_decorator.py took 0.159 seconds
[2024-12-26 15:42:36,548] {scheduler_job.py:182} INFO - Started process (PID=45) to work on /home/airflow/.local/lib/python3.6/site-packages/airflow/example_dags/example_dag_decorator.py
[2024-12-26 15:42:36,550] {scheduler_job.py:633} INFO - Processing file /home/airflow/.local/lib/python3.6/site-packages/airflow/example_dags/example_dag_decorator.py for tasks to queue
[2024-12-26 15:42:36,551] {logging_mixin.py:104} INFO - [2024-12-26 15:42:36,551] {dagbag.py:496} INFO - Filling up the DagBag from /home/airflow/.local/lib/python3.6/site-packages/airflow/example_dags/example_dag_decorator.py
[2024-12-26 15:42:36,570] {scheduler_job.py:643} INFO - DAG(s) dict_keys(['example_dag_decorator']) retrieved from /home/airflow/.local/lib/python3.6/site-packages/airflow/example_dags/example_dag_decorator.py
[2024-12-26 15:42:36,748] {logging_mixin.py:104} INFO - [2024-12-26 15:42:36,748] {dag.py:1833} INFO - Sync 1 DAGs
[2024-12-26 15:42:36,759] {logging_mixin.py:104} INFO - [2024-12-26 15:42:36,759] {dag.py:2306} INFO - Setting next_dagrun for example_dag_decorator to None
[2024-12-26 15:42:36,770] {scheduler_job.py:190} INFO - Processing /home/airflow/.local/lib/python3.6/site-packages/airflow/example_dags/example_dag_decorator.py took 0.224 seconds
[2024-12-26 15:43:07,397] {scheduler_job.py:182} INFO - Started process (PID=107) to work on /home/airflow/.local/lib/python3.6/site-packages/airflow/example_dags/example_dag_decorator.py
[2024-12-26 15:43:07,398] {scheduler_job.py:633} INFO - Processing file /home/airflow/.local/lib/python3.6/site-packages/airflow/example_dags/example_dag_decorator.py for tasks to queue
[2024-12-26 15:43:07,399] {logging_mixin.py:104} INFO - [2024-12-26 15:43:07,399] {dagbag.py:496} INFO - Filling up the DagBag from /home/airflow/.local/lib/python3.6/site-packages/airflow/example_dags/example_dag_decorator.py
[2024-12-26 15:43:07,410] {scheduler_job.py:643} INFO - DAG(s) dict_keys(['example_dag_decorator']) retrieved from /home/airflow/.local/lib/python3.6/site-packages/airflow/example_dags/example_dag_decorator.py
[2024-12-26 15:43:07,539] {logging_mixin.py:104} INFO - [2024-12-26 15:43:07,539] {dag.py:1833} INFO - Sync 1 DAGs
[2024-12-26 15:43:07,548] {logging_mixin.py:104} INFO - [2024-12-26 15:43:07,548] {dag.py:2306} INFO - Setting next_dagrun for example_dag_decorator to None
[2024-12-26 15:43:07,563] {scheduler_job.py:190} INFO - Processing /home/airflow/.local/lib/python3.6/site-packages/airflow/example_dags/example_dag_decorator.py took 0.168 seconds
