[2024-12-26 15:32:22,837] {scheduler_job.py:182} INFO - Started process (PID=37) to work on /home/airflow/.local/lib/python3.6/site-packages/airflow/example_dags/example_xcomargs.py
[2024-12-26 15:32:22,838] {scheduler_job.py:633} INFO - Processing file /home/airflow/.local/lib/python3.6/site-packages/airflow/example_dags/example_xcomargs.py for tasks to queue
[2024-12-26 15:32:22,839] {logging_mixin.py:104} INFO - [2024-12-26 15:32:22,839] {dagbag.py:496} INFO - Filling up the DagBag from /home/airflow/.local/lib/python3.6/site-packages/airflow/example_dags/example_xcomargs.py
[2024-12-26 15:32:22,863] {scheduler_job.py:643} INFO - DAG(s) dict_keys(['example_xcom_args', 'example_xcom_args_with_operators']) retrieved from /home/airflow/.local/lib/python3.6/site-packages/airflow/example_dags/example_xcomargs.py
[2024-12-26 15:32:26,246] {logging_mixin.py:104} INFO - [2024-12-26 15:32:26,246] {dag.py:1833} INFO - Sync 2 DAGs
[2024-12-26 15:32:26,253] {logging_mixin.py:104} INFO - [2024-12-26 15:32:26,252] {dag.py:1852} INFO - Creating ORM DAG for example_xcom_args_with_operators
[2024-12-26 15:32:26,254] {logging_mixin.py:104} INFO - [2024-12-26 15:32:26,254] {dag.py:1852} INFO - Creating ORM DAG for example_xcom_args
[2024-12-26 15:32:26,257] {logging_mixin.py:104} INFO - [2024-12-26 15:32:26,257] {dag.py:2306} INFO - Setting next_dagrun for example_xcom_args to None
[2024-12-26 15:32:26,258] {logging_mixin.py:104} INFO - [2024-12-26 15:32:26,258] {dag.py:2306} INFO - Setting next_dagrun for example_xcom_args_with_operators to None
[2024-12-26 15:32:26,269] {scheduler_job.py:190} INFO - Processing /home/airflow/.local/lib/python3.6/site-packages/airflow/example_dags/example_xcomargs.py took 3.434 seconds
[2024-12-26 15:32:56,335] {scheduler_job.py:182} INFO - Started process (PID=339) to work on /home/airflow/.local/lib/python3.6/site-packages/airflow/example_dags/example_xcomargs.py
[2024-12-26 15:32:56,336] {scheduler_job.py:633} INFO - Processing file /home/airflow/.local/lib/python3.6/site-packages/airflow/example_dags/example_xcomargs.py for tasks to queue
[2024-12-26 15:32:56,337] {logging_mixin.py:104} INFO - [2024-12-26 15:32:56,337] {dagbag.py:496} INFO - Filling up the DagBag from /home/airflow/.local/lib/python3.6/site-packages/airflow/example_dags/example_xcomargs.py
[2024-12-26 15:32:56,349] {scheduler_job.py:643} INFO - DAG(s) dict_keys(['example_xcom_args', 'example_xcom_args_with_operators']) retrieved from /home/airflow/.local/lib/python3.6/site-packages/airflow/example_dags/example_xcomargs.py
[2024-12-26 15:32:56,473] {logging_mixin.py:104} INFO - [2024-12-26 15:32:56,473] {dag.py:1833} INFO - Sync 2 DAGs
[2024-12-26 15:32:56,483] {logging_mixin.py:104} INFO - [2024-12-26 15:32:56,483] {dag.py:2306} INFO - Setting next_dagrun for example_xcom_args to None
[2024-12-26 15:32:56,484] {logging_mixin.py:104} INFO - [2024-12-26 15:32:56,484] {dag.py:2306} INFO - Setting next_dagrun for example_xcom_args_with_operators to None
[2024-12-26 15:32:56,506] {scheduler_job.py:190} INFO - Processing /home/airflow/.local/lib/python3.6/site-packages/airflow/example_dags/example_xcomargs.py took 0.173 seconds
[2024-12-26 15:33:26,618] {scheduler_job.py:182} INFO - Started process (PID=401) to work on /home/airflow/.local/lib/python3.6/site-packages/airflow/example_dags/example_xcomargs.py
[2024-12-26 15:33:26,619] {scheduler_job.py:633} INFO - Processing file /home/airflow/.local/lib/python3.6/site-packages/airflow/example_dags/example_xcomargs.py for tasks to queue
[2024-12-26 15:33:26,620] {logging_mixin.py:104} INFO - [2024-12-26 15:33:26,620] {dagbag.py:496} INFO - Filling up the DagBag from /home/airflow/.local/lib/python3.6/site-packages/airflow/example_dags/example_xcomargs.py
[2024-12-26 15:33:26,632] {scheduler_job.py:643} INFO - DAG(s) dict_keys(['example_xcom_args', 'example_xcom_args_with_operators']) retrieved from /home/airflow/.local/lib/python3.6/site-packages/airflow/example_dags/example_xcomargs.py
[2024-12-26 15:33:26,768] {logging_mixin.py:104} INFO - [2024-12-26 15:33:26,768] {dag.py:1833} INFO - Sync 2 DAGs
[2024-12-26 15:33:26,784] {logging_mixin.py:104} INFO - [2024-12-26 15:33:26,784] {dag.py:2306} INFO - Setting next_dagrun for example_xcom_args to None
[2024-12-26 15:33:26,785] {logging_mixin.py:104} INFO - [2024-12-26 15:33:26,785] {dag.py:2306} INFO - Setting next_dagrun for example_xcom_args_with_operators to None
[2024-12-26 15:33:26,799] {scheduler_job.py:190} INFO - Processing /home/airflow/.local/lib/python3.6/site-packages/airflow/example_dags/example_xcomargs.py took 0.183 seconds
[2024-12-26 15:33:56,864] {scheduler_job.py:182} INFO - Started process (PID=453) to work on /home/airflow/.local/lib/python3.6/site-packages/airflow/example_dags/example_xcomargs.py
[2024-12-26 15:33:56,865] {scheduler_job.py:633} INFO - Processing file /home/airflow/.local/lib/python3.6/site-packages/airflow/example_dags/example_xcomargs.py for tasks to queue
[2024-12-26 15:33:56,866] {logging_mixin.py:104} INFO - [2024-12-26 15:33:56,866] {dagbag.py:496} INFO - Filling up the DagBag from /home/airflow/.local/lib/python3.6/site-packages/airflow/example_dags/example_xcomargs.py
[2024-12-26 15:33:56,877] {scheduler_job.py:643} INFO - DAG(s) dict_keys(['example_xcom_args', 'example_xcom_args_with_operators']) retrieved from /home/airflow/.local/lib/python3.6/site-packages/airflow/example_dags/example_xcomargs.py
[2024-12-26 15:33:57,006] {logging_mixin.py:104} INFO - [2024-12-26 15:33:57,006] {dag.py:1833} INFO - Sync 2 DAGs
[2024-12-26 15:33:57,015] {logging_mixin.py:104} INFO - [2024-12-26 15:33:57,015] {dag.py:2306} INFO - Setting next_dagrun for example_xcom_args to None
[2024-12-26 15:33:57,016] {logging_mixin.py:104} INFO - [2024-12-26 15:33:57,016] {dag.py:2306} INFO - Setting next_dagrun for example_xcom_args_with_operators to None
[2024-12-26 15:33:57,026] {scheduler_job.py:190} INFO - Processing /home/airflow/.local/lib/python3.6/site-packages/airflow/example_dags/example_xcomargs.py took 0.164 seconds
[2024-12-26 15:34:27,169] {scheduler_job.py:182} INFO - Started process (PID=515) to work on /home/airflow/.local/lib/python3.6/site-packages/airflow/example_dags/example_xcomargs.py
[2024-12-26 15:34:27,171] {scheduler_job.py:633} INFO - Processing file /home/airflow/.local/lib/python3.6/site-packages/airflow/example_dags/example_xcomargs.py for tasks to queue
[2024-12-26 15:34:27,171] {logging_mixin.py:104} INFO - [2024-12-26 15:34:27,171] {dagbag.py:496} INFO - Filling up the DagBag from /home/airflow/.local/lib/python3.6/site-packages/airflow/example_dags/example_xcomargs.py
[2024-12-26 15:34:27,183] {scheduler_job.py:643} INFO - DAG(s) dict_keys(['example_xcom_args', 'example_xcom_args_with_operators']) retrieved from /home/airflow/.local/lib/python3.6/site-packages/airflow/example_dags/example_xcomargs.py
[2024-12-26 15:34:27,311] {logging_mixin.py:104} INFO - [2024-12-26 15:34:27,311] {dag.py:1833} INFO - Sync 2 DAGs
[2024-12-26 15:34:27,320] {logging_mixin.py:104} INFO - [2024-12-26 15:34:27,320] {dag.py:2306} INFO - Setting next_dagrun for example_xcom_args to None
[2024-12-26 15:34:27,321] {logging_mixin.py:104} INFO - [2024-12-26 15:34:27,321] {dag.py:2306} INFO - Setting next_dagrun for example_xcom_args_with_operators to None
[2024-12-26 15:34:27,336] {scheduler_job.py:190} INFO - Processing /home/airflow/.local/lib/python3.6/site-packages/airflow/example_dags/example_xcomargs.py took 0.169 seconds
[2024-12-26 15:34:58,326] {scheduler_job.py:182} INFO - Started process (PID=577) to work on /home/airflow/.local/lib/python3.6/site-packages/airflow/example_dags/example_xcomargs.py
[2024-12-26 15:34:58,327] {scheduler_job.py:633} INFO - Processing file /home/airflow/.local/lib/python3.6/site-packages/airflow/example_dags/example_xcomargs.py for tasks to queue
[2024-12-26 15:34:58,328] {logging_mixin.py:104} INFO - [2024-12-26 15:34:58,328] {dagbag.py:496} INFO - Filling up the DagBag from /home/airflow/.local/lib/python3.6/site-packages/airflow/example_dags/example_xcomargs.py
[2024-12-26 15:34:58,342] {scheduler_job.py:643} INFO - DAG(s) dict_keys(['example_xcom_args', 'example_xcom_args_with_operators']) retrieved from /home/airflow/.local/lib/python3.6/site-packages/airflow/example_dags/example_xcomargs.py
[2024-12-26 15:34:58,477] {logging_mixin.py:104} INFO - [2024-12-26 15:34:58,477] {dag.py:1833} INFO - Sync 2 DAGs
[2024-12-26 15:34:58,487] {logging_mixin.py:104} INFO - [2024-12-26 15:34:58,487] {dag.py:2306} INFO - Setting next_dagrun for example_xcom_args to None
[2024-12-26 15:34:58,488] {logging_mixin.py:104} INFO - [2024-12-26 15:34:58,488] {dag.py:2306} INFO - Setting next_dagrun for example_xcom_args_with_operators to None
[2024-12-26 15:34:58,495] {scheduler_job.py:190} INFO - Processing /home/airflow/.local/lib/python3.6/site-packages/airflow/example_dags/example_xcomargs.py took 0.171 seconds
[2024-12-26 15:35:29,498] {scheduler_job.py:182} INFO - Started process (PID=639) to work on /home/airflow/.local/lib/python3.6/site-packages/airflow/example_dags/example_xcomargs.py
[2024-12-26 15:35:29,500] {scheduler_job.py:633} INFO - Processing file /home/airflow/.local/lib/python3.6/site-packages/airflow/example_dags/example_xcomargs.py for tasks to queue
[2024-12-26 15:35:29,501] {logging_mixin.py:104} INFO - [2024-12-26 15:35:29,500] {dagbag.py:496} INFO - Filling up the DagBag from /home/airflow/.local/lib/python3.6/site-packages/airflow/example_dags/example_xcomargs.py
[2024-12-26 15:35:29,512] {scheduler_job.py:643} INFO - DAG(s) dict_keys(['example_xcom_args', 'example_xcom_args_with_operators']) retrieved from /home/airflow/.local/lib/python3.6/site-packages/airflow/example_dags/example_xcomargs.py
[2024-12-26 15:35:29,637] {logging_mixin.py:104} INFO - [2024-12-26 15:35:29,637] {dag.py:1833} INFO - Sync 2 DAGs
[2024-12-26 15:35:29,646] {logging_mixin.py:104} INFO - [2024-12-26 15:35:29,646] {dag.py:2306} INFO - Setting next_dagrun for example_xcom_args to None
[2024-12-26 15:35:29,647] {logging_mixin.py:104} INFO - [2024-12-26 15:35:29,647] {dag.py:2306} INFO - Setting next_dagrun for example_xcom_args_with_operators to None
[2024-12-26 15:35:29,656] {scheduler_job.py:190} INFO - Processing /home/airflow/.local/lib/python3.6/site-packages/airflow/example_dags/example_xcomargs.py took 0.159 seconds
[2024-12-26 15:35:59,856] {scheduler_job.py:182} INFO - Started process (PID=691) to work on /home/airflow/.local/lib/python3.6/site-packages/airflow/example_dags/example_xcomargs.py
[2024-12-26 15:35:59,857] {scheduler_job.py:633} INFO - Processing file /home/airflow/.local/lib/python3.6/site-packages/airflow/example_dags/example_xcomargs.py for tasks to queue
[2024-12-26 15:35:59,858] {logging_mixin.py:104} INFO - [2024-12-26 15:35:59,858] {dagbag.py:496} INFO - Filling up the DagBag from /home/airflow/.local/lib/python3.6/site-packages/airflow/example_dags/example_xcomargs.py
[2024-12-26 15:35:59,870] {scheduler_job.py:643} INFO - DAG(s) dict_keys(['example_xcom_args', 'example_xcom_args_with_operators']) retrieved from /home/airflow/.local/lib/python3.6/site-packages/airflow/example_dags/example_xcomargs.py
[2024-12-26 15:35:59,998] {logging_mixin.py:104} INFO - [2024-12-26 15:35:59,998] {dag.py:1833} INFO - Sync 2 DAGs
[2024-12-26 15:36:00,007] {logging_mixin.py:104} INFO - [2024-12-26 15:36:00,007] {dag.py:2306} INFO - Setting next_dagrun for example_xcom_args to None
[2024-12-26 15:36:00,008] {logging_mixin.py:104} INFO - [2024-12-26 15:36:00,008] {dag.py:2306} INFO - Setting next_dagrun for example_xcom_args_with_operators to None
[2024-12-26 15:36:00,017] {scheduler_job.py:190} INFO - Processing /home/airflow/.local/lib/python3.6/site-packages/airflow/example_dags/example_xcomargs.py took 0.164 seconds
[2024-12-26 15:36:30,295] {scheduler_job.py:182} INFO - Started process (PID=755) to work on /home/airflow/.local/lib/python3.6/site-packages/airflow/example_dags/example_xcomargs.py
[2024-12-26 15:36:30,296] {scheduler_job.py:633} INFO - Processing file /home/airflow/.local/lib/python3.6/site-packages/airflow/example_dags/example_xcomargs.py for tasks to queue
[2024-12-26 15:36:30,297] {logging_mixin.py:104} INFO - [2024-12-26 15:36:30,296] {dagbag.py:496} INFO - Filling up the DagBag from /home/airflow/.local/lib/python3.6/site-packages/airflow/example_dags/example_xcomargs.py
[2024-12-26 15:36:30,309] {scheduler_job.py:643} INFO - DAG(s) dict_keys(['example_xcom_args', 'example_xcom_args_with_operators']) retrieved from /home/airflow/.local/lib/python3.6/site-packages/airflow/example_dags/example_xcomargs.py
[2024-12-26 15:36:30,441] {logging_mixin.py:104} INFO - [2024-12-26 15:36:30,441] {dag.py:1833} INFO - Sync 2 DAGs
[2024-12-26 15:36:30,453] {logging_mixin.py:104} INFO - [2024-12-26 15:36:30,453] {dag.py:2306} INFO - Setting next_dagrun for example_xcom_args to None
[2024-12-26 15:36:30,454] {logging_mixin.py:104} INFO - [2024-12-26 15:36:30,454] {dag.py:2306} INFO - Setting next_dagrun for example_xcom_args_with_operators to None
[2024-12-26 15:36:30,464] {scheduler_job.py:190} INFO - Processing /home/airflow/.local/lib/python3.6/site-packages/airflow/example_dags/example_xcomargs.py took 0.172 seconds
[2024-12-26 15:37:00,606] {scheduler_job.py:182} INFO - Started process (PID=817) to work on /home/airflow/.local/lib/python3.6/site-packages/airflow/example_dags/example_xcomargs.py
[2024-12-26 15:37:00,607] {scheduler_job.py:633} INFO - Processing file /home/airflow/.local/lib/python3.6/site-packages/airflow/example_dags/example_xcomargs.py for tasks to queue
[2024-12-26 15:37:00,608] {logging_mixin.py:104} INFO - [2024-12-26 15:37:00,608] {dagbag.py:496} INFO - Filling up the DagBag from /home/airflow/.local/lib/python3.6/site-packages/airflow/example_dags/example_xcomargs.py
[2024-12-26 15:37:00,620] {scheduler_job.py:643} INFO - DAG(s) dict_keys(['example_xcom_args', 'example_xcom_args_with_operators']) retrieved from /home/airflow/.local/lib/python3.6/site-packages/airflow/example_dags/example_xcomargs.py
[2024-12-26 15:37:00,750] {logging_mixin.py:104} INFO - [2024-12-26 15:37:00,750] {dag.py:1833} INFO - Sync 2 DAGs
[2024-12-26 15:37:00,759] {logging_mixin.py:104} INFO - [2024-12-26 15:37:00,759] {dag.py:2306} INFO - Setting next_dagrun for example_xcom_args to None
[2024-12-26 15:37:00,760] {logging_mixin.py:104} INFO - [2024-12-26 15:37:00,760] {dag.py:2306} INFO - Setting next_dagrun for example_xcom_args_with_operators to None
[2024-12-26 15:37:00,769] {scheduler_job.py:190} INFO - Processing /home/airflow/.local/lib/python3.6/site-packages/airflow/example_dags/example_xcomargs.py took 0.165 seconds
[2024-12-26 15:37:31,169] {scheduler_job.py:182} INFO - Started process (PID=869) to work on /home/airflow/.local/lib/python3.6/site-packages/airflow/example_dags/example_xcomargs.py
[2024-12-26 15:37:31,170] {scheduler_job.py:633} INFO - Processing file /home/airflow/.local/lib/python3.6/site-packages/airflow/example_dags/example_xcomargs.py for tasks to queue
[2024-12-26 15:37:31,171] {logging_mixin.py:104} INFO - [2024-12-26 15:37:31,171] {dagbag.py:496} INFO - Filling up the DagBag from /home/airflow/.local/lib/python3.6/site-packages/airflow/example_dags/example_xcomargs.py
[2024-12-26 15:37:31,182] {scheduler_job.py:643} INFO - DAG(s) dict_keys(['example_xcom_args', 'example_xcom_args_with_operators']) retrieved from /home/airflow/.local/lib/python3.6/site-packages/airflow/example_dags/example_xcomargs.py
[2024-12-26 15:37:31,313] {logging_mixin.py:104} INFO - [2024-12-26 15:37:31,313] {dag.py:1833} INFO - Sync 2 DAGs
[2024-12-26 15:37:31,322] {logging_mixin.py:104} INFO - [2024-12-26 15:37:31,322] {dag.py:2306} INFO - Setting next_dagrun for example_xcom_args to None
[2024-12-26 15:37:31,323] {logging_mixin.py:104} INFO - [2024-12-26 15:37:31,323] {dag.py:2306} INFO - Setting next_dagrun for example_xcom_args_with_operators to None
[2024-12-26 15:37:31,332] {scheduler_job.py:190} INFO - Processing /home/airflow/.local/lib/python3.6/site-packages/airflow/example_dags/example_xcomargs.py took 0.166 seconds
[2024-12-26 15:38:01,487] {scheduler_job.py:182} INFO - Started process (PID=931) to work on /home/airflow/.local/lib/python3.6/site-packages/airflow/example_dags/example_xcomargs.py
[2024-12-26 15:38:01,488] {scheduler_job.py:633} INFO - Processing file /home/airflow/.local/lib/python3.6/site-packages/airflow/example_dags/example_xcomargs.py for tasks to queue
[2024-12-26 15:38:01,489] {logging_mixin.py:104} INFO - [2024-12-26 15:38:01,489] {dagbag.py:496} INFO - Filling up the DagBag from /home/airflow/.local/lib/python3.6/site-packages/airflow/example_dags/example_xcomargs.py
[2024-12-26 15:38:01,500] {scheduler_job.py:643} INFO - DAG(s) dict_keys(['example_xcom_args', 'example_xcom_args_with_operators']) retrieved from /home/airflow/.local/lib/python3.6/site-packages/airflow/example_dags/example_xcomargs.py
[2024-12-26 15:38:01,622] {logging_mixin.py:104} INFO - [2024-12-26 15:38:01,622] {dag.py:1833} INFO - Sync 2 DAGs
[2024-12-26 15:38:01,632] {logging_mixin.py:104} INFO - [2024-12-26 15:38:01,632] {dag.py:2306} INFO - Setting next_dagrun for example_xcom_args to None
[2024-12-26 15:38:01,633] {logging_mixin.py:104} INFO - [2024-12-26 15:38:01,633] {dag.py:2306} INFO - Setting next_dagrun for example_xcom_args_with_operators to None
[2024-12-26 15:38:01,642] {scheduler_job.py:190} INFO - Processing /home/airflow/.local/lib/python3.6/site-packages/airflow/example_dags/example_xcomargs.py took 0.157 seconds
[2024-12-26 15:38:31,908] {scheduler_job.py:182} INFO - Started process (PID=993) to work on /home/airflow/.local/lib/python3.6/site-packages/airflow/example_dags/example_xcomargs.py
[2024-12-26 15:38:31,909] {scheduler_job.py:633} INFO - Processing file /home/airflow/.local/lib/python3.6/site-packages/airflow/example_dags/example_xcomargs.py for tasks to queue
[2024-12-26 15:38:31,910] {logging_mixin.py:104} INFO - [2024-12-26 15:38:31,910] {dagbag.py:496} INFO - Filling up the DagBag from /home/airflow/.local/lib/python3.6/site-packages/airflow/example_dags/example_xcomargs.py
[2024-12-26 15:38:31,922] {scheduler_job.py:643} INFO - DAG(s) dict_keys(['example_xcom_args', 'example_xcom_args_with_operators']) retrieved from /home/airflow/.local/lib/python3.6/site-packages/airflow/example_dags/example_xcomargs.py
[2024-12-26 15:38:32,041] {logging_mixin.py:104} INFO - [2024-12-26 15:38:32,041] {dag.py:1833} INFO - Sync 2 DAGs
[2024-12-26 15:38:32,049] {logging_mixin.py:104} INFO - [2024-12-26 15:38:32,049] {dag.py:2306} INFO - Setting next_dagrun for example_xcom_args to None
[2024-12-26 15:38:32,050] {logging_mixin.py:104} INFO - [2024-12-26 15:38:32,050] {dag.py:2306} INFO - Setting next_dagrun for example_xcom_args_with_operators to None
[2024-12-26 15:38:32,060] {scheduler_job.py:190} INFO - Processing /home/airflow/.local/lib/python3.6/site-packages/airflow/example_dags/example_xcomargs.py took 0.154 seconds
[2024-12-26 15:39:02,320] {scheduler_job.py:182} INFO - Started process (PID=1052) to work on /home/airflow/.local/lib/python3.6/site-packages/airflow/example_dags/example_xcomargs.py
[2024-12-26 15:39:02,322] {scheduler_job.py:633} INFO - Processing file /home/airflow/.local/lib/python3.6/site-packages/airflow/example_dags/example_xcomargs.py for tasks to queue
[2024-12-26 15:39:02,323] {logging_mixin.py:104} INFO - [2024-12-26 15:39:02,322] {dagbag.py:496} INFO - Filling up the DagBag from /home/airflow/.local/lib/python3.6/site-packages/airflow/example_dags/example_xcomargs.py
[2024-12-26 15:39:02,336] {scheduler_job.py:643} INFO - DAG(s) dict_keys(['example_xcom_args', 'example_xcom_args_with_operators']) retrieved from /home/airflow/.local/lib/python3.6/site-packages/airflow/example_dags/example_xcomargs.py
[2024-12-26 15:39:02,453] {logging_mixin.py:104} INFO - [2024-12-26 15:39:02,453] {dag.py:1833} INFO - Sync 2 DAGs
[2024-12-26 15:39:02,463] {logging_mixin.py:104} INFO - [2024-12-26 15:39:02,462] {dag.py:2306} INFO - Setting next_dagrun for example_xcom_args to None
[2024-12-26 15:39:02,464] {logging_mixin.py:104} INFO - [2024-12-26 15:39:02,463] {dag.py:2306} INFO - Setting next_dagrun for example_xcom_args_with_operators to None
[2024-12-26 15:39:02,476] {scheduler_job.py:190} INFO - Processing /home/airflow/.local/lib/python3.6/site-packages/airflow/example_dags/example_xcomargs.py took 0.158 seconds
[2024-12-26 15:40:30,819] {scheduler_job.py:182} INFO - Started process (PID=37) to work on /home/airflow/.local/lib/python3.6/site-packages/airflow/example_dags/example_xcomargs.py
[2024-12-26 15:40:30,820] {scheduler_job.py:633} INFO - Processing file /home/airflow/.local/lib/python3.6/site-packages/airflow/example_dags/example_xcomargs.py for tasks to queue
[2024-12-26 15:40:30,821] {logging_mixin.py:104} INFO - [2024-12-26 15:40:30,821] {dagbag.py:496} INFO - Filling up the DagBag from /home/airflow/.local/lib/python3.6/site-packages/airflow/example_dags/example_xcomargs.py
[2024-12-26 15:40:30,836] {scheduler_job.py:643} INFO - DAG(s) dict_keys(['example_xcom_args', 'example_xcom_args_with_operators']) retrieved from /home/airflow/.local/lib/python3.6/site-packages/airflow/example_dags/example_xcomargs.py
[2024-12-26 15:40:30,981] {logging_mixin.py:104} INFO - [2024-12-26 15:40:30,981] {dag.py:1833} INFO - Sync 2 DAGs
[2024-12-26 15:40:30,990] {logging_mixin.py:104} INFO - [2024-12-26 15:40:30,990] {dag.py:2306} INFO - Setting next_dagrun for example_xcom_args to None
[2024-12-26 15:40:30,992] {logging_mixin.py:104} INFO - [2024-12-26 15:40:30,992] {dag.py:2306} INFO - Setting next_dagrun for example_xcom_args_with_operators to None
[2024-12-26 15:40:31,008] {scheduler_job.py:190} INFO - Processing /home/airflow/.local/lib/python3.6/site-packages/airflow/example_dags/example_xcomargs.py took 0.192 seconds
[2024-12-26 15:41:01,720] {scheduler_job.py:182} INFO - Started process (PID=99) to work on /home/airflow/.local/lib/python3.6/site-packages/airflow/example_dags/example_xcomargs.py
[2024-12-26 15:41:01,721] {scheduler_job.py:633} INFO - Processing file /home/airflow/.local/lib/python3.6/site-packages/airflow/example_dags/example_xcomargs.py for tasks to queue
[2024-12-26 15:41:01,723] {logging_mixin.py:104} INFO - [2024-12-26 15:41:01,722] {dagbag.py:496} INFO - Filling up the DagBag from /home/airflow/.local/lib/python3.6/site-packages/airflow/example_dags/example_xcomargs.py
[2024-12-26 15:41:01,738] {scheduler_job.py:643} INFO - DAG(s) dict_keys(['example_xcom_args', 'example_xcom_args_with_operators']) retrieved from /home/airflow/.local/lib/python3.6/site-packages/airflow/example_dags/example_xcomargs.py
[2024-12-26 15:41:01,878] {logging_mixin.py:104} INFO - [2024-12-26 15:41:01,878] {dag.py:1833} INFO - Sync 2 DAGs
[2024-12-26 15:41:01,889] {logging_mixin.py:104} INFO - [2024-12-26 15:41:01,888] {dag.py:2306} INFO - Setting next_dagrun for example_xcom_args to None
[2024-12-26 15:41:01,890] {logging_mixin.py:104} INFO - [2024-12-26 15:41:01,890] {dag.py:2306} INFO - Setting next_dagrun for example_xcom_args_with_operators to None
[2024-12-26 15:41:01,898] {scheduler_job.py:190} INFO - Processing /home/airflow/.local/lib/python3.6/site-packages/airflow/example_dags/example_xcomargs.py took 0.180 seconds
[2024-12-26 15:41:32,454] {scheduler_job.py:182} INFO - Started process (PID=151) to work on /home/airflow/.local/lib/python3.6/site-packages/airflow/example_dags/example_xcomargs.py
[2024-12-26 15:41:32,455] {scheduler_job.py:633} INFO - Processing file /home/airflow/.local/lib/python3.6/site-packages/airflow/example_dags/example_xcomargs.py for tasks to queue
[2024-12-26 15:41:32,456] {logging_mixin.py:104} INFO - [2024-12-26 15:41:32,456] {dagbag.py:496} INFO - Filling up the DagBag from /home/airflow/.local/lib/python3.6/site-packages/airflow/example_dags/example_xcomargs.py
[2024-12-26 15:41:32,468] {scheduler_job.py:643} INFO - DAG(s) dict_keys(['example_xcom_args', 'example_xcom_args_with_operators']) retrieved from /home/airflow/.local/lib/python3.6/site-packages/airflow/example_dags/example_xcomargs.py
[2024-12-26 15:41:32,595] {logging_mixin.py:104} INFO - [2024-12-26 15:41:32,595] {dag.py:1833} INFO - Sync 2 DAGs
[2024-12-26 15:41:32,606] {logging_mixin.py:104} INFO - [2024-12-26 15:41:32,606] {dag.py:2306} INFO - Setting next_dagrun for example_xcom_args to None
[2024-12-26 15:41:32,607] {logging_mixin.py:104} INFO - [2024-12-26 15:41:32,607] {dag.py:2306} INFO - Setting next_dagrun for example_xcom_args_with_operators to None
[2024-12-26 15:41:32,621] {scheduler_job.py:190} INFO - Processing /home/airflow/.local/lib/python3.6/site-packages/airflow/example_dags/example_xcomargs.py took 0.169 seconds
[2024-12-26 15:42:03,145] {scheduler_job.py:182} INFO - Started process (PID=214) to work on /home/airflow/.local/lib/python3.6/site-packages/airflow/example_dags/example_xcomargs.py
[2024-12-26 15:42:03,146] {scheduler_job.py:633} INFO - Processing file /home/airflow/.local/lib/python3.6/site-packages/airflow/example_dags/example_xcomargs.py for tasks to queue
[2024-12-26 15:42:03,147] {logging_mixin.py:104} INFO - [2024-12-26 15:42:03,146] {dagbag.py:496} INFO - Filling up the DagBag from /home/airflow/.local/lib/python3.6/site-packages/airflow/example_dags/example_xcomargs.py
[2024-12-26 15:42:03,158] {scheduler_job.py:643} INFO - DAG(s) dict_keys(['example_xcom_args', 'example_xcom_args_with_operators']) retrieved from /home/airflow/.local/lib/python3.6/site-packages/airflow/example_dags/example_xcomargs.py
[2024-12-26 15:42:03,281] {logging_mixin.py:104} INFO - [2024-12-26 15:42:03,281] {dag.py:1833} INFO - Sync 2 DAGs
[2024-12-26 15:42:03,289] {logging_mixin.py:104} INFO - [2024-12-26 15:42:03,289] {dag.py:2306} INFO - Setting next_dagrun for example_xcom_args to None
[2024-12-26 15:42:03,290] {logging_mixin.py:104} INFO - [2024-12-26 15:42:03,290] {dag.py:2306} INFO - Setting next_dagrun for example_xcom_args_with_operators to None
[2024-12-26 15:42:03,304] {scheduler_job.py:190} INFO - Processing /home/airflow/.local/lib/python3.6/site-packages/airflow/example_dags/example_xcomargs.py took 0.160 seconds
[2024-12-26 15:42:35,738] {scheduler_job.py:182} INFO - Started process (PID=37) to work on /home/airflow/.local/lib/python3.6/site-packages/airflow/example_dags/example_xcomargs.py
[2024-12-26 15:42:35,739] {scheduler_job.py:633} INFO - Processing file /home/airflow/.local/lib/python3.6/site-packages/airflow/example_dags/example_xcomargs.py for tasks to queue
[2024-12-26 15:42:35,741] {logging_mixin.py:104} INFO - [2024-12-26 15:42:35,740] {dagbag.py:496} INFO - Filling up the DagBag from /home/airflow/.local/lib/python3.6/site-packages/airflow/example_dags/example_xcomargs.py
[2024-12-26 15:42:35,767] {scheduler_job.py:643} INFO - DAG(s) dict_keys(['example_xcom_args', 'example_xcom_args_with_operators']) retrieved from /home/airflow/.local/lib/python3.6/site-packages/airflow/example_dags/example_xcomargs.py
[2024-12-26 15:42:36,109] {logging_mixin.py:104} INFO - [2024-12-26 15:42:36,109] {dag.py:1833} INFO - Sync 2 DAGs
[2024-12-26 15:42:36,119] {logging_mixin.py:104} INFO - [2024-12-26 15:42:36,119] {dag.py:2306} INFO - Setting next_dagrun for example_xcom_args to None
[2024-12-26 15:42:36,120] {logging_mixin.py:104} INFO - [2024-12-26 15:42:36,120] {dag.py:2306} INFO - Setting next_dagrun for example_xcom_args_with_operators to None
[2024-12-26 15:42:36,133] {scheduler_job.py:190} INFO - Processing /home/airflow/.local/lib/python3.6/site-packages/airflow/example_dags/example_xcomargs.py took 0.397 seconds
[2024-12-26 15:43:06,911] {scheduler_job.py:182} INFO - Started process (PID=99) to work on /home/airflow/.local/lib/python3.6/site-packages/airflow/example_dags/example_xcomargs.py
[2024-12-26 15:43:06,912] {scheduler_job.py:633} INFO - Processing file /home/airflow/.local/lib/python3.6/site-packages/airflow/example_dags/example_xcomargs.py for tasks to queue
[2024-12-26 15:43:06,912] {logging_mixin.py:104} INFO - [2024-12-26 15:43:06,912] {dagbag.py:496} INFO - Filling up the DagBag from /home/airflow/.local/lib/python3.6/site-packages/airflow/example_dags/example_xcomargs.py
[2024-12-26 15:43:06,924] {scheduler_job.py:643} INFO - DAG(s) dict_keys(['example_xcom_args', 'example_xcom_args_with_operators']) retrieved from /home/airflow/.local/lib/python3.6/site-packages/airflow/example_dags/example_xcomargs.py
[2024-12-26 15:43:07,048] {logging_mixin.py:104} INFO - [2024-12-26 15:43:07,048] {dag.py:1833} INFO - Sync 2 DAGs
[2024-12-26 15:43:07,056] {logging_mixin.py:104} INFO - [2024-12-26 15:43:07,056] {dag.py:2306} INFO - Setting next_dagrun for example_xcom_args to None
[2024-12-26 15:43:07,057] {logging_mixin.py:104} INFO - [2024-12-26 15:43:07,057] {dag.py:2306} INFO - Setting next_dagrun for example_xcom_args_with_operators to None
[2024-12-26 15:43:07,072] {scheduler_job.py:190} INFO - Processing /home/airflow/.local/lib/python3.6/site-packages/airflow/example_dags/example_xcomargs.py took 0.164 seconds
