[2024-12-26 15:32:46,682] {scheduler_job.py:182} INFO - Started process (PID=309) to work on /home/airflow/.local/lib/python3.6/site-packages/airflow/example_dags/tutorial.py
[2024-12-26 15:32:46,684] {scheduler_job.py:633} INFO - Processing file /home/airflow/.local/lib/python3.6/site-packages/airflow/example_dags/tutorial.py for tasks to queue
[2024-12-26 15:32:46,685] {logging_mixin.py:104} INFO - [2024-12-26 15:32:46,684] {dagbag.py:496} INFO - Filling up the DagBag from /home/airflow/.local/lib/python3.6/site-packages/airflow/example_dags/tutorial.py
[2024-12-26 15:32:46,694] {scheduler_job.py:643} INFO - DAG(s) dict_keys(['tutorial']) retrieved from /home/airflow/.local/lib/python3.6/site-packages/airflow/example_dags/tutorial.py
[2024-12-26 15:32:48,107] {logging_mixin.py:104} INFO - [2024-12-26 15:32:48,107] {dag.py:1833} INFO - Sync 1 DAGs
[2024-12-26 15:32:48,116] {logging_mixin.py:104} INFO - [2024-12-26 15:32:48,115] {dag.py:1852} INFO - Creating ORM DAG for tutorial
[2024-12-26 15:32:48,120] {logging_mixin.py:104} INFO - [2024-12-26 15:32:48,120] {dag.py:2306} INFO - Setting next_dagrun for tutorial to 2024-12-24 00:00:00+00:00
[2024-12-26 15:32:48,133] {scheduler_job.py:190} INFO - Processing /home/airflow/.local/lib/python3.6/site-packages/airflow/example_dags/tutorial.py took 1.453 seconds
[2024-12-26 15:33:18,459] {scheduler_job.py:182} INFO - Started process (PID=387) to work on /home/airflow/.local/lib/python3.6/site-packages/airflow/example_dags/tutorial.py
[2024-12-26 15:33:18,460] {scheduler_job.py:633} INFO - Processing file /home/airflow/.local/lib/python3.6/site-packages/airflow/example_dags/tutorial.py for tasks to queue
[2024-12-26 15:33:18,460] {logging_mixin.py:104} INFO - [2024-12-26 15:33:18,460] {dagbag.py:496} INFO - Filling up the DagBag from /home/airflow/.local/lib/python3.6/site-packages/airflow/example_dags/tutorial.py
[2024-12-26 15:33:18,467] {scheduler_job.py:643} INFO - DAG(s) dict_keys(['tutorial']) retrieved from /home/airflow/.local/lib/python3.6/site-packages/airflow/example_dags/tutorial.py
[2024-12-26 15:33:18,484] {logging_mixin.py:104} INFO - [2024-12-26 15:33:18,484] {dag.py:1833} INFO - Sync 1 DAGs
[2024-12-26 15:33:18,494] {logging_mixin.py:104} INFO - [2024-12-26 15:33:18,494] {dag.py:2306} INFO - Setting next_dagrun for tutorial to 2024-12-24 00:00:00+00:00
[2024-12-26 15:33:18,505] {scheduler_job.py:190} INFO - Processing /home/airflow/.local/lib/python3.6/site-packages/airflow/example_dags/tutorial.py took 0.048 seconds
[2024-12-26 15:33:48,714] {scheduler_job.py:182} INFO - Started process (PID=449) to work on /home/airflow/.local/lib/python3.6/site-packages/airflow/example_dags/tutorial.py
[2024-12-26 15:33:48,715] {scheduler_job.py:633} INFO - Processing file /home/airflow/.local/lib/python3.6/site-packages/airflow/example_dags/tutorial.py for tasks to queue
[2024-12-26 15:33:48,716] {logging_mixin.py:104} INFO - [2024-12-26 15:33:48,716] {dagbag.py:496} INFO - Filling up the DagBag from /home/airflow/.local/lib/python3.6/site-packages/airflow/example_dags/tutorial.py
[2024-12-26 15:33:48,723] {scheduler_job.py:643} INFO - DAG(s) dict_keys(['tutorial']) retrieved from /home/airflow/.local/lib/python3.6/site-packages/airflow/example_dags/tutorial.py
[2024-12-26 15:33:48,738] {logging_mixin.py:104} INFO - [2024-12-26 15:33:48,738] {dag.py:1833} INFO - Sync 1 DAGs
[2024-12-26 15:33:48,749] {logging_mixin.py:104} INFO - [2024-12-26 15:33:48,749] {dag.py:2306} INFO - Setting next_dagrun for tutorial to 2024-12-24 00:00:00+00:00
[2024-12-26 15:33:48,759] {scheduler_job.py:190} INFO - Processing /home/airflow/.local/lib/python3.6/site-packages/airflow/example_dags/tutorial.py took 0.047 seconds
[2024-12-26 15:34:19,007] {scheduler_job.py:182} INFO - Started process (PID=501) to work on /home/airflow/.local/lib/python3.6/site-packages/airflow/example_dags/tutorial.py
[2024-12-26 15:34:19,008] {scheduler_job.py:633} INFO - Processing file /home/airflow/.local/lib/python3.6/site-packages/airflow/example_dags/tutorial.py for tasks to queue
[2024-12-26 15:34:19,009] {logging_mixin.py:104} INFO - [2024-12-26 15:34:19,009] {dagbag.py:496} INFO - Filling up the DagBag from /home/airflow/.local/lib/python3.6/site-packages/airflow/example_dags/tutorial.py
[2024-12-26 15:34:19,017] {scheduler_job.py:643} INFO - DAG(s) dict_keys(['tutorial']) retrieved from /home/airflow/.local/lib/python3.6/site-packages/airflow/example_dags/tutorial.py
[2024-12-26 15:34:19,032] {logging_mixin.py:104} INFO - [2024-12-26 15:34:19,032] {dag.py:1833} INFO - Sync 1 DAGs
[2024-12-26 15:34:19,042] {logging_mixin.py:104} INFO - [2024-12-26 15:34:19,042] {dag.py:2306} INFO - Setting next_dagrun for tutorial to 2024-12-24 00:00:00+00:00
[2024-12-26 15:34:19,052] {scheduler_job.py:190} INFO - Processing /home/airflow/.local/lib/python3.6/site-packages/airflow/example_dags/tutorial.py took 0.047 seconds
[2024-12-26 15:34:49,155] {scheduler_job.py:182} INFO - Started process (PID=563) to work on /home/airflow/.local/lib/python3.6/site-packages/airflow/example_dags/tutorial.py
[2024-12-26 15:34:49,157] {scheduler_job.py:633} INFO - Processing file /home/airflow/.local/lib/python3.6/site-packages/airflow/example_dags/tutorial.py for tasks to queue
[2024-12-26 15:34:49,157] {logging_mixin.py:104} INFO - [2024-12-26 15:34:49,157] {dagbag.py:496} INFO - Filling up the DagBag from /home/airflow/.local/lib/python3.6/site-packages/airflow/example_dags/tutorial.py
[2024-12-26 15:34:49,164] {scheduler_job.py:643} INFO - DAG(s) dict_keys(['tutorial']) retrieved from /home/airflow/.local/lib/python3.6/site-packages/airflow/example_dags/tutorial.py
[2024-12-26 15:34:49,179] {logging_mixin.py:104} INFO - [2024-12-26 15:34:49,179] {dag.py:1833} INFO - Sync 1 DAGs
[2024-12-26 15:34:49,190] {logging_mixin.py:104} INFO - [2024-12-26 15:34:49,190] {dag.py:2306} INFO - Setting next_dagrun for tutorial to 2024-12-24 00:00:00+00:00
[2024-12-26 15:34:49,202] {scheduler_job.py:190} INFO - Processing /home/airflow/.local/lib/python3.6/site-packages/airflow/example_dags/tutorial.py took 0.050 seconds
[2024-12-26 15:35:19,330] {scheduler_job.py:182} INFO - Started process (PID=625) to work on /home/airflow/.local/lib/python3.6/site-packages/airflow/example_dags/tutorial.py
[2024-12-26 15:35:19,331] {scheduler_job.py:633} INFO - Processing file /home/airflow/.local/lib/python3.6/site-packages/airflow/example_dags/tutorial.py for tasks to queue
[2024-12-26 15:35:19,332] {logging_mixin.py:104} INFO - [2024-12-26 15:35:19,332] {dagbag.py:496} INFO - Filling up the DagBag from /home/airflow/.local/lib/python3.6/site-packages/airflow/example_dags/tutorial.py
[2024-12-26 15:35:19,339] {scheduler_job.py:643} INFO - DAG(s) dict_keys(['tutorial']) retrieved from /home/airflow/.local/lib/python3.6/site-packages/airflow/example_dags/tutorial.py
[2024-12-26 15:35:19,355] {logging_mixin.py:104} INFO - [2024-12-26 15:35:19,355] {dag.py:1833} INFO - Sync 1 DAGs
[2024-12-26 15:35:19,365] {logging_mixin.py:104} INFO - [2024-12-26 15:35:19,365] {dag.py:2306} INFO - Setting next_dagrun for tutorial to 2024-12-24 00:00:00+00:00
[2024-12-26 15:35:19,377] {scheduler_job.py:190} INFO - Processing /home/airflow/.local/lib/python3.6/site-packages/airflow/example_dags/tutorial.py took 0.049 seconds
[2024-12-26 15:35:49,702] {scheduler_job.py:182} INFO - Started process (PID=677) to work on /home/airflow/.local/lib/python3.6/site-packages/airflow/example_dags/tutorial.py
[2024-12-26 15:35:49,703] {scheduler_job.py:633} INFO - Processing file /home/airflow/.local/lib/python3.6/site-packages/airflow/example_dags/tutorial.py for tasks to queue
[2024-12-26 15:35:49,704] {logging_mixin.py:104} INFO - [2024-12-26 15:35:49,704] {dagbag.py:496} INFO - Filling up the DagBag from /home/airflow/.local/lib/python3.6/site-packages/airflow/example_dags/tutorial.py
[2024-12-26 15:35:49,711] {scheduler_job.py:643} INFO - DAG(s) dict_keys(['tutorial']) retrieved from /home/airflow/.local/lib/python3.6/site-packages/airflow/example_dags/tutorial.py
[2024-12-26 15:35:49,727] {logging_mixin.py:104} INFO - [2024-12-26 15:35:49,727] {dag.py:1833} INFO - Sync 1 DAGs
[2024-12-26 15:35:49,739] {logging_mixin.py:104} INFO - [2024-12-26 15:35:49,738] {dag.py:2306} INFO - Setting next_dagrun for tutorial to 2024-12-24 00:00:00+00:00
[2024-12-26 15:35:49,748] {scheduler_job.py:190} INFO - Processing /home/airflow/.local/lib/python3.6/site-packages/airflow/example_dags/tutorial.py took 0.048 seconds
[2024-12-26 15:36:20,128] {scheduler_job.py:182} INFO - Started process (PID=741) to work on /home/airflow/.local/lib/python3.6/site-packages/airflow/example_dags/tutorial.py
[2024-12-26 15:36:20,129] {scheduler_job.py:633} INFO - Processing file /home/airflow/.local/lib/python3.6/site-packages/airflow/example_dags/tutorial.py for tasks to queue
[2024-12-26 15:36:20,130] {logging_mixin.py:104} INFO - [2024-12-26 15:36:20,130] {dagbag.py:496} INFO - Filling up the DagBag from /home/airflow/.local/lib/python3.6/site-packages/airflow/example_dags/tutorial.py
[2024-12-26 15:36:20,138] {scheduler_job.py:643} INFO - DAG(s) dict_keys(['tutorial']) retrieved from /home/airflow/.local/lib/python3.6/site-packages/airflow/example_dags/tutorial.py
[2024-12-26 15:36:20,154] {logging_mixin.py:104} INFO - [2024-12-26 15:36:20,154] {dag.py:1833} INFO - Sync 1 DAGs
[2024-12-26 15:36:20,164] {logging_mixin.py:104} INFO - [2024-12-26 15:36:20,164] {dag.py:2306} INFO - Setting next_dagrun for tutorial to 2024-12-24 00:00:00+00:00
[2024-12-26 15:36:20,176] {scheduler_job.py:190} INFO - Processing /home/airflow/.local/lib/python3.6/site-packages/airflow/example_dags/tutorial.py took 0.050 seconds
[2024-12-26 15:36:50,412] {scheduler_job.py:182} INFO - Started process (PID=803) to work on /home/airflow/.local/lib/python3.6/site-packages/airflow/example_dags/tutorial.py
[2024-12-26 15:36:50,419] {scheduler_job.py:633} INFO - Processing file /home/airflow/.local/lib/python3.6/site-packages/airflow/example_dags/tutorial.py for tasks to queue
[2024-12-26 15:36:50,430] {logging_mixin.py:104} INFO - [2024-12-26 15:36:50,429] {dagbag.py:496} INFO - Filling up the DagBag from /home/airflow/.local/lib/python3.6/site-packages/airflow/example_dags/tutorial.py
[2024-12-26 15:36:50,447] {scheduler_job.py:643} INFO - DAG(s) dict_keys(['tutorial']) retrieved from /home/airflow/.local/lib/python3.6/site-packages/airflow/example_dags/tutorial.py
[2024-12-26 15:36:50,471] {logging_mixin.py:104} INFO - [2024-12-26 15:36:50,471] {dag.py:1833} INFO - Sync 1 DAGs
[2024-12-26 15:36:50,488] {logging_mixin.py:104} INFO - [2024-12-26 15:36:50,488] {dag.py:2306} INFO - Setting next_dagrun for tutorial to 2024-12-24 00:00:00+00:00
[2024-12-26 15:36:50,511] {scheduler_job.py:190} INFO - Processing /home/airflow/.local/lib/python3.6/site-packages/airflow/example_dags/tutorial.py took 0.101 seconds
[2024-12-26 15:37:20,901] {scheduler_job.py:182} INFO - Started process (PID=855) to work on /home/airflow/.local/lib/python3.6/site-packages/airflow/example_dags/tutorial.py
[2024-12-26 15:37:20,907] {scheduler_job.py:633} INFO - Processing file /home/airflow/.local/lib/python3.6/site-packages/airflow/example_dags/tutorial.py for tasks to queue
[2024-12-26 15:37:20,911] {logging_mixin.py:104} INFO - [2024-12-26 15:37:20,911] {dagbag.py:496} INFO - Filling up the DagBag from /home/airflow/.local/lib/python3.6/site-packages/airflow/example_dags/tutorial.py
[2024-12-26 15:37:20,922] {scheduler_job.py:643} INFO - DAG(s) dict_keys(['tutorial']) retrieved from /home/airflow/.local/lib/python3.6/site-packages/airflow/example_dags/tutorial.py
[2024-12-26 15:37:20,941] {logging_mixin.py:104} INFO - [2024-12-26 15:37:20,941] {dag.py:1833} INFO - Sync 1 DAGs
[2024-12-26 15:37:20,955] {logging_mixin.py:104} INFO - [2024-12-26 15:37:20,954] {dag.py:2306} INFO - Setting next_dagrun for tutorial to 2024-12-24 00:00:00+00:00
[2024-12-26 15:37:20,967] {scheduler_job.py:190} INFO - Processing /home/airflow/.local/lib/python3.6/site-packages/airflow/example_dags/tutorial.py took 0.068 seconds
[2024-12-26 15:37:51,317] {scheduler_job.py:182} INFO - Started process (PID=917) to work on /home/airflow/.local/lib/python3.6/site-packages/airflow/example_dags/tutorial.py
[2024-12-26 15:37:51,318] {scheduler_job.py:633} INFO - Processing file /home/airflow/.local/lib/python3.6/site-packages/airflow/example_dags/tutorial.py for tasks to queue
[2024-12-26 15:37:51,319] {logging_mixin.py:104} INFO - [2024-12-26 15:37:51,319] {dagbag.py:496} INFO - Filling up the DagBag from /home/airflow/.local/lib/python3.6/site-packages/airflow/example_dags/tutorial.py
[2024-12-26 15:37:51,327] {scheduler_job.py:643} INFO - DAG(s) dict_keys(['tutorial']) retrieved from /home/airflow/.local/lib/python3.6/site-packages/airflow/example_dags/tutorial.py
[2024-12-26 15:37:51,343] {logging_mixin.py:104} INFO - [2024-12-26 15:37:51,343] {dag.py:1833} INFO - Sync 1 DAGs
[2024-12-26 15:37:51,353] {logging_mixin.py:104} INFO - [2024-12-26 15:37:51,353] {dag.py:2306} INFO - Setting next_dagrun for tutorial to 2024-12-24 00:00:00+00:00
[2024-12-26 15:37:51,363] {scheduler_job.py:190} INFO - Processing /home/airflow/.local/lib/python3.6/site-packages/airflow/example_dags/tutorial.py took 0.048 seconds
[2024-12-26 15:38:21,736] {scheduler_job.py:182} INFO - Started process (PID=979) to work on /home/airflow/.local/lib/python3.6/site-packages/airflow/example_dags/tutorial.py
[2024-12-26 15:38:21,738] {scheduler_job.py:633} INFO - Processing file /home/airflow/.local/lib/python3.6/site-packages/airflow/example_dags/tutorial.py for tasks to queue
[2024-12-26 15:38:21,739] {logging_mixin.py:104} INFO - [2024-12-26 15:38:21,738] {dagbag.py:496} INFO - Filling up the DagBag from /home/airflow/.local/lib/python3.6/site-packages/airflow/example_dags/tutorial.py
[2024-12-26 15:38:21,746] {scheduler_job.py:643} INFO - DAG(s) dict_keys(['tutorial']) retrieved from /home/airflow/.local/lib/python3.6/site-packages/airflow/example_dags/tutorial.py
[2024-12-26 15:38:21,762] {logging_mixin.py:104} INFO - [2024-12-26 15:38:21,762] {dag.py:1833} INFO - Sync 1 DAGs
[2024-12-26 15:38:21,772] {logging_mixin.py:104} INFO - [2024-12-26 15:38:21,772] {dag.py:2306} INFO - Setting next_dagrun for tutorial to 2024-12-24 00:00:00+00:00
[2024-12-26 15:38:21,782] {scheduler_job.py:190} INFO - Processing /home/airflow/.local/lib/python3.6/site-packages/airflow/example_dags/tutorial.py took 0.048 seconds
[2024-12-26 15:38:52,153] {scheduler_job.py:182} INFO - Started process (PID=1041) to work on /home/airflow/.local/lib/python3.6/site-packages/airflow/example_dags/tutorial.py
[2024-12-26 15:38:52,154] {scheduler_job.py:633} INFO - Processing file /home/airflow/.local/lib/python3.6/site-packages/airflow/example_dags/tutorial.py for tasks to queue
[2024-12-26 15:38:52,154] {logging_mixin.py:104} INFO - [2024-12-26 15:38:52,154] {dagbag.py:496} INFO - Filling up the DagBag from /home/airflow/.local/lib/python3.6/site-packages/airflow/example_dags/tutorial.py
[2024-12-26 15:38:52,162] {scheduler_job.py:643} INFO - DAG(s) dict_keys(['tutorial']) retrieved from /home/airflow/.local/lib/python3.6/site-packages/airflow/example_dags/tutorial.py
[2024-12-26 15:38:52,179] {logging_mixin.py:104} INFO - [2024-12-26 15:38:52,179] {dag.py:1833} INFO - Sync 1 DAGs
[2024-12-26 15:38:52,193] {logging_mixin.py:104} INFO - [2024-12-26 15:38:52,192] {dag.py:2306} INFO - Setting next_dagrun for tutorial to 2024-12-24 00:00:00+00:00
[2024-12-26 15:38:52,204] {scheduler_job.py:190} INFO - Processing /home/airflow/.local/lib/python3.6/site-packages/airflow/example_dags/tutorial.py took 0.053 seconds
[2024-12-26 15:40:32,469] {scheduler_job.py:182} INFO - Started process (PID=65) to work on /home/airflow/.local/lib/python3.6/site-packages/airflow/example_dags/tutorial.py
[2024-12-26 15:40:32,471] {scheduler_job.py:633} INFO - Processing file /home/airflow/.local/lib/python3.6/site-packages/airflow/example_dags/tutorial.py for tasks to queue
[2024-12-26 15:40:32,472] {logging_mixin.py:104} INFO - [2024-12-26 15:40:32,472] {dagbag.py:496} INFO - Filling up the DagBag from /home/airflow/.local/lib/python3.6/site-packages/airflow/example_dags/tutorial.py
[2024-12-26 15:40:32,480] {scheduler_job.py:643} INFO - DAG(s) dict_keys(['tutorial']) retrieved from /home/airflow/.local/lib/python3.6/site-packages/airflow/example_dags/tutorial.py
[2024-12-26 15:40:32,497] {logging_mixin.py:104} INFO - [2024-12-26 15:40:32,497] {dag.py:1833} INFO - Sync 1 DAGs
[2024-12-26 15:40:32,509] {logging_mixin.py:104} INFO - [2024-12-26 15:40:32,509] {dag.py:2306} INFO - Setting next_dagrun for tutorial to 2024-12-24 00:00:00+00:00
[2024-12-26 15:40:32,521] {scheduler_job.py:190} INFO - Processing /home/airflow/.local/lib/python3.6/site-packages/airflow/example_dags/tutorial.py took 0.053 seconds
[2024-12-26 15:41:03,186] {scheduler_job.py:182} INFO - Started process (PID=127) to work on /home/airflow/.local/lib/python3.6/site-packages/airflow/example_dags/tutorial.py
[2024-12-26 15:41:03,187] {scheduler_job.py:633} INFO - Processing file /home/airflow/.local/lib/python3.6/site-packages/airflow/example_dags/tutorial.py for tasks to queue
[2024-12-26 15:41:03,188] {logging_mixin.py:104} INFO - [2024-12-26 15:41:03,188] {dagbag.py:496} INFO - Filling up the DagBag from /home/airflow/.local/lib/python3.6/site-packages/airflow/example_dags/tutorial.py
[2024-12-26 15:41:03,196] {scheduler_job.py:643} INFO - DAG(s) dict_keys(['tutorial']) retrieved from /home/airflow/.local/lib/python3.6/site-packages/airflow/example_dags/tutorial.py
[2024-12-26 15:41:03,210] {logging_mixin.py:104} INFO - [2024-12-26 15:41:03,210] {dag.py:1833} INFO - Sync 1 DAGs
[2024-12-26 15:41:03,219] {logging_mixin.py:104} INFO - [2024-12-26 15:41:03,219] {dag.py:2306} INFO - Setting next_dagrun for tutorial to 2024-12-24 00:00:00+00:00
[2024-12-26 15:41:03,229] {scheduler_job.py:190} INFO - Processing /home/airflow/.local/lib/python3.6/site-packages/airflow/example_dags/tutorial.py took 0.045 seconds
[2024-12-26 15:41:33,863] {scheduler_job.py:182} INFO - Started process (PID=189) to work on /home/airflow/.local/lib/python3.6/site-packages/airflow/example_dags/tutorial.py
[2024-12-26 15:41:33,864] {scheduler_job.py:633} INFO - Processing file /home/airflow/.local/lib/python3.6/site-packages/airflow/example_dags/tutorial.py for tasks to queue
[2024-12-26 15:41:33,865] {logging_mixin.py:104} INFO - [2024-12-26 15:41:33,865] {dagbag.py:496} INFO - Filling up the DagBag from /home/airflow/.local/lib/python3.6/site-packages/airflow/example_dags/tutorial.py
[2024-12-26 15:41:33,872] {scheduler_job.py:643} INFO - DAG(s) dict_keys(['tutorial']) retrieved from /home/airflow/.local/lib/python3.6/site-packages/airflow/example_dags/tutorial.py
[2024-12-26 15:41:33,888] {logging_mixin.py:104} INFO - [2024-12-26 15:41:33,888] {dag.py:1833} INFO - Sync 1 DAGs
[2024-12-26 15:41:33,899] {logging_mixin.py:104} INFO - [2024-12-26 15:41:33,899] {dag.py:2306} INFO - Setting next_dagrun for tutorial to 2024-12-24 00:00:00+00:00
[2024-12-26 15:41:33,906] {scheduler_job.py:190} INFO - Processing /home/airflow/.local/lib/python3.6/site-packages/airflow/example_dags/tutorial.py took 0.046 seconds
[2024-12-26 15:42:04,538] {scheduler_job.py:182} INFO - Started process (PID=242) to work on /home/airflow/.local/lib/python3.6/site-packages/airflow/example_dags/tutorial.py
[2024-12-26 15:42:04,539] {scheduler_job.py:633} INFO - Processing file /home/airflow/.local/lib/python3.6/site-packages/airflow/example_dags/tutorial.py for tasks to queue
[2024-12-26 15:42:04,539] {logging_mixin.py:104} INFO - [2024-12-26 15:42:04,539] {dagbag.py:496} INFO - Filling up the DagBag from /home/airflow/.local/lib/python3.6/site-packages/airflow/example_dags/tutorial.py
[2024-12-26 15:42:04,547] {scheduler_job.py:643} INFO - DAG(s) dict_keys(['tutorial']) retrieved from /home/airflow/.local/lib/python3.6/site-packages/airflow/example_dags/tutorial.py
[2024-12-26 15:42:04,561] {logging_mixin.py:104} INFO - [2024-12-26 15:42:04,561] {dag.py:1833} INFO - Sync 1 DAGs
[2024-12-26 15:42:04,571] {logging_mixin.py:104} INFO - [2024-12-26 15:42:04,571] {dag.py:2306} INFO - Setting next_dagrun for tutorial to 2024-12-24 00:00:00+00:00
[2024-12-26 15:42:04,580] {scheduler_job.py:190} INFO - Processing /home/airflow/.local/lib/python3.6/site-packages/airflow/example_dags/tutorial.py took 0.044 seconds
[2024-12-26 15:42:37,647] {scheduler_job.py:182} INFO - Started process (PID=65) to work on /home/airflow/.local/lib/python3.6/site-packages/airflow/example_dags/tutorial.py
[2024-12-26 15:42:37,648] {scheduler_job.py:633} INFO - Processing file /home/airflow/.local/lib/python3.6/site-packages/airflow/example_dags/tutorial.py for tasks to queue
[2024-12-26 15:42:37,649] {logging_mixin.py:104} INFO - [2024-12-26 15:42:37,649] {dagbag.py:496} INFO - Filling up the DagBag from /home/airflow/.local/lib/python3.6/site-packages/airflow/example_dags/tutorial.py
[2024-12-26 15:42:37,659] {scheduler_job.py:643} INFO - DAG(s) dict_keys(['tutorial']) retrieved from /home/airflow/.local/lib/python3.6/site-packages/airflow/example_dags/tutorial.py
[2024-12-26 15:42:37,674] {logging_mixin.py:104} INFO - [2024-12-26 15:42:37,674] {dag.py:1833} INFO - Sync 1 DAGs
[2024-12-26 15:42:37,689] {logging_mixin.py:104} INFO - [2024-12-26 15:42:37,689] {dag.py:2306} INFO - Setting next_dagrun for tutorial to 2024-12-24 00:00:00+00:00
[2024-12-26 15:42:37,700] {scheduler_job.py:190} INFO - Processing /home/airflow/.local/lib/python3.6/site-packages/airflow/example_dags/tutorial.py took 0.056 seconds
[2024-12-26 15:43:08,461] {scheduler_job.py:182} INFO - Started process (PID=127) to work on /home/airflow/.local/lib/python3.6/site-packages/airflow/example_dags/tutorial.py
[2024-12-26 15:43:08,462] {scheduler_job.py:633} INFO - Processing file /home/airflow/.local/lib/python3.6/site-packages/airflow/example_dags/tutorial.py for tasks to queue
[2024-12-26 15:43:08,463] {logging_mixin.py:104} INFO - [2024-12-26 15:43:08,463] {dagbag.py:496} INFO - Filling up the DagBag from /home/airflow/.local/lib/python3.6/site-packages/airflow/example_dags/tutorial.py
[2024-12-26 15:43:08,470] {scheduler_job.py:643} INFO - DAG(s) dict_keys(['tutorial']) retrieved from /home/airflow/.local/lib/python3.6/site-packages/airflow/example_dags/tutorial.py
[2024-12-26 15:43:08,486] {logging_mixin.py:104} INFO - [2024-12-26 15:43:08,486] {dag.py:1833} INFO - Sync 1 DAGs
[2024-12-26 15:43:08,495] {logging_mixin.py:104} INFO - [2024-12-26 15:43:08,495] {dag.py:2306} INFO - Setting next_dagrun for tutorial to 2024-12-24 00:00:00+00:00
[2024-12-26 15:43:08,503] {scheduler_job.py:190} INFO - Processing /home/airflow/.local/lib/python3.6/site-packages/airflow/example_dags/tutorial.py took 0.044 seconds
