[2024-12-26 15:32:43,987] {scheduler_job.py:182} INFO - Started process (PID=281) to work on /home/airflow/.local/lib/python3.6/site-packages/airflow/example_dags/tutorial_etl_dag.py
[2024-12-26 15:32:43,989] {scheduler_job.py:633} INFO - Processing file /home/airflow/.local/lib/python3.6/site-packages/airflow/example_dags/tutorial_etl_dag.py for tasks to queue
[2024-12-26 15:32:43,989] {logging_mixin.py:104} INFO - [2024-12-26 15:32:43,989] {dagbag.py:496} INFO - Filling up the DagBag from /home/airflow/.local/lib/python3.6/site-packages/airflow/example_dags/tutorial_etl_dag.py
[2024-12-26 15:32:43,999] {scheduler_job.py:643} INFO - DAG(s) dict_keys(['tutorial_etl_dag']) retrieved from /home/airflow/.local/lib/python3.6/site-packages/airflow/example_dags/tutorial_etl_dag.py
[2024-12-26 15:32:45,379] {logging_mixin.py:104} INFO - [2024-12-26 15:32:45,379] {dag.py:1833} INFO - Sync 1 DAGs
[2024-12-26 15:32:45,385] {logging_mixin.py:104} INFO - [2024-12-26 15:32:45,384] {dag.py:1852} INFO - Creating ORM DAG for tutorial_etl_dag
[2024-12-26 15:32:45,388] {logging_mixin.py:104} INFO - [2024-12-26 15:32:45,388] {dag.py:2306} INFO - Setting next_dagrun for tutorial_etl_dag to None
[2024-12-26 15:32:45,398] {scheduler_job.py:190} INFO - Processing /home/airflow/.local/lib/python3.6/site-packages/airflow/example_dags/tutorial_etl_dag.py took 1.413 seconds
[2024-12-26 15:33:15,454] {scheduler_job.py:182} INFO - Started process (PID=384) to work on /home/airflow/.local/lib/python3.6/site-packages/airflow/example_dags/tutorial_etl_dag.py
[2024-12-26 15:33:15,455] {scheduler_job.py:633} INFO - Processing file /home/airflow/.local/lib/python3.6/site-packages/airflow/example_dags/tutorial_etl_dag.py for tasks to queue
[2024-12-26 15:33:15,456] {logging_mixin.py:104} INFO - [2024-12-26 15:33:15,456] {dagbag.py:496} INFO - Filling up the DagBag from /home/airflow/.local/lib/python3.6/site-packages/airflow/example_dags/tutorial_etl_dag.py
[2024-12-26 15:33:15,464] {scheduler_job.py:643} INFO - DAG(s) dict_keys(['tutorial_etl_dag']) retrieved from /home/airflow/.local/lib/python3.6/site-packages/airflow/example_dags/tutorial_etl_dag.py
[2024-12-26 15:33:15,480] {logging_mixin.py:104} INFO - [2024-12-26 15:33:15,479] {dag.py:1833} INFO - Sync 1 DAGs
[2024-12-26 15:33:15,490] {logging_mixin.py:104} INFO - [2024-12-26 15:33:15,490] {dag.py:2306} INFO - Setting next_dagrun for tutorial_etl_dag to None
[2024-12-26 15:33:15,501] {scheduler_job.py:190} INFO - Processing /home/airflow/.local/lib/python3.6/site-packages/airflow/example_dags/tutorial_etl_dag.py took 0.050 seconds
[2024-12-26 15:33:45,563] {scheduler_job.py:182} INFO - Started process (PID=436) to work on /home/airflow/.local/lib/python3.6/site-packages/airflow/example_dags/tutorial_etl_dag.py
[2024-12-26 15:33:45,564] {scheduler_job.py:633} INFO - Processing file /home/airflow/.local/lib/python3.6/site-packages/airflow/example_dags/tutorial_etl_dag.py for tasks to queue
[2024-12-26 15:33:45,565] {logging_mixin.py:104} INFO - [2024-12-26 15:33:45,565] {dagbag.py:496} INFO - Filling up the DagBag from /home/airflow/.local/lib/python3.6/site-packages/airflow/example_dags/tutorial_etl_dag.py
[2024-12-26 15:33:45,572] {scheduler_job.py:643} INFO - DAG(s) dict_keys(['tutorial_etl_dag']) retrieved from /home/airflow/.local/lib/python3.6/site-packages/airflow/example_dags/tutorial_etl_dag.py
[2024-12-26 15:33:45,585] {logging_mixin.py:104} INFO - [2024-12-26 15:33:45,585] {dag.py:1833} INFO - Sync 1 DAGs
[2024-12-26 15:33:45,595] {logging_mixin.py:104} INFO - [2024-12-26 15:33:45,595] {dag.py:2306} INFO - Setting next_dagrun for tutorial_etl_dag to None
[2024-12-26 15:33:45,605] {scheduler_job.py:190} INFO - Processing /home/airflow/.local/lib/python3.6/site-packages/airflow/example_dags/tutorial_etl_dag.py took 0.045 seconds
[2024-12-26 15:34:15,832] {scheduler_job.py:182} INFO - Started process (PID=498) to work on /home/airflow/.local/lib/python3.6/site-packages/airflow/example_dags/tutorial_etl_dag.py
[2024-12-26 15:34:15,833] {scheduler_job.py:633} INFO - Processing file /home/airflow/.local/lib/python3.6/site-packages/airflow/example_dags/tutorial_etl_dag.py for tasks to queue
[2024-12-26 15:34:15,834] {logging_mixin.py:104} INFO - [2024-12-26 15:34:15,834] {dagbag.py:496} INFO - Filling up the DagBag from /home/airflow/.local/lib/python3.6/site-packages/airflow/example_dags/tutorial_etl_dag.py
[2024-12-26 15:34:15,842] {scheduler_job.py:643} INFO - DAG(s) dict_keys(['tutorial_etl_dag']) retrieved from /home/airflow/.local/lib/python3.6/site-packages/airflow/example_dags/tutorial_etl_dag.py
[2024-12-26 15:34:15,858] {logging_mixin.py:104} INFO - [2024-12-26 15:34:15,858] {dag.py:1833} INFO - Sync 1 DAGs
[2024-12-26 15:34:15,869] {logging_mixin.py:104} INFO - [2024-12-26 15:34:15,869] {dag.py:2306} INFO - Setting next_dagrun for tutorial_etl_dag to None
[2024-12-26 15:34:15,880] {scheduler_job.py:190} INFO - Processing /home/airflow/.local/lib/python3.6/site-packages/airflow/example_dags/tutorial_etl_dag.py took 0.049 seconds
[2024-12-26 15:34:46,061] {scheduler_job.py:182} INFO - Started process (PID=559) to work on /home/airflow/.local/lib/python3.6/site-packages/airflow/example_dags/tutorial_etl_dag.py
[2024-12-26 15:34:46,062] {scheduler_job.py:633} INFO - Processing file /home/airflow/.local/lib/python3.6/site-packages/airflow/example_dags/tutorial_etl_dag.py for tasks to queue
[2024-12-26 15:34:46,063] {logging_mixin.py:104} INFO - [2024-12-26 15:34:46,063] {dagbag.py:496} INFO - Filling up the DagBag from /home/airflow/.local/lib/python3.6/site-packages/airflow/example_dags/tutorial_etl_dag.py
[2024-12-26 15:34:46,071] {scheduler_job.py:643} INFO - DAG(s) dict_keys(['tutorial_etl_dag']) retrieved from /home/airflow/.local/lib/python3.6/site-packages/airflow/example_dags/tutorial_etl_dag.py
[2024-12-26 15:34:46,084] {logging_mixin.py:104} INFO - [2024-12-26 15:34:46,084] {dag.py:1833} INFO - Sync 1 DAGs
[2024-12-26 15:34:46,094] {logging_mixin.py:104} INFO - [2024-12-26 15:34:46,094] {dag.py:2306} INFO - Setting next_dagrun for tutorial_etl_dag to None
[2024-12-26 15:34:46,108] {scheduler_job.py:190} INFO - Processing /home/airflow/.local/lib/python3.6/site-packages/airflow/example_dags/tutorial_etl_dag.py took 0.049 seconds
[2024-12-26 15:35:16,235] {scheduler_job.py:182} INFO - Started process (PID=611) to work on /home/airflow/.local/lib/python3.6/site-packages/airflow/example_dags/tutorial_etl_dag.py
[2024-12-26 15:35:16,236] {scheduler_job.py:633} INFO - Processing file /home/airflow/.local/lib/python3.6/site-packages/airflow/example_dags/tutorial_etl_dag.py for tasks to queue
[2024-12-26 15:35:16,237] {logging_mixin.py:104} INFO - [2024-12-26 15:35:16,237] {dagbag.py:496} INFO - Filling up the DagBag from /home/airflow/.local/lib/python3.6/site-packages/airflow/example_dags/tutorial_etl_dag.py
[2024-12-26 15:35:16,244] {scheduler_job.py:643} INFO - DAG(s) dict_keys(['tutorial_etl_dag']) retrieved from /home/airflow/.local/lib/python3.6/site-packages/airflow/example_dags/tutorial_etl_dag.py
[2024-12-26 15:35:16,258] {logging_mixin.py:104} INFO - [2024-12-26 15:35:16,258] {dag.py:1833} INFO - Sync 1 DAGs
[2024-12-26 15:35:16,267] {logging_mixin.py:104} INFO - [2024-12-26 15:35:16,267] {dag.py:2306} INFO - Setting next_dagrun for tutorial_etl_dag to None
[2024-12-26 15:35:16,276] {scheduler_job.py:190} INFO - Processing /home/airflow/.local/lib/python3.6/site-packages/airflow/example_dags/tutorial_etl_dag.py took 0.043 seconds
[2024-12-26 15:35:46,554] {scheduler_job.py:182} INFO - Started process (PID=673) to work on /home/airflow/.local/lib/python3.6/site-packages/airflow/example_dags/tutorial_etl_dag.py
[2024-12-26 15:35:46,555] {scheduler_job.py:633} INFO - Processing file /home/airflow/.local/lib/python3.6/site-packages/airflow/example_dags/tutorial_etl_dag.py for tasks to queue
[2024-12-26 15:35:46,556] {logging_mixin.py:104} INFO - [2024-12-26 15:35:46,556] {dagbag.py:496} INFO - Filling up the DagBag from /home/airflow/.local/lib/python3.6/site-packages/airflow/example_dags/tutorial_etl_dag.py
[2024-12-26 15:35:46,563] {scheduler_job.py:643} INFO - DAG(s) dict_keys(['tutorial_etl_dag']) retrieved from /home/airflow/.local/lib/python3.6/site-packages/airflow/example_dags/tutorial_etl_dag.py
[2024-12-26 15:35:46,576] {logging_mixin.py:104} INFO - [2024-12-26 15:35:46,576] {dag.py:1833} INFO - Sync 1 DAGs
[2024-12-26 15:35:46,585] {logging_mixin.py:104} INFO - [2024-12-26 15:35:46,585] {dag.py:2306} INFO - Setting next_dagrun for tutorial_etl_dag to None
[2024-12-26 15:35:46,596] {scheduler_job.py:190} INFO - Processing /home/airflow/.local/lib/python3.6/site-packages/airflow/example_dags/tutorial_etl_dag.py took 0.043 seconds
[2024-12-26 15:36:16,967] {scheduler_job.py:182} INFO - Started process (PID=737) to work on /home/airflow/.local/lib/python3.6/site-packages/airflow/example_dags/tutorial_etl_dag.py
[2024-12-26 15:36:16,969] {scheduler_job.py:633} INFO - Processing file /home/airflow/.local/lib/python3.6/site-packages/airflow/example_dags/tutorial_etl_dag.py for tasks to queue
[2024-12-26 15:36:16,970] {logging_mixin.py:104} INFO - [2024-12-26 15:36:16,970] {dagbag.py:496} INFO - Filling up the DagBag from /home/airflow/.local/lib/python3.6/site-packages/airflow/example_dags/tutorial_etl_dag.py
[2024-12-26 15:36:16,978] {scheduler_job.py:643} INFO - DAG(s) dict_keys(['tutorial_etl_dag']) retrieved from /home/airflow/.local/lib/python3.6/site-packages/airflow/example_dags/tutorial_etl_dag.py
[2024-12-26 15:36:16,992] {logging_mixin.py:104} INFO - [2024-12-26 15:36:16,992] {dag.py:1833} INFO - Sync 1 DAGs
[2024-12-26 15:36:17,002] {logging_mixin.py:104} INFO - [2024-12-26 15:36:17,002] {dag.py:2306} INFO - Setting next_dagrun for tutorial_etl_dag to None
[2024-12-26 15:36:17,012] {scheduler_job.py:190} INFO - Processing /home/airflow/.local/lib/python3.6/site-packages/airflow/example_dags/tutorial_etl_dag.py took 0.047 seconds
[2024-12-26 15:36:47,254] {scheduler_job.py:182} INFO - Started process (PID=789) to work on /home/airflow/.local/lib/python3.6/site-packages/airflow/example_dags/tutorial_etl_dag.py
[2024-12-26 15:36:47,255] {scheduler_job.py:633} INFO - Processing file /home/airflow/.local/lib/python3.6/site-packages/airflow/example_dags/tutorial_etl_dag.py for tasks to queue
[2024-12-26 15:36:47,256] {logging_mixin.py:104} INFO - [2024-12-26 15:36:47,256] {dagbag.py:496} INFO - Filling up the DagBag from /home/airflow/.local/lib/python3.6/site-packages/airflow/example_dags/tutorial_etl_dag.py
[2024-12-26 15:36:47,263] {scheduler_job.py:643} INFO - DAG(s) dict_keys(['tutorial_etl_dag']) retrieved from /home/airflow/.local/lib/python3.6/site-packages/airflow/example_dags/tutorial_etl_dag.py
[2024-12-26 15:36:47,277] {logging_mixin.py:104} INFO - [2024-12-26 15:36:47,277] {dag.py:1833} INFO - Sync 1 DAGs
[2024-12-26 15:36:47,286] {logging_mixin.py:104} INFO - [2024-12-26 15:36:47,286] {dag.py:2306} INFO - Setting next_dagrun for tutorial_etl_dag to None
[2024-12-26 15:36:47,295] {scheduler_job.py:190} INFO - Processing /home/airflow/.local/lib/python3.6/site-packages/airflow/example_dags/tutorial_etl_dag.py took 0.043 seconds
[2024-12-26 15:37:17,692] {scheduler_job.py:182} INFO - Started process (PID=851) to work on /home/airflow/.local/lib/python3.6/site-packages/airflow/example_dags/tutorial_etl_dag.py
[2024-12-26 15:37:17,693] {scheduler_job.py:633} INFO - Processing file /home/airflow/.local/lib/python3.6/site-packages/airflow/example_dags/tutorial_etl_dag.py for tasks to queue
[2024-12-26 15:37:17,694] {logging_mixin.py:104} INFO - [2024-12-26 15:37:17,694] {dagbag.py:496} INFO - Filling up the DagBag from /home/airflow/.local/lib/python3.6/site-packages/airflow/example_dags/tutorial_etl_dag.py
[2024-12-26 15:37:17,702] {scheduler_job.py:643} INFO - DAG(s) dict_keys(['tutorial_etl_dag']) retrieved from /home/airflow/.local/lib/python3.6/site-packages/airflow/example_dags/tutorial_etl_dag.py
[2024-12-26 15:37:17,716] {logging_mixin.py:104} INFO - [2024-12-26 15:37:17,716] {dag.py:1833} INFO - Sync 1 DAGs
[2024-12-26 15:37:17,725] {logging_mixin.py:104} INFO - [2024-12-26 15:37:17,725] {dag.py:2306} INFO - Setting next_dagrun for tutorial_etl_dag to None
[2024-12-26 15:37:17,736] {scheduler_job.py:190} INFO - Processing /home/airflow/.local/lib/python3.6/site-packages/airflow/example_dags/tutorial_etl_dag.py took 0.046 seconds
[2024-12-26 15:37:48,227] {scheduler_job.py:182} INFO - Started process (PID=913) to work on /home/airflow/.local/lib/python3.6/site-packages/airflow/example_dags/tutorial_etl_dag.py
[2024-12-26 15:37:48,228] {scheduler_job.py:633} INFO - Processing file /home/airflow/.local/lib/python3.6/site-packages/airflow/example_dags/tutorial_etl_dag.py for tasks to queue
[2024-12-26 15:37:48,228] {logging_mixin.py:104} INFO - [2024-12-26 15:37:48,228] {dagbag.py:496} INFO - Filling up the DagBag from /home/airflow/.local/lib/python3.6/site-packages/airflow/example_dags/tutorial_etl_dag.py
[2024-12-26 15:37:48,236] {scheduler_job.py:643} INFO - DAG(s) dict_keys(['tutorial_etl_dag']) retrieved from /home/airflow/.local/lib/python3.6/site-packages/airflow/example_dags/tutorial_etl_dag.py
[2024-12-26 15:37:48,250] {logging_mixin.py:104} INFO - [2024-12-26 15:37:48,249] {dag.py:1833} INFO - Sync 1 DAGs
[2024-12-26 15:37:48,258] {logging_mixin.py:104} INFO - [2024-12-26 15:37:48,258] {dag.py:2306} INFO - Setting next_dagrun for tutorial_etl_dag to None
[2024-12-26 15:37:48,266] {scheduler_job.py:190} INFO - Processing /home/airflow/.local/lib/python3.6/site-packages/airflow/example_dags/tutorial_etl_dag.py took 0.041 seconds
[2024-12-26 15:38:18,498] {scheduler_job.py:182} INFO - Started process (PID=975) to work on /home/airflow/.local/lib/python3.6/site-packages/airflow/example_dags/tutorial_etl_dag.py
[2024-12-26 15:38:18,499] {scheduler_job.py:633} INFO - Processing file /home/airflow/.local/lib/python3.6/site-packages/airflow/example_dags/tutorial_etl_dag.py for tasks to queue
[2024-12-26 15:38:18,500] {logging_mixin.py:104} INFO - [2024-12-26 15:38:18,500] {dagbag.py:496} INFO - Filling up the DagBag from /home/airflow/.local/lib/python3.6/site-packages/airflow/example_dags/tutorial_etl_dag.py
[2024-12-26 15:38:18,509] {scheduler_job.py:643} INFO - DAG(s) dict_keys(['tutorial_etl_dag']) retrieved from /home/airflow/.local/lib/python3.6/site-packages/airflow/example_dags/tutorial_etl_dag.py
[2024-12-26 15:38:18,528] {logging_mixin.py:104} INFO - [2024-12-26 15:38:18,528] {dag.py:1833} INFO - Sync 1 DAGs
[2024-12-26 15:38:18,540] {logging_mixin.py:104} INFO - [2024-12-26 15:38:18,540] {dag.py:2306} INFO - Setting next_dagrun for tutorial_etl_dag to None
[2024-12-26 15:38:18,551] {scheduler_job.py:190} INFO - Processing /home/airflow/.local/lib/python3.6/site-packages/airflow/example_dags/tutorial_etl_dag.py took 0.055 seconds
[2024-12-26 15:38:48,822] {scheduler_job.py:182} INFO - Started process (PID=1027) to work on /home/airflow/.local/lib/python3.6/site-packages/airflow/example_dags/tutorial_etl_dag.py
[2024-12-26 15:38:48,824] {scheduler_job.py:633} INFO - Processing file /home/airflow/.local/lib/python3.6/site-packages/airflow/example_dags/tutorial_etl_dag.py for tasks to queue
[2024-12-26 15:38:48,824] {logging_mixin.py:104} INFO - [2024-12-26 15:38:48,824] {dagbag.py:496} INFO - Filling up the DagBag from /home/airflow/.local/lib/python3.6/site-packages/airflow/example_dags/tutorial_etl_dag.py
[2024-12-26 15:38:48,832] {scheduler_job.py:643} INFO - DAG(s) dict_keys(['tutorial_etl_dag']) retrieved from /home/airflow/.local/lib/python3.6/site-packages/airflow/example_dags/tutorial_etl_dag.py
[2024-12-26 15:38:48,846] {logging_mixin.py:104} INFO - [2024-12-26 15:38:48,846] {dag.py:1833} INFO - Sync 1 DAGs
[2024-12-26 15:38:48,855] {logging_mixin.py:104} INFO - [2024-12-26 15:38:48,855] {dag.py:2306} INFO - Setting next_dagrun for tutorial_etl_dag to None
[2024-12-26 15:38:48,863] {scheduler_job.py:190} INFO - Processing /home/airflow/.local/lib/python3.6/site-packages/airflow/example_dags/tutorial_etl_dag.py took 0.043 seconds
[2024-12-26 15:39:19,292] {scheduler_job.py:182} INFO - Started process (PID=1089) to work on /home/airflow/.local/lib/python3.6/site-packages/airflow/example_dags/tutorial_etl_dag.py
[2024-12-26 15:39:19,294] {scheduler_job.py:633} INFO - Processing file /home/airflow/.local/lib/python3.6/site-packages/airflow/example_dags/tutorial_etl_dag.py for tasks to queue
[2024-12-26 15:39:19,294] {logging_mixin.py:104} INFO - [2024-12-26 15:39:19,294] {dagbag.py:496} INFO - Filling up the DagBag from /home/airflow/.local/lib/python3.6/site-packages/airflow/example_dags/tutorial_etl_dag.py
[2024-12-26 15:39:19,302] {scheduler_job.py:643} INFO - DAG(s) dict_keys(['tutorial_etl_dag']) retrieved from /home/airflow/.local/lib/python3.6/site-packages/airflow/example_dags/tutorial_etl_dag.py
[2024-12-26 15:39:19,316] {logging_mixin.py:104} INFO - [2024-12-26 15:39:19,316] {dag.py:1833} INFO - Sync 1 DAGs
[2024-12-26 15:39:19,326] {logging_mixin.py:104} INFO - [2024-12-26 15:39:19,326] {dag.py:2306} INFO - Setting next_dagrun for tutorial_etl_dag to None
[2024-12-26 15:39:19,335] {scheduler_job.py:190} INFO - Processing /home/airflow/.local/lib/python3.6/site-packages/airflow/example_dags/tutorial_etl_dag.py took 0.045 seconds
[2024-12-26 15:40:32,158] {scheduler_job.py:182} INFO - Started process (PID=62) to work on /home/airflow/.local/lib/python3.6/site-packages/airflow/example_dags/tutorial_etl_dag.py
[2024-12-26 15:40:32,159] {scheduler_job.py:633} INFO - Processing file /home/airflow/.local/lib/python3.6/site-packages/airflow/example_dags/tutorial_etl_dag.py for tasks to queue
[2024-12-26 15:40:32,160] {logging_mixin.py:104} INFO - [2024-12-26 15:40:32,160] {dagbag.py:496} INFO - Filling up the DagBag from /home/airflow/.local/lib/python3.6/site-packages/airflow/example_dags/tutorial_etl_dag.py
[2024-12-26 15:40:32,172] {scheduler_job.py:643} INFO - DAG(s) dict_keys(['tutorial_etl_dag']) retrieved from /home/airflow/.local/lib/python3.6/site-packages/airflow/example_dags/tutorial_etl_dag.py
[2024-12-26 15:40:32,223] {logging_mixin.py:104} INFO - [2024-12-26 15:40:32,223] {dag.py:1833} INFO - Sync 1 DAGs
[2024-12-26 15:40:32,240] {logging_mixin.py:104} INFO - [2024-12-26 15:40:32,239] {dag.py:2306} INFO - Setting next_dagrun for tutorial_etl_dag to None
[2024-12-26 15:40:32,251] {scheduler_job.py:190} INFO - Processing /home/airflow/.local/lib/python3.6/site-packages/airflow/example_dags/tutorial_etl_dag.py took 0.096 seconds
[2024-12-26 15:41:02,954] {scheduler_job.py:182} INFO - Started process (PID=124) to work on /home/airflow/.local/lib/python3.6/site-packages/airflow/example_dags/tutorial_etl_dag.py
[2024-12-26 15:41:02,955] {scheduler_job.py:633} INFO - Processing file /home/airflow/.local/lib/python3.6/site-packages/airflow/example_dags/tutorial_etl_dag.py for tasks to queue
[2024-12-26 15:41:02,957] {logging_mixin.py:104} INFO - [2024-12-26 15:41:02,956] {dagbag.py:496} INFO - Filling up the DagBag from /home/airflow/.local/lib/python3.6/site-packages/airflow/example_dags/tutorial_etl_dag.py
[2024-12-26 15:41:02,966] {scheduler_job.py:643} INFO - DAG(s) dict_keys(['tutorial_etl_dag']) retrieved from /home/airflow/.local/lib/python3.6/site-packages/airflow/example_dags/tutorial_etl_dag.py
[2024-12-26 15:41:02,980] {logging_mixin.py:104} INFO - [2024-12-26 15:41:02,980] {dag.py:1833} INFO - Sync 1 DAGs
[2024-12-26 15:41:02,990] {logging_mixin.py:104} INFO - [2024-12-26 15:41:02,990] {dag.py:2306} INFO - Setting next_dagrun for tutorial_etl_dag to None
[2024-12-26 15:41:03,004] {scheduler_job.py:190} INFO - Processing /home/airflow/.local/lib/python3.6/site-packages/airflow/example_dags/tutorial_etl_dag.py took 0.052 seconds
[2024-12-26 15:41:33,668] {scheduler_job.py:182} INFO - Started process (PID=186) to work on /home/airflow/.local/lib/python3.6/site-packages/airflow/example_dags/tutorial_etl_dag.py
[2024-12-26 15:41:33,670] {scheduler_job.py:633} INFO - Processing file /home/airflow/.local/lib/python3.6/site-packages/airflow/example_dags/tutorial_etl_dag.py for tasks to queue
[2024-12-26 15:41:33,671] {logging_mixin.py:104} INFO - [2024-12-26 15:41:33,671] {dagbag.py:496} INFO - Filling up the DagBag from /home/airflow/.local/lib/python3.6/site-packages/airflow/example_dags/tutorial_etl_dag.py
[2024-12-26 15:41:33,679] {scheduler_job.py:643} INFO - DAG(s) dict_keys(['tutorial_etl_dag']) retrieved from /home/airflow/.local/lib/python3.6/site-packages/airflow/example_dags/tutorial_etl_dag.py
[2024-12-26 15:41:33,694] {logging_mixin.py:104} INFO - [2024-12-26 15:41:33,694] {dag.py:1833} INFO - Sync 1 DAGs
[2024-12-26 15:41:33,704] {logging_mixin.py:104} INFO - [2024-12-26 15:41:33,703] {dag.py:2306} INFO - Setting next_dagrun for tutorial_etl_dag to None
[2024-12-26 15:41:33,714] {scheduler_job.py:190} INFO - Processing /home/airflow/.local/lib/python3.6/site-packages/airflow/example_dags/tutorial_etl_dag.py took 0.048 seconds
[2024-12-26 15:42:04,287] {scheduler_job.py:182} INFO - Started process (PID=238) to work on /home/airflow/.local/lib/python3.6/site-packages/airflow/example_dags/tutorial_etl_dag.py
[2024-12-26 15:42:04,288] {scheduler_job.py:633} INFO - Processing file /home/airflow/.local/lib/python3.6/site-packages/airflow/example_dags/tutorial_etl_dag.py for tasks to queue
[2024-12-26 15:42:04,289] {logging_mixin.py:104} INFO - [2024-12-26 15:42:04,289] {dagbag.py:496} INFO - Filling up the DagBag from /home/airflow/.local/lib/python3.6/site-packages/airflow/example_dags/tutorial_etl_dag.py
[2024-12-26 15:42:04,298] {scheduler_job.py:643} INFO - DAG(s) dict_keys(['tutorial_etl_dag']) retrieved from /home/airflow/.local/lib/python3.6/site-packages/airflow/example_dags/tutorial_etl_dag.py
[2024-12-26 15:42:04,313] {logging_mixin.py:104} INFO - [2024-12-26 15:42:04,312] {dag.py:1833} INFO - Sync 1 DAGs
[2024-12-26 15:42:04,322] {logging_mixin.py:104} INFO - [2024-12-26 15:42:04,322] {dag.py:2306} INFO - Setting next_dagrun for tutorial_etl_dag to None
[2024-12-26 15:42:04,333] {scheduler_job.py:190} INFO - Processing /home/airflow/.local/lib/python3.6/site-packages/airflow/example_dags/tutorial_etl_dag.py took 0.048 seconds
[2024-12-26 15:42:37,396] {scheduler_job.py:182} INFO - Started process (PID=62) to work on /home/airflow/.local/lib/python3.6/site-packages/airflow/example_dags/tutorial_etl_dag.py
[2024-12-26 15:42:37,397] {scheduler_job.py:633} INFO - Processing file /home/airflow/.local/lib/python3.6/site-packages/airflow/example_dags/tutorial_etl_dag.py for tasks to queue
[2024-12-26 15:42:37,398] {logging_mixin.py:104} INFO - [2024-12-26 15:42:37,398] {dagbag.py:496} INFO - Filling up the DagBag from /home/airflow/.local/lib/python3.6/site-packages/airflow/example_dags/tutorial_etl_dag.py
[2024-12-26 15:42:37,407] {scheduler_job.py:643} INFO - DAG(s) dict_keys(['tutorial_etl_dag']) retrieved from /home/airflow/.local/lib/python3.6/site-packages/airflow/example_dags/tutorial_etl_dag.py
[2024-12-26 15:42:37,424] {logging_mixin.py:104} INFO - [2024-12-26 15:42:37,423] {dag.py:1833} INFO - Sync 1 DAGs
[2024-12-26 15:42:37,437] {logging_mixin.py:104} INFO - [2024-12-26 15:42:37,437] {dag.py:2306} INFO - Setting next_dagrun for tutorial_etl_dag to None
[2024-12-26 15:42:37,453] {scheduler_job.py:190} INFO - Processing /home/airflow/.local/lib/python3.6/site-packages/airflow/example_dags/tutorial_etl_dag.py took 0.059 seconds
[2024-12-26 15:43:08,318] {scheduler_job.py:182} INFO - Started process (PID=124) to work on /home/airflow/.local/lib/python3.6/site-packages/airflow/example_dags/tutorial_etl_dag.py
[2024-12-26 15:43:08,319] {scheduler_job.py:633} INFO - Processing file /home/airflow/.local/lib/python3.6/site-packages/airflow/example_dags/tutorial_etl_dag.py for tasks to queue
[2024-12-26 15:43:08,320] {logging_mixin.py:104} INFO - [2024-12-26 15:43:08,320] {dagbag.py:496} INFO - Filling up the DagBag from /home/airflow/.local/lib/python3.6/site-packages/airflow/example_dags/tutorial_etl_dag.py
[2024-12-26 15:43:08,328] {scheduler_job.py:643} INFO - DAG(s) dict_keys(['tutorial_etl_dag']) retrieved from /home/airflow/.local/lib/python3.6/site-packages/airflow/example_dags/tutorial_etl_dag.py
[2024-12-26 15:43:08,343] {logging_mixin.py:104} INFO - [2024-12-26 15:43:08,343] {dag.py:1833} INFO - Sync 1 DAGs
[2024-12-26 15:43:08,354] {logging_mixin.py:104} INFO - [2024-12-26 15:43:08,354] {dag.py:2306} INFO - Setting next_dagrun for tutorial_etl_dag to None
[2024-12-26 15:43:08,364] {scheduler_job.py:190} INFO - Processing /home/airflow/.local/lib/python3.6/site-packages/airflow/example_dags/tutorial_etl_dag.py took 0.049 seconds
