[2024-12-26 15:32:48,162] {scheduler_job.py:182} INFO - Started process (PID=327) to work on /home/airflow/.local/lib/python3.6/site-packages/airflow/example_dags/subdags/subdag.py
[2024-12-26 15:32:48,164] {scheduler_job.py:633} INFO - Processing file /home/airflow/.local/lib/python3.6/site-packages/airflow/example_dags/subdags/subdag.py for tasks to queue
[2024-12-26 15:32:48,164] {logging_mixin.py:104} INFO - [2024-12-26 15:32:48,164] {dagbag.py:496} INFO - Filling up the DagBag from /home/airflow/.local/lib/python3.6/site-packages/airflow/example_dags/subdags/subdag.py
[2024-12-26 15:32:48,169] {scheduler_job.py:645} WARNING - No viable dags retrieved from /home/airflow/.local/lib/python3.6/site-packages/airflow/example_dags/subdags/subdag.py
[2024-12-26 15:32:48,179] {scheduler_job.py:190} INFO - Processing /home/airflow/.local/lib/python3.6/site-packages/airflow/example_dags/subdags/subdag.py took 0.019 seconds
[2024-12-26 15:33:18,532] {scheduler_job.py:182} INFO - Started process (PID=389) to work on /home/airflow/.local/lib/python3.6/site-packages/airflow/example_dags/subdags/subdag.py
[2024-12-26 15:33:18,533] {scheduler_job.py:633} INFO - Processing file /home/airflow/.local/lib/python3.6/site-packages/airflow/example_dags/subdags/subdag.py for tasks to queue
[2024-12-26 15:33:18,534] {logging_mixin.py:104} INFO - [2024-12-26 15:33:18,534] {dagbag.py:496} INFO - Filling up the DagBag from /home/airflow/.local/lib/python3.6/site-packages/airflow/example_dags/subdags/subdag.py
[2024-12-26 15:33:18,536] {scheduler_job.py:645} WARNING - No viable dags retrieved from /home/airflow/.local/lib/python3.6/site-packages/airflow/example_dags/subdags/subdag.py
[2024-12-26 15:33:18,545] {scheduler_job.py:190} INFO - Processing /home/airflow/.local/lib/python3.6/site-packages/airflow/example_dags/subdags/subdag.py took 0.015 seconds
[2024-12-26 15:33:48,783] {scheduler_job.py:182} INFO - Started process (PID=451) to work on /home/airflow/.local/lib/python3.6/site-packages/airflow/example_dags/subdags/subdag.py
[2024-12-26 15:33:48,784] {scheduler_job.py:633} INFO - Processing file /home/airflow/.local/lib/python3.6/site-packages/airflow/example_dags/subdags/subdag.py for tasks to queue
[2024-12-26 15:33:48,785] {logging_mixin.py:104} INFO - [2024-12-26 15:33:48,785] {dagbag.py:496} INFO - Filling up the DagBag from /home/airflow/.local/lib/python3.6/site-packages/airflow/example_dags/subdags/subdag.py
[2024-12-26 15:33:48,787] {scheduler_job.py:645} WARNING - No viable dags retrieved from /home/airflow/.local/lib/python3.6/site-packages/airflow/example_dags/subdags/subdag.py
[2024-12-26 15:33:48,797] {scheduler_job.py:190} INFO - Processing /home/airflow/.local/lib/python3.6/site-packages/airflow/example_dags/subdags/subdag.py took 0.016 seconds
[2024-12-26 15:34:19,091] {scheduler_job.py:182} INFO - Started process (PID=503) to work on /home/airflow/.local/lib/python3.6/site-packages/airflow/example_dags/subdags/subdag.py
[2024-12-26 15:34:19,093] {scheduler_job.py:633} INFO - Processing file /home/airflow/.local/lib/python3.6/site-packages/airflow/example_dags/subdags/subdag.py for tasks to queue
[2024-12-26 15:34:19,094] {logging_mixin.py:104} INFO - [2024-12-26 15:34:19,094] {dagbag.py:496} INFO - Filling up the DagBag from /home/airflow/.local/lib/python3.6/site-packages/airflow/example_dags/subdags/subdag.py
[2024-12-26 15:34:19,096] {scheduler_job.py:645} WARNING - No viable dags retrieved from /home/airflow/.local/lib/python3.6/site-packages/airflow/example_dags/subdags/subdag.py
[2024-12-26 15:34:19,106] {scheduler_job.py:190} INFO - Processing /home/airflow/.local/lib/python3.6/site-packages/airflow/example_dags/subdags/subdag.py took 0.017 seconds
[2024-12-26 15:34:49,233] {scheduler_job.py:182} INFO - Started process (PID=565) to work on /home/airflow/.local/lib/python3.6/site-packages/airflow/example_dags/subdags/subdag.py
[2024-12-26 15:34:49,235] {scheduler_job.py:633} INFO - Processing file /home/airflow/.local/lib/python3.6/site-packages/airflow/example_dags/subdags/subdag.py for tasks to queue
[2024-12-26 15:34:49,236] {logging_mixin.py:104} INFO - [2024-12-26 15:34:49,236] {dagbag.py:496} INFO - Filling up the DagBag from /home/airflow/.local/lib/python3.6/site-packages/airflow/example_dags/subdags/subdag.py
[2024-12-26 15:34:49,238] {scheduler_job.py:645} WARNING - No viable dags retrieved from /home/airflow/.local/lib/python3.6/site-packages/airflow/example_dags/subdags/subdag.py
[2024-12-26 15:34:49,247] {scheduler_job.py:190} INFO - Processing /home/airflow/.local/lib/python3.6/site-packages/airflow/example_dags/subdags/subdag.py took 0.016 seconds
[2024-12-26 15:35:19,405] {scheduler_job.py:182} INFO - Started process (PID=627) to work on /home/airflow/.local/lib/python3.6/site-packages/airflow/example_dags/subdags/subdag.py
[2024-12-26 15:35:19,406] {scheduler_job.py:633} INFO - Processing file /home/airflow/.local/lib/python3.6/site-packages/airflow/example_dags/subdags/subdag.py for tasks to queue
[2024-12-26 15:35:19,407] {logging_mixin.py:104} INFO - [2024-12-26 15:35:19,407] {dagbag.py:496} INFO - Filling up the DagBag from /home/airflow/.local/lib/python3.6/site-packages/airflow/example_dags/subdags/subdag.py
[2024-12-26 15:35:19,409] {scheduler_job.py:645} WARNING - No viable dags retrieved from /home/airflow/.local/lib/python3.6/site-packages/airflow/example_dags/subdags/subdag.py
[2024-12-26 15:35:19,418] {scheduler_job.py:190} INFO - Processing /home/airflow/.local/lib/python3.6/site-packages/airflow/example_dags/subdags/subdag.py took 0.015 seconds
[2024-12-26 15:35:49,774] {scheduler_job.py:182} INFO - Started process (PID=679) to work on /home/airflow/.local/lib/python3.6/site-packages/airflow/example_dags/subdags/subdag.py
[2024-12-26 15:35:49,776] {scheduler_job.py:633} INFO - Processing file /home/airflow/.local/lib/python3.6/site-packages/airflow/example_dags/subdags/subdag.py for tasks to queue
[2024-12-26 15:35:49,776] {logging_mixin.py:104} INFO - [2024-12-26 15:35:49,776] {dagbag.py:496} INFO - Filling up the DagBag from /home/airflow/.local/lib/python3.6/site-packages/airflow/example_dags/subdags/subdag.py
[2024-12-26 15:35:49,778] {scheduler_job.py:645} WARNING - No viable dags retrieved from /home/airflow/.local/lib/python3.6/site-packages/airflow/example_dags/subdags/subdag.py
[2024-12-26 15:35:49,787] {scheduler_job.py:190} INFO - Processing /home/airflow/.local/lib/python3.6/site-packages/airflow/example_dags/subdags/subdag.py took 0.015 seconds
[2024-12-26 15:36:20,200] {scheduler_job.py:182} INFO - Started process (PID=743) to work on /home/airflow/.local/lib/python3.6/site-packages/airflow/example_dags/subdags/subdag.py
[2024-12-26 15:36:20,202] {scheduler_job.py:633} INFO - Processing file /home/airflow/.local/lib/python3.6/site-packages/airflow/example_dags/subdags/subdag.py for tasks to queue
[2024-12-26 15:36:20,203] {logging_mixin.py:104} INFO - [2024-12-26 15:36:20,203] {dagbag.py:496} INFO - Filling up the DagBag from /home/airflow/.local/lib/python3.6/site-packages/airflow/example_dags/subdags/subdag.py
[2024-12-26 15:36:20,205] {scheduler_job.py:645} WARNING - No viable dags retrieved from /home/airflow/.local/lib/python3.6/site-packages/airflow/example_dags/subdags/subdag.py
[2024-12-26 15:36:20,215] {scheduler_job.py:190} INFO - Processing /home/airflow/.local/lib/python3.6/site-packages/airflow/example_dags/subdags/subdag.py took 0.016 seconds
[2024-12-26 15:36:50,642] {scheduler_job.py:182} INFO - Started process (PID=805) to work on /home/airflow/.local/lib/python3.6/site-packages/airflow/example_dags/subdags/subdag.py
[2024-12-26 15:36:50,651] {scheduler_job.py:633} INFO - Processing file /home/airflow/.local/lib/python3.6/site-packages/airflow/example_dags/subdags/subdag.py for tasks to queue
[2024-12-26 15:36:50,661] {logging_mixin.py:104} INFO - [2024-12-26 15:36:50,661] {dagbag.py:496} INFO - Filling up the DagBag from /home/airflow/.local/lib/python3.6/site-packages/airflow/example_dags/subdags/subdag.py
[2024-12-26 15:36:50,670] {scheduler_job.py:645} WARNING - No viable dags retrieved from /home/airflow/.local/lib/python3.6/site-packages/airflow/example_dags/subdags/subdag.py
[2024-12-26 15:36:50,686] {scheduler_job.py:190} INFO - Processing /home/airflow/.local/lib/python3.6/site-packages/airflow/example_dags/subdags/subdag.py took 0.046 seconds
[2024-12-26 15:37:21,055] {scheduler_job.py:182} INFO - Started process (PID=857) to work on /home/airflow/.local/lib/python3.6/site-packages/airflow/example_dags/subdags/subdag.py
[2024-12-26 15:37:21,056] {scheduler_job.py:633} INFO - Processing file /home/airflow/.local/lib/python3.6/site-packages/airflow/example_dags/subdags/subdag.py for tasks to queue
[2024-12-26 15:37:21,057] {logging_mixin.py:104} INFO - [2024-12-26 15:37:21,057] {dagbag.py:496} INFO - Filling up the DagBag from /home/airflow/.local/lib/python3.6/site-packages/airflow/example_dags/subdags/subdag.py
[2024-12-26 15:37:21,060] {scheduler_job.py:645} WARNING - No viable dags retrieved from /home/airflow/.local/lib/python3.6/site-packages/airflow/example_dags/subdags/subdag.py
[2024-12-26 15:37:21,072] {scheduler_job.py:190} INFO - Processing /home/airflow/.local/lib/python3.6/site-packages/airflow/example_dags/subdags/subdag.py took 0.019 seconds
[2024-12-26 15:37:51,399] {scheduler_job.py:182} INFO - Started process (PID=919) to work on /home/airflow/.local/lib/python3.6/site-packages/airflow/example_dags/subdags/subdag.py
[2024-12-26 15:37:51,401] {scheduler_job.py:633} INFO - Processing file /home/airflow/.local/lib/python3.6/site-packages/airflow/example_dags/subdags/subdag.py for tasks to queue
[2024-12-26 15:37:51,401] {logging_mixin.py:104} INFO - [2024-12-26 15:37:51,401] {dagbag.py:496} INFO - Filling up the DagBag from /home/airflow/.local/lib/python3.6/site-packages/airflow/example_dags/subdags/subdag.py
[2024-12-26 15:37:51,403] {scheduler_job.py:645} WARNING - No viable dags retrieved from /home/airflow/.local/lib/python3.6/site-packages/airflow/example_dags/subdags/subdag.py
[2024-12-26 15:37:51,412] {scheduler_job.py:190} INFO - Processing /home/airflow/.local/lib/python3.6/site-packages/airflow/example_dags/subdags/subdag.py took 0.015 seconds
[2024-12-26 15:38:21,811] {scheduler_job.py:182} INFO - Started process (PID=981) to work on /home/airflow/.local/lib/python3.6/site-packages/airflow/example_dags/subdags/subdag.py
[2024-12-26 15:38:21,812] {scheduler_job.py:633} INFO - Processing file /home/airflow/.local/lib/python3.6/site-packages/airflow/example_dags/subdags/subdag.py for tasks to queue
[2024-12-26 15:38:21,813] {logging_mixin.py:104} INFO - [2024-12-26 15:38:21,812] {dagbag.py:496} INFO - Filling up the DagBag from /home/airflow/.local/lib/python3.6/site-packages/airflow/example_dags/subdags/subdag.py
[2024-12-26 15:38:21,814] {scheduler_job.py:645} WARNING - No viable dags retrieved from /home/airflow/.local/lib/python3.6/site-packages/airflow/example_dags/subdags/subdag.py
[2024-12-26 15:38:21,825] {scheduler_job.py:190} INFO - Processing /home/airflow/.local/lib/python3.6/site-packages/airflow/example_dags/subdags/subdag.py took 0.016 seconds
[2024-12-26 15:38:52,237] {scheduler_job.py:182} INFO - Started process (PID=1043) to work on /home/airflow/.local/lib/python3.6/site-packages/airflow/example_dags/subdags/subdag.py
[2024-12-26 15:38:52,238] {scheduler_job.py:633} INFO - Processing file /home/airflow/.local/lib/python3.6/site-packages/airflow/example_dags/subdags/subdag.py for tasks to queue
[2024-12-26 15:38:52,239] {logging_mixin.py:104} INFO - [2024-12-26 15:38:52,239] {dagbag.py:496} INFO - Filling up the DagBag from /home/airflow/.local/lib/python3.6/site-packages/airflow/example_dags/subdags/subdag.py
[2024-12-26 15:38:52,241] {scheduler_job.py:645} WARNING - No viable dags retrieved from /home/airflow/.local/lib/python3.6/site-packages/airflow/example_dags/subdags/subdag.py
[2024-12-26 15:38:52,251] {scheduler_job.py:190} INFO - Processing /home/airflow/.local/lib/python3.6/site-packages/airflow/example_dags/subdags/subdag.py took 0.017 seconds
[2024-12-26 15:40:32,541] {scheduler_job.py:182} INFO - Started process (PID=67) to work on /home/airflow/.local/lib/python3.6/site-packages/airflow/example_dags/subdags/subdag.py
[2024-12-26 15:40:32,542] {scheduler_job.py:633} INFO - Processing file /home/airflow/.local/lib/python3.6/site-packages/airflow/example_dags/subdags/subdag.py for tasks to queue
[2024-12-26 15:40:32,543] {logging_mixin.py:104} INFO - [2024-12-26 15:40:32,543] {dagbag.py:496} INFO - Filling up the DagBag from /home/airflow/.local/lib/python3.6/site-packages/airflow/example_dags/subdags/subdag.py
[2024-12-26 15:40:32,545] {scheduler_job.py:645} WARNING - No viable dags retrieved from /home/airflow/.local/lib/python3.6/site-packages/airflow/example_dags/subdags/subdag.py
[2024-12-26 15:40:32,555] {scheduler_job.py:190} INFO - Processing /home/airflow/.local/lib/python3.6/site-packages/airflow/example_dags/subdags/subdag.py took 0.017 seconds
[2024-12-26 15:41:03,260] {scheduler_job.py:182} INFO - Started process (PID=129) to work on /home/airflow/.local/lib/python3.6/site-packages/airflow/example_dags/subdags/subdag.py
[2024-12-26 15:41:03,262] {scheduler_job.py:633} INFO - Processing file /home/airflow/.local/lib/python3.6/site-packages/airflow/example_dags/subdags/subdag.py for tasks to queue
[2024-12-26 15:41:03,263] {logging_mixin.py:104} INFO - [2024-12-26 15:41:03,262] {dagbag.py:496} INFO - Filling up the DagBag from /home/airflow/.local/lib/python3.6/site-packages/airflow/example_dags/subdags/subdag.py
[2024-12-26 15:41:03,265] {scheduler_job.py:645} WARNING - No viable dags retrieved from /home/airflow/.local/lib/python3.6/site-packages/airflow/example_dags/subdags/subdag.py
[2024-12-26 15:41:03,275] {scheduler_job.py:190} INFO - Processing /home/airflow/.local/lib/python3.6/site-packages/airflow/example_dags/subdags/subdag.py took 0.017 seconds
[2024-12-26 15:41:33,925] {scheduler_job.py:182} INFO - Started process (PID=191) to work on /home/airflow/.local/lib/python3.6/site-packages/airflow/example_dags/subdags/subdag.py
[2024-12-26 15:41:33,926] {scheduler_job.py:633} INFO - Processing file /home/airflow/.local/lib/python3.6/site-packages/airflow/example_dags/subdags/subdag.py for tasks to queue
[2024-12-26 15:41:33,927] {logging_mixin.py:104} INFO - [2024-12-26 15:41:33,927] {dagbag.py:496} INFO - Filling up the DagBag from /home/airflow/.local/lib/python3.6/site-packages/airflow/example_dags/subdags/subdag.py
[2024-12-26 15:41:33,931] {scheduler_job.py:645} WARNING - No viable dags retrieved from /home/airflow/.local/lib/python3.6/site-packages/airflow/example_dags/subdags/subdag.py
[2024-12-26 15:41:33,940] {scheduler_job.py:190} INFO - Processing /home/airflow/.local/lib/python3.6/site-packages/airflow/example_dags/subdags/subdag.py took 0.017 seconds
[2024-12-26 15:42:04,603] {scheduler_job.py:182} INFO - Started process (PID=244) to work on /home/airflow/.local/lib/python3.6/site-packages/airflow/example_dags/subdags/subdag.py
[2024-12-26 15:42:04,604] {scheduler_job.py:633} INFO - Processing file /home/airflow/.local/lib/python3.6/site-packages/airflow/example_dags/subdags/subdag.py for tasks to queue
[2024-12-26 15:42:04,604] {logging_mixin.py:104} INFO - [2024-12-26 15:42:04,604] {dagbag.py:496} INFO - Filling up the DagBag from /home/airflow/.local/lib/python3.6/site-packages/airflow/example_dags/subdags/subdag.py
[2024-12-26 15:42:04,606] {scheduler_job.py:645} WARNING - No viable dags retrieved from /home/airflow/.local/lib/python3.6/site-packages/airflow/example_dags/subdags/subdag.py
[2024-12-26 15:42:04,615] {scheduler_job.py:190} INFO - Processing /home/airflow/.local/lib/python3.6/site-packages/airflow/example_dags/subdags/subdag.py took 0.014 seconds
[2024-12-26 15:42:37,718] {scheduler_job.py:182} INFO - Started process (PID=67) to work on /home/airflow/.local/lib/python3.6/site-packages/airflow/example_dags/subdags/subdag.py
[2024-12-26 15:42:37,719] {scheduler_job.py:633} INFO - Processing file /home/airflow/.local/lib/python3.6/site-packages/airflow/example_dags/subdags/subdag.py for tasks to queue
[2024-12-26 15:42:37,720] {logging_mixin.py:104} INFO - [2024-12-26 15:42:37,720] {dagbag.py:496} INFO - Filling up the DagBag from /home/airflow/.local/lib/python3.6/site-packages/airflow/example_dags/subdags/subdag.py
[2024-12-26 15:42:37,722] {scheduler_job.py:645} WARNING - No viable dags retrieved from /home/airflow/.local/lib/python3.6/site-packages/airflow/example_dags/subdags/subdag.py
[2024-12-26 15:42:37,732] {scheduler_job.py:190} INFO - Processing /home/airflow/.local/lib/python3.6/site-packages/airflow/example_dags/subdags/subdag.py took 0.016 seconds
[2024-12-26 15:43:08,527] {scheduler_job.py:182} INFO - Started process (PID=129) to work on /home/airflow/.local/lib/python3.6/site-packages/airflow/example_dags/subdags/subdag.py
[2024-12-26 15:43:08,528] {scheduler_job.py:633} INFO - Processing file /home/airflow/.local/lib/python3.6/site-packages/airflow/example_dags/subdags/subdag.py for tasks to queue
[2024-12-26 15:43:08,529] {logging_mixin.py:104} INFO - [2024-12-26 15:43:08,529] {dagbag.py:496} INFO - Filling up the DagBag from /home/airflow/.local/lib/python3.6/site-packages/airflow/example_dags/subdags/subdag.py
[2024-12-26 15:43:08,531] {scheduler_job.py:645} WARNING - No viable dags retrieved from /home/airflow/.local/lib/python3.6/site-packages/airflow/example_dags/subdags/subdag.py
[2024-12-26 15:43:08,541] {scheduler_job.py:190} INFO - Processing /home/airflow/.local/lib/python3.6/site-packages/airflow/example_dags/subdags/subdag.py took 0.015 seconds
