[2024-12-26 18:42:09,993] {taskinstance.py:896} INFO - Dependencies all met for <TaskInstance: assignment.task_four 2024-12-26T18:40:17.282029+00:00 [None]>
[2024-12-26 18:42:10,008] {taskinstance.py:896} INFO - Dependencies all met for <TaskInstance: assignment.task_four 2024-12-26T18:40:17.282029+00:00 [None]>
[2024-12-26 18:42:10,009] {taskinstance.py:1087} INFO - 
--------------------------------------------------------------------------------
[2024-12-26 18:42:10,010] {taskinstance.py:1088} INFO - Starting attempt 1 of 1
[2024-12-26 18:42:10,010] {taskinstance.py:1089} INFO - 
--------------------------------------------------------------------------------
[2024-12-26 18:42:10,017] {taskinstance.py:1107} INFO - Executing <Task(PythonOperator): task_four> on 2024-12-26T18:40:17.282029+00:00
[2024-12-26 18:42:10,022] {standard_task_runner.py:52} INFO - Started process 1105 to run task
[2024-12-26 18:42:10,024] {standard_task_runner.py:76} INFO - Running: ['***', 'tasks', 'run', 'assignment', 'task_four', '2024-12-26T18:40:17.282029+00:00', '--job-id', '34', '--pool', 'default_pool', '--raw', '--subdir', 'DAGS_FOLDER/assignment.py', '--cfg-path', '/tmp/tmpxbtsxela', '--error-file', '/tmp/tmp70azlr83']
[2024-12-26 18:42:10,025] {standard_task_runner.py:77} INFO - Job 34: Subtask task_four
[2024-12-26 18:42:10,060] {logging_mixin.py:104} INFO - Running <TaskInstance: assignment.task_four 2024-12-26T18:40:17.282029+00:00 [running]> on host d88713c29571
[2024-12-26 18:42:10,098] {taskinstance.py:1302} INFO - Exporting the following env vars:
AIRFLOW_CTX_DAG_OWNER=***
AIRFLOW_CTX_DAG_ID=assignment
AIRFLOW_CTX_TASK_ID=task_four
AIRFLOW_CTX_EXECUTION_DATE=2024-12-26T18:40:17.282029+00:00
AIRFLOW_CTX_DAG_RUN_ID=manual__2024-12-26T18:40:17.282029+00:00
[2024-12-26 18:42:10,112] {logging_mixin.py:104} INFO - wrote file: titles_clean.json
[2024-12-26 18:42:10,113] {python.py:151} INFO - Done. Returned value was: None
[2024-12-26 18:42:10,125] {taskinstance.py:1211} INFO - Marking task as SUCCESS. dag_id=assignment, task_id=task_four, execution_date=20241226T184017, start_date=20241226T184209, end_date=20241226T184210
[2024-12-26 18:42:10,146] {taskinstance.py:1265} INFO - 1 downstream tasks scheduled from follow-on schedule check
[2024-12-26 18:42:10,158] {local_task_job.py:151} INFO - Task exited with return code 0
