[2024-12-26 18:47:47,314] {taskinstance.py:896} INFO - Dependencies all met for <TaskInstance: assignment.task_one 2024-12-25T00:00:00+00:00 [queued]>
[2024-12-26 18:47:47,328] {taskinstance.py:896} INFO - Dependencies all met for <TaskInstance: assignment.task_one 2024-12-25T00:00:00+00:00 [queued]>
[2024-12-26 18:47:47,329] {taskinstance.py:1087} INFO - 
--------------------------------------------------------------------------------
[2024-12-26 18:47:47,330] {taskinstance.py:1088} INFO - Starting attempt 1 of 3
[2024-12-26 18:47:47,330] {taskinstance.py:1089} INFO - 
--------------------------------------------------------------------------------
[2024-12-26 18:47:47,337] {taskinstance.py:1107} INFO - Executing <Task(PythonOperator): task_one> on 2024-12-25T00:00:00+00:00
[2024-12-26 18:47:47,340] {standard_task_runner.py:52} INFO - Started process 1619 to run task
[2024-12-26 18:47:47,343] {standard_task_runner.py:76} INFO - Running: ['***', 'tasks', 'run', 'assignment', 'task_one', '2024-12-25T00:00:00+00:00', '--job-id', '39', '--pool', 'default_pool', '--raw', '--subdir', 'DAGS_FOLDER/assignment.py', '--cfg-path', '/tmp/tmpccb613eo', '--error-file', '/tmp/tmpd9mdemhu']
[2024-12-26 18:47:47,344] {standard_task_runner.py:77} INFO - Job 39: Subtask task_one
[2024-12-26 18:47:47,377] {logging_mixin.py:104} INFO - Running <TaskInstance: assignment.task_one 2024-12-25T00:00:00+00:00 [running]> on host d88713c29571
[2024-12-26 18:47:47,412] {taskinstance.py:1302} INFO - Exporting the following env vars:
AIRFLOW_CTX_DAG_OWNER=***
AIRFLOW_CTX_DAG_ID=assignment
AIRFLOW_CTX_TASK_ID=task_one
AIRFLOW_CTX_EXECUTION_DATE=2024-12-25T00:00:00+00:00
AIRFLOW_CTX_DAG_RUN_ID=scheduled__2024-12-25T00:00:00+00:00
[2024-12-26 18:47:47,456] {logging_mixin.py:104} INFO - pulled: http://student.mit.edu/catalog/m1a.html
[2024-12-26 18:47:47,456] {logging_mixin.py:104} INFO - --- waiting ---
[2024-12-26 18:47:52,462] {logging_mixin.py:104} INFO - m1a.html
[2024-12-26 18:47:52,463] {logging_mixin.py:104} INFO - Wrote file: m1a.html
[2024-12-26 18:47:52,493] {logging_mixin.py:104} INFO - pulled: http://student.mit.edu/catalog/m1b.html
[2024-12-26 18:47:52,494] {logging_mixin.py:104} INFO - --- waiting ---
[2024-12-26 18:47:57,500] {logging_mixin.py:104} INFO - m1b.html
[2024-12-26 18:47:57,501] {logging_mixin.py:104} INFO - Wrote file: m1b.html
[2024-12-26 18:47:57,560] {logging_mixin.py:104} INFO - pulled: http://student.mit.edu/catalog/m1c.html
[2024-12-26 18:47:57,561] {logging_mixin.py:104} INFO - --- waiting ---
[2024-12-26 18:48:02,564] {logging_mixin.py:104} INFO - m1c.html
[2024-12-26 18:48:02,565] {logging_mixin.py:104} INFO - Wrote file: m1c.html
[2024-12-26 18:48:02,566] {python.py:151} INFO - Done. Returned value was: None
[2024-12-26 18:48:02,579] {taskinstance.py:1211} INFO - Marking task as SUCCESS. dag_id=assignment, task_id=task_one, execution_date=20241225T000000, start_date=20241226T184747, end_date=20241226T184802
[2024-12-26 18:48:02,603] {taskinstance.py:1265} INFO - 1 downstream tasks scheduled from follow-on schedule check
[2024-12-26 18:48:02,619] {local_task_job.py:151} INFO - Task exited with return code 0
