[2024-12-26 18:48:18,552] {taskinstance.py:896} INFO - Dependencies all met for <TaskInstance: assignment.task_five 2024-12-25T00:00:00+00:00 [queued]>
[2024-12-26 18:48:18,566] {taskinstance.py:896} INFO - Dependencies all met for <TaskInstance: assignment.task_five 2024-12-25T00:00:00+00:00 [queued]>
[2024-12-26 18:48:18,567] {taskinstance.py:1087} INFO - 
--------------------------------------------------------------------------------
[2024-12-26 18:48:18,567] {taskinstance.py:1088} INFO - Starting attempt 1 of 1
[2024-12-26 18:48:18,568] {taskinstance.py:1089} INFO - 
--------------------------------------------------------------------------------
[2024-12-26 18:48:18,575] {taskinstance.py:1107} INFO - Executing <Task(PythonOperator): task_five> on 2024-12-25T00:00:00+00:00
[2024-12-26 18:48:18,578] {standard_task_runner.py:52} INFO - Started process 1678 to run task
[2024-12-26 18:48:18,581] {standard_task_runner.py:76} INFO - Running: ['***', 'tasks', 'run', 'assignment', 'task_five', '2024-12-25T00:00:00+00:00', '--job-id', '47', '--pool', 'default_pool', '--raw', '--subdir', 'DAGS_FOLDER/assignment.py', '--cfg-path', '/tmp/tmpe9ft2n3d', '--error-file', '/tmp/tmp7lqklec4']
[2024-12-26 18:48:18,582] {standard_task_runner.py:77} INFO - Job 47: Subtask task_five
[2024-12-26 18:48:18,614] {logging_mixin.py:104} INFO - Running <TaskInstance: assignment.task_five 2024-12-25T00:00:00+00:00 [running]> on host d88713c29571
[2024-12-26 18:48:18,652] {taskinstance.py:1302} INFO - Exporting the following env vars:
AIRFLOW_CTX_DAG_OWNER=***
AIRFLOW_CTX_DAG_ID=assignment
AIRFLOW_CTX_TASK_ID=task_five
AIRFLOW_CTX_EXECUTION_DATE=2024-12-25T00:00:00+00:00
AIRFLOW_CTX_DAG_RUN_ID=scheduled__2024-12-25T00:00:00+00:00
[2024-12-26 18:48:18,658] {logging_mixin.py:104} INFO - wrote file: words.json
[2024-12-26 18:48:18,659] {python.py:151} INFO - Done. Returned value was: None
[2024-12-26 18:48:18,670] {taskinstance.py:1211} INFO - Marking task as SUCCESS. dag_id=assignment, task_id=task_five, execution_date=20241225T000000, start_date=20241226T184818, end_date=20241226T184818
[2024-12-26 18:48:18,689] {taskinstance.py:1265} INFO - 0 downstream tasks scheduled from follow-on schedule check
[2024-12-26 18:48:18,715] {local_task_job.py:151} INFO - Task exited with return code 0
