[2024-12-26 18:48:17,819] {taskinstance.py:896} INFO - Dependencies all met for <TaskInstance: assignment.task_four 2024-12-25T00:00:00+00:00 [queued]>
[2024-12-26 18:48:17,833] {taskinstance.py:896} INFO - Dependencies all met for <TaskInstance: assignment.task_four 2024-12-25T00:00:00+00:00 [queued]>
[2024-12-26 18:48:17,834] {taskinstance.py:1087} INFO - 
--------------------------------------------------------------------------------
[2024-12-26 18:48:17,834] {taskinstance.py:1088} INFO - Starting attempt 1 of 1
[2024-12-26 18:48:17,834] {taskinstance.py:1089} INFO - 
--------------------------------------------------------------------------------
[2024-12-26 18:48:17,840] {taskinstance.py:1107} INFO - Executing <Task(PythonOperator): task_four> on 2024-12-25T00:00:00+00:00
[2024-12-26 18:48:17,844] {standard_task_runner.py:52} INFO - Started process 1666 to run task
[2024-12-26 18:48:17,846] {standard_task_runner.py:76} INFO - Running: ['***', 'tasks', 'run', 'assignment', 'task_four', '2024-12-25T00:00:00+00:00', '--job-id', '46', '--pool', 'default_pool', '--raw', '--subdir', 'DAGS_FOLDER/assignment.py', '--cfg-path', '/tmp/tmpdq6k9ci5', '--error-file', '/tmp/tmpb8dqu5dq']
[2024-12-26 18:48:17,847] {standard_task_runner.py:77} INFO - Job 46: Subtask task_four
[2024-12-26 18:48:17,880] {logging_mixin.py:104} INFO - Running <TaskInstance: assignment.task_four 2024-12-25T00:00:00+00:00 [running]> on host d88713c29571
[2024-12-26 18:48:17,917] {taskinstance.py:1302} INFO - Exporting the following env vars:
AIRFLOW_CTX_DAG_OWNER=***
AIRFLOW_CTX_DAG_ID=assignment
AIRFLOW_CTX_TASK_ID=task_four
AIRFLOW_CTX_EXECUTION_DATE=2024-12-25T00:00:00+00:00
AIRFLOW_CTX_DAG_RUN_ID=scheduled__2024-12-25T00:00:00+00:00
[2024-12-26 18:48:17,930] {logging_mixin.py:104} INFO - wrote file: titles_clean.json
[2024-12-26 18:48:17,932] {python.py:151} INFO - Done. Returned value was: None
[2024-12-26 18:48:17,943] {taskinstance.py:1211} INFO - Marking task as SUCCESS. dag_id=assignment, task_id=task_four, execution_date=20241225T000000, start_date=20241226T184817, end_date=20241226T184817
[2024-12-26 18:48:17,962] {taskinstance.py:1265} INFO - 1 downstream tasks scheduled from follow-on schedule check
[2024-12-26 18:48:17,981] {local_task_job.py:151} INFO - Task exited with return code 0
