[2024-12-30 15:23:29,351] {taskinstance.py:896} INFO - Dependencies all met for <TaskInstance: assignment.task_two 2024-12-26T00:00:00+00:00 [queued]>
[2024-12-30 15:23:29,361] {taskinstance.py:896} INFO - Dependencies all met for <TaskInstance: assignment.task_two 2024-12-26T00:00:00+00:00 [queued]>
[2024-12-30 15:23:29,362] {taskinstance.py:1087} INFO - 
--------------------------------------------------------------------------------
[2024-12-30 15:23:29,362] {taskinstance.py:1088} INFO - Starting attempt 1 of 1
[2024-12-30 15:23:29,363] {taskinstance.py:1089} INFO - 
--------------------------------------------------------------------------------
[2024-12-30 15:23:29,372] {taskinstance.py:1107} INFO - Executing <Task(PythonOperator): task_two> on 2024-12-26T00:00:00+00:00
[2024-12-30 15:23:29,375] {standard_task_runner.py:52} INFO - Started process 115 to run task
[2024-12-30 15:23:29,378] {standard_task_runner.py:76} INFO - Running: ['***', 'tasks', 'run', 'assignment', 'task_two', '2024-12-26T00:00:00+00:00', '--job-id', '54', '--pool', 'default_pool', '--raw', '--subdir', 'DAGS_FOLDER/assignment.py', '--cfg-path', '/tmp/tmpm3h66uwm', '--error-file', '/tmp/tmp0bzs75uk']
[2024-12-30 15:23:29,379] {standard_task_runner.py:77} INFO - Job 54: Subtask task_two
[2024-12-30 15:23:29,410] {logging_mixin.py:104} INFO - Running <TaskInstance: assignment.task_two 2024-12-26T00:00:00+00:00 [running]> on host d88713c29571
[2024-12-30 15:23:29,446] {taskinstance.py:1302} INFO - Exporting the following env vars:
AIRFLOW_CTX_DAG_OWNER=***
AIRFLOW_CTX_DAG_ID=assignment
AIRFLOW_CTX_TASK_ID=task_two
AIRFLOW_CTX_EXECUTION_DATE=2024-12-26T00:00:00+00:00
AIRFLOW_CTX_DAG_RUN_ID=scheduled__2024-12-26T00:00:00+00:00
[2024-12-30 15:23:29,463] {python.py:151} INFO - Done. Returned value was: None
[2024-12-30 15:23:29,472] {taskinstance.py:1211} INFO - Marking task as SUCCESS. dag_id=assignment, task_id=task_two, execution_date=20241226T000000, start_date=20241230T152329, end_date=20241230T152329
[2024-12-30 15:23:29,489] {taskinstance.py:1265} INFO - 1 downstream tasks scheduled from follow-on schedule check
[2024-12-30 15:23:29,512] {local_task_job.py:151} INFO - Task exited with return code 0
