[2024-12-26 18:47:42,997] {taskinstance.py:896} INFO - Dependencies all met for <TaskInstance: assignment.task_one 2024-12-26T18:46:02.161925+00:00 [queued]>
[2024-12-26 18:47:43,011] {taskinstance.py:896} INFO - Dependencies all met for <TaskInstance: assignment.task_one 2024-12-26T18:46:02.161925+00:00 [queued]>
[2024-12-26 18:47:43,011] {taskinstance.py:1087} INFO - 
--------------------------------------------------------------------------------
[2024-12-26 18:47:43,012] {taskinstance.py:1088} INFO - Starting attempt 1 of 3
[2024-12-26 18:47:43,012] {taskinstance.py:1089} INFO - 
--------------------------------------------------------------------------------
[2024-12-26 18:47:43,019] {taskinstance.py:1107} INFO - Executing <Task(PythonOperator): task_one> on 2024-12-26T18:46:02.161925+00:00
[2024-12-26 18:47:43,024] {standard_task_runner.py:76} INFO - Running: ['***', 'tasks', 'run', 'assignment', 'task_one', '2024-12-26T18:46:02.161925+00:00', '--job-id', '37', '--pool', 'default_pool', '--raw', '--subdir', 'DAGS_FOLDER/assignment.py', '--cfg-path', '/tmp/tmp296i9ew2', '--error-file', '/tmp/tmpov0wo4y2']
[2024-12-26 18:47:43,022] {standard_task_runner.py:52} INFO - Started process 1600 to run task
[2024-12-26 18:47:43,025] {standard_task_runner.py:77} INFO - Job 37: Subtask task_one
[2024-12-26 18:47:43,058] {logging_mixin.py:104} INFO - Running <TaskInstance: assignment.task_one 2024-12-26T18:46:02.161925+00:00 [running]> on host d88713c29571
[2024-12-26 18:47:43,094] {taskinstance.py:1302} INFO - Exporting the following env vars:
AIRFLOW_CTX_DAG_OWNER=***
AIRFLOW_CTX_DAG_ID=assignment
AIRFLOW_CTX_TASK_ID=task_one
AIRFLOW_CTX_EXECUTION_DATE=2024-12-26T18:46:02.161925+00:00
AIRFLOW_CTX_DAG_RUN_ID=manual__2024-12-26T18:46:02.161925+00:00
[2024-12-26 18:47:43,162] {logging_mixin.py:104} INFO - pulled: http://student.mit.edu/catalog/m1a.html
[2024-12-26 18:47:43,163] {logging_mixin.py:104} INFO - --- waiting ---
[2024-12-26 18:47:48,164] {logging_mixin.py:104} INFO - m1a.html
[2024-12-26 18:47:48,165] {logging_mixin.py:104} INFO - Wrote file: m1a.html
[2024-12-26 18:47:48,202] {logging_mixin.py:104} INFO - pulled: http://student.mit.edu/catalog/m1b.html
[2024-12-26 18:47:48,202] {logging_mixin.py:104} INFO - --- waiting ---
[2024-12-26 18:47:53,204] {logging_mixin.py:104} INFO - m1b.html
[2024-12-26 18:47:53,205] {logging_mixin.py:104} INFO - Wrote file: m1b.html
[2024-12-26 18:47:53,254] {logging_mixin.py:104} INFO - pulled: http://student.mit.edu/catalog/m1c.html
[2024-12-26 18:47:53,255] {logging_mixin.py:104} INFO - --- waiting ---
[2024-12-26 18:47:58,260] {logging_mixin.py:104} INFO - m1c.html
[2024-12-26 18:47:58,269] {logging_mixin.py:104} INFO - Wrote file: m1c.html
[2024-12-26 18:47:58,277] {python.py:151} INFO - Done. Returned value was: None
[2024-12-26 18:47:58,295] {taskinstance.py:1211} INFO - Marking task as SUCCESS. dag_id=assignment, task_id=task_one, execution_date=20241226T184602, start_date=20241226T184742, end_date=20241226T184758
[2024-12-26 18:47:58,317] {taskinstance.py:1265} INFO - 1 downstream tasks scheduled from follow-on schedule check
[2024-12-26 18:47:58,337] {local_task_job.py:151} INFO - Task exited with return code 0
