[2024-12-26 18:48:13,883] {taskinstance.py:896} INFO - Dependencies all met for <TaskInstance: assignment.task_four 2024-12-26T18:46:02.161925+00:00 [queued]>
[2024-12-26 18:48:13,903] {taskinstance.py:896} INFO - Dependencies all met for <TaskInstance: assignment.task_four 2024-12-26T18:46:02.161925+00:00 [queued]>
[2024-12-26 18:48:13,905] {taskinstance.py:1087} INFO - 
--------------------------------------------------------------------------------
[2024-12-26 18:48:13,905] {taskinstance.py:1088} INFO - Starting attempt 1 of 1
[2024-12-26 18:48:13,907] {taskinstance.py:1089} INFO - 
--------------------------------------------------------------------------------
[2024-12-26 18:48:13,921] {taskinstance.py:1107} INFO - Executing <Task(PythonOperator): task_four> on 2024-12-26T18:46:02.161925+00:00
[2024-12-26 18:48:13,925] {standard_task_runner.py:52} INFO - Started process 1662 to run task
[2024-12-26 18:48:13,928] {standard_task_runner.py:76} INFO - Running: ['***', 'tasks', 'run', 'assignment', 'task_four', '2024-12-26T18:46:02.161925+00:00', '--job-id', '44', '--pool', 'default_pool', '--raw', '--subdir', 'DAGS_FOLDER/assignment.py', '--cfg-path', '/tmp/tmpyysnut2b', '--error-file', '/tmp/tmpep_s62k8']
[2024-12-26 18:48:13,930] {standard_task_runner.py:77} INFO - Job 44: Subtask task_four
[2024-12-26 18:48:13,973] {logging_mixin.py:104} INFO - Running <TaskInstance: assignment.task_four 2024-12-26T18:46:02.161925+00:00 [running]> on host d88713c29571
[2024-12-26 18:48:14,020] {taskinstance.py:1302} INFO - Exporting the following env vars:
AIRFLOW_CTX_DAG_OWNER=***
AIRFLOW_CTX_DAG_ID=assignment
AIRFLOW_CTX_TASK_ID=task_four
AIRFLOW_CTX_EXECUTION_DATE=2024-12-26T18:46:02.161925+00:00
AIRFLOW_CTX_DAG_RUN_ID=manual__2024-12-26T18:46:02.161925+00:00
[2024-12-26 18:48:14,038] {logging_mixin.py:104} INFO - wrote file: titles_clean.json
[2024-12-26 18:48:14,038] {python.py:151} INFO - Done. Returned value was: None
[2024-12-26 18:48:14,053] {taskinstance.py:1211} INFO - Marking task as SUCCESS. dag_id=assignment, task_id=task_four, execution_date=20241226T184602, start_date=20241226T184813, end_date=20241226T184814
[2024-12-26 18:48:14,085] {taskinstance.py:1265} INFO - 1 downstream tasks scheduled from follow-on schedule check
[2024-12-26 18:48:14,103] {local_task_job.py:151} INFO - Task exited with return code 0
