[2024-12-30 15:23:13,385] {taskinstance.py:896} INFO - Dependencies all met for <TaskInstance: assignment.task_one 2024-12-26T00:00:00+00:00 [queued]>
[2024-12-30 15:23:13,396] {taskinstance.py:896} INFO - Dependencies all met for <TaskInstance: assignment.task_one 2024-12-26T00:00:00+00:00 [queued]>
[2024-12-30 15:23:13,396] {taskinstance.py:1087} INFO - 
--------------------------------------------------------------------------------
[2024-12-30 15:23:13,397] {taskinstance.py:1088} INFO - Starting attempt 1 of 3
[2024-12-30 15:23:13,398] {taskinstance.py:1089} INFO - 
--------------------------------------------------------------------------------
[2024-12-30 15:23:13,407] {taskinstance.py:1107} INFO - Executing <Task(PythonOperator): task_one> on 2024-12-26T00:00:00+00:00
[2024-12-30 15:23:13,410] {standard_task_runner.py:52} INFO - Started process 94 to run task
[2024-12-30 15:23:13,413] {standard_task_runner.py:76} INFO - Running: ['***', 'tasks', 'run', 'assignment', 'task_one', '2024-12-26T00:00:00+00:00', '--job-id', '52', '--pool', 'default_pool', '--raw', '--subdir', 'DAGS_FOLDER/assignment.py', '--cfg-path', '/tmp/tmp6qy48phq', '--error-file', '/tmp/tmpnu518tva']
[2024-12-30 15:23:13,414] {standard_task_runner.py:77} INFO - Job 52: Subtask task_one
[2024-12-30 15:23:13,446] {logging_mixin.py:104} INFO - Running <TaskInstance: assignment.task_one 2024-12-26T00:00:00+00:00 [running]> on host d88713c29571
[2024-12-30 15:23:13,483] {taskinstance.py:1302} INFO - Exporting the following env vars:
AIRFLOW_CTX_DAG_OWNER=***
AIRFLOW_CTX_DAG_ID=assignment
AIRFLOW_CTX_TASK_ID=task_one
AIRFLOW_CTX_EXECUTION_DATE=2024-12-26T00:00:00+00:00
AIRFLOW_CTX_DAG_RUN_ID=scheduled__2024-12-26T00:00:00+00:00
[2024-12-30 15:23:13,545] {logging_mixin.py:104} INFO - pulled: http://student.mit.edu/catalog/m1a.html
[2024-12-30 15:23:13,554] {logging_mixin.py:104} INFO - --- waiting ---
[2024-12-30 15:23:18,572] {logging_mixin.py:104} INFO - m1a.html
[2024-12-30 15:23:18,573] {logging_mixin.py:104} INFO - Wrote file: m1a.html
[2024-12-30 15:23:18,622] {logging_mixin.py:104} INFO - pulled: http://student.mit.edu/catalog/m1b.html
[2024-12-30 15:23:18,623] {logging_mixin.py:104} INFO - --- waiting ---
[2024-12-30 15:23:23,623] {logging_mixin.py:104} INFO - m1b.html
[2024-12-30 15:23:23,624] {logging_mixin.py:104} INFO - Wrote file: m1b.html
[2024-12-30 15:23:23,681] {logging_mixin.py:104} INFO - pulled: http://student.mit.edu/catalog/m1c.html
[2024-12-30 15:23:23,681] {logging_mixin.py:104} INFO - --- waiting ---
[2024-12-30 15:23:28,678] {logging_mixin.py:104} INFO - m1c.html
[2024-12-30 15:23:28,679] {logging_mixin.py:104} INFO - Wrote file: m1c.html
[2024-12-30 15:23:28,680] {python.py:151} INFO - Done. Returned value was: None
[2024-12-30 15:23:28,688] {taskinstance.py:1211} INFO - Marking task as SUCCESS. dag_id=assignment, task_id=task_one, execution_date=20241226T000000, start_date=20241230T152313, end_date=20241230T152328
[2024-12-30 15:23:28,707] {taskinstance.py:1265} INFO - 1 downstream tasks scheduled from follow-on schedule check
[2024-12-30 15:23:28,735] {local_task_job.py:151} INFO - Task exited with return code 0
