[2024-12-26 18:48:14,610] {taskinstance.py:896} INFO - Dependencies all met for <TaskInstance: assignment.task_five 2024-12-26T18:46:02.161925+00:00 [queued]>
[2024-12-26 18:48:14,626] {taskinstance.py:896} INFO - Dependencies all met for <TaskInstance: assignment.task_five 2024-12-26T18:46:02.161925+00:00 [queued]>
[2024-12-26 18:48:14,627] {taskinstance.py:1087} INFO - 
--------------------------------------------------------------------------------
[2024-12-26 18:48:14,628] {taskinstance.py:1088} INFO - Starting attempt 1 of 1
[2024-12-26 18:48:14,629] {taskinstance.py:1089} INFO - 
--------------------------------------------------------------------------------
[2024-12-26 18:48:14,640] {taskinstance.py:1107} INFO - Executing <Task(PythonOperator): task_five> on 2024-12-26T18:46:02.161925+00:00
[2024-12-26 18:48:14,643] {standard_task_runner.py:52} INFO - Started process 1664 to run task
[2024-12-26 18:48:14,646] {standard_task_runner.py:76} INFO - Running: ['***', 'tasks', 'run', 'assignment', 'task_five', '2024-12-26T18:46:02.161925+00:00', '--job-id', '45', '--pool', 'default_pool', '--raw', '--subdir', 'DAGS_FOLDER/assignment.py', '--cfg-path', '/tmp/tmpesyno2gu', '--error-file', '/tmp/tmp7sfjctb2']
[2024-12-26 18:48:14,647] {standard_task_runner.py:77} INFO - Job 45: Subtask task_five
[2024-12-26 18:48:14,684] {logging_mixin.py:104} INFO - Running <TaskInstance: assignment.task_five 2024-12-26T18:46:02.161925+00:00 [running]> on host d88713c29571
[2024-12-26 18:48:14,725] {taskinstance.py:1302} INFO - Exporting the following env vars:
AIRFLOW_CTX_DAG_OWNER=***
AIRFLOW_CTX_DAG_ID=assignment
AIRFLOW_CTX_TASK_ID=task_five
AIRFLOW_CTX_EXECUTION_DATE=2024-12-26T18:46:02.161925+00:00
AIRFLOW_CTX_DAG_RUN_ID=manual__2024-12-26T18:46:02.161925+00:00
[2024-12-26 18:48:14,731] {logging_mixin.py:104} INFO - wrote file: words.json
[2024-12-26 18:48:14,732] {python.py:151} INFO - Done. Returned value was: None
[2024-12-26 18:48:14,744] {taskinstance.py:1211} INFO - Marking task as SUCCESS. dag_id=assignment, task_id=task_five, execution_date=20241226T184602, start_date=20241226T184814, end_date=20241226T184814
[2024-12-26 18:48:14,768] {taskinstance.py:1265} INFO - 0 downstream tasks scheduled from follow-on schedule check
[2024-12-26 18:48:14,781] {local_task_job.py:151} INFO - Task exited with return code 0
