[2024-12-26 18:40:55,121] {taskinstance.py:896} INFO - Dependencies all met for <TaskInstance: assignment.task_one 2024-12-26T18:40:17.282029+00:00 [None]>
[2024-12-26 18:40:55,137] {taskinstance.py:896} INFO - Dependencies all met for <TaskInstance: assignment.task_one 2024-12-26T18:40:17.282029+00:00 [None]>
[2024-12-26 18:40:55,138] {taskinstance.py:1087} INFO - 
--------------------------------------------------------------------------------
[2024-12-26 18:40:55,139] {taskinstance.py:1088} INFO - Starting attempt 1 of 3
[2024-12-26 18:40:55,140] {taskinstance.py:1089} INFO - 
--------------------------------------------------------------------------------
[2024-12-26 18:40:55,147] {taskinstance.py:1107} INFO - Executing <Task(PythonOperator): task_one> on 2024-12-26T18:40:17.282029+00:00
[2024-12-26 18:40:55,150] {standard_task_runner.py:52} INFO - Started process 979 to run task
[2024-12-26 18:40:55,153] {standard_task_runner.py:76} INFO - Running: ['***', 'tasks', 'run', 'assignment', 'task_one', '2024-12-26T18:40:17.282029+00:00', '--job-id', '31', '--pool', 'default_pool', '--raw', '--subdir', 'DAGS_FOLDER/assignment.py', '--cfg-path', '/tmp/tmpaje0x7hk', '--error-file', '/tmp/tmpg4wxt9_7']
[2024-12-26 18:40:55,154] {standard_task_runner.py:77} INFO - Job 31: Subtask task_one
[2024-12-26 18:40:55,186] {logging_mixin.py:104} INFO - Running <TaskInstance: assignment.task_one 2024-12-26T18:40:17.282029+00:00 [running]> on host d88713c29571
[2024-12-26 18:40:55,226] {taskinstance.py:1302} INFO - Exporting the following env vars:
AIRFLOW_CTX_DAG_OWNER=***
AIRFLOW_CTX_DAG_ID=assignment
AIRFLOW_CTX_TASK_ID=task_one
AIRFLOW_CTX_EXECUTION_DATE=2024-12-26T18:40:17.282029+00:00
AIRFLOW_CTX_DAG_RUN_ID=manual__2024-12-26T18:40:17.282029+00:00
[2024-12-26 18:40:55,290] {logging_mixin.py:104} INFO - pulled: http://student.mit.edu/catalog/m1a.html
[2024-12-26 18:40:55,290] {logging_mixin.py:104} INFO - --- waiting ---
[2024-12-26 18:41:00,293] {logging_mixin.py:104} INFO - m1a.html
[2024-12-26 18:41:00,302] {logging_mixin.py:104} INFO - Wrote file: m1a.html
[2024-12-26 18:41:00,456] {logging_mixin.py:104} INFO - pulled: http://student.mit.edu/catalog/m1b.html
[2024-12-26 18:41:00,463] {logging_mixin.py:104} INFO - --- waiting ---
[2024-12-26 18:41:05,473] {logging_mixin.py:104} INFO - m1b.html
[2024-12-26 18:41:05,474] {logging_mixin.py:104} INFO - Wrote file: m1b.html
[2024-12-26 18:41:05,520] {logging_mixin.py:104} INFO - pulled: http://student.mit.edu/catalog/m1c.html
[2024-12-26 18:41:05,520] {logging_mixin.py:104} INFO - --- waiting ---
[2024-12-26 18:41:10,526] {logging_mixin.py:104} INFO - m1c.html
[2024-12-26 18:41:10,527] {logging_mixin.py:104} INFO - Wrote file: m1c.html
[2024-12-26 18:41:10,528] {python.py:151} INFO - Done. Returned value was: None
[2024-12-26 18:41:10,539] {taskinstance.py:1211} INFO - Marking task as SUCCESS. dag_id=assignment, task_id=task_one, execution_date=20241226T184017, start_date=20241226T184055, end_date=20241226T184110
[2024-12-26 18:41:10,560] {taskinstance.py:1265} INFO - 1 downstream tasks scheduled from follow-on schedule check
[2024-12-26 18:41:10,603] {local_task_job.py:151} INFO - Task exited with return code 0
