[2024-12-26 18:32:01,856] {taskinstance.py:896} INFO - Dependencies all met for <TaskInstance: assignment.task_one 2024-12-26T18:31:27.239331+00:00 [None]>
[2024-12-26 18:32:01,873] {taskinstance.py:896} INFO - Dependencies all met for <TaskInstance: assignment.task_one 2024-12-26T18:31:27.239331+00:00 [None]>
[2024-12-26 18:32:01,874] {taskinstance.py:1087} INFO - 
--------------------------------------------------------------------------------
[2024-12-26 18:32:01,875] {taskinstance.py:1088} INFO - Starting attempt 1 of 3
[2024-12-26 18:32:01,875] {taskinstance.py:1089} INFO - 
--------------------------------------------------------------------------------
[2024-12-26 18:32:01,883] {taskinstance.py:1107} INFO - Executing <Task(PythonOperator): task_one> on 2024-12-26T18:31:27.239331+00:00
[2024-12-26 18:32:01,886] {standard_task_runner.py:52} INFO - Started process 195 to run task
[2024-12-26 18:32:01,889] {standard_task_runner.py:76} INFO - Running: ['***', 'tasks', 'run', 'assignment', 'task_one', '2024-12-26T18:31:27.239331+00:00', '--job-id', '29', '--pool', 'default_pool', '--raw', '--subdir', 'DAGS_FOLDER/assignment.py', '--cfg-path', '/tmp/tmpt3b7cryn', '--error-file', '/tmp/tmpk71tbo0r']
[2024-12-26 18:32:01,890] {standard_task_runner.py:77} INFO - Job 29: Subtask task_one
[2024-12-26 18:32:01,923] {logging_mixin.py:104} INFO - Running <TaskInstance: assignment.task_one 2024-12-26T18:31:27.239331+00:00 [running]> on host d88713c29571
[2024-12-26 18:32:01,962] {taskinstance.py:1302} INFO - Exporting the following env vars:
AIRFLOW_CTX_DAG_OWNER=***
AIRFLOW_CTX_DAG_ID=assignment
AIRFLOW_CTX_TASK_ID=task_one
AIRFLOW_CTX_EXECUTION_DATE=2024-12-26T18:31:27.239331+00:00
AIRFLOW_CTX_DAG_RUN_ID=manual__2024-12-26T18:31:27.239331+00:00
[2024-12-26 18:32:02,023] {logging_mixin.py:104} INFO - pulled: http://student.mit.edu/catalog/m1a.html
[2024-12-26 18:32:02,023] {logging_mixin.py:104} INFO - --- waiting ---
[2024-12-26 18:32:07,029] {logging_mixin.py:104} INFO - m1a.html
[2024-12-26 18:32:07,030] {logging_mixin.py:104} INFO - Wrote file: m1a.html
[2024-12-26 18:32:07,093] {logging_mixin.py:104} INFO - pulled: http://student.mit.edu/catalog/m1b.html
[2024-12-26 18:32:07,094] {logging_mixin.py:104} INFO - --- waiting ---
[2024-12-26 18:32:12,099] {logging_mixin.py:104} INFO - m1b.html
[2024-12-26 18:32:12,100] {logging_mixin.py:104} INFO - Wrote file: m1b.html
[2024-12-26 18:32:12,160] {logging_mixin.py:104} INFO - pulled: http://student.mit.edu/catalog/m1c.html
[2024-12-26 18:32:12,160] {logging_mixin.py:104} INFO - --- waiting ---
[2024-12-26 18:32:17,165] {logging_mixin.py:104} INFO - m1c.html
[2024-12-26 18:32:17,165] {logging_mixin.py:104} INFO - Wrote file: m1c.html
[2024-12-26 18:32:17,229] {logging_mixin.py:104} INFO - pulled: http://student.mit.edu/catalog/m2a.html
[2024-12-26 18:32:17,229] {logging_mixin.py:104} INFO - --- waiting ---
[2024-12-26 18:32:22,235] {logging_mixin.py:104} INFO - m2a.html
[2024-12-26 18:32:22,236] {logging_mixin.py:104} INFO - Wrote file: m2a.html
[2024-12-26 18:32:22,323] {logging_mixin.py:104} INFO - pulled: http://student.mit.edu/catalog/m2b.html
[2024-12-26 18:32:22,323] {logging_mixin.py:104} INFO - --- waiting ---
[2024-12-26 18:32:27,329] {logging_mixin.py:104} INFO - m2b.html
[2024-12-26 18:32:27,330] {logging_mixin.py:104} INFO - Wrote file: m2b.html
[2024-12-26 18:32:27,404] {logging_mixin.py:104} INFO - pulled: http://student.mit.edu/catalog/m2c.html
[2024-12-26 18:32:27,404] {logging_mixin.py:104} INFO - --- waiting ---
[2024-12-26 18:32:32,407] {logging_mixin.py:104} INFO - m2c.html
[2024-12-26 18:32:32,408] {logging_mixin.py:104} INFO - Wrote file: m2c.html
[2024-12-26 18:32:32,469] {logging_mixin.py:104} INFO - pulled: http://student.mit.edu/catalog/m3a.html
[2024-12-26 18:32:32,470] {logging_mixin.py:104} INFO - --- waiting ---
[2024-12-26 18:32:37,474] {logging_mixin.py:104} INFO - m3a.html
[2024-12-26 18:32:37,475] {logging_mixin.py:104} INFO - Wrote file: m3a.html
[2024-12-26 18:32:37,555] {logging_mixin.py:104} INFO - pulled: http://student.mit.edu/catalog/m3b.html
[2024-12-26 18:32:37,555] {logging_mixin.py:104} INFO - --- waiting ---
[2024-12-26 18:32:42,561] {logging_mixin.py:104} INFO - m3b.html
[2024-12-26 18:32:42,562] {logging_mixin.py:104} INFO - Wrote file: m3b.html
[2024-12-26 18:32:42,625] {logging_mixin.py:104} INFO - pulled: http://student.mit.edu/catalog/m4a.html
[2024-12-26 18:32:42,626] {logging_mixin.py:104} INFO - --- waiting ---
[2024-12-26 18:32:47,630] {logging_mixin.py:104} INFO - m4a.html
[2024-12-26 18:32:47,631] {logging_mixin.py:104} INFO - Wrote file: m4a.html
[2024-12-26 18:32:47,690] {logging_mixin.py:104} INFO - pulled: http://student.mit.edu/catalog/m4b.html
[2024-12-26 18:32:47,691] {logging_mixin.py:104} INFO - --- waiting ---
[2024-12-26 18:32:52,695] {logging_mixin.py:104} INFO - m4b.html
[2024-12-26 18:32:52,696] {logging_mixin.py:104} INFO - Wrote file: m4b.html
[2024-12-26 18:32:52,785] {logging_mixin.py:104} INFO - pulled: http://student.mit.edu/catalog/m4c.html
[2024-12-26 18:32:52,786] {logging_mixin.py:104} INFO - --- waiting ---
[2024-12-26 18:32:57,792] {logging_mixin.py:104} INFO - m4c.html
[2024-12-26 18:32:57,793] {logging_mixin.py:104} INFO - Wrote file: m4c.html
[2024-12-26 18:32:57,848] {logging_mixin.py:104} INFO - pulled: http://student.mit.edu/catalog/m4d.html
[2024-12-26 18:32:57,848] {logging_mixin.py:104} INFO - --- waiting ---
[2024-12-26 18:33:02,854] {logging_mixin.py:104} INFO - m4d.html
[2024-12-26 18:33:02,855] {logging_mixin.py:104} INFO - Wrote file: m4d.html
[2024-12-26 18:33:02,906] {logging_mixin.py:104} INFO - pulled: http://student.mit.edu/catalog/m4e.html
[2024-12-26 18:33:02,906] {logging_mixin.py:104} INFO - --- waiting ---
[2024-12-26 18:33:07,912] {logging_mixin.py:104} INFO - m4e.html
[2024-12-26 18:33:07,914] {logging_mixin.py:104} INFO - Wrote file: m4e.html
[2024-12-26 18:33:07,981] {logging_mixin.py:104} INFO - pulled: http://student.mit.edu/catalog/m4f.html
[2024-12-26 18:33:07,981] {logging_mixin.py:104} INFO - --- waiting ---
[2024-12-26 18:33:12,987] {logging_mixin.py:104} INFO - m4f.html
[2024-12-26 18:33:12,988] {logging_mixin.py:104} INFO - Wrote file: m4f.html
[2024-12-26 18:33:13,031] {logging_mixin.py:104} INFO - pulled: http://student.mit.edu/catalog/m4g.html
[2024-12-26 18:33:13,031] {logging_mixin.py:104} INFO - --- waiting ---
[2024-12-26 18:33:18,036] {logging_mixin.py:104} INFO - m4g.html
[2024-12-26 18:33:18,037] {logging_mixin.py:104} INFO - Wrote file: m4g.html
[2024-12-26 18:33:18,085] {logging_mixin.py:104} INFO - pulled: http://student.mit.edu/catalog/m5a.html
[2024-12-26 18:33:18,085] {logging_mixin.py:104} INFO - --- waiting ---
[2024-12-26 18:33:23,091] {logging_mixin.py:104} INFO - m5a.html
[2024-12-26 18:33:23,092] {logging_mixin.py:104} INFO - Wrote file: m5a.html
[2024-12-26 18:33:23,137] {logging_mixin.py:104} INFO - pulled: http://student.mit.edu/catalog/m5b.html
[2024-12-26 18:33:23,137] {logging_mixin.py:104} INFO - --- waiting ---
[2024-12-26 18:33:28,143] {logging_mixin.py:104} INFO - m5b.html
[2024-12-26 18:33:28,143] {logging_mixin.py:104} INFO - Wrote file: m5b.html
[2024-12-26 18:33:28,205] {logging_mixin.py:104} INFO - pulled: http://student.mit.edu/catalog/m6a.html
[2024-12-26 18:33:28,206] {logging_mixin.py:104} INFO - --- waiting ---
[2024-12-26 18:33:33,212] {logging_mixin.py:104} INFO - m6a.html
[2024-12-26 18:33:33,213] {logging_mixin.py:104} INFO - Wrote file: m6a.html
[2024-12-26 18:33:33,271] {logging_mixin.py:104} INFO - pulled: http://student.mit.edu/catalog/m6b.html
[2024-12-26 18:33:33,272] {logging_mixin.py:104} INFO - --- waiting ---
[2024-12-26 18:33:38,274] {logging_mixin.py:104} INFO - m6b.html
[2024-12-26 18:33:38,275] {logging_mixin.py:104} INFO - Wrote file: m6b.html
[2024-12-26 18:33:38,354] {logging_mixin.py:104} INFO - pulled: http://student.mit.edu/catalog/m6c.html
[2024-12-26 18:33:38,355] {logging_mixin.py:104} INFO - --- waiting ---
[2024-12-26 18:33:43,360] {logging_mixin.py:104} INFO - m6c.html
[2024-12-26 18:33:43,361] {logging_mixin.py:104} INFO - Wrote file: m6c.html
[2024-12-26 18:33:43,417] {logging_mixin.py:104} INFO - pulled: http://student.mit.edu/catalog/m7a.html
[2024-12-26 18:33:43,418] {logging_mixin.py:104} INFO - --- waiting ---
[2024-12-26 18:33:48,421] {logging_mixin.py:104} INFO - m7a.html
[2024-12-26 18:33:48,422] {logging_mixin.py:104} INFO - Wrote file: m7a.html
[2024-12-26 18:33:48,476] {logging_mixin.py:104} INFO - pulled: http://student.mit.edu/catalog/m8a.html
[2024-12-26 18:33:48,476] {logging_mixin.py:104} INFO - --- waiting ---
[2024-12-26 18:33:53,482] {logging_mixin.py:104} INFO - m8a.html
[2024-12-26 18:33:53,483] {logging_mixin.py:104} INFO - Wrote file: m8a.html
[2024-12-26 18:33:53,556] {logging_mixin.py:104} INFO - pulled: http://student.mit.edu/catalog/m8b.html
[2024-12-26 18:33:53,556] {logging_mixin.py:104} INFO - --- waiting ---
[2024-12-26 18:33:58,562] {logging_mixin.py:104} INFO - m8b.html
[2024-12-26 18:33:58,563] {logging_mixin.py:104} INFO - Wrote file: m8b.html
[2024-12-26 18:33:58,617] {logging_mixin.py:104} INFO - pulled: http://student.mit.edu/catalog/m9a.html
[2024-12-26 18:33:58,618] {logging_mixin.py:104} INFO - --- waiting ---
[2024-12-26 18:34:03,622] {logging_mixin.py:104} INFO - m9a.html
[2024-12-26 18:34:03,623] {logging_mixin.py:104} INFO - Wrote file: m9a.html
[2024-12-26 18:34:03,676] {logging_mixin.py:104} INFO - pulled: http://student.mit.edu/catalog/m9b.html
[2024-12-26 18:34:03,676] {logging_mixin.py:104} INFO - --- waiting ---
[2024-12-26 18:34:08,682] {logging_mixin.py:104} INFO - m9b.html
[2024-12-26 18:34:08,683] {logging_mixin.py:104} INFO - Wrote file: m9b.html
[2024-12-26 18:34:08,759] {logging_mixin.py:104} INFO - pulled: http://student.mit.edu/catalog/m10a.html
[2024-12-26 18:34:08,759] {logging_mixin.py:104} INFO - --- waiting ---
[2024-12-26 18:34:13,762] {logging_mixin.py:104} INFO - m10a.html
[2024-12-26 18:34:13,763] {logging_mixin.py:104} INFO - Wrote file: m10a.html
[2024-12-26 18:34:21,042] {logging_mixin.py:104} INFO - pulled: http://student.mit.edu/catalog/m10b.html
[2024-12-26 18:34:21,042] {logging_mixin.py:104} INFO - --- waiting ---
[2024-12-26 18:34:26,043] {logging_mixin.py:104} INFO - m10b.html
[2024-12-26 18:34:26,046] {logging_mixin.py:104} INFO - Wrote file: m10b.html
[2024-12-26 18:34:26,108] {logging_mixin.py:104} INFO - HTTPError 404 for URL: http://student.mit.edu/catalog/m10c.html - Page not found. Skipping...
[2024-12-26 18:34:26,109] {logging_mixin.py:104} INFO - Skipping URL: http://student.mit.edu/catalog/m10c.html
[2024-12-26 18:34:26,148] {logging_mixin.py:104} INFO - pulled: http://student.mit.edu/catalog/m11a.html
[2024-12-26 18:34:26,149] {logging_mixin.py:104} INFO - --- waiting ---
[2024-12-26 18:34:31,154] {logging_mixin.py:104} INFO - m11a.html
[2024-12-26 18:34:31,155] {logging_mixin.py:104} INFO - Wrote file: m11a.html
[2024-12-26 18:34:31,223] {logging_mixin.py:104} INFO - pulled: http://student.mit.edu/catalog/m11b.html
[2024-12-26 18:34:31,223] {logging_mixin.py:104} INFO - --- waiting ---
[2024-12-26 18:34:36,229] {logging_mixin.py:104} INFO - m11b.html
[2024-12-26 18:34:36,230] {logging_mixin.py:104} INFO - Wrote file: m11b.html
[2024-12-26 18:34:36,293] {logging_mixin.py:104} INFO - pulled: http://student.mit.edu/catalog/m11c.html
[2024-12-26 18:34:36,293] {logging_mixin.py:104} INFO - --- waiting ---
[2024-12-26 18:34:41,298] {logging_mixin.py:104} INFO - m11c.html
[2024-12-26 18:34:41,299] {logging_mixin.py:104} INFO - Wrote file: m11c.html
[2024-12-26 18:34:41,373] {logging_mixin.py:104} INFO - pulled: http://student.mit.edu/catalog/m12a.html
[2024-12-26 18:34:41,373] {logging_mixin.py:104} INFO - --- waiting ---
[2024-12-26 18:34:46,375] {logging_mixin.py:104} INFO - m12a.html
[2024-12-26 18:34:46,376] {logging_mixin.py:104} INFO - Wrote file: m12a.html
[2024-12-26 18:34:46,421] {logging_mixin.py:104} INFO - pulled: http://student.mit.edu/catalog/m12b.html
[2024-12-26 18:34:46,422] {logging_mixin.py:104} INFO - --- waiting ---
[2024-12-26 18:34:51,427] {logging_mixin.py:104} INFO - m12b.html
[2024-12-26 18:34:51,429] {logging_mixin.py:104} INFO - Wrote file: m12b.html
[2024-12-26 18:34:51,493] {logging_mixin.py:104} INFO - pulled: http://student.mit.edu/catalog/m12c.html
[2024-12-26 18:34:51,494] {logging_mixin.py:104} INFO - --- waiting ---
[2024-12-26 18:34:56,495] {logging_mixin.py:104} INFO - m12c.html
[2024-12-26 18:34:56,496] {logging_mixin.py:104} INFO - Wrote file: m12c.html
[2024-12-26 18:34:56,569] {logging_mixin.py:104} INFO - pulled: http://student.mit.edu/catalog/m14a.html
[2024-12-26 18:34:56,570] {logging_mixin.py:104} INFO - --- waiting ---
[2024-12-26 18:35:01,576] {logging_mixin.py:104} INFO - m14a.html
[2024-12-26 18:35:01,577] {logging_mixin.py:104} INFO - Wrote file: m14a.html
[2024-12-26 18:35:01,650] {logging_mixin.py:104} INFO - pulled: http://student.mit.edu/catalog/m14b.html
[2024-12-26 18:35:01,650] {logging_mixin.py:104} INFO - --- waiting ---
[2024-12-26 18:35:06,656] {logging_mixin.py:104} INFO - m14b.html
[2024-12-26 18:35:06,658] {logging_mixin.py:104} INFO - Wrote file: m14b.html
[2024-12-26 18:35:06,731] {logging_mixin.py:104} INFO - pulled: http://student.mit.edu/catalog/m15a.html
[2024-12-26 18:35:06,732] {logging_mixin.py:104} INFO - --- waiting ---
[2024-12-26 18:35:11,735] {logging_mixin.py:104} INFO - m15a.html
[2024-12-26 18:35:11,736] {logging_mixin.py:104} INFO - Wrote file: m15a.html
[2024-12-26 18:35:11,808] {logging_mixin.py:104} INFO - pulled: http://student.mit.edu/catalog/m15b.html
[2024-12-26 18:35:11,809] {logging_mixin.py:104} INFO - --- waiting ---
[2024-12-26 18:35:16,812] {logging_mixin.py:104} INFO - m15b.html
[2024-12-26 18:35:16,814] {logging_mixin.py:104} INFO - Wrote file: m15b.html
[2024-12-26 18:35:16,883] {logging_mixin.py:104} INFO - pulled: http://student.mit.edu/catalog/m15c.html
[2024-12-26 18:35:16,884] {logging_mixin.py:104} INFO - --- waiting ---
[2024-12-26 18:35:21,888] {logging_mixin.py:104} INFO - m15c.html
[2024-12-26 18:35:21,889] {logging_mixin.py:104} INFO - Wrote file: m15c.html
[2024-12-26 18:35:21,952] {logging_mixin.py:104} INFO - pulled: http://student.mit.edu/catalog/m16a.html
[2024-12-26 18:35:21,952] {logging_mixin.py:104} INFO - --- waiting ---
[2024-12-26 18:35:26,958] {logging_mixin.py:104} INFO - m16a.html
[2024-12-26 18:35:26,959] {logging_mixin.py:104} INFO - Wrote file: m16a.html
[2024-12-26 18:35:27,043] {logging_mixin.py:104} INFO - pulled: http://student.mit.edu/catalog/m16b.html
[2024-12-26 18:35:27,043] {logging_mixin.py:104} INFO - --- waiting ---
[2024-12-26 18:35:32,049] {logging_mixin.py:104} INFO - m16b.html
[2024-12-26 18:35:32,050] {logging_mixin.py:104} INFO - Wrote file: m16b.html
[2024-12-26 18:35:32,129] {logging_mixin.py:104} INFO - pulled: http://student.mit.edu/catalog/m18a.html
[2024-12-26 18:35:32,129] {logging_mixin.py:104} INFO - --- waiting ---
[2024-12-26 18:35:37,135] {logging_mixin.py:104} INFO - m18a.html
[2024-12-26 18:35:37,136] {logging_mixin.py:104} INFO - Wrote file: m18a.html
[2024-12-26 18:35:37,192] {logging_mixin.py:104} INFO - pulled: http://student.mit.edu/catalog/m18b.html
[2024-12-26 18:35:37,192] {logging_mixin.py:104} INFO - --- waiting ---
[2024-12-26 18:35:38,770] {local_task_job.py:199} WARNING - State of this instance has been externally set to None. Terminating instance.
[2024-12-26 18:35:38,774] {process_utils.py:100} INFO - Sending Signals.SIGTERM to GPID 195
[2024-12-26 18:35:38,776] {taskinstance.py:1284} ERROR - Received SIGTERM. Terminating subprocesses.
[2024-12-26 18:35:38,788] {taskinstance.py:1501} ERROR - Task failed with exception
Traceback (most recent call last):
  File "/home/airflow/.local/lib/python3.6/site-packages/airflow/models/taskinstance.py", line 1157, in _run_raw_task
    self._prepare_and_execute_task_with_callbacks(context, task)
  File "/home/airflow/.local/lib/python3.6/site-packages/airflow/models/taskinstance.py", line 1331, in _prepare_and_execute_task_with_callbacks
    result = self._execute_task(context, task_copy)
  File "/home/airflow/.local/lib/python3.6/site-packages/airflow/models/taskinstance.py", line 1356, in _execute_task
    result = task_copy.execute(context=context)
  File "/home/airflow/.local/lib/python3.6/site-packages/airflow/operators/python.py", line 150, in execute
    return_value = self.execute_callable()
  File "/home/airflow/.local/lib/python3.6/site-packages/airflow/operators/python.py", line 161, in execute_callable
    return self.python_callable(*self.op_args, **self.op_kwargs)
  File "/opt/airflow/dags/assignment.py", line 107, in catalog
    time.sleep(5)
  File "/home/airflow/.local/lib/python3.6/site-packages/airflow/models/taskinstance.py", line 1286, in signal_handler
    raise AirflowException("Task received SIGTERM signal")
airflow.exceptions.AirflowException: Task received SIGTERM signal
[2024-12-26 18:35:38,803] {taskinstance.py:1551} INFO - Marking task as UP_FOR_RETRY. dag_id=assignment, task_id=task_one, execution_date=20241226T183127, start_date=20241226T183201, end_date=20241226T183538
[2024-12-26 18:35:38,828] {process_utils.py:66} INFO - Process psutil.Process(pid=195, status='terminated', exitcode=1, started='18:32:01') (195) terminated with exit code 1
