[2024-12-30 15:23:29,352] {taskinstance.py:896} INFO - Dependencies all met for <TaskInstance: assignment.task_two 2024-12-29T00:00:00+00:00 [queued]>
[2024-12-30 15:23:29,362] {taskinstance.py:896} INFO - Dependencies all met for <TaskInstance: assignment.task_two 2024-12-29T00:00:00+00:00 [queued]>
[2024-12-30 15:23:29,363] {taskinstance.py:1087} INFO - 
--------------------------------------------------------------------------------
[2024-12-30 15:23:29,364] {taskinstance.py:1088} INFO - Starting attempt 1 of 1
[2024-12-30 15:23:29,364] {taskinstance.py:1089} INFO - 
--------------------------------------------------------------------------------
[2024-12-30 15:23:29,374] {taskinstance.py:1107} INFO - Executing <Task(PythonOperator): task_two> on 2024-12-29T00:00:00+00:00
[2024-12-30 15:23:29,376] {standard_task_runner.py:52} INFO - Started process 116 to run task
[2024-12-30 15:23:29,379] {standard_task_runner.py:76} INFO - Running: ['***', 'tasks', 'run', 'assignment', 'task_two', '2024-12-29T00:00:00+00:00', '--job-id', '55', '--pool', 'default_pool', '--raw', '--subdir', 'DAGS_FOLDER/assignment.py', '--cfg-path', '/tmp/tmpp1yv2bho', '--error-file', '/tmp/tmpa4mg7b1l']
[2024-12-30 15:23:29,380] {standard_task_runner.py:77} INFO - Job 55: Subtask task_two
[2024-12-30 15:23:29,410] {logging_mixin.py:104} INFO - Running <TaskInstance: assignment.task_two 2024-12-29T00:00:00+00:00 [running]> on host d88713c29571
[2024-12-30 15:23:29,448] {taskinstance.py:1302} INFO - Exporting the following env vars:
AIRFLOW_CTX_DAG_OWNER=***
AIRFLOW_CTX_DAG_ID=assignment
AIRFLOW_CTX_TASK_ID=task_two
AIRFLOW_CTX_EXECUTION_DATE=2024-12-29T00:00:00+00:00
AIRFLOW_CTX_DAG_RUN_ID=scheduled__2024-12-29T00:00:00+00:00
[2024-12-30 15:23:29,463] {python.py:151} INFO - Done. Returned value was: None
[2024-12-30 15:23:29,473] {taskinstance.py:1211} INFO - Marking task as SUCCESS. dag_id=assignment, task_id=task_two, execution_date=20241229T000000, start_date=20241230T152329, end_date=20241230T152329
[2024-12-30 15:23:29,491] {taskinstance.py:1265} INFO - 1 downstream tasks scheduled from follow-on schedule check
[2024-12-30 15:23:29,512] {local_task_job.py:151} INFO - Task exited with return code 0
